12:50:58 execve("/usr/bin/python", ["python", "/scif/apps/python/hello-world.py"], [/* 76 vars */]) = 0
12:50:58 brk(0)                         = 0x161f000
12:50:58 access("/etc/ld.so.nohwcap", F_OK) = -1 ENOENT (No such file or directory)
12:50:58 mmap(NULL, 8192, PROT_READ|PROT_WRITE, MAP_PRIVATE|MAP_ANONYMOUS, -1, 0) = 0x7f08ba086000
12:50:58 access("/etc/ld.so.preload", R_OK) = -1 ENOENT (No such file or directory)
12:50:58 open("/scif/apps/python/lib/tls/x86_64/libpthread.so.0", O_RDONLY|O_CLOEXEC) = -1 ENOENT (No such file or directory)
12:50:58 stat("/scif/apps/python/lib/tls/x86_64", 0x7fff08eee750) = -1 ENOENT (No such file or directory)
12:50:58 open("/scif/apps/python/lib/tls/libpthread.so.0", O_RDONLY|O_CLOEXEC) = -1 ENOENT (No such file or directory)
12:50:58 stat("/scif/apps/python/lib/tls", 0x7fff08eee750) = -1 ENOENT (No such file or directory)
12:50:58 open("/scif/apps/python/lib/x86_64/libpthread.so.0", O_RDONLY|O_CLOEXEC) = -1 ENOENT (No such file or directory)
12:50:58 stat("/scif/apps/python/lib/x86_64", 0x7fff08eee750) = -1 ENOENT (No such file or directory)
12:50:58 open("/scif/apps/python/lib/libpthread.so.0", O_RDONLY|O_CLOEXEC) = -1 ENOENT (No such file or directory)
12:50:58 stat("/scif/apps/python/lib", {st_mode=S_IFDIR|0775, st_size=4096, ...}) = 0
12:50:58 open("tls/x86_64/libpthread.so.0", O_RDONLY|O_CLOEXEC) = -1 ENOENT (No such file or directory)
12:50:58 open("tls/libpthread.so.0", O_RDONLY|O_CLOEXEC) = -1 ENOENT (No such file or directory)
12:50:58 open("x86_64/libpthread.so.0", O_RDONLY|O_CLOEXEC) = -1 ENOENT (No such file or directory)
12:50:58 open("libpthread.so.0", O_RDONLY|O_CLOEXEC) = -1 ENOENT (No such file or directory)
12:50:58 open("/.singularity.d/libs/tls/x86_64/libpthread.so.0", O_RDONLY|O_CLOEXEC) = -1 ENOENT (No such file or directory)
12:50:58 stat("/.singularity.d/libs/tls/x86_64", 0x7fff08eee750) = -1 ENOENT (No such file or directory)
12:50:58 open("/.singularity.d/libs/tls/libpthread.so.0", O_RDONLY|O_CLOEXEC) = -1 ENOENT (No such file or directory)
12:50:58 stat("/.singularity.d/libs/tls", 0x7fff08eee750) = -1 ENOENT (No such file or directory)
12:50:58 open("/.singularity.d/libs/x86_64/libpthread.so.0", O_RDONLY|O_CLOEXEC) = -1 ENOENT (No such file or directory)
12:50:58 stat("/.singularity.d/libs/x86_64", 0x7fff08eee750) = -1 ENOENT (No such file or directory)
12:50:58 open("/.singularity.d/libs/libpthread.so.0", O_RDONLY|O_CLOEXEC) = -1 ENOENT (No such file or directory)
12:50:58 stat("/.singularity.d/libs", {st_mode=S_IFDIR|0755, st_size=4096, ...}) = 0
12:50:58 open("/etc/ld.so.cache", O_RDONLY|O_CLOEXEC) = 3
12:50:58 fstat(3, {st_mode=S_IFREG|0644, st_size=37006, ...}) = 0
12:50:58 mmap(NULL, 37006, PROT_READ, MAP_PRIVATE, 3, 0) = 0x7f08ba07c000
12:50:58 close(3)                       = 0
12:50:58 access("/etc/ld.so.nohwcap", F_OK) = -1 ENOENT (No such file or directory)
12:50:58 open("/lib/x86_64-linux-gnu/libpthread.so.0", O_RDONLY|O_CLOEXEC) = 3
12:50:58 read(3, "\177ELF\2\1\1\0\0\0\0\0\0\0\0\0\3\0>\0\1\0\0\0po\0\0\0\0\0\0"..., 832) = 832
12:50:58 fstat(3, {st_mode=S_IFREG|0755, st_size=141574, ...}) = 0
12:50:58 mmap(NULL, 2217264, PROT_READ|PROT_EXEC, MAP_PRIVATE|MAP_DENYWRITE, 3, 0) = 0x7f08b9c48000
12:50:58 mprotect(0x7f08b9c61000, 2093056, PROT_NONE) = 0
12:50:58 mmap(0x7f08b9e60000, 8192, PROT_READ|PROT_WRITE, MAP_PRIVATE|MAP_FIXED|MAP_DENYWRITE, 3, 0x18000) = 0x7f08b9e60000
12:50:58 mmap(0x7f08b9e62000, 13616, PROT_READ|PROT_WRITE, MAP_PRIVATE|MAP_FIXED|MAP_ANONYMOUS, -1, 0) = 0x7f08b9e62000
12:50:58 close(3)                       = 0
12:50:58 open("/scif/apps/python/lib/libc.so.6", O_RDONLY|O_CLOEXEC) = -1 ENOENT (No such file or directory)
12:50:58 open("tls/x86_64/libc.so.6", O_RDONLY|O_CLOEXEC) = -1 ENOENT (No such file or directory)
12:50:58 open("tls/libc.so.6", O_RDONLY|O_CLOEXEC) = -1 ENOENT (No such file or directory)
12:50:58 open("x86_64/libc.so.6", O_RDONLY|O_CLOEXEC) = -1 ENOENT (No such file or directory)
12:50:58 open("libc.so.6", O_RDONLY|O_CLOEXEC) = -1 ENOENT (No such file or directory)
12:50:58 open("/.singularity.d/libs/libc.so.6", O_RDONLY|O_CLOEXEC) = -1 ENOENT (No such file or directory)
12:50:58 access("/etc/ld.so.nohwcap", F_OK) = -1 ENOENT (No such file or directory)
12:50:58 open("/lib/x86_64-linux-gnu/libc.so.6", O_RDONLY|O_CLOEXEC) = 3
12:50:58 read(3, "\177ELF\2\1\1\0\0\0\0\0\0\0\0\0\3\0>\0\1\0\0\0P \2\0\0\0\0\0"..., 832) = 832
12:50:58 fstat(3, {st_mode=S_IFREG|0755, st_size=1857312, ...}) = 0
12:50:58 mmap(NULL, 3965632, PROT_READ|PROT_EXEC, MAP_PRIVATE|MAP_DENYWRITE, 3, 0) = 0x7f08b987f000
12:50:58 mprotect(0x7f08b9a3d000, 2097152, PROT_NONE) = 0
12:50:58 mmap(0x7f08b9c3d000, 24576, PROT_READ|PROT_WRITE, MAP_PRIVATE|MAP_FIXED|MAP_DENYWRITE, 3, 0x1be000) = 0x7f08b9c3d000
12:50:58 mmap(0x7f08b9c43000, 17088, PROT_READ|PROT_WRITE, MAP_PRIVATE|MAP_FIXED|MAP_ANONYMOUS, -1, 0) = 0x7f08b9c43000
12:50:58 close(3)                       = 0
12:50:58 open("/scif/apps/python/lib/libdl.so.2", O_RDONLY|O_CLOEXEC) = -1 ENOENT (No such file or directory)
12:50:58 open("tls/x86_64/libdl.so.2", O_RDONLY|O_CLOEXEC) = -1 ENOENT (No such file or directory)
12:50:58 open("tls/libdl.so.2", O_RDONLY|O_CLOEXEC) = -1 ENOENT (No such file or directory)
12:50:58 open("x86_64/libdl.so.2", O_RDONLY|O_CLOEXEC) = -1 ENOENT (No such file or directory)
12:50:58 open("libdl.so.2", O_RDONLY|O_CLOEXEC) = -1 ENOENT (No such file or directory)
12:50:58 open("/.singularity.d/libs/libdl.so.2", O_RDONLY|O_CLOEXEC) = -1 ENOENT (No such file or directory)
12:50:58 access("/etc/ld.so.nohwcap", F_OK) = -1 ENOENT (No such file or directory)
12:50:58 open("/lib/x86_64-linux-gnu/libdl.so.2", O_RDONLY|O_CLOEXEC) = 3
12:50:58 read(3, "\177ELF\2\1\1\0\0\0\0\0\0\0\0\0\3\0>\0\1\0\0\0\320\16\0\0\0\0\0\0"..., 832) = 832
12:50:58 fstat(3, {st_mode=S_IFREG|0644, st_size=14664, ...}) = 0
12:50:58 mmap(NULL, 4096, PROT_READ|PROT_WRITE, MAP_PRIVATE|MAP_ANONYMOUS, -1, 0) = 0x7f08ba07b000
12:50:58 mmap(NULL, 2109744, PROT_READ|PROT_EXEC, MAP_PRIVATE|MAP_DENYWRITE, 3, 0) = 0x7f08b967b000
12:50:58 mprotect(0x7f08b967e000, 2093056, PROT_NONE) = 0
12:50:58 mmap(0x7f08b987d000, 8192, PROT_READ|PROT_WRITE, MAP_PRIVATE|MAP_FIXED|MAP_DENYWRITE, 3, 0x2000) = 0x7f08b987d000
12:50:58 close(3)                       = 0
12:50:58 open("/scif/apps/python/lib/libutil.so.1", O_RDONLY|O_CLOEXEC) = -1 ENOENT (No such file or directory)
12:50:58 open("tls/x86_64/libutil.so.1", O_RDONLY|O_CLOEXEC) = -1 ENOENT (No such file or directory)
12:50:58 open("tls/libutil.so.1", O_RDONLY|O_CLOEXEC) = -1 ENOENT (No such file or directory)
12:50:58 open("x86_64/libutil.so.1", O_RDONLY|O_CLOEXEC) = -1 ENOENT (No such file or directory)
12:50:58 open("libutil.so.1", O_RDONLY|O_CLOEXEC) = -1 ENOENT (No such file or directory)
12:50:58 open("/.singularity.d/libs/libutil.so.1", O_RDONLY|O_CLOEXEC) = -1 ENOENT (No such file or directory)
12:50:58 access("/etc/ld.so.nohwcap", F_OK) = -1 ENOENT (No such file or directory)
12:50:58 open("/lib/x86_64-linux-gnu/libutil.so.1", O_RDONLY|O_CLOEXEC) = 3
12:50:58 read(3, "\177ELF\2\1\1\0\0\0\0\0\0\0\0\0\3\0>\0\1\0\0\0\20\17\0\0\0\0\0\0"..., 832) = 832
12:50:58 fstat(3, {st_mode=S_IFREG|0644, st_size=10680, ...}) = 0
12:50:58 mmap(NULL, 2105624, PROT_READ|PROT_EXEC, MAP_PRIVATE|MAP_DENYWRITE, 3, 0) = 0x7f08b9478000
12:50:58 mprotect(0x7f08b947a000, 2093056, PROT_NONE) = 0
12:50:58 mmap(0x7f08b9679000, 8192, PROT_READ|PROT_WRITE, MAP_PRIVATE|MAP_FIXED|MAP_DENYWRITE, 3, 0x1000) = 0x7f08b9679000
12:50:58 close(3)                       = 0
12:50:58 open("/scif/apps/python/lib/libz.so.1", O_RDONLY|O_CLOEXEC) = -1 ENOENT (No such file or directory)
12:50:58 open("tls/x86_64/libz.so.1", O_RDONLY|O_CLOEXEC) = -1 ENOENT (No such file or directory)
12:50:58 open("tls/libz.so.1", O_RDONLY|O_CLOEXEC) = -1 ENOENT (No such file or directory)
12:50:58 open("x86_64/libz.so.1", O_RDONLY|O_CLOEXEC) = -1 ENOENT (No such file or directory)
12:50:58 open("libz.so.1", O_RDONLY|O_CLOEXEC) = -1 ENOENT (No such file or directory)
12:50:58 open("/.singularity.d/libs/libz.so.1", O_RDONLY|O_CLOEXEC) = -1 ENOENT (No such file or directory)
12:50:58 access("/etc/ld.so.nohwcap", F_OK) = -1 ENOENT (No such file or directory)
12:50:58 open("/lib/x86_64-linux-gnu/libz.so.1", O_RDONLY|O_CLOEXEC) = 3
12:50:58 read(3, "\177ELF\2\1\1\0\0\0\0\0\0\0\0\0\3\0>\0\1\0\0\0\0\36\0\0\0\0\0\0"..., 832) = 832
12:50:58 fstat(3, {st_mode=S_IFREG|0644, st_size=100728, ...}) = 0
12:50:58 mmap(NULL, 2195784, PROT_READ|PROT_EXEC, MAP_PRIVATE|MAP_DENYWRITE, 3, 0) = 0x7f08b925f000
12:50:58 mprotect(0x7f08b9277000, 2093056, PROT_NONE) = 0
12:50:58 mmap(0x7f08b9476000, 8192, PROT_READ|PROT_WRITE, MAP_PRIVATE|MAP_FIXED|MAP_DENYWRITE, 3, 0x17000) = 0x7f08b9476000
12:50:58 close(3)                       = 0
12:50:58 open("/scif/apps/python/lib/libm.so.6", O_RDONLY|O_CLOEXEC) = -1 ENOENT (No such file or directory)
12:50:58 open("tls/x86_64/libm.so.6", O_RDONLY|O_CLOEXEC) = -1 ENOENT (No such file or directory)
12:50:58 open("tls/libm.so.6", O_RDONLY|O_CLOEXEC) = -1 ENOENT (No such file or directory)
12:50:58 open("x86_64/libm.so.6", O_RDONLY|O_CLOEXEC) = -1 ENOENT (No such file or directory)
12:50:58 open("libm.so.6", O_RDONLY|O_CLOEXEC) = -1 ENOENT (No such file or directory)
12:50:58 open("/.singularity.d/libs/libm.so.6", O_RDONLY|O_CLOEXEC) = -1 ENOENT (No such file or directory)
12:50:58 access("/etc/ld.so.nohwcap", F_OK) = -1 ENOENT (No such file or directory)
12:50:58 open("/lib/x86_64-linux-gnu/libm.so.6", O_RDONLY|O_CLOEXEC) = 3
12:50:58 read(3, "\177ELF\2\1\1\0\0\0\0\0\0\0\0\0\3\0>\0\1\0\0\0\20V\0\0\0\0\0\0"..., 832) = 832
12:50:58 fstat(3, {st_mode=S_IFREG|0644, st_size=1071552, ...}) = 0
12:50:58 mmap(NULL, 4096, PROT_READ|PROT_WRITE, MAP_PRIVATE|MAP_ANONYMOUS, -1, 0) = 0x7f08ba07a000
12:50:58 mmap(NULL, 3166568, PROT_READ|PROT_EXEC, MAP_PRIVATE|MAP_DENYWRITE, 3, 0) = 0x7f08b8f59000
12:50:58 mprotect(0x7f08b905e000, 2093056, PROT_NONE) = 0
12:50:58 mmap(0x7f08b925d000, 8192, PROT_READ|PROT_WRITE, MAP_PRIVATE|MAP_FIXED|MAP_DENYWRITE, 3, 0x104000) = 0x7f08b925d000
12:50:58 close(3)                       = 0
12:50:58 mmap(NULL, 4096, PROT_READ|PROT_WRITE, MAP_PRIVATE|MAP_ANONYMOUS, -1, 0) = 0x7f08ba079000
12:50:58 mmap(NULL, 8192, PROT_READ|PROT_WRITE, MAP_PRIVATE|MAP_ANONYMOUS, -1, 0) = 0x7f08ba077000
12:50:58 arch_prctl(ARCH_SET_FS, 0x7f08ba077740) = 0
12:50:58 mprotect(0x7f08b9c3d000, 16384, PROT_READ) = 0
12:50:58 mprotect(0x7f08b925d000, 4096, PROT_READ) = 0
12:50:58 mprotect(0x7f08b9476000, 4096, PROT_READ) = 0
12:50:58 mprotect(0x7f08b9679000, 4096, PROT_READ) = 0
12:50:58 mprotect(0x7f08b987d000, 4096, PROT_READ) = 0
12:50:58 mprotect(0x7f08b9e60000, 4096, PROT_READ) = 0
12:50:58 mprotect(0x8ba000, 4096, PROT_READ) = 0
12:50:58 mprotect(0x7f08ba088000, 4096, PROT_READ) = 0
12:50:58 munmap(0x7f08ba07c000, 37006)  = 0
12:50:58 set_tid_address(0x7f08ba077a10) = 16498
12:50:58 set_robust_list(0x7f08ba077a20, 24) = 0
12:50:58 futex(0x7fff08eeef90, FUTEX_WAIT_BITSET_PRIVATE|FUTEX_CLOCK_REALTIME, 1, NULL, 7f08ba077740) = -1 EAGAIN (Resource temporarily unavailable)
12:50:58 rt_sigaction(SIGRTMIN, {0x7f08b9c4e9f0, [], SA_RESTORER|SA_SIGINFO, 0x7f08b9c58330}, NULL, 8) = 0
12:50:58 rt_sigaction(SIGRT_1, {0x7f08b9c4ea80, [], SA_RESTORER|SA_RESTART|SA_SIGINFO, 0x7f08b9c58330}, NULL, 8) = 0
12:50:58 rt_sigprocmask(SIG_UNBLOCK, [RTMIN RT_1], NULL, 8) = 0
12:50:58 getrlimit(RLIMIT_STACK, {rlim_cur=8192*1024, rlim_max=RLIM64_INFINITY}) = 0
12:50:58 ioctl(0, SNDCTL_TMR_TIMEBASE or SNDRV_TIMER_IOCTL_NEXT_DEVICE or TCGETS, {B38400 opost isig icanon echo ...}) = 0
12:50:58 brk(0)                         = 0x161f000
12:50:58 brk(0x1640000)                 = 0x1640000
12:50:58 mmap(NULL, 262144, PROT_READ|PROT_WRITE, MAP_PRIVATE|MAP_ANONYMOUS, -1, 0) = 0x7f08ba037000
12:50:58 brk(0x1668000)                 = 0x1668000
12:50:58 fstat(0, {st_mode=S_IFCHR|0620, st_rdev=makedev(136, 28), ...}) = 0
12:50:58 fstat(0, {st_mode=S_IFCHR|0620, st_rdev=makedev(136, 28), ...}) = 0
12:50:58 fstat(1, {st_mode=S_IFCHR|0620, st_rdev=makedev(136, 28), ...}) = 0
12:50:58 fstat(2, {st_mode=S_IFCHR|0620, st_rdev=makedev(136, 28), ...}) = 0
12:50:58 stat("/scif/apps/python/bin/python", 0x7fff08eedd90) = -1 ENOENT (No such file or directory)
12:50:58 stat("/scif/apps/python/python", 0x7fff08eedd90) = -1 ENOENT (No such file or directory)
12:50:58 stat("/usr/local/sbin/python", 0x7fff08eedd90) = -1 ENOENT (No such file or directory)
12:50:58 stat("/usr/local/bin/python", 0x7fff08eedd90) = -1 ENOENT (No such file or directory)
12:50:58 stat("/usr/sbin/python", 0x7fff08eedd90) = -1 ENOENT (No such file or directory)
12:50:58 stat("/usr/bin/python", {st_mode=S_IFREG|0755, st_size=3341384, ...}) = 0
12:50:58 readlink("/usr/bin/python", "python2.7", 4096) = 9
12:50:58 readlink("/usr/bin/python2.7", 0x7fff08eedd90, 4096) = -1 EINVAL (Invalid argument)
12:50:58 stat("/usr/bin/Modules/Setup", 0x7fff08eeccd0) = -1 ENOENT (No such file or directory)
12:50:58 stat("/usr/bin/lib/python2.7/os.py", 0x7fff08eeccc0) = -1 ENOENT (No such file or directory)
12:50:58 stat("/usr/bin/lib/python2.7/os.pyc", 0x7fff08eeccc0) = -1 ENOENT (No such file or directory)
12:50:58 stat("/usr/lib/python2.7/os.py", {st_mode=S_IFREG|0644, st_size=25769, ...}) = 0
12:50:58 stat("/usr/bin/pybuilddir.txt", 0x7fff08eeccd0) = -1 ENOENT (No such file or directory)
12:50:58 stat("/usr/bin/lib/python2.7/lib-dynload", 0x7fff08eeccd0) = -1 ENOENT (No such file or directory)
12:50:58 stat("/usr/lib/python2.7/lib-dynload", {st_mode=S_IFDIR|0755, st_size=4096, ...}) = 0
12:50:58 mmap(NULL, 262144, PROT_READ|PROT_WRITE, MAP_PRIVATE|MAP_ANONYMOUS, -1, 0) = 0x7f08b9ff7000
12:50:58 munmap(0x7f08b9ff7000, 262144) = 0
12:50:58 mmap(NULL, 262144, PROT_READ|PROT_WRITE, MAP_PRIVATE|MAP_ANONYMOUS, -1, 0) = 0x7f08b9ff7000
12:50:58 munmap(0x7f08b9ff7000, 262144) = 0
12:50:58 mmap(NULL, 262144, PROT_READ|PROT_WRITE, MAP_PRIVATE|MAP_ANONYMOUS, -1, 0) = 0x7f08b9ff7000
12:50:58 rt_sigaction(SIGPIPE, {SIG_IGN, [], SA_RESTORER, 0x7f08b9c58330}, {SIG_DFL, [], 0}, 8) = 0
12:50:58 rt_sigaction(SIGXFSZ, {SIG_IGN, [], SA_RESTORER, 0x7f08b9c58330}, {SIG_DFL, [], 0}, 8) = 0
12:50:58 rt_sigaction(SIGHUP, NULL, {SIG_DFL, [], 0}, 8) = 0
12:50:58 rt_sigaction(SIGINT, NULL, {SIG_DFL, [], 0}, 8) = 0
12:50:58 rt_sigaction(SIGQUIT, NULL, {SIG_DFL, [], 0}, 8) = 0
12:50:58 rt_sigaction(SIGILL, NULL, {SIG_DFL, [], 0}, 8) = 0
12:50:58 rt_sigaction(SIGTRAP, NULL, {SIG_DFL, [], 0}, 8) = 0
12:50:58 rt_sigaction(SIGABRT, NULL, {SIG_DFL, [], 0}, 8) = 0
12:50:58 rt_sigaction(SIGBUS, NULL, {SIG_DFL, [], 0}, 8) = 0
12:50:58 rt_sigaction(SIGFPE, NULL, {SIG_DFL, [], 0}, 8) = 0
12:50:58 rt_sigaction(SIGKILL, NULL, {SIG_DFL, [], 0}, 8) = 0
12:50:58 rt_sigaction(SIGUSR1, NULL, {SIG_DFL, [], 0}, 8) = 0
12:50:58 rt_sigaction(SIGSEGV, NULL, {SIG_DFL, [], 0}, 8) = 0
12:50:58 rt_sigaction(SIGUSR2, NULL, {SIG_DFL, [], 0}, 8) = 0
12:50:58 rt_sigaction(SIGPIPE, NULL, {SIG_IGN, [], SA_RESTORER, 0x7f08b9c58330}, 8) = 0
12:50:58 rt_sigaction(SIGALRM, NULL, {SIG_DFL, [], 0}, 8) = 0
12:50:58 rt_sigaction(SIGTERM, NULL, {SIG_DFL, [], 0}, 8) = 0
12:50:58 rt_sigaction(SIGSTKFLT, NULL, {SIG_DFL, [], 0}, 8) = 0
12:50:58 rt_sigaction(SIGCHLD, NULL, {SIG_DFL, [], 0}, 8) = 0
12:50:58 rt_sigaction(SIGCONT, NULL, {SIG_DFL, [], 0}, 8) = 0
12:50:58 rt_sigaction(SIGSTOP, NULL, {SIG_DFL, [], 0}, 8) = 0
12:50:58 rt_sigaction(SIGTSTP, NULL, {SIG_DFL, [], 0}, 8) = 0
12:50:58 rt_sigaction(SIGTTIN, NULL, {SIG_DFL, [], 0}, 8) = 0
12:50:58 rt_sigaction(SIGTTOU, NULL, {SIG_DFL, [], 0}, 8) = 0
12:50:58 rt_sigaction(SIGURG, NULL, {SIG_DFL, [], 0}, 8) = 0
12:50:58 rt_sigaction(SIGXCPU, NULL, {SIG_DFL, [], 0}, 8) = 0
12:50:58 rt_sigaction(SIGXFSZ, NULL, {SIG_IGN, [], SA_RESTORER, 0x7f08b9c58330}, 8) = 0
12:50:58 rt_sigaction(SIGVTALRM, NULL, {SIG_DFL, [], 0}, 8) = 0
12:50:58 rt_sigaction(SIGPROF, NULL, {SIG_DFL, [], 0}, 8) = 0
12:50:58 rt_sigaction(SIGWINCH, NULL, {SIG_DFL, [], 0}, 8) = 0
12:50:58 rt_sigaction(SIGIO, NULL, {SIG_DFL, [], 0}, 8) = 0
12:50:58 rt_sigaction(SIGPWR, NULL, {SIG_DFL, [], 0}, 8) = 0
12:50:58 rt_sigaction(SIGSYS, NULL, {SIG_DFL, [], 0}, 8) = 0
12:50:58 rt_sigaction(SIGRT_2, NULL, {SIG_DFL, [], 0}, 8) = 0
12:50:58 rt_sigaction(SIGRT_3, NULL, {SIG_DFL, [], 0}, 8) = 0
12:50:58 rt_sigaction(SIGRT_4, NULL, {SIG_DFL, [], 0}, 8) = 0
12:50:58 rt_sigaction(SIGRT_5, NULL, {SIG_DFL, [], 0}, 8) = 0
12:50:58 rt_sigaction(SIGRT_6, NULL, {SIG_DFL, [], 0}, 8) = 0
12:50:58 rt_sigaction(SIGRT_7, NULL, {SIG_DFL, [], 0}, 8) = 0
12:50:58 rt_sigaction(SIGRT_8, NULL, {SIG_DFL, [], 0}, 8) = 0
12:50:58 rt_sigaction(SIGRT_9, NULL, {SIG_DFL, [], 0}, 8) = 0
12:50:58 rt_sigaction(SIGRT_10, NULL, {SIG_DFL, [], 0}, 8) = 0
12:50:58 rt_sigaction(SIGRT_11, NULL, {SIG_DFL, [], 0}, 8) = 0
12:50:58 rt_sigaction(SIGRT_12, NULL, {SIG_DFL, [], 0}, 8) = 0
12:50:58 rt_sigaction(SIGRT_13, NULL, {SIG_DFL, [], 0}, 8) = 0
12:50:58 rt_sigaction(SIGRT_14, NULL, {SIG_DFL, [], 0}, 8) = 0
12:50:58 rt_sigaction(SIGRT_15, NULL, {SIG_DFL, [], 0}, 8) = 0
12:50:58 rt_sigaction(SIGRT_16, NULL, {SIG_DFL, [], 0}, 8) = 0
12:50:58 rt_sigaction(SIGRT_17, NULL, {SIG_DFL, [], 0}, 8) = 0
12:50:58 rt_sigaction(SIGRT_18, NULL, {SIG_DFL, [], 0}, 8) = 0
12:50:58 rt_sigaction(SIGRT_19, NULL, {SIG_DFL, [], 0}, 8) = 0
12:50:58 rt_sigaction(SIGRT_20, NULL, {SIG_DFL, [], 0}, 8) = 0
12:50:58 rt_sigaction(SIGRT_21, NULL, {SIG_DFL, [], 0}, 8) = 0
12:50:58 rt_sigaction(SIGRT_22, NULL, {SIG_DFL, [], 0}, 8) = 0
12:50:58 rt_sigaction(SIGRT_23, NULL, {SIG_DFL, [], 0}, 8) = 0
12:50:58 rt_sigaction(SIGRT_24, NULL, {SIG_DFL, [], 0}, 8) = 0
12:50:58 rt_sigaction(SIGRT_25, NULL, {SIG_DFL, [], 0}, 8) = 0
12:50:58 rt_sigaction(SIGRT_26, NULL, {SIG_DFL, [], 0}, 8) = 0
12:50:58 rt_sigaction(SIGRT_27, NULL, {SIG_DFL, [], 0}, 8) = 0
12:50:58 rt_sigaction(SIGRT_28, NULL, {SIG_DFL, [], 0}, 8) = 0
12:50:58 rt_sigaction(SIGRT_29, NULL, {SIG_DFL, [], 0}, 8) = 0
12:50:58 rt_sigaction(SIGRT_30, NULL, {SIG_DFL, [], 0}, 8) = 0
12:50:58 rt_sigaction(SIGRT_31, NULL, {SIG_DFL, [], 0}, 8) = 0
12:50:58 rt_sigaction(SIGRT_32, NULL, {SIG_DFL, [], 0}, 8) = 0
12:50:58 rt_sigaction(SIGINT, {0x4680f3, [], SA_RESTORER, 0x7f08b9c58330}, {SIG_DFL, [], 0}, 8) = 0
12:50:58 stat("/usr/lib/python2.7/", {st_mode=S_IFDIR|0755, st_size=20480, ...}) = 0
12:50:58 stat("/usr/lib/python2.7/", {st_mode=S_IFDIR|0755, st_size=20480, ...}) = 0
12:50:58 stat("/usr/lib/python2.7/site", 0x7fff08eed900) = -1 ENOENT (No such file or directory)
12:50:58 open("/usr/lib/python2.7/site.x86_64-linux-gnu.so", O_RDONLY) = -1 ENOENT (No such file or directory)
12:50:58 open("/usr/lib/python2.7/site.so", O_RDONLY) = -1 ENOENT (No such file or directory)
12:50:58 open("/usr/lib/python2.7/sitemodule.so", O_RDONLY) = -1 ENOENT (No such file or directory)
12:50:58 open("/usr/lib/python2.7/site.py", O_RDONLY) = 3
12:50:58 fstat(3, {st_mode=S_IFREG|0644, st_size=20388, ...}) = 0
12:50:58 open("/usr/lib/python2.7/site.pyc", O_RDONLY) = 4
12:50:58 fstat(4, {st_mode=S_IFREG|0644, st_size=19727, ...}) = 0
12:50:58 mmap(NULL, 4096, PROT_READ|PROT_WRITE, MAP_PRIVATE|MAP_ANONYMOUS, -1, 0) = 0x7f08ba085000
12:50:58 read(4, "\3\363\r\n\235\36\21Xc\0\0\0\0\0\0\0\0\3\0\0\0@\0\0\0sp\1\0\0d\0"..., 4096) = 4096
12:50:58 fstat(4, {st_mode=S_IFREG|0644, st_size=19727, ...}) = 0
12:50:58 read(4, "\0(\0\0\0\0s\32\0\0\0/usr/lib/python2.7/si"..., 12288) = 12288
12:50:58 read(4, "\0\0aliasmbcs\333\1\0\0s\24\0\0\0\0\4\17\1\30\1\20\1\17\1\3\1"..., 4096) = 3343
12:50:58 read(4, "", 4096)              = 0
12:50:58 close(4)                       = 0
12:50:58 munmap(0x7f08ba085000, 4096)   = 0
12:50:58 stat("/usr/lib/python2.7/os", 0x7fff08eed2e0) = -1 ENOENT (No such file or directory)
12:50:58 open("/usr/lib/python2.7/os.x86_64-linux-gnu.so", O_RDONLY) = -1 ENOENT (No such file or directory)
12:50:58 open("/usr/lib/python2.7/os.so", O_RDONLY) = -1 ENOENT (No such file or directory)
12:50:58 open("/usr/lib/python2.7/osmodule.so", O_RDONLY) = -1 ENOENT (No such file or directory)
12:50:58 open("/usr/lib/python2.7/os.py", O_RDONLY) = 4
12:50:58 fstat(4, {st_mode=S_IFREG|0644, st_size=25769, ...}) = 0
12:50:58 open("/usr/lib/python2.7/os.pyc", O_RDONLY) = 5
12:50:58 fstat(5, {st_mode=S_IFREG|0644, st_size=25451, ...}) = 0
12:50:58 mmap(NULL, 4096, PROT_READ|PROT_WRITE, MAP_PRIVATE|MAP_ANONYMOUS, -1, 0) = 0x7f08ba085000
12:50:58 read(5, "\3\363\r\n\235\36\21Xc\0\0\0\0\0\0\0\0\16\0\0\0@\0\0\0s\372\6\0\0d\0"..., 4096) = 4096
12:50:58 fstat(5, {st_mode=S_IFREG|0644, st_size=25451, ...}) = 0
12:50:58 read(5, "e.\n\n    N(\t\0\0\0R\t\0\0\0t\5\0\0\0splitt\6\0"..., 20480) = 20480
12:50:58 read(5, "\0t\6\0\0\0extendR\31\0\0\0t\6\0\0\0ntpathR\32\0\0"..., 4096) = 875
12:50:58 read(5, "", 4096)              = 0
12:50:58 close(5)                       = 0
12:50:58 munmap(0x7f08ba085000, 4096)   = 0
12:50:58 brk(0x168b000)                 = 0x168b000
12:50:58 open("/proc/meminfo", O_RDONLY|O_CLOEXEC) = 5
12:50:58 fstat(5, {st_mode=S_IFREG|0444, st_size=0, ...}) = 0
12:50:58 mmap(NULL, 4096, PROT_READ|PROT_WRITE, MAP_PRIVATE|MAP_ANONYMOUS, -1, 0) = 0x7f08ba085000
12:50:58 read(5, "MemTotal:       20425204 kB\nMemF"..., 1024) = 1024
12:50:58 close(5)                       = 0
12:50:58 munmap(0x7f08ba085000, 4096)   = 0
12:50:58 mmap(NULL, 262144, PROT_READ|PROT_WRITE, MAP_PRIVATE|MAP_ANONYMOUS, -1, 0) = 0x7f08b9fb7000
12:50:58 stat("/usr/lib/python2.7/posixpath", 0x7fff08eeccc0) = -1 ENOENT (No such file or directory)
12:50:58 open("/usr/lib/python2.7/posixpath.x86_64-linux-gnu.so", O_RDONLY) = -1 ENOENT (No such file or directory)
12:50:58 open("/usr/lib/python2.7/posixpath.so", O_RDONLY) = -1 ENOENT (No such file or directory)
12:50:58 open("/usr/lib/python2.7/posixpathmodule.so", O_RDONLY) = -1 ENOENT (No such file or directory)
12:50:58 open("/usr/lib/python2.7/posixpath.py", O_RDONLY) = 5
12:50:58 fstat(5, {st_mode=S_IFREG|0644, st_size=14088, ...}) = 0
12:50:58 open("/usr/lib/python2.7/posixpath.pyc", O_RDONLY) = 6
12:50:58 fstat(6, {st_mode=S_IFREG|0644, st_size=11567, ...}) = 0
12:50:58 mmap(NULL, 4096, PROT_READ|PROT_WRITE, MAP_PRIVATE|MAP_ANONYMOUS, -1, 0) = 0x7f08ba085000
12:50:58 read(6, "\3\363\r\n\235\36\21Xc\0\0\0\0\0\0\0\0&\0\0\0@\0\0\0s\37\2\0\0d\0"..., 4096) = 4096
12:50:58 fstat(6, {st_mode=S_IFREG|0644, st_size=11567, ...}) = 0
12:50:58 read(6, "_mode(\2\0\0\0R3\0\0\0t\2\0\0\0st(\0\0\0\0(\0\0\0\0"..., 4096) = 4096
12:50:58 read(6, "\\{[^}]*\\})i\0\0\0\0i\1\0\0\0t\1\0\0\0{t\1\0\0\0}"..., 4096) = 3375
12:50:58 read(6, "", 4096)              = 0
12:50:58 close(6)                       = 0
12:50:58 munmap(0x7f08ba085000, 4096)   = 0
12:50:58 stat("/usr/lib/python2.7/stat", 0x7fff08eec6a0) = -1 ENOENT (No such file or directory)
12:50:58 open("/usr/lib/python2.7/stat.x86_64-linux-gnu.so", O_RDONLY) = -1 ENOENT (No such file or directory)
12:50:58 open("/usr/lib/python2.7/stat.so", O_RDONLY) = -1 ENOENT (No such file or directory)
12:50:58 open("/usr/lib/python2.7/statmodule.so", O_RDONLY) = -1 ENOENT (No such file or directory)
12:50:58 open("/usr/lib/python2.7/stat.py", O_RDONLY) = 6
12:50:58 fstat(6, {st_mode=S_IFREG|0644, st_size=1842, ...}) = 0
12:50:58 open("/usr/lib/python2.7/stat.pyc", O_RDONLY) = 7
12:50:58 fstat(7, {st_mode=S_IFREG|0644, st_size=2731, ...}) = 0
12:50:58 mmap(NULL, 4096, PROT_READ|PROT_WRITE, MAP_PRIVATE|MAP_ANONYMOUS, -1, 0) = 0x7f08ba085000
12:50:58 read(7, "\3\363\r\n\235\36\21Xc\0\0\0\0\0\0\0\0\1\0\0\0@\0\0\0s{\1\0\0d\0"..., 4096) = 2731
12:50:58 fstat(7, {st_mode=S_IFREG|0644, st_size=2731, ...}) = 0
12:50:58 read(7, "", 4096)              = 0
12:50:58 mmap(NULL, 200704, PROT_READ|PROT_WRITE, MAP_PRIVATE|MAP_ANONYMOUS, -1, 0) = 0x7f08b9f86000
12:50:58 close(7)                       = 0
12:50:58 munmap(0x7f08ba085000, 4096)   = 0
12:50:58 close(6)                       = 0
12:50:58 stat("/usr/lib/python2.7/genericpath", 0x7fff08eec6a0) = -1 ENOENT (No such file or directory)
12:50:58 open("/usr/lib/python2.7/genericpath.x86_64-linux-gnu.so", O_RDONLY) = -1 ENOENT (No such file or directory)
12:50:58 open("/usr/lib/python2.7/genericpath.so", O_RDONLY) = -1 ENOENT (No such file or directory)
12:50:58 open("/usr/lib/python2.7/genericpathmodule.so", O_RDONLY) = -1 ENOENT (No such file or directory)
12:50:58 open("/usr/lib/python2.7/genericpath.py", O_RDONLY) = 6
12:50:58 fstat(6, {st_mode=S_IFREG|0644, st_size=3014, ...}) = 0
12:50:58 open("/usr/lib/python2.7/genericpath.pyc", O_RDONLY) = 7
12:50:58 fstat(7, {st_mode=S_IFREG|0644, st_size=3243, ...}) = 0
12:50:58 mmap(NULL, 4096, PROT_READ|PROT_WRITE, MAP_PRIVATE|MAP_ANONYMOUS, -1, 0) = 0x7f08ba085000
12:50:58 read(7, "\3\363\r\n\235\36\21Xc\0\0\0\0\0\0\0\0\10\0\0\0@\0\0\0s\221\0\0\0d\0"..., 4096) = 3243
12:50:58 fstat(7, {st_mode=S_IFREG|0644, st_size=3243, ...}) = 0
12:50:58 read(7, "", 4096)              = 0
12:50:58 close(7)                       = 0
12:50:58 munmap(0x7f08ba085000, 4096)   = 0
12:50:58 close(6)                       = 0
12:50:58 stat("/usr/lib/python2.7/warnings", 0x7fff08eec6a0) = -1 ENOENT (No such file or directory)
12:50:58 open("/usr/lib/python2.7/warnings.x86_64-linux-gnu.so", O_RDONLY) = -1 ENOENT (No such file or directory)
12:50:58 open("/usr/lib/python2.7/warnings.so", O_RDONLY) = -1 ENOENT (No such file or directory)
12:50:58 open("/usr/lib/python2.7/warningsmodule.so", O_RDONLY) = -1 ENOENT (No such file or directory)
12:50:58 open("/usr/lib/python2.7/warnings.py", O_RDONLY) = 6
12:50:58 fstat(6, {st_mode=S_IFREG|0644, st_size=14044, ...}) = 0
12:50:58 open("/usr/lib/python2.7/warnings.pyc", O_RDONLY) = 7
12:50:58 fstat(7, {st_mode=S_IFREG|0644, st_size=13104, ...}) = 0
12:50:58 mmap(NULL, 4096, PROT_READ|PROT_WRITE, MAP_PRIVATE|MAP_ANONYMOUS, -1, 0) = 0x7f08ba085000
12:50:58 read(7, "\3\363\r\n\235\36\21Xc\0\0\0\0\0\0\0\0\7\0\0\0@\0\0\0sS\2\0\0d\0"..., 4096) = 4096
12:50:58 fstat(7, {st_mode=S_IFREG|0644, st_size=13104, ...}) = 0
12:50:58 read(7, "efaults\6\0\0\0modules\4\0\0\0once(\7\0\0\0R"..., 8192) = 8192
12:50:58 read(7, "pyt\10\0\0\0__exit__c\1\0\0s\10\0\0\0\0\1\t\1\23\1\17\1"..., 4096) = 816
12:50:58 read(7, "", 4096)              = 0
12:50:58 close(7)                       = 0
12:50:58 munmap(0x7f08ba085000, 4096)   = 0
12:50:58 stat("/usr/lib/python2.7/linecache", 0x7fff08eec080) = -1 ENOENT (No such file or directory)
12:50:58 open("/usr/lib/python2.7/linecache.x86_64-linux-gnu.so", O_RDONLY) = -1 ENOENT (No such file or directory)
12:50:58 open("/usr/lib/python2.7/linecache.so", O_RDONLY) = -1 ENOENT (No such file or directory)
12:50:58 open("/usr/lib/python2.7/linecachemodule.so", O_RDONLY) = -1 ENOENT (No such file or directory)
12:50:58 open("/usr/lib/python2.7/linecache.py", O_RDONLY) = 7
12:50:58 fstat(7, {st_mode=S_IFREG|0644, st_size=4118, ...}) = 0
12:50:58 open("/usr/lib/python2.7/linecache.pyc", O_RDONLY) = 8
12:50:58 fstat(8, {st_mode=S_IFREG|0644, st_size=3240, ...}) = 0
12:50:58 mmap(NULL, 4096, PROT_READ|PROT_WRITE, MAP_PRIVATE|MAP_ANONYMOUS, -1, 0) = 0x7f08ba085000
12:50:58 read(8, "\3\363\r\n\235\36\21Xc\0\0\0\0\0\0\0\0\3\0\0\0@\0\0\0sp\0\0\0d\0"..., 4096) = 3240
12:50:58 fstat(8, {st_mode=S_IFREG|0644, st_size=3240, ...}) = 0
12:50:58 read(8, "", 4096)              = 0
12:50:58 close(8)                       = 0
12:50:58 munmap(0x7f08ba085000, 4096)   = 0
12:50:58 close(7)                       = 0
12:50:58 stat("/usr/lib/python2.7/types", 0x7fff08eec080) = -1 ENOENT (No such file or directory)
12:50:58 open("/usr/lib/python2.7/types.x86_64-linux-gnu.so", O_RDONLY) = -1 ENOENT (No such file or directory)
12:50:58 open("/usr/lib/python2.7/types.so", O_RDONLY) = -1 ENOENT (No such file or directory)
12:50:58 open("/usr/lib/python2.7/typesmodule.so", O_RDONLY) = -1 ENOENT (No such file or directory)
12:50:58 open("/usr/lib/python2.7/types.py", O_RDONLY) = 7
12:50:58 fstat(7, {st_mode=S_IFREG|0644, st_size=2040, ...}) = 0
12:50:58 open("/usr/lib/python2.7/types.pyc", O_RDONLY) = 8
12:50:58 fstat(8, {st_mode=S_IFREG|0644, st_size=2494, ...}) = 0
12:50:58 mmap(NULL, 4096, PROT_READ|PROT_WRITE, MAP_PRIVATE|MAP_ANONYMOUS, -1, 0) = 0x7f08ba085000
12:50:58 read(8, "\3\363\r\n\235\36\21Xc\0\0\0\0\0\0\0\0\5\0\0\0@\0\0\0s/\2\0\0d\0"..., 4096) = 2494
12:50:58 fstat(8, {st_mode=S_IFREG|0644, st_size=2494, ...}) = 0
12:50:58 read(8, "", 4096)              = 0
12:50:58 close(8)                       = 0
12:50:58 munmap(0x7f08ba085000, 4096)   = 0
12:50:58 close(7)                       = 0
12:50:58 close(6)                       = 0
12:50:58 close(5)                       = 0
12:50:58 stat("/usr/lib/python2.7/UserDict", 0x7fff08eeccc0) = -1 ENOENT (No such file or directory)
12:50:58 open("/usr/lib/python2.7/UserDict.x86_64-linux-gnu.so", O_RDONLY) = -1 ENOENT (No such file or directory)
12:50:58 open("/usr/lib/python2.7/UserDict.so", O_RDONLY) = -1 ENOENT (No such file or directory)
12:50:58 open("/usr/lib/python2.7/UserDictmodule.so", O_RDONLY) = -1 ENOENT (No such file or directory)
12:50:58 open("/usr/lib/python2.7/UserDict.py", O_RDONLY) = 5
12:50:58 fstat(5, {st_mode=S_IFREG|0644, st_size=5811, ...}) = 0
12:50:58 open("/usr/lib/python2.7/UserDict.pyc", O_RDONLY) = 6
12:50:58 fstat(6, {st_mode=S_IFREG|0644, st_size=8730, ...}) = 0
12:50:58 mmap(NULL, 4096, PROT_READ|PROT_WRITE, MAP_PRIVATE|MAP_ANONYMOUS, -1, 0) = 0x7f08ba085000
12:50:58 read(6, "\3\363\r\n\235\36\21Xc\0\0\0\0\0\0\0\0\3\0\0\0@\0\0\0sb\0\0\0d\0"..., 4096) = 4096
12:50:58 fstat(6, {st_mode=S_IFREG|0644, st_size=8730, ...}) = 0
12:50:58 read(6, "\0\1c\2\0\0\0\2\0\0\0\2\0\0\0C\0\0\0s\r\0\0\0|\1\0|\0\0j\0"..., 4096) = 4096
12:50:58 read(6, "/UserDict.pyR\r\0\0\0\255\0\0\0s\n\0\0\0\0\1\f\1\4\1"..., 4096) = 538
12:50:58 read(6, "", 4096)              = 0
12:50:58 close(6)                       = 0
12:50:58 munmap(0x7f08ba085000, 4096)   = 0
12:50:58 stat("/usr/lib/python2.7/_abcoll", 0x7fff08eec6a0) = -1 ENOENT (No such file or directory)
12:50:58 open("/usr/lib/python2.7/_abcoll.x86_64-linux-gnu.so", O_RDONLY) = -1 ENOENT (No such file or directory)
12:50:58 open("/usr/lib/python2.7/_abcoll.so", O_RDONLY) = -1 ENOENT (No such file or directory)
12:50:58 open("/usr/lib/python2.7/_abcollmodule.so", O_RDONLY) = -1 ENOENT (No such file or directory)
12:50:58 open("/usr/lib/python2.7/_abcoll.py", O_RDONLY) = 6
12:50:58 fstat(6, {st_mode=S_IFREG|0644, st_size=17876, ...}) = 0
12:50:58 open("/usr/lib/python2.7/_abcoll.pyc", O_RDONLY) = 7
12:50:58 fstat(7, {st_mode=S_IFREG|0644, st_size=24794, ...}) = 0
12:50:58 mmap(NULL, 4096, PROT_READ|PROT_WRITE, MAP_PRIVATE|MAP_ANONYMOUS, -1, 0) = 0x7f08ba085000
12:50:58 read(7, "\3\363\r\n\235\36\21Xc\0\0\0\0\0\0\0\0\20\0\0\0@\0\0\0sI\2\0\0d\0"..., 4096) = 4096
12:50:58 fstat(7, {st_mode=S_IFREG|0644, st_size=24794, ...}) = 0
12:50:58 read(7, "(\0\0\0\0s\35\0\0\0/usr/lib/python2.7/_ab"..., 20480) = 20480
12:50:58 read(7, "\0\0R\17\0\0\0R\v\0\0\0Rh\0\0\0R\20\0\0\0t\5\0\0\0tuple"..., 4096) = 218
12:50:58 read(7, "", 4096)              = 0
12:50:58 close(7)                       = 0
12:50:58 munmap(0x7f08ba085000, 4096)   = 0
12:50:58 stat("/usr/lib/python2.7/abc", 0x7fff08eec080) = -1 ENOENT (No such file or directory)
12:50:58 open("/usr/lib/python2.7/abc.x86_64-linux-gnu.so", O_RDONLY) = -1 ENOENT (No such file or directory)
12:50:58 open("/usr/lib/python2.7/abc.so", O_RDONLY) = -1 ENOENT (No such file or directory)
12:50:58 open("/usr/lib/python2.7/abcmodule.so", O_RDONLY) = -1 ENOENT (No such file or directory)
12:50:58 open("/usr/lib/python2.7/abc.py", O_RDONLY) = 7
12:50:58 fstat(7, {st_mode=S_IFREG|0644, st_size=7145, ...}) = 0
12:50:58 open("/usr/lib/python2.7/abc.pyc", O_RDONLY) = 8
12:50:58 fstat(8, {st_mode=S_IFREG|0644, st_size=6121, ...}) = 0
12:50:58 mmap(NULL, 4096, PROT_READ|PROT_WRITE, MAP_PRIVATE|MAP_ANONYMOUS, -1, 0) = 0x7f08ba085000
12:50:58 read(8, "\3\363\r\n\235\36\21Xc\0\0\0\0\0\0\0\0\3\0\0\0@\0\0\0s}\0\0\0d\0"..., 4096) = 4096
12:50:58 fstat(8, {st_mode=S_IFREG|0644, st_size=6121, ...}) = 0
12:50:58 read(8, "egisteri\0\0\0s\20\0\0\0\0\2\30\1\17\1\17\1\4\3\17\2\17\1\20\1"..., 4096) = 2025
12:50:58 read(8, "", 4096)              = 0
12:50:58 close(8)                       = 0
12:50:58 munmap(0x7f08ba085000, 4096)   = 0
12:50:58 stat("/usr/lib/python2.7/_weakrefset", 0x7fff08eeba60) = -1 ENOENT (No such file or directory)
12:50:58 open("/usr/lib/python2.7/_weakrefset.x86_64-linux-gnu.so", O_RDONLY) = -1 ENOENT (No such file or directory)
12:50:58 open("/usr/lib/python2.7/_weakrefset.so", O_RDONLY) = -1 ENOENT (No such file or directory)
12:50:58 open("/usr/lib/python2.7/_weakrefsetmodule.so", O_RDONLY) = -1 ENOENT (No such file or directory)
12:50:58 open("/usr/lib/python2.7/_weakrefset.py", O_RDONLY) = 8
12:50:58 fstat(8, {st_mode=S_IFREG|0644, st_size=5911, ...}) = 0
12:50:58 open("/usr/lib/python2.7/_weakrefset.pyc", O_RDONLY) = 9
12:50:58 fstat(9, {st_mode=S_IFREG|0644, st_size=9582, ...}) = 0
12:50:58 mmap(NULL, 4096, PROT_READ|PROT_WRITE, MAP_PRIVATE|MAP_ANONYMOUS, -1, 0) = 0x7f08ba085000
12:50:58 read(9, "\3\363\r\n\235\36\21Xc\0\0\0\0\0\0\0\0\3\0\0\0@\0\0\0sI\0\0\0d\0"..., 4096) = 4096
12:50:58 fstat(9, {st_mode=S_IFREG|0644, st_size=9582, ...}) = 0
12:50:58 read(9, "efset.pyR\27\0\0\0q\0\0\0s\6\0\0\0\0\1\t\1\r\1c\2\0\0"..., 4096) = 4096
12:50:58 read(9, "\26\0\210\0\0j\1\0\203\0\0\1n\0\0\210\0\0|\1\0k\10\0r2\0\210\0\0j\2"..., 4096) = 1390
12:50:58 read(9, "", 4096)              = 0
12:50:58 close(9)                       = 0
12:50:58 munmap(0x7f08ba085000, 4096)   = 0
12:50:58 close(8)                       = 0
12:50:58 close(7)                       = 0
12:50:58 mmap(NULL, 262144, PROT_READ|PROT_WRITE, MAP_PRIVATE|MAP_ANONYMOUS, -1, 0) = 0x7f08b9f46000
12:50:58 close(6)                       = 0
12:50:58 close(5)                       = 0
12:50:58 stat("/usr/lib/python2.7/copy_reg", 0x7fff08eeccc0) = -1 ENOENT (No such file or directory)
12:50:58 open("/usr/lib/python2.7/copy_reg.x86_64-linux-gnu.so", O_RDONLY) = -1 ENOENT (No such file or directory)
12:50:58 open("/usr/lib/python2.7/copy_reg.so", O_RDONLY) = -1 ENOENT (No such file or directory)
12:50:58 open("/usr/lib/python2.7/copy_regmodule.so", O_RDONLY) = -1 ENOENT (No such file or directory)
12:50:58 open("/usr/lib/python2.7/copy_reg.py", O_RDONLY) = 5
12:50:58 fstat(5, {st_mode=S_IFREG|0644, st_size=6800, ...}) = 0
12:50:58 open("/usr/lib/python2.7/copy_reg.pyc", O_RDONLY) = 6
12:50:58 fstat(6, {st_mode=S_IFREG|0644, st_size=5091, ...}) = 0
12:50:58 mmap(NULL, 4096, PROT_READ|PROT_WRITE, MAP_PRIVATE|MAP_ANONYMOUS, -1, 0) = 0x7f08ba085000
12:50:58 read(6, "\3\363\r\n\235\36\21Xc\0\0\0\0\0\0\0\0\5\0\0\0@\0\0\0s\326\0\0\0d\0"..., 4096) = 4096
12:50:58 fstat(6, {st_mode=S_IFREG|0644, st_size=5091, ...}) = 0
12:50:58 read(6, "\0\0\0t\3\0\0\0intt\n\0\0\0ValueErrort\23\0\0\0_"..., 4096) = 995
12:50:58 read(6, "", 4096)              = 0
12:50:58 close(6)                       = 0
12:50:58 munmap(0x7f08ba085000, 4096)   = 0
12:50:58 close(5)                       = 0
12:50:58 close(4)                       = 0
12:50:58 stat("/usr/lib/python2.7/traceback", 0x7fff08eed2e0) = -1 ENOENT (No such file or directory)
12:50:58 open("/usr/lib/python2.7/traceback.x86_64-linux-gnu.so", O_RDONLY) = -1 ENOENT (No such file or directory)
12:50:58 open("/usr/lib/python2.7/traceback.so", O_RDONLY) = -1 ENOENT (No such file or directory)
12:50:58 open("/usr/lib/python2.7/tracebackmodule.so", O_RDONLY) = -1 ENOENT (No such file or directory)
12:50:58 open("/usr/lib/python2.7/traceback.py", O_RDONLY) = 4
12:50:58 fstat(4, {st_mode=S_IFREG|0644, st_size=11285, ...}) = 0
12:50:58 open("/usr/lib/python2.7/traceback.pyc", O_RDONLY) = 5
12:50:58 fstat(5, {st_mode=S_IFREG|0644, st_size=11639, ...}) = 0
12:50:58 mmap(NULL, 4096, PROT_READ|PROT_WRITE, MAP_PRIVATE|MAP_ANONYMOUS, -1, 0) = 0x7f08ba085000
12:50:58 read(5, "\3\363\r\n\235\36\21Xc\0\0\0\0\0\0\0\0\16\0\0\0@\0\0\0sB\1\0\0d\0"..., 4096) = 4096
12:50:58 fstat(5, {st_mode=S_IFREG|0644, st_size=11639, ...}) = 0
12:50:58 read(5, "!\0\0\0i\0\0\0\0i\1\0\0\0N(\20\0\0\0R\24\0\0\0R\"\0\0\0R\25"..., 4096) = 4096
12:50:58 read(5, "\0\203\0\0\\\3\0}\2\0}\3\0}\4\0t\4\0|\2\0|\3\0|\4\0|\0\0|"..., 4096) = 3447
12:50:58 read(5, "", 4096)              = 0
12:50:58 close(5)                       = 0
12:50:58 munmap(0x7f08ba085000, 4096)   = 0
12:50:58 close(4)                       = 0
12:50:58 geteuid()                      = 1000
12:50:58 getuid()                       = 1000
12:50:58 getegid()                      = 1000
12:50:58 getgid()                       = 1000
12:50:58 stat("/usr/lib/python2.7", {st_mode=S_IFDIR|0755, st_size=20480, ...}) = 0
12:50:58 stat("/usr/lib/python2.7", {st_mode=S_IFDIR|0755, st_size=20480, ...}) = 0
12:50:58 stat("/usr/lib/python2.7/sysconfig", 0x7fff08eecde0) = -1 ENOENT (No such file or directory)
12:50:58 open("/usr/lib/python2.7/sysconfig.x86_64-linux-gnu.so", O_RDONLY) = -1 ENOENT (No such file or directory)
12:50:58 open("/usr/lib/python2.7/sysconfig.so", O_RDONLY) = -1 ENOENT (No such file or directory)
12:50:58 open("/usr/lib/python2.7/sysconfigmodule.so", O_RDONLY) = -1 ENOENT (No such file or directory)
12:50:58 open("/usr/lib/python2.7/sysconfig.py", O_RDONLY) = 4
12:50:58 fstat(4, {st_mode=S_IFREG|0644, st_size=25048, ...}) = 0
12:50:58 open("/usr/lib/python2.7/sysconfig.pyc", O_RDONLY) = 5
12:50:58 fstat(5, {st_mode=S_IFREG|0644, st_size=18603, ...}) = 0
12:50:58 mmap(NULL, 4096, PROT_READ|PROT_WRITE, MAP_PRIVATE|MAP_ANONYMOUS, -1, 0) = 0x7f08ba085000
12:50:58 read(5, "\3\363\r\n\235\36\21Xc\0\0\0\0\0\0\0\0\10\0\0\0@\0\0\0s\211\5\0\0d\0"..., 4096) = 4096
12:50:58 fstat(5, {st_mode=S_IFREG|0644, st_size=18603, ...}) = 0
12:50:58 read(5, "\6\0r7\0q\31\0n\0\0|\4\0|\0\0|\3\0<q\31\0Wd\0\0S(\1\0"..., 12288) = 12288
12:50:58 read(5, "2biti\377\377\377\177t\5\0\0\00064bitI\377\377\377\377\377\377\377\177s\3\0\0"..., 4096) = 2219
12:50:58 read(5, "", 4096)              = 0
12:50:58 close(5)                       = 0
12:50:58 munmap(0x7f08ba085000, 4096)   = 0
12:50:58 lstat("/usr", {st_mode=S_IFDIR|0755, st_size=4096, ...}) = 0
12:50:58 lstat("/usr/bin", {st_mode=S_IFDIR|0755, st_size=24576, ...}) = 0
12:50:58 lstat("/usr/bin/python", {st_mode=S_IFLNK|0777, st_size=9, ...}) = 0
12:50:58 readlink("/usr/bin/python", "python2.7", 4096) = 9
12:50:58 lstat("/usr/bin/python2.7", {st_mode=S_IFREG|0755, st_size=3341384, ...}) = 0
12:50:58 stat("/usr/bin/Modules/Setup.dist", 0x7fff08eed8d0) = -1 ENOENT (No such file or directory)
12:50:58 stat("/usr/bin/Modules/Setup.local", 0x7fff08eed8d0) = -1 ENOENT (No such file or directory)
12:50:58 close(4)                       = 0
12:50:58 stat("/usr/lib/python2.7/re", 0x7fff08eecab0) = -1 ENOENT (No such file or directory)
12:50:58 open("/usr/lib/python2.7/re.x86_64-linux-gnu.so", O_RDONLY) = -1 ENOENT (No such file or directory)
12:50:58 open("/usr/lib/python2.7/re.so", O_RDONLY) = -1 ENOENT (No such file or directory)
12:50:58 open("/usr/lib/python2.7/remodule.so", O_RDONLY) = -1 ENOENT (No such file or directory)
12:50:58 open("/usr/lib/python2.7/re.py", O_RDONLY) = 4
12:50:58 fstat(4, {st_mode=S_IFREG|0644, st_size=13070, ...}) = 0
12:50:58 open("/usr/lib/python2.7/re.pyc", O_RDONLY) = 5
12:50:58 fstat(5, {st_mode=S_IFREG|0644, st_size=13108, ...}) = 0
12:50:58 mmap(NULL, 4096, PROT_READ|PROT_WRITE, MAP_PRIVATE|MAP_ANONYMOUS, -1, 0) = 0x7f08ba085000
12:50:58 read(5, "\3\363\r\n\235\36\21Xc\0\0\0\0\0\0\0\0\27\0\0\0@\0\0\0s'\2\0\0d\0"..., 4096) = 4096
12:50:58 fstat(5, {st_mode=S_IFREG|0644, st_size=13108, ...}) = 0
12:50:58 read(5, "  Match a regular expression pat"..., 8192) = 8192
12:50:58 read(5, "/re.pyt\4\0\0\0scan4\1\0\0s&\0\0\0\0\1\6\1\t\1\25\1"..., 4096) = 820
12:50:58 read(5, "", 4096)              = 0
12:50:58 close(5)                       = 0
12:50:58 munmap(0x7f08ba085000, 4096)   = 0
12:50:58 stat("/usr/lib/python2.7/sre_compile", 0x7fff08eec490) = -1 ENOENT (No such file or directory)
12:50:58 open("/usr/lib/python2.7/sre_compile.x86_64-linux-gnu.so", O_RDONLY) = -1 ENOENT (No such file or directory)
12:50:58 open("/usr/lib/python2.7/sre_compile.so", O_RDONLY) = -1 ENOENT (No such file or directory)
12:50:58 open("/usr/lib/python2.7/sre_compilemodule.so", O_RDONLY) = -1 ENOENT (No such file or directory)
12:50:58 open("/usr/lib/python2.7/sre_compile.py", O_RDONLY) = 5
12:50:58 fstat(5, {st_mode=S_IFREG|0644, st_size=16357, ...}) = 0
12:50:58 open("/usr/lib/python2.7/sre_compile.pyc", O_RDONLY) = 6
12:50:58 fstat(6, {st_mode=S_IFREG|0644, st_size=10948, ...}) = 0
12:50:58 mmap(NULL, 4096, PROT_READ|PROT_WRITE, MAP_PRIVATE|MAP_ANONYMOUS, -1, 0) = 0x7f08ba085000
12:50:58 read(6, "\3\363\r\n\235\36\21Xc\0\0\0\0\0\0\0\0\5\0\0\0@\0\0\0sn\1\0\0d\0"..., 4096) = 4096
12:50:58 fstat(6, {st_mode=S_IFREG|0644, st_size=10948, ...}) = 0
12:50:58 brk(0x16ad000)                 = 0x16ad000
12:50:58 read(6, "\1\f\1\21\1\f\1\16\1\f\0\n\1\20\1\r\2\26\1\f\1\f\1\n\1\24\1\16\1\27\1\f"..., 4096) = 4096
12:50:58 read(6, "|\16\0d\1\0\31\\\2\0}\n\0}\v\0|\n\0t\4\0k\10\0r\307\1|\r\0|"..., 4096) = 2756
12:50:58 read(6, "", 4096)              = 0
12:50:58 close(6)                       = 0
12:50:58 munmap(0x7f08ba085000, 4096)   = 0
12:50:58 stat("/usr/lib/python2.7/sre_parse", 0x7fff08eebe70) = -1 ENOENT (No such file or directory)
12:50:58 open("/usr/lib/python2.7/sre_parse.x86_64-linux-gnu.so", O_RDONLY) = -1 ENOENT (No such file or directory)
12:50:58 open("/usr/lib/python2.7/sre_parse.so", O_RDONLY) = -1 ENOENT (No such file or directory)
12:50:58 open("/usr/lib/python2.7/sre_parsemodule.so", O_RDONLY) = -1 ENOENT (No such file or directory)
12:50:58 open("/usr/lib/python2.7/sre_parse.py", O_RDONLY) = 6
12:50:58 fstat(6, {st_mode=S_IFREG|0644, st_size=27460, ...}) = 0
12:50:58 open("/usr/lib/python2.7/sre_parse.pyc", O_RDONLY) = 7
12:50:58 fstat(7, {st_mode=S_IFREG|0644, st_size=19319, ...}) = 0
12:50:58 mmap(NULL, 4096, PROT_READ|PROT_WRITE, MAP_PRIVATE|MAP_ANONYMOUS, -1, 0) = 0x7f08ba085000
12:50:58 read(7, "\3\363\r\n\235\36\21Xc\0\0\0\0\0\0\0\0\4\0\0\0@\0\0\0s\312\2\0\0d\0"..., 4096) = 4096
12:50:58 fstat(7, {st_mode=S_IFREG|0644, st_size=19319, ...}) = 0
12:50:58 read(7, "\3\0\0\0\3\0\0\0\3\0\0\0C\0\0\0s\27\0\0\0|\0\0j\0\0j\1\0|\1"..., 12288) = 12288
12:50:58 read(7, "\5\0}\10\0x\265\2|\3\0\203\0\0}\t\0|\t\0d\0\0k\10\0r\200\0Pn\0"..., 4096) = 2935
12:50:58 read(7, "", 4096)              = 0
12:50:58 close(7)                       = 0
12:50:58 munmap(0x7f08ba085000, 4096)   = 0
12:50:58 stat("/usr/lib/python2.7/sre_constants", 0x7fff08eeb850) = -1 ENOENT (No such file or directory)
12:50:58 open("/usr/lib/python2.7/sre_constants.x86_64-linux-gnu.so", O_RDONLY) = -1 ENOENT (No such file or directory)
12:50:58 open("/usr/lib/python2.7/sre_constants.so", O_RDONLY) = -1 ENOENT (No such file or directory)
12:50:58 open("/usr/lib/python2.7/sre_constantsmodule.so", O_RDONLY) = -1 ENOENT (No such file or directory)
12:50:58 open("/usr/lib/python2.7/sre_constants.py", O_RDONLY) = 7
12:50:58 fstat(7, {st_mode=S_IFREG|0644, st_size=7197, ...}) = 0
12:50:58 open("/usr/lib/python2.7/sre_constants.pyc", O_RDONLY) = 8
12:50:58 fstat(8, {st_mode=S_IFREG|0644, st_size=6185, ...}) = 0
12:50:58 mmap(NULL, 4096, PROT_READ|PROT_WRITE, MAP_PRIVATE|MAP_ANONYMOUS, -1, 0) = 0x7f08ba085000
12:50:58 read(8, "\3\363\r\n\235\36\21Xc\0\0\0\0\0\0\0\0 \0\0\0@\0\0\0s*\5\0\0d\0"..., 4096) = 4096
12:50:58 fstat(8, {st_mode=S_IFREG|0644, st_size=6185, ...}) = 0
12:50:58 read(8, "FIX %d\ns\34\0\0\0#define SRE_INFO_LIT"..., 4096) = 2089
12:50:58 read(8, "", 4096)              = 0
12:50:58 close(8)                       = 0
12:50:58 munmap(0x7f08ba085000, 4096)   = 0
12:50:58 close(7)                       = 0
12:50:58 close(6)                       = 0
12:50:58 close(5)                       = 0
12:50:58 close(4)                       = 0
12:50:58 stat("/usr/lib/python2.7/_sysconfigdata", 0x7fff08eec970) = -1 ENOENT (No such file or directory)
12:50:58 open("/usr/lib/python2.7/_sysconfigdata.x86_64-linux-gnu.so", O_RDONLY) = -1 ENOENT (No such file or directory)
12:50:58 open("/usr/lib/python2.7/_sysconfigdata.so", O_RDONLY) = -1 ENOENT (No such file or directory)
12:50:58 open("/usr/lib/python2.7/_sysconfigdatamodule.so", O_RDONLY) = -1 ENOENT (No such file or directory)
12:50:58 open("/usr/lib/python2.7/_sysconfigdata.py", O_RDONLY) = 4
12:50:58 fstat(4, {st_mode=S_IFREG|0644, st_size=126, ...}) = 0
12:50:58 open("/usr/lib/python2.7/_sysconfigdata.pyc", O_RDONLY) = 5
12:50:58 fstat(5, {st_mode=S_IFREG|0644, st_size=279, ...}) = 0
12:50:58 mmap(NULL, 4096, PROT_READ|PROT_WRITE, MAP_PRIVATE|MAP_ANONYMOUS, -1, 0) = 0x7f08ba085000
12:50:58 read(5, "\3\363\r\n\r\20\21Xc\0\0\0\0\0\0\0\0\3\0\0\0@\0\0\0s6\0\0\0d\0"..., 4096) = 279
12:50:58 fstat(5, {st_mode=S_IFREG|0644, st_size=279, ...}) = 0
12:50:58 read(5, "", 4096)              = 0
12:50:58 close(5)                       = 0
12:50:58 munmap(0x7f08ba085000, 4096)   = 0
12:50:58 stat("/usr/lib/python2.7/_sysconfigdata_nd", 0x7fff08eec350) = -1 ENOENT (No such file or directory)
12:50:58 open("/usr/lib/python2.7/_sysconfigdata_nd.x86_64-linux-gnu.so", O_RDONLY) = -1 ENOENT (No such file or directory)
12:50:58 open("/usr/lib/python2.7/_sysconfigdata_nd.so", O_RDONLY) = -1 ENOENT (No such file or directory)
12:50:58 open("/usr/lib/python2.7/_sysconfigdata_ndmodule.so", O_RDONLY) = -1 ENOENT (No such file or directory)
12:50:58 open("/usr/lib/python2.7/_sysconfigdata_nd.py", O_RDONLY) = -1 ENOENT (No such file or directory)
12:50:58 open("/usr/lib/python2.7/_sysconfigdata_nd.pyc", O_RDONLY) = -1 ENOENT (No such file or directory)
12:50:58 stat("/usr/lib/python2.7/plat-x86_64-linux-gnu", {st_mode=S_IFDIR|0755, st_size=4096, ...}) = 0
12:50:58 stat("/usr/lib/python2.7/plat-x86_64-linux-gnu", {st_mode=S_IFDIR|0755, st_size=4096, ...}) = 0
12:50:58 stat("/usr/lib/python2.7/plat-x86_64-linux-gnu/_sysconfigdata_nd", 0x7fff08eec350) = -1 ENOENT (No such file or directory)
12:50:58 open("/usr/lib/python2.7/plat-x86_64-linux-gnu/_sysconfigdata_nd.x86_64-linux-gnu.so", O_RDONLY) = -1 ENOENT (No such file or directory)
12:50:58 open("/usr/lib/python2.7/plat-x86_64-linux-gnu/_sysconfigdata_nd.so", O_RDONLY) = -1 ENOENT (No such file or directory)
12:50:58 open("/usr/lib/python2.7/plat-x86_64-linux-gnu/_sysconfigdata_ndmodule.so", O_RDONLY) = -1 ENOENT (No such file or directory)
12:50:58 open("/usr/lib/python2.7/plat-x86_64-linux-gnu/_sysconfigdata_nd.py", O_RDONLY) = 5
12:50:58 fstat(5, {st_mode=S_IFREG|0644, st_size=17238, ...}) = 0
12:50:58 open("/usr/lib/python2.7/plat-x86_64-linux-gnu/_sysconfigdata_nd.pyc", O_RDONLY) = 6
12:50:58 fstat(6, {st_mode=S_IFREG|0644, st_size=19976, ...}) = 0
12:50:58 mmap(NULL, 4096, PROT_READ|PROT_WRITE, MAP_PRIVATE|MAP_ANONYMOUS, -1, 0) = 0x7f08ba085000
12:50:58 read(6, "\3\363\r\n\247\36\21Xc\0\0\0\0\0\0\0\0\3\0\0\0@\0\0\0s\262\16\0\0i\30"..., 4096) = 4096
12:50:58 fstat(6, {st_mode=S_IFREG|0644, st_size=19976, ...}) = 0
12:50:58 read(6, "/Python-ast.ht\5\0\0\0AST_Ht\7\0\0\0Incl"..., 12288) = 12288
12:50:58 read(6, "\16\0\0\0PY_CORE_CFLAGSt\v\0\0\0PY_CPPFLA"..., 4096) = 3592
12:50:58 read(6, "", 4096)              = 0
12:50:58 mmap(NULL, 262144, PROT_READ|PROT_WRITE, MAP_PRIVATE|MAP_ANONYMOUS, -1, 0) = 0x7f08b9f06000
12:50:58 close(6)                       = 0
12:50:58 munmap(0x7f08ba085000, 4096)   = 0
12:50:58 close(5)                       = 0
12:50:58 close(4)                       = 0
12:50:58 brk(0x16d8000)                 = 0x16d8000
12:50:58 stat("/home/vanessa/.local/lib/python2.7/site-packages", {st_mode=S_IFDIR|0700, st_size=4096, ...}) = 0
12:50:58 openat(AT_FDCWD, "/home/vanessa/.local/lib/python2.7/site-packages", O_RDONLY|O_NONBLOCK|O_DIRECTORY|O_CLOEXEC) = 4
12:50:58 getdents(4, /* 139 entries */, 32768) = 5288
12:50:58 getdents(4, /* 0 entries */, 32768) = 0
12:50:58 close(4)                       = 0
12:50:58 open("/home/vanessa/.local/lib/python2.7/site-packages/configparser-3.5.0-nspkg.pth", O_RDONLY) = 4
12:50:58 fstat(4, {st_mode=S_IFREG|0664, st_size=314, ...}) = 0
12:50:58 fstat(4, {st_mode=S_IFREG|0664, st_size=314, ...}) = 0
12:50:58 mmap(NULL, 4096, PROT_READ|PROT_WRITE, MAP_PRIVATE|MAP_ANONYMOUS, -1, 0) = 0x7f08ba085000
12:50:58 read(4, "import sys, types, os;p = os.pat"..., 8192) = 314
12:50:58 read(4, "", 4096)              = 0
12:50:58 stat("/home/vanessa/.local/lib/python2.7/site-packages/backports/__init__.py", 0x7fff08eedcf0) = -1 ENOENT (No such file or directory)
12:50:58 read(4, "", 8192)              = 0
12:50:58 close(4)                       = 0
12:50:58 munmap(0x7f08ba085000, 4096)   = 0
12:50:58 open("/home/vanessa/.local/lib/python2.7/site-packages/matplotlib-2.0.1-py2.7-nspkg.pth", O_RDONLY) = 4
12:50:58 fstat(4, {st_mode=S_IFREG|0664, st_size=1138, ...}) = 0
12:50:58 fstat(4, {st_mode=S_IFREG|0664, st_size=1138, ...}) = 0
12:50:58 mmap(NULL, 4096, PROT_READ|PROT_WRITE, MAP_PRIVATE|MAP_ANONYMOUS, -1, 0) = 0x7f08ba085000
12:50:58 read(4, "import sys, types, os;has_mfs = "..., 8192) = 1138
12:50:58 read(4, "", 4096)              = 0
12:50:58 read(4, "", 8192)              = 0
12:50:58 close(4)                       = 0
12:50:58 munmap(0x7f08ba085000, 4096)   = 0
12:50:58 stat("/home/vanessa/.local/local/lib/python2.7/dist-packages", 0x7fff08eee2b0) = -1 ENOENT (No such file or directory)
12:50:58 stat("/home/vanessa/.local/lib/python2.7/dist-packages", 0x7fff08eee2b0) = -1 ENOENT (No such file or directory)
12:50:58 stat("/usr/local/lib/python2.7/dist-packages", {st_mode=S_IFDIR|S_ISGID|0775, st_size=4096, ...}) = 0
12:50:58 openat(AT_FDCWD, "/usr/local/lib/python2.7/dist-packages", O_RDONLY|O_NONBLOCK|O_DIRECTORY|O_CLOEXEC) = 4
12:50:58 getdents(4, /* 2 entries */, 32768) = 48
12:50:58 getdents(4, /* 0 entries */, 32768) = 0
12:50:58 close(4)                       = 0
12:50:58 stat("/usr/lib/python2.7/dist-packages", {st_mode=S_IFDIR|0755, st_size=4096, ...}) = 0
12:50:58 openat(AT_FDCWD, "/usr/lib/python2.7/dist-packages", O_RDONLY|O_NONBLOCK|O_DIRECTORY|O_CLOEXEC) = 4
12:50:58 getdents(4, /* 15 entries */, 32768) = 512
12:50:58 getdents(4, /* 0 entries */, 32768) = 0
12:50:58 close(4)                       = 0
12:50:58 stat("/usr/lib/python2.7/sitecustomize", 0x7fff08eed060) = -1 ENOENT (No such file or directory)
12:50:58 open("/usr/lib/python2.7/sitecustomize.x86_64-linux-gnu.so", O_RDONLY) = -1 ENOENT (No such file or directory)
12:50:58 open("/usr/lib/python2.7/sitecustomize.so", O_RDONLY) = -1 ENOENT (No such file or directory)
12:50:58 open("/usr/lib/python2.7/sitecustomizemodule.so", O_RDONLY) = -1 ENOENT (No such file or directory)
12:50:58 open("/usr/lib/python2.7/sitecustomize.py", O_RDONLY) = 4
12:50:58 fstat(4, {st_mode=S_IFREG|0644, st_size=155, ...}) = 0
12:50:58 open("/usr/lib/python2.7/sitecustomize.pyc", O_RDONLY) = 5
12:50:58 fstat(5, {st_mode=S_IFREG|0644, st_size=232, ...}) = 0
12:50:58 mmap(NULL, 4096, PROT_READ|PROT_WRITE, MAP_PRIVATE|MAP_ANONYMOUS, -1, 0) = 0x7f08ba085000
12:50:58 read(5, "\3\363\r\n\234\36\21Xc\0\0\0\0\0\0\0\0\5\0\0\0@\0\0\0s2\0\0\0y\20"..., 4096) = 232
12:50:58 fstat(5, {st_mode=S_IFREG|0644, st_size=232, ...}) = 0
12:50:58 read(5, "", 4096)              = 0
12:50:58 close(5)                       = 0
12:50:58 munmap(0x7f08ba085000, 4096)   = 0
12:50:58 stat("/usr/lib/python2.7/apport_python_hook", 0x7fff08eeca40) = -1 ENOENT (No such file or directory)
12:50:58 open("/usr/lib/python2.7/apport_python_hook.x86_64-linux-gnu.so", O_RDONLY) = -1 ENOENT (No such file or directory)
12:50:58 open("/usr/lib/python2.7/apport_python_hook.so", O_RDONLY) = -1 ENOENT (No such file or directory)
12:50:58 open("/usr/lib/python2.7/apport_python_hookmodule.so", O_RDONLY) = -1 ENOENT (No such file or directory)
12:50:58 open("/usr/lib/python2.7/apport_python_hook.py", O_RDONLY) = -1 ENOENT (No such file or directory)
12:50:58 open("/usr/lib/python2.7/apport_python_hook.pyc", O_RDONLY) = -1 ENOENT (No such file or directory)
12:50:58 stat("/usr/lib/python2.7/plat-x86_64-linux-gnu/apport_python_hook", 0x7fff08eeca40) = -1 ENOENT (No such file or directory)
12:50:58 open("/usr/lib/python2.7/plat-x86_64-linux-gnu/apport_python_hook.x86_64-linux-gnu.so", O_RDONLY) = -1 ENOENT (No such file or directory)
12:50:58 open("/usr/lib/python2.7/plat-x86_64-linux-gnu/apport_python_hook.so", O_RDONLY) = -1 ENOENT (No such file or directory)
12:50:58 open("/usr/lib/python2.7/plat-x86_64-linux-gnu/apport_python_hookmodule.so", O_RDONLY) = -1 ENOENT (No such file or directory)
12:50:58 open("/usr/lib/python2.7/plat-x86_64-linux-gnu/apport_python_hook.py", O_RDONLY) = -1 ENOENT (No such file or directory)
12:50:58 open("/usr/lib/python2.7/plat-x86_64-linux-gnu/apport_python_hook.pyc", O_RDONLY) = -1 ENOENT (No such file or directory)
12:50:58 stat("/usr/lib/python2.7/lib-tk", {st_mode=S_IFDIR|0755, st_size=4096, ...}) = 0
12:50:58 stat("/usr/lib/python2.7/lib-tk", {st_mode=S_IFDIR|0755, st_size=4096, ...}) = 0
12:50:58 stat("/usr/lib/python2.7/lib-tk/apport_python_hook", 0x7fff08eeca40) = -1 ENOENT (No such file or directory)
12:50:58 open("/usr/lib/python2.7/lib-tk/apport_python_hook.x86_64-linux-gnu.so", O_RDONLY) = -1 ENOENT (No such file or directory)
12:50:58 open("/usr/lib/python2.7/lib-tk/apport_python_hook.so", O_RDONLY) = -1 ENOENT (No such file or directory)
12:50:58 open("/usr/lib/python2.7/lib-tk/apport_python_hookmodule.so", O_RDONLY) = -1 ENOENT (No such file or directory)
12:50:58 open("/usr/lib/python2.7/lib-tk/apport_python_hook.py", O_RDONLY) = -1 ENOENT (No such file or directory)
12:50:58 open("/usr/lib/python2.7/lib-tk/apport_python_hook.pyc", O_RDONLY) = -1 ENOENT (No such file or directory)
12:50:58 stat("/usr/lib/python2.7/lib-old", 0x7fff08eeb920) = -1 ENOENT (No such file or directory)
12:50:58 stat("/usr/lib/python2.7", {st_mode=S_IFDIR|0755, st_size=20480, ...}) = 0
12:50:58 stat("/usr/lib/python2.7/lib-old", 0x7fff08eec8b0) = -1 ENOENT (No such file or directory)
12:50:58 stat("/usr/lib/python2.7/lib-dynload", {st_mode=S_IFDIR|0755, st_size=4096, ...}) = 0
12:50:58 stat("/usr/lib/python2.7/lib-dynload", {st_mode=S_IFDIR|0755, st_size=4096, ...}) = 0
12:50:58 stat("/usr/lib/python2.7/lib-dynload/apport_python_hook", 0x7fff08eeca40) = -1 ENOENT (No such file or directory)
12:50:58 open("/usr/lib/python2.7/lib-dynload/apport_python_hook.x86_64-linux-gnu.so", O_RDONLY) = -1 ENOENT (No such file or directory)
12:50:58 open("/usr/lib/python2.7/lib-dynload/apport_python_hook.so", O_RDONLY) = -1 ENOENT (No such file or directory)
12:50:58 open("/usr/lib/python2.7/lib-dynload/apport_python_hookmodule.so", O_RDONLY) = -1 ENOENT (No such file or directory)
12:50:58 open("/usr/lib/python2.7/lib-dynload/apport_python_hook.py", O_RDONLY) = -1 ENOENT (No such file or directory)
12:50:58 open("/usr/lib/python2.7/lib-dynload/apport_python_hook.pyc", O_RDONLY) = -1 ENOENT (No such file or directory)
12:50:58 stat("/home/vanessa/.local/lib/python2.7/site-packages", {st_mode=S_IFDIR|0700, st_size=4096, ...}) = 0
12:50:58 stat("/home/vanessa/.local/lib/python2.7/site-packages", {st_mode=S_IFDIR|0700, st_size=4096, ...}) = 0
12:50:58 stat("/home/vanessa/.local/lib/python2.7/site-packages/apport_python_hook", 0x7fff08eeca40) = -1 ENOENT (No such file or directory)
12:50:58 open("/home/vanessa/.local/lib/python2.7/site-packages/apport_python_hook.x86_64-linux-gnu.so", O_RDONLY) = -1 ENOENT (No such file or directory)
12:50:58 open("/home/vanessa/.local/lib/python2.7/site-packages/apport_python_hook.so", O_RDONLY) = -1 ENOENT (No such file or directory)
12:50:58 open("/home/vanessa/.local/lib/python2.7/site-packages/apport_python_hookmodule.so", O_RDONLY) = -1 ENOENT (No such file or directory)
12:50:58 open("/home/vanessa/.local/lib/python2.7/site-packages/apport_python_hook.py", O_RDONLY) = -1 ENOENT (No such file or directory)
12:50:58 open("/home/vanessa/.local/lib/python2.7/site-packages/apport_python_hook.pyc", O_RDONLY) = -1 ENOENT (No such file or directory)
12:50:58 stat("/usr/local/lib/python2.7/dist-packages", {st_mode=S_IFDIR|S_ISGID|0775, st_size=4096, ...}) = 0
12:50:58 stat("/usr/local/lib/python2.7/dist-packages", {st_mode=S_IFDIR|S_ISGID|0775, st_size=4096, ...}) = 0
12:50:58 stat("/usr/local/lib/python2.7/dist-packages/apport_python_hook", 0x7fff08eeca40) = -1 ENOENT (No such file or directory)
12:50:58 open("/usr/local/lib/python2.7/dist-packages/apport_python_hook.x86_64-linux-gnu.so", O_RDONLY) = -1 ENOENT (No such file or directory)
12:50:58 open("/usr/local/lib/python2.7/dist-packages/apport_python_hook.so", O_RDONLY) = -1 ENOENT (No such file or directory)
12:50:58 open("/usr/local/lib/python2.7/dist-packages/apport_python_hookmodule.so", O_RDONLY) = -1 ENOENT (No such file or directory)
12:50:58 open("/usr/local/lib/python2.7/dist-packages/apport_python_hook.py", O_RDONLY) = -1 ENOENT (No such file or directory)
12:50:58 open("/usr/local/lib/python2.7/dist-packages/apport_python_hook.pyc", O_RDONLY) = -1 ENOENT (No such file or directory)
12:50:58 stat("/usr/lib/python2.7/dist-packages", {st_mode=S_IFDIR|0755, st_size=4096, ...}) = 0
12:50:58 stat("/usr/lib/python2.7/dist-packages", {st_mode=S_IFDIR|0755, st_size=4096, ...}) = 0
12:50:58 stat("/usr/lib/python2.7/dist-packages/apport_python_hook", 0x7fff08eeca40) = -1 ENOENT (No such file or directory)
12:50:58 open("/usr/lib/python2.7/dist-packages/apport_python_hook.x86_64-linux-gnu.so", O_RDONLY) = -1 ENOENT (No such file or directory)
12:50:58 open("/usr/lib/python2.7/dist-packages/apport_python_hook.so", O_RDONLY) = -1 ENOENT (No such file or directory)
12:50:58 open("/usr/lib/python2.7/dist-packages/apport_python_hookmodule.so", O_RDONLY) = -1 ENOENT (No such file or directory)
12:50:58 open("/usr/lib/python2.7/dist-packages/apport_python_hook.py", O_RDONLY) = -1 ENOENT (No such file or directory)
12:50:58 open("/usr/lib/python2.7/dist-packages/apport_python_hook.pyc", O_RDONLY) = -1 ENOENT (No such file or directory)
12:50:58 close(4)                       = 0
12:50:58 stat("/usr/lib/python2.7/usercustomize", 0x7fff08eed060) = -1 ENOENT (No such file or directory)
12:50:58 open("/usr/lib/python2.7/usercustomize.x86_64-linux-gnu.so", O_RDONLY) = -1 ENOENT (No such file or directory)
12:50:58 open("/usr/lib/python2.7/usercustomize.so", O_RDONLY) = -1 ENOENT (No such file or directory)
12:50:58 open("/usr/lib/python2.7/usercustomizemodule.so", O_RDONLY) = -1 ENOENT (No such file or directory)
12:50:58 open("/usr/lib/python2.7/usercustomize.py", O_RDONLY) = -1 ENOENT (No such file or directory)
12:50:58 open("/usr/lib/python2.7/usercustomize.pyc", O_RDONLY) = -1 ENOENT (No such file or directory)
12:50:58 stat("/usr/lib/python2.7/plat-x86_64-linux-gnu/usercustomize", 0x7fff08eed060) = -1 ENOENT (No such file or directory)
12:50:58 open("/usr/lib/python2.7/plat-x86_64-linux-gnu/usercustomize.x86_64-linux-gnu.so", O_RDONLY) = -1 ENOENT (No such file or directory)
12:50:58 open("/usr/lib/python2.7/plat-x86_64-linux-gnu/usercustomize.so", O_RDONLY) = -1 ENOENT (No such file or directory)
12:50:58 open("/usr/lib/python2.7/plat-x86_64-linux-gnu/usercustomizemodule.so", O_RDONLY) = -1 ENOENT (No such file or directory)
12:50:58 open("/usr/lib/python2.7/plat-x86_64-linux-gnu/usercustomize.py", O_RDONLY) = -1 ENOENT (No such file or directory)
12:50:58 open("/usr/lib/python2.7/plat-x86_64-linux-gnu/usercustomize.pyc", O_RDONLY) = -1 ENOENT (No such file or directory)
12:50:58 stat("/usr/lib/python2.7/lib-tk/usercustomize", 0x7fff08eed060) = -1 ENOENT (No such file or directory)
12:50:58 open("/usr/lib/python2.7/lib-tk/usercustomize.x86_64-linux-gnu.so", O_RDONLY) = -1 ENOENT (No such file or directory)
12:50:58 open("/usr/lib/python2.7/lib-tk/usercustomize.so", O_RDONLY) = -1 ENOENT (No such file or directory)
12:50:58 open("/usr/lib/python2.7/lib-tk/usercustomizemodule.so", O_RDONLY) = -1 ENOENT (No such file or directory)
12:50:58 open("/usr/lib/python2.7/lib-tk/usercustomize.py", O_RDONLY) = -1 ENOENT (No such file or directory)
12:50:58 open("/usr/lib/python2.7/lib-tk/usercustomize.pyc", O_RDONLY) = -1 ENOENT (No such file or directory)
12:50:58 stat("/usr/lib/python2.7/lib-dynload/usercustomize", 0x7fff08eed060) = -1 ENOENT (No such file or directory)
12:50:58 open("/usr/lib/python2.7/lib-dynload/usercustomize.x86_64-linux-gnu.so", O_RDONLY) = -1 ENOENT (No such file or directory)
12:50:58 open("/usr/lib/python2.7/lib-dynload/usercustomize.so", O_RDONLY) = -1 ENOENT (No such file or directory)
12:50:58 open("/usr/lib/python2.7/lib-dynload/usercustomizemodule.so", O_RDONLY) = -1 ENOENT (No such file or directory)
12:50:58 open("/usr/lib/python2.7/lib-dynload/usercustomize.py", O_RDONLY) = -1 ENOENT (No such file or directory)
12:50:58 open("/usr/lib/python2.7/lib-dynload/usercustomize.pyc", O_RDONLY) = -1 ENOENT (No such file or directory)
12:50:58 stat("/home/vanessa/.local/lib/python2.7/site-packages/usercustomize", 0x7fff08eed060) = -1 ENOENT (No such file or directory)
12:50:58 open("/home/vanessa/.local/lib/python2.7/site-packages/usercustomize.x86_64-linux-gnu.so", O_RDONLY) = -1 ENOENT (No such file or directory)
12:50:58 open("/home/vanessa/.local/lib/python2.7/site-packages/usercustomize.so", O_RDONLY) = -1 ENOENT (No such file or directory)
12:50:58 open("/home/vanessa/.local/lib/python2.7/site-packages/usercustomizemodule.so", O_RDONLY) = -1 ENOENT (No such file or directory)
12:50:58 open("/home/vanessa/.local/lib/python2.7/site-packages/usercustomize.py", O_RDONLY) = -1 ENOENT (No such file or directory)
12:50:58 open("/home/vanessa/.local/lib/python2.7/site-packages/usercustomize.pyc", O_RDONLY) = -1 ENOENT (No such file or directory)
12:50:58 stat("/usr/local/lib/python2.7/dist-packages/usercustomize", 0x7fff08eed060) = -1 ENOENT (No such file or directory)
12:50:58 open("/usr/local/lib/python2.7/dist-packages/usercustomize.x86_64-linux-gnu.so", O_RDONLY) = -1 ENOENT (No such file or directory)
12:50:58 open("/usr/local/lib/python2.7/dist-packages/usercustomize.so", O_RDONLY) = -1 ENOENT (No such file or directory)
12:50:58 open("/usr/local/lib/python2.7/dist-packages/usercustomizemodule.so", O_RDONLY) = -1 ENOENT (No such file or directory)
12:50:58 open("/usr/local/lib/python2.7/dist-packages/usercustomize.py", O_RDONLY) = -1 ENOENT (No such file or directory)
12:50:58 open("/usr/local/lib/python2.7/dist-packages/usercustomize.pyc", O_RDONLY) = -1 ENOENT (No such file or directory)
12:50:58 stat("/usr/lib/python2.7/dist-packages/usercustomize", 0x7fff08eed060) = -1 ENOENT (No such file or directory)
12:50:58 open("/usr/lib/python2.7/dist-packages/usercustomize.x86_64-linux-gnu.so", O_RDONLY) = -1 ENOENT (No such file or directory)
12:50:58 open("/usr/lib/python2.7/dist-packages/usercustomize.so", O_RDONLY) = -1 ENOENT (No such file or directory)
12:50:58 open("/usr/lib/python2.7/dist-packages/usercustomizemodule.so", O_RDONLY) = -1 ENOENT (No such file or directory)
12:50:58 open("/usr/lib/python2.7/dist-packages/usercustomize.py", O_RDONLY) = -1 ENOENT (No such file or directory)
12:50:58 open("/usr/lib/python2.7/dist-packages/usercustomize.pyc", O_RDONLY) = -1 ENOENT (No such file or directory)
12:50:58 close(3)                       = 0
12:50:58 open("/usr/lib/locale/locale-archive", O_RDONLY|O_CLOEXEC) = 3
12:50:58 fstat(3, {st_mode=S_IFREG|0644, st_size=1607664, ...}) = 0
12:50:58 mmap(NULL, 1607664, PROT_READ, MAP_PRIVATE, 3, 0) = 0x7f08b8dd0000
12:50:58 close(3)                       = 0
12:50:58 stat("/usr/lib/python2.7/encodings", {st_mode=S_IFDIR|0755, st_size=12288, ...}) = 0
12:50:58 stat("/usr/lib/python2.7/encodings/__init__.py", {st_mode=S_IFREG|0644, st_size=5698, ...}) = 0
12:50:58 stat("/usr/lib/python2.7/encodings/__init__", 0x7fff08eeda20) = -1 ENOENT (No such file or directory)
12:50:58 open("/usr/lib/python2.7/encodings/__init__.x86_64-linux-gnu.so", O_RDONLY) = -1 ENOENT (No such file or directory)
12:50:58 open("/usr/lib/python2.7/encodings/__init__.so", O_RDONLY) = -1 ENOENT (No such file or directory)
12:50:58 open("/usr/lib/python2.7/encodings/__init__module.so", O_RDONLY) = -1 ENOENT (No such file or directory)
12:50:58 open("/usr/lib/python2.7/encodings/__init__.py", O_RDONLY) = 3
12:50:58 fstat(3, {st_mode=S_IFREG|0644, st_size=5698, ...}) = 0
12:50:58 open("/usr/lib/python2.7/encodings/__init__.pyc", O_RDONLY) = 4
12:50:58 fstat(4, {st_mode=S_IFREG|0644, st_size=4370, ...}) = 0
12:50:58 mmap(NULL, 4096, PROT_READ|PROT_WRITE, MAP_PRIVATE|MAP_ANONYMOUS, -1, 0) = 0x7f08ba085000
12:50:58 read(4, "\3\363\r\n\236\36\21Xc\0\0\0\0\0\0\0\0\3\0\0\0@\0\0\0s\216\0\0\0d\0"..., 4096) = 4096
12:50:58 fstat(4, {st_mode=S_IFREG|0644, st_size=4370, ...}) = 0
12:50:58 read(4, "\1$\1$\0016\0016\1\3\1\3\1\26\1\"\0015\1\22\3\n\4\3\1\20\1\r\1\4\2\r"..., 4096) = 274
12:50:58 read(4, "", 4096)              = 0
12:50:58 close(4)                       = 0
12:50:58 munmap(0x7f08ba085000, 4096)   = 0
12:50:58 stat("/usr/lib/python2.7/encodings", {st_mode=S_IFDIR|0755, st_size=12288, ...}) = 0
12:50:58 stat("/usr/lib/python2.7/encodings", {st_mode=S_IFDIR|0755, st_size=12288, ...}) = 0
12:50:58 stat("/usr/lib/python2.7/encodings/codecs", 0x7fff08eed400) = -1 ENOENT (No such file or directory)
12:50:58 open("/usr/lib/python2.7/encodings/codecs.x86_64-linux-gnu.so", O_RDONLY) = -1 ENOENT (No such file or directory)
12:50:58 open("/usr/lib/python2.7/encodings/codecs.so", O_RDONLY) = -1 ENOENT (No such file or directory)
12:50:58 open("/usr/lib/python2.7/encodings/codecsmodule.so", O_RDONLY) = -1 ENOENT (No such file or directory)
12:50:58 open("/usr/lib/python2.7/encodings/codecs.py", O_RDONLY) = -1 ENOENT (No such file or directory)
12:50:58 open("/usr/lib/python2.7/encodings/codecs.pyc", O_RDONLY) = -1 ENOENT (No such file or directory)
12:50:58 stat("/usr/lib/python2.7/codecs", 0x7fff08eed400) = -1 ENOENT (No such file or directory)
12:50:58 open("/usr/lib/python2.7/codecs.x86_64-linux-gnu.so", O_RDONLY) = -1 ENOENT (No such file or directory)
12:50:58 open("/usr/lib/python2.7/codecs.so", O_RDONLY) = -1 ENOENT (No such file or directory)
12:50:58 open("/usr/lib/python2.7/codecsmodule.so", O_RDONLY) = -1 ENOENT (No such file or directory)
12:50:58 open("/usr/lib/python2.7/codecs.py", O_RDONLY) = 4
12:50:58 fstat(4, {st_mode=S_IFREG|0644, st_size=35172, ...}) = 0
12:50:58 open("/usr/lib/python2.7/codecs.pyc", O_RDONLY) = 5
12:50:58 fstat(5, {st_mode=S_IFREG|0644, st_size=36397, ...}) = 0
12:50:58 mmap(NULL, 4096, PROT_READ|PROT_WRITE, MAP_PRIVATE|MAP_ANONYMOUS, -1, 0) = 0x7f08ba085000
12:50:58 read(5, "\3\363\r\n\235\36\21Xc\0\0\0\0\0\0\0\0\30\0\0\0@\0\0\0s7\3\0\0d\0"..., 4096) = 4096
12:50:58 fstat(5, {st_mode=S_IFREG|0644, st_size=36397, ...}) = 0
12:50:58 read(5, "d\1\0S(\2\0\0\0s\372\2\0\0 Decodes the objec"..., 28672) = 28672
12:50:58 read(5, "ncoding and return\n        its I"..., 4096) = 3629
12:50:58 read(5, "", 4096)              = 0
12:50:58 close(5)                       = 0
12:50:58 munmap(0x7f08ba085000, 4096)   = 0
12:50:58 close(4)                       = 0
12:50:58 stat("/usr/lib/python2.7/encodings/encodings", 0x7fff08eed400) = -1 ENOENT (No such file or directory)
12:50:58 open("/usr/lib/python2.7/encodings/encodings.x86_64-linux-gnu.so", O_RDONLY) = -1 ENOENT (No such file or directory)
12:50:58 open("/usr/lib/python2.7/encodings/encodings.so", O_RDONLY) = -1 ENOENT (No such file or directory)
12:50:58 open("/usr/lib/python2.7/encodings/encodingsmodule.so", O_RDONLY) = -1 ENOENT (No such file or directory)
12:50:58 open("/usr/lib/python2.7/encodings/encodings.py", O_RDONLY) = -1 ENOENT (No such file or directory)
12:50:58 open("/usr/lib/python2.7/encodings/encodings.pyc", O_RDONLY) = -1 ENOENT (No such file or directory)
12:50:58 stat("/usr/lib/python2.7/encodings/aliases", 0x7fff08eed400) = -1 ENOENT (No such file or directory)
12:50:58 open("/usr/lib/python2.7/encodings/aliases.x86_64-linux-gnu.so", O_RDONLY) = -1 ENOENT (No such file or directory)
12:50:58 open("/usr/lib/python2.7/encodings/aliases.so", O_RDONLY) = -1 ENOENT (No such file or directory)
12:50:58 open("/usr/lib/python2.7/encodings/aliasesmodule.so", O_RDONLY) = -1 ENOENT (No such file or directory)
12:50:58 open("/usr/lib/python2.7/encodings/aliases.py", O_RDONLY) = 4
12:50:58 fstat(4, {st_mode=S_IFREG|0644, st_size=14848, ...}) = 0
12:50:58 open("/usr/lib/python2.7/encodings/aliases.pyc", O_RDONLY) = 5
12:50:58 fstat(5, {st_mode=S_IFREG|0644, st_size=8768, ...}) = 0
12:50:58 mmap(NULL, 4096, PROT_READ|PROT_WRITE, MAP_PRIVATE|MAP_ANONYMOUS, -1, 0) = 0x7f08ba085000
12:50:58 read(5, "\3\363\r\n\236\36\21Xc\0\0\0\0\0\0\0\0\3\0\0\0@\0\0\0su\10\0\0d\0"..., 4096) = 4096
12:50:58 fstat(5, {st_mode=S_IFREG|0644, st_size=8768, ...}) = 0
12:50:58 read(5, "ibm860t\6\0\0\0ibm860t\5\0\0\0cp861t\3\0\0\0"..., 4096) = 4096
12:50:58 read(5, "\7\3\7\1\7\1\7\1\7\1\7\1\7\1\7\1\7\3\7\1\7\1\7\3\7\1\7\3\7\1\7\3"..., 4096) = 576
12:50:58 read(5, "", 4096)              = 0
12:50:58 close(5)                       = 0
12:50:58 munmap(0x7f08ba085000, 4096)   = 0
12:50:58 close(4)                       = 0
12:50:58 stat("/usr/lib/python2.7/encodings/__builtin__", 0x7fff08eed400) = -1 ENOENT (No such file or directory)
12:50:58 open("/usr/lib/python2.7/encodings/__builtin__.x86_64-linux-gnu.so", O_RDONLY) = -1 ENOENT (No such file or directory)
12:50:58 open("/usr/lib/python2.7/encodings/__builtin__.so", O_RDONLY) = -1 ENOENT (No such file or directory)
12:50:58 open("/usr/lib/python2.7/encodings/__builtin__module.so", O_RDONLY) = -1 ENOENT (No such file or directory)
12:50:58 open("/usr/lib/python2.7/encodings/__builtin__.py", O_RDONLY) = -1 ENOENT (No such file or directory)
12:50:58 open("/usr/lib/python2.7/encodings/__builtin__.pyc", O_RDONLY) = -1 ENOENT (No such file or directory)
12:50:58 close(3)                       = 0
12:50:58 stat("/usr/lib/python2.7/encodings/utf_8", 0x7fff08eed7e0) = -1 ENOENT (No such file or directory)
12:50:58 open("/usr/lib/python2.7/encodings/utf_8.x86_64-linux-gnu.so", O_RDONLY) = -1 ENOENT (No such file or directory)
12:50:58 open("/usr/lib/python2.7/encodings/utf_8.so", O_RDONLY) = -1 ENOENT (No such file or directory)
12:50:58 open("/usr/lib/python2.7/encodings/utf_8module.so", O_RDONLY) = -1 ENOENT (No such file or directory)
12:50:58 open("/usr/lib/python2.7/encodings/utf_8.py", O_RDONLY) = 3
12:50:58 fstat(3, {st_mode=S_IFREG|0644, st_size=1005, ...}) = 0
12:50:58 open("/usr/lib/python2.7/encodings/utf_8.pyc", O_RDONLY) = 4
12:50:58 fstat(4, {st_mode=S_IFREG|0644, st_size=1950, ...}) = 0
12:50:58 mmap(NULL, 4096, PROT_READ|PROT_WRITE, MAP_PRIVATE|MAP_ANONYMOUS, -1, 0) = 0x7f08ba085000
12:50:58 read(4, "\3\363\r\n\236\36\21Xc\0\0\0\0\0\0\0\0\3\0\0\0@\0\0\0s\230\0\0\0d\0"..., 4096) = 1950
12:50:58 fstat(4, {st_mode=S_IFREG|0644, st_size=1950, ...}) = 0
12:50:58 read(4, "", 4096)              = 0
12:50:58 close(4)                       = 0
12:50:58 munmap(0x7f08ba085000, 4096)   = 0
12:50:58 close(3)                       = 0
12:50:58 ioctl(0, SNDCTL_TMR_TIMEBASE or SNDRV_TIMER_IOCTL_NEXT_DEVICE or TCGETS, {B38400 opost isig icanon echo ...}) = 0
12:50:58 ioctl(1, SNDCTL_TMR_TIMEBASE or SNDRV_TIMER_IOCTL_NEXT_DEVICE or TCGETS, {B38400 opost isig icanon echo ...}) = 0
12:50:58 ioctl(2, SNDCTL_TMR_TIMEBASE or SNDRV_TIMER_IOCTL_NEXT_DEVICE or TCGETS, {B38400 opost isig icanon echo ...}) = 0
12:50:58 readlink("/scif/apps/python/hello-world.py", 0x7fff08eebe90, 4096) = -1 EINVAL (Invalid argument)
12:50:58 lstat("/scif", {st_mode=S_IFDIR|0775, st_size=4096, ...}) = 0
12:50:58 lstat("/scif/apps", {st_mode=S_IFDIR|0775, st_size=4096, ...}) = 0
12:50:58 lstat("/scif/apps/python", {st_mode=S_IFDIR|0775, st_size=4096, ...}) = 0
12:50:58 lstat("/scif/apps/python/hello-world.py", {st_mode=S_IFREG|0764, st_size=44, ...}) = 0
12:50:58 stat("/scif/apps/python/hello-world.py", {st_mode=S_IFREG|0764, st_size=44, ...}) = 0
12:50:58 open("/scif/apps/python/hello-world.py", O_RDONLY) = 3
12:50:58 fstat(3, {st_mode=S_IFREG|0764, st_size=44, ...}) = 0
12:50:58 mmap(NULL, 4096, PROT_READ|PROT_WRITE, MAP_PRIVATE|MAP_ANONYMOUS, -1, 0) = 0x7f08ba085000
12:50:58 fstat(3, {st_mode=S_IFREG|0764, st_size=44, ...}) = 0
12:50:58 lseek(3, 0, SEEK_SET)          = 0
12:50:58 read(3, "#!/bin/env python\nprin", 22) = 22
12:50:58 read(3, "t('RaawwWWWWWRRRR!!')\n", 4096) = 22
12:50:58 close(3)                       = 0
12:50:58 munmap(0x7f08ba085000, 4096)   = 0
12:50:58 stat("/scif/apps/python/hello-world.py", {st_mode=S_IFREG|0764, st_size=44, ...}) = 0
12:50:58 open("/scif/apps/python/hello-world.py", O_RDONLY) = 3
12:50:58 fstat(3, {st_mode=S_IFREG|0764, st_size=44, ...}) = 0
12:50:58 ioctl(3, SNDCTL_TMR_TIMEBASE or SNDRV_TIMER_IOCTL_NEXT_DEVICE or TCGETS, 0x7fff08eeee10) = -1 ENOTTY (Inappropriate ioctl for device)
12:50:58 fstat(3, {st_mode=S_IFREG|0764, st_size=44, ...}) = 0
12:50:58 mmap(NULL, 4096, PROT_READ|PROT_WRITE, MAP_PRIVATE|MAP_ANONYMOUS, -1, 0) = 0x7f08ba085000
12:50:58 lseek(3, 0, SEEK_CUR)          = 0
12:50:58 read(3, "#!/bin/env python\nprint('RaawwWW"..., 4096) = 44
12:50:58 lseek(3, 44, SEEK_SET)         = 44
12:50:58 brk(0x16fc000)                 = 0x16fc000
12:50:58 read(3, "", 4096)              = 0
12:50:58 brk(0x16f3000)                 = 0x16f3000
12:50:58 brk(0x16f1000)                 = 0x16f1000
12:50:58 close(3)                       = 0
12:50:58 munmap(0x7f08ba085000, 4096)   = 0
12:50:58 fstat(1, {st_mode=S_IFCHR|0620, st_rdev=makedev(136, 28), ...}) = 0
12:50:58 mmap(NULL, 4096, PROT_READ|PROT_WRITE, MAP_PRIVATE|MAP_ANONYMOUS, -1, 0) = 0x7f08ba085000
12:50:58 write(1, "RaawwWWWWWRRRR!!\n", 17) = 17
12:50:58 rt_sigaction(SIGINT, {SIG_DFL, [], SA_RESTORER, 0x7f08b9c58330}, {0x4680f3, [], SA_RESTORER, 0x7f08b9c58330}, 8) = 0
12:50:58 brk(0x16ed000)                 = 0x16ed000
12:50:58 exit_group(0)                  = ?
12:50:58 +++ exited with 0 +++
% time     seconds  usecs/call     calls    errors syscall
------ ----------- ----------- --------- --------- ----------------
  0.00    0.000000           0       103           read
  0.00    0.000000           0         1           write
  0.00    0.000000           0       275       210 open
  0.00    0.000000           0        68           close
  0.00    0.000000           0        98        67 stat
  0.00    0.000000           0       100           fstat
  0.00    0.000000           0         8           lstat
  0.00    0.000000           0         3           lseek
  0.00    0.000000           0        61           mmap
  0.00    0.000000           0        14           mprotect
  0.00    0.000000           0        34           munmap
  0.00    0.000000           0        11           brk
  0.00    0.000000           0        68           rt_sigaction
  0.00    0.000000           0         1           rt_sigprocmask
  0.00    0.000000           0         5         1 ioctl
  0.00    0.000000           0         8         8 access
  0.00    0.000000           0         1           execve
  0.00    0.000000           0         6           getdents
  0.00    0.000000           0         4         2 readlink
  0.00    0.000000           0         1           getrlimit
  0.00    0.000000           0         1           getuid
  0.00    0.000000           0         1           getgid
  0.00    0.000000           0         1           geteuid
  0.00    0.000000           0         1           getegid
  0.00    0.000000           0         1           arch_prctl
  0.00    0.000000           0         1         1 futex
  0.00    0.000000           0         1           set_tid_address
  0.00    0.000000           0         3           openat
  0.00    0.000000           0         1           set_robust_list
------ ----------- ----------- --------- --------- ----------------
100.00    0.000000                   881       289 total
