execve("/usr/local/bin/singularity", ["singularity", "run", "--app", "cat", "container.ftw"], [/* 17 vars */]) = 0 <0.000192>
brk(NULL)                               = 0x1cc9000 <0.000005>
access("/etc/ld.so.nohwcap", F_OK)      = -1 ENOENT (No such file or directory) <0.000009>
mmap(NULL, 8192, PROT_READ|PROT_WRITE, MAP_PRIVATE|MAP_ANONYMOUS, -1, 0) = 0x7fe5adb36000 <0.000006>
access("/etc/ld.so.preload", R_OK)      = -1 ENOENT (No such file or directory) <0.000006>
open("/etc/ld.so.cache", O_RDONLY|O_CLOEXEC) = 3 <0.000008>
fstat(3, {st_mode=S_IFREG|0644, st_size=170578, ...}) = 0 <0.000005>
mmap(NULL, 170578, PROT_READ, MAP_PRIVATE, 3, 0) = 0x7fe5adb0c000 <0.000007>
close(3)                                = 0 <0.000005>
access("/etc/ld.so.nohwcap", F_OK)      = -1 ENOENT (No such file or directory) <0.000006>
open("/lib/x86_64-linux-gnu/libtinfo.so.5", O_RDONLY|O_CLOEXEC) = 3 <0.000010>
read(3, "\177ELF\2\1\1\0\0\0\0\0\0\0\0\0\3\0>\0\1\0\0\0p\310\0\0\0\0\0\0"..., 832) = 832 <0.000006>
fstat(3, {st_mode=S_IFREG|0644, st_size=167240, ...}) = 0 <0.000005>
mmap(NULL, 2264256, PROT_READ|PROT_EXEC, MAP_PRIVATE|MAP_DENYWRITE, 3, 0) = 0x7fe5ad6ea000 <0.000008>
mprotect(0x7fe5ad70f000, 2093056, PROT_NONE) = 0 <0.000012>
mmap(0x7fe5ad90e000, 20480, PROT_READ|PROT_WRITE, MAP_PRIVATE|MAP_FIXED|MAP_DENYWRITE, 3, 0x24000) = 0x7fe5ad90e000 <0.000011>
close(3)                                = 0 <0.000005>
access("/etc/ld.so.nohwcap", F_OK)      = -1 ENOENT (No such file or directory) <0.000008>
open("/lib/x86_64-linux-gnu/libdl.so.2", O_RDONLY|O_CLOEXEC) = 3 <0.000010>
read(3, "\177ELF\2\1\1\0\0\0\0\0\0\0\0\0\3\0>\0\1\0\0\0\240\r\0\0\0\0\0\0"..., 832) = 832 <0.000006>
fstat(3, {st_mode=S_IFREG|0644, st_size=14608, ...}) = 0 <0.000004>
mmap(NULL, 2109680, PROT_READ|PROT_EXEC, MAP_PRIVATE|MAP_DENYWRITE, 3, 0) = 0x7fe5ad4e6000 <0.000010>
mprotect(0x7fe5ad4e9000, 2093056, PROT_NONE) = 0 <0.000011>
mmap(0x7fe5ad6e8000, 8192, PROT_READ|PROT_WRITE, MAP_PRIVATE|MAP_FIXED|MAP_DENYWRITE, 3, 0x2000) = 0x7fe5ad6e8000 <0.000010>
close(3)                                = 0 <0.000005>
access("/etc/ld.so.nohwcap", F_OK)      = -1 ENOENT (No such file or directory) <0.000007>
open("/lib/x86_64-linux-gnu/libc.so.6", O_RDONLY|O_CLOEXEC) = 3 <0.000010>
read(3, "\177ELF\2\1\1\3\0\0\0\0\0\0\0\0\3\0>\0\1\0\0\0P\t\2\0\0\0\0\0"..., 832) = 832 <0.000006>
fstat(3, {st_mode=S_IFREG|0755, st_size=1868984, ...}) = 0 <0.000006>
mmap(NULL, 4096, PROT_READ|PROT_WRITE, MAP_PRIVATE|MAP_ANONYMOUS, -1, 0) = 0x7fe5adb0b000 <0.000007>
mmap(NULL, 3971488, PROT_READ|PROT_EXEC, MAP_PRIVATE|MAP_DENYWRITE, 3, 0) = 0x7fe5ad11c000 <0.000008>
mprotect(0x7fe5ad2dc000, 2097152, PROT_NONE) = 0 <0.000013>
mmap(0x7fe5ad4dc000, 24576, PROT_READ|PROT_WRITE, MAP_PRIVATE|MAP_FIXED|MAP_DENYWRITE, 3, 0x1c0000) = 0x7fe5ad4dc000 <0.000012>
mmap(0x7fe5ad4e2000, 14752, PROT_READ|PROT_WRITE, MAP_PRIVATE|MAP_FIXED|MAP_ANONYMOUS, -1, 0) = 0x7fe5ad4e2000 <0.000009>
close(3)                                = 0 <0.000006>
mmap(NULL, 4096, PROT_READ|PROT_WRITE, MAP_PRIVATE|MAP_ANONYMOUS, -1, 0) = 0x7fe5adb0a000 <0.000007>
mmap(NULL, 4096, PROT_READ|PROT_WRITE, MAP_PRIVATE|MAP_ANONYMOUS, -1, 0) = 0x7fe5adb09000 <0.000005>
mmap(NULL, 4096, PROT_READ|PROT_WRITE, MAP_PRIVATE|MAP_ANONYMOUS, -1, 0) = 0x7fe5adb08000 <0.000006>
arch_prctl(ARCH_SET_FS, 0x7fe5adb09700) = 0 <0.000005>
mprotect(0x7fe5ad4dc000, 16384, PROT_READ) = 0 <0.000009>
mprotect(0x7fe5ad6e8000, 4096, PROT_READ) = 0 <0.000009>
mprotect(0x7fe5ad90e000, 16384, PROT_READ) = 0 <0.000009>
mprotect(0x6f3000, 4096, PROT_READ)     = 0 <0.000008>
mprotect(0x7fe5adb38000, 4096, PROT_READ) = 0 <0.000011>
munmap(0x7fe5adb0c000, 170578)          = 0 <0.000016>
open("/dev/tty", O_RDWR|O_NONBLOCK)     = 3 <0.000013>
close(3)                                = 0 <0.000006>
brk(NULL)                               = 0x1cc9000 <0.000005>
brk(0x1cca000)                          = 0x1cca000 <0.000006>
open("/usr/lib/locale/locale-archive", O_RDONLY|O_CLOEXEC) = 3 <0.000009>
fstat(3, {st_mode=S_IFREG|0644, st_size=2981280, ...}) = 0 <0.000005>
mmap(NULL, 2981280, PROT_READ, MAP_PRIVATE, 3, 0) = 0x7fe5ace44000 <0.000015>
close(3)                                = 0 <0.000006>
brk(0x1ccb000)                          = 0x1ccb000 <0.000009>
brk(0x1ccc000)                          = 0x1ccc000 <0.000006>
getuid()                                = 1000 <0.000006>
getgid()                                = 1000 <0.000005>
geteuid()                               = 1000 <0.000005>
getegid()                               = 1000 <0.000008>
rt_sigprocmask(SIG_BLOCK, NULL, [], 8)  = 0 <0.000005>
brk(0x1ccd000)                          = 0x1ccd000 <0.000009>
sysinfo({uptime=554643, loads=[36224, 59232, 60320], totalram=20915408896, freeram=352481280, sharedram=561561600, bufferram=2210926592, totalswap=21335371776, freeswap=17662906368, procs=1607, totalhigh=0, freehigh=0, mem_unit=1}) = 0 <0.000007>
brk(0x1cce000)                          = 0x1cce000 <0.000005>
rt_sigaction(SIGCHLD, {SIG_DFL, [], SA_RESTORER|SA_RESTART, 0x7fe5ad1514b0}, {SIG_DFL, [], 0}, 8) = 0 <0.000005>
rt_sigaction(SIGCHLD, {SIG_DFL, [], SA_RESTORER|SA_RESTART, 0x7fe5ad1514b0}, {SIG_DFL, [], SA_RESTORER|SA_RESTART, 0x7fe5ad1514b0}, 8) = 0 <0.000005>
rt_sigaction(SIGINT, {SIG_DFL, [], SA_RESTORER, 0x7fe5ad1514b0}, {SIG_DFL, [], 0}, 8) = 0 <0.000034>
rt_sigaction(SIGINT, {SIG_DFL, [], SA_RESTORER, 0x7fe5ad1514b0}, {SIG_DFL, [], SA_RESTORER, 0x7fe5ad1514b0}, 8) = 0 <0.000005>
rt_sigaction(SIGQUIT, {SIG_DFL, [], SA_RESTORER, 0x7fe5ad1514b0}, {SIG_DFL, [], 0}, 8) = 0 <0.000005>
rt_sigaction(SIGQUIT, {SIG_DFL, [], SA_RESTORER, 0x7fe5ad1514b0}, {SIG_DFL, [], SA_RESTORER, 0x7fe5ad1514b0}, 8) = 0 <0.000005>
rt_sigprocmask(SIG_BLOCK, NULL, [], 8)  = 0 <0.000005>
rt_sigaction(SIGQUIT, {SIG_IGN, [], SA_RESTORER, 0x7fe5ad1514b0}, {SIG_DFL, [], SA_RESTORER, 0x7fe5ad1514b0}, 8) = 0 <0.000005>
uname({sysname="Linux", nodename="vanessa-ThinkPad-T460s", ...}) = 0 <0.000005>
brk(0x1ccf000)                          = 0x1ccf000 <0.000006>
brk(0x1cd0000)                          = 0x1cd0000 <0.000005>
brk(0x1cd2000)                          = 0x1cd2000 <0.000005>
getcwd("/home/vanessa/Documents/Dropbox/Code/ftw/hello-world-ftw", 4096) = 57 <0.000006>
getpid()                                = 3896 <0.000005>
open("/usr/lib/x86_64-linux-gnu/gconv/gconv-modules.cache", O_RDONLY) = 3 <0.000010>
fstat(3, {st_mode=S_IFREG|0644, st_size=26258, ...}) = 0 <0.000005>
mmap(NULL, 26258, PROT_READ, MAP_SHARED, 3, 0) = 0x7fe5adb2f000 <0.000007>
close(3)                                = 0 <0.000005>
getppid()                               = 3894 <0.000004>
brk(0x1cd3000)                          = 0x1cd3000 <0.000006>
getpgrp()                               = 3893 <0.000004>
rt_sigaction(SIGCHLD, {0x447ad0, [], SA_RESTORER|SA_RESTART, 0x7fe5ad1514b0}, {SIG_DFL, [], SA_RESTORER|SA_RESTART, 0x7fe5ad1514b0}, 8) = 0 <0.000005>
getrlimit(RLIMIT_NPROC, {rlim_cur=79303, rlim_max=79303}) = 0 <0.000005>
brk(0x1cd4000)                          = 0x1cd4000 <0.000005>
rt_sigprocmask(SIG_BLOCK, NULL, [], 8)  = 0 <0.000004>
open("/usr/local/bin/singularity", O_RDONLY) = 3 <0.000008>
ioctl(3, TCGETS, 0x7fff2552c250)        = -1 ENOTTY (Inappropriate ioctl for device) <0.000004>
lseek(3, 0, SEEK_CUR)                   = 0 <0.000005>
read(3, "#!/bin/bash\n# \n# Copyright (c) 2"..., 80) = 80 <0.000005>
lseek(3, 0, SEEK_SET)                   = 0 <0.000005>
getrlimit(RLIMIT_NOFILE, {rlim_cur=1024, rlim_max=64*1024}) = 0 <0.000005>
fcntl(255, F_GETFD)                     = -1 EBADF (Bad file descriptor) <0.000005>
dup2(3, 255)                            = 255 <0.000006>
close(3)                                = 0 <0.000005>
fcntl(255, F_SETFD, FD_CLOEXEC)         = 0 <0.000005>
fcntl(255, F_GETFL)                     = 0x8000 (flags O_RDONLY|O_LARGEFILE) <0.000004>
fstat(255, {st_mode=S_IFREG|0755, st_size=4988, ...}) = 0 <0.000005>
lseek(255, 0, SEEK_CUR)                 = 0 <0.000004>
brk(0x1cd6000)                          = 0x1cd6000 <0.000005>
brk(0x1cd7000)                          = 0x1cd7000 <0.000005>
read(255, "#!/bin/bash\n# \n# Copyright (c) 2"..., 4988) = 4988 <0.000007>
brk(0x1cd8000)                          = 0x1cd8000 <0.000006>
brk(0x1cd9000)                          = 0x1cd9000 <0.000005>
stat("/usr/local/libexec/singularity/functions", {st_mode=S_IFREG|0755, st_size=11097, ...}) = 0 <0.000008>
open("/usr/local/libexec/singularity/functions", O_RDONLY) = 3 <0.000008>
fstat(3, {st_mode=S_IFREG|0755, st_size=11097, ...}) = 0 <0.000005>
brk(0x1cdd000)                          = 0x1cdd000 <0.000005>
read(3, "#!/bin/bash\n#\n# Copyright (c) 20"..., 11097) = 11097 <0.000008>
close(3)                                = 0 <0.000006>
rt_sigprocmask(SIG_BLOCK, NULL, [], 8)  = 0 <0.000005>
brk(0x1cde000)                          = 0x1cde000 <0.000006>
brk(0x1cdf000)                          = 0x1cdf000 <0.000005>
brk(0x1ce0000)                          = 0x1ce0000 <0.000006>
brk(0x1ce1000)                          = 0x1ce1000 <0.000005>
brk(0x1ce2000)                          = 0x1ce2000 <0.000005>
brk(0x1ce3000)                          = 0x1ce3000 <0.000006>
brk(0x1ce4000)                          = 0x1ce4000 <0.000005>
brk(0x1ce5000)                          = 0x1ce5000 <0.000005>
brk(0x1ce6000)                          = 0x1ce6000 <0.000006>
brk(0x1ce7000)                          = 0x1ce7000 <0.000005>
brk(0x1ce8000)                          = 0x1ce8000 <0.000005>
brk(0x1ce9000)                          = 0x1ce9000 <0.000005>
brk(0x1cea000)                          = 0x1cea000 <0.000005>
brk(0x1ceb000)                          = 0x1ceb000 <0.000006>
brk(0x1cec000)                          = 0x1cec000 <0.000006>
brk(0x1ced000)                          = 0x1ced000 <0.000005>
brk(0x1cee000)                          = 0x1cee000 <0.000005>
brk(0x1cef000)                          = 0x1cef000 <0.000005>
brk(0x1cf0000)                          = 0x1cf0000 <0.000006>
brk(0x1cf1000)                          = 0x1cf1000 <0.000006>
brk(0x1cf2000)                          = 0x1cf2000 <0.000006>
brk(0x1cf3000)                          = 0x1cf3000 <0.000006>
brk(0x1cf4000)                          = 0x1cf4000 <0.000006>
brk(0x1cf5000)                          = 0x1cf5000 <0.000005>
brk(0x1cf6000)                          = 0x1cf6000 <0.000005>
brk(0x1cf7000)                          = 0x1cf7000 <0.000006>
brk(0x1cf8000)                          = 0x1cf8000 <0.000005>
brk(0x1cf9000)                          = 0x1cf9000 <0.000005>
brk(0x1cfa000)                          = 0x1cfa000 <0.000005>
brk(0x1cfb000)                          = 0x1cfb000 <0.000005>
brk(0x1cfc000)                          = 0x1cfc000 <0.000005>
brk(0x1cfd000)                          = 0x1cfd000 <0.000005>
brk(0x1cfe000)                          = 0x1cfe000 <0.000005>
brk(0x1cff000)                          = 0x1cff000 <0.000005>
brk(0x1d00000)                          = 0x1d00000 <0.000006>
brk(0x1d01000)                          = 0x1d01000 <0.000005>
brk(0x1d02000)                          = 0x1d02000 <0.000006>
brk(0x1d03000)                          = 0x1d03000 <0.000005>
brk(0x1d04000)                          = 0x1d04000 <0.000005>
brk(0x1d05000)                          = 0x1d05000 <0.000006>
brk(0x1d06000)                          = 0x1d06000 <0.000006>
brk(0x1d07000)                          = 0x1d07000 <0.000005>
brk(0x1d08000)                          = 0x1d08000 <0.000005>
brk(0x1d09000)                          = 0x1d09000 <0.000005>
brk(0x1d0a000)                          = 0x1d0a000 <0.000005>
brk(0x1d0b000)                          = 0x1d0b000 <0.000005>
brk(0x1d0c000)                          = 0x1d0c000 <0.000005>
brk(0x1d0d000)                          = 0x1d0d000 <0.000005>
brk(0x1d0e000)                          = 0x1d0e000 <0.000006>
brk(0x1d0f000)                          = 0x1d0f000 <0.000005>
brk(0x1d10000)                          = 0x1d10000 <0.000005>
brk(0x1d11000)                          = 0x1d11000 <0.000006>
brk(0x1d12000)                          = 0x1d12000 <0.000005>
brk(0x1d13000)                          = 0x1d13000 <0.000005>
brk(0x1d14000)                          = 0x1d14000 <0.000005>
brk(0x1d15000)                          = 0x1d15000 <0.000006>
brk(0x1d16000)                          = 0x1d16000 <0.000007>
brk(0x1d17000)                          = 0x1d17000 <0.000005>
brk(0x1d18000)                          = 0x1d18000 <0.000005>
faccessat(AT_FDCWD, "/usr/local/libexec/singularity/cli/run.exec", X_OK) = 0 <0.000011>
brk(0x1d19000)                          = 0x1d19000 <0.000007>
rt_sigaction(SIGINT, {SIG_DFL, [], SA_RESTORER, 0x7fe5ad1514b0}, {SIG_DFL, [], SA_RESTORER, 0x7fe5ad1514b0}, 8) = 0 <0.000005>
rt_sigaction(SIGQUIT, {SIG_DFL, [], SA_RESTORER, 0x7fe5ad1514b0}, {SIG_IGN, [], SA_RESTORER, 0x7fe5ad1514b0}, 8) = 0 <0.000005>
rt_sigaction(SIGCHLD, {SIG_DFL, [], SA_RESTORER|SA_RESTART, 0x7fe5ad1514b0}, {0x447ad0, [], SA_RESTORER|SA_RESTART, 0x7fe5ad1514b0}, 8) = 0 <0.000005>
execve("/usr/local/libexec/singularity/cli/run.exec", ["/usr/local/libexec/singularity/c"..., "--app", "cat", "container.ftw"], [/* 26 vars */]) = 0 <0.000211>
brk(NULL)                               = 0xb76000 <0.000004>
access("/etc/ld.so.nohwcap", F_OK)      = -1 ENOENT (No such file or directory) <0.000008>
mmap(NULL, 8192, PROT_READ|PROT_WRITE, MAP_PRIVATE|MAP_ANONYMOUS, -1, 0) = 0x7fc412f17000 <0.000006>
access("/etc/ld.so.preload", R_OK)      = -1 ENOENT (No such file or directory) <0.000005>
open("/etc/ld.so.cache", O_RDONLY|O_CLOEXEC) = 3 <0.000008>
fstat(3, {st_mode=S_IFREG|0644, st_size=170578, ...}) = 0 <0.000005>
mmap(NULL, 170578, PROT_READ, MAP_PRIVATE, 3, 0) = 0x7fc412eed000 <0.000006>
close(3)                                = 0 <0.000004>
access("/etc/ld.so.nohwcap", F_OK)      = -1 ENOENT (No such file or directory) <0.000006>
open("/lib/x86_64-linux-gnu/libtinfo.so.5", O_RDONLY|O_CLOEXEC) = 3 <0.000007>
read(3, "\177ELF\2\1\1\0\0\0\0\0\0\0\0\0\3\0>\0\1\0\0\0p\310\0\0\0\0\0\0"..., 832) = 832 <0.000006>
fstat(3, {st_mode=S_IFREG|0644, st_size=167240, ...}) = 0 <0.000004>
mmap(NULL, 2264256, PROT_READ|PROT_EXEC, MAP_PRIVATE|MAP_DENYWRITE, 3, 0) = 0x7fc412acb000 <0.000008>
mprotect(0x7fc412af0000, 2093056, PROT_NONE) = 0 <0.000041>
mmap(0x7fc412cef000, 20480, PROT_READ|PROT_WRITE, MAP_PRIVATE|MAP_FIXED|MAP_DENYWRITE, 3, 0x24000) = 0x7fc412cef000 <0.000010>
close(3)                                = 0 <0.000005>
access("/etc/ld.so.nohwcap", F_OK)      = -1 ENOENT (No such file or directory) <0.000007>
open("/lib/x86_64-linux-gnu/libdl.so.2", O_RDONLY|O_CLOEXEC) = 3 <0.000009>
read(3, "\177ELF\2\1\1\0\0\0\0\0\0\0\0\0\3\0>\0\1\0\0\0\240\r\0\0\0\0\0\0"..., 832) = 832 <0.000006>
fstat(3, {st_mode=S_IFREG|0644, st_size=14608, ...}) = 0 <0.000005>
mmap(NULL, 2109680, PROT_READ|PROT_EXEC, MAP_PRIVATE|MAP_DENYWRITE, 3, 0) = 0x7fc4128c7000 <0.000009>
mprotect(0x7fc4128ca000, 2093056, PROT_NONE) = 0 <0.000010>
mmap(0x7fc412ac9000, 8192, PROT_READ|PROT_WRITE, MAP_PRIVATE|MAP_FIXED|MAP_DENYWRITE, 3, 0x2000) = 0x7fc412ac9000 <0.000008>
close(3)                                = 0 <0.000004>
access("/etc/ld.so.nohwcap", F_OK)      = -1 ENOENT (No such file or directory) <0.000006>
open("/lib/x86_64-linux-gnu/libc.so.6", O_RDONLY|O_CLOEXEC) = 3 <0.000008>
read(3, "\177ELF\2\1\1\3\0\0\0\0\0\0\0\0\3\0>\0\1\0\0\0P\t\2\0\0\0\0\0"..., 832) = 832 <0.000005>
fstat(3, {st_mode=S_IFREG|0755, st_size=1868984, ...}) = 0 <0.000005>
mmap(NULL, 4096, PROT_READ|PROT_WRITE, MAP_PRIVATE|MAP_ANONYMOUS, -1, 0) = 0x7fc412eec000 <0.000008>
mmap(NULL, 3971488, PROT_READ|PROT_EXEC, MAP_PRIVATE|MAP_DENYWRITE, 3, 0) = 0x7fc4124fd000 <0.000009>
mprotect(0x7fc4126bd000, 2097152, PROT_NONE) = 0 <0.000012>
mmap(0x7fc4128bd000, 24576, PROT_READ|PROT_WRITE, MAP_PRIVATE|MAP_FIXED|MAP_DENYWRITE, 3, 0x1c0000) = 0x7fc4128bd000 <0.000010>
mmap(0x7fc4128c3000, 14752, PROT_READ|PROT_WRITE, MAP_PRIVATE|MAP_FIXED|MAP_ANONYMOUS, -1, 0) = 0x7fc4128c3000 <0.000007>
close(3)                                = 0 <0.000004>
mmap(NULL, 4096, PROT_READ|PROT_WRITE, MAP_PRIVATE|MAP_ANONYMOUS, -1, 0) = 0x7fc412eeb000 <0.000007>
mmap(NULL, 4096, PROT_READ|PROT_WRITE, MAP_PRIVATE|MAP_ANONYMOUS, -1, 0) = 0x7fc412eea000 <0.000006>
mmap(NULL, 4096, PROT_READ|PROT_WRITE, MAP_PRIVATE|MAP_ANONYMOUS, -1, 0) = 0x7fc412ee9000 <0.000006>
arch_prctl(ARCH_SET_FS, 0x7fc412eea700) = 0 <0.000005>
mprotect(0x7fc4128bd000, 16384, PROT_READ) = 0 <0.000008>
mprotect(0x7fc412ac9000, 4096, PROT_READ) = 0 <0.000007>
mprotect(0x7fc412cef000, 16384, PROT_READ) = 0 <0.000007>
mprotect(0x6f3000, 4096, PROT_READ)     = 0 <0.000008>
mprotect(0x7fc412f19000, 4096, PROT_READ) = 0 <0.000009>
munmap(0x7fc412eed000, 170578)          = 0 <0.000014>
open("/dev/tty", O_RDWR|O_NONBLOCK)     = 3 <0.000012>
close(3)                                = 0 <0.000006>
brk(NULL)                               = 0xb76000 <0.000006>
brk(0xb77000)                           = 0xb77000 <0.000006>
open("/usr/lib/locale/locale-archive", O_RDONLY|O_CLOEXEC) = 3 <0.000008>
fstat(3, {st_mode=S_IFREG|0644, st_size=2981280, ...}) = 0 <0.000006>
mmap(NULL, 2981280, PROT_READ, MAP_PRIVATE, 3, 0) = 0x7fc412225000 <0.000009>
close(3)                                = 0 <0.000005>
brk(0xb78000)                           = 0xb78000 <0.000006>
brk(0xb79000)                           = 0xb79000 <0.000006>
getuid()                                = 1000 <0.000004>
getgid()                                = 1000 <0.000004>
geteuid()                               = 1000 <0.000005>
getegid()                               = 1000 <0.000005>
rt_sigprocmask(SIG_BLOCK, NULL, [], 8)  = 0 <0.000005>
brk(0xb7a000)                           = 0xb7a000 <0.000005>
sysinfo({uptime=554643, loads=[36224, 59232, 60320], totalram=20915408896, freeram=352325632, sharedram=561664000, bufferram=2210926592, totalswap=21335371776, freeswap=17662906368, procs=1607, totalhigh=0, freehigh=0, mem_unit=1}) = 0 <0.000236>
brk(0xb7b000)                           = 0xb7b000 <0.000005>
rt_sigaction(SIGCHLD, {SIG_DFL, [], SA_RESTORER|SA_RESTART, 0x7fc4125324b0}, {SIG_DFL, [], 0}, 8) = 0 <0.000005>
rt_sigaction(SIGCHLD, {SIG_DFL, [], SA_RESTORER|SA_RESTART, 0x7fc4125324b0}, {SIG_DFL, [], SA_RESTORER|SA_RESTART, 0x7fc4125324b0}, 8) = 0 <0.000004>
rt_sigaction(SIGINT, {SIG_DFL, [], SA_RESTORER, 0x7fc4125324b0}, {SIG_DFL, [], 0}, 8) = 0 <0.000004>
rt_sigaction(SIGINT, {SIG_DFL, [], SA_RESTORER, 0x7fc4125324b0}, {SIG_DFL, [], SA_RESTORER, 0x7fc4125324b0}, 8) = 0 <0.000004>
rt_sigaction(SIGQUIT, {SIG_DFL, [], SA_RESTORER, 0x7fc4125324b0}, {SIG_DFL, [], 0}, 8) = 0 <0.000004>
rt_sigaction(SIGQUIT, {SIG_DFL, [], SA_RESTORER, 0x7fc4125324b0}, {SIG_DFL, [], SA_RESTORER, 0x7fc4125324b0}, 8) = 0 <0.000004>
rt_sigprocmask(SIG_BLOCK, NULL, [], 8)  = 0 <0.000004>
rt_sigaction(SIGQUIT, {SIG_IGN, [], SA_RESTORER, 0x7fc4125324b0}, {SIG_DFL, [], SA_RESTORER, 0x7fc4125324b0}, 8) = 0 <0.000004>
uname({sysname="Linux", nodename="vanessa-ThinkPad-T460s", ...}) = 0 <0.000004>
brk(0xb7c000)                           = 0xb7c000 <0.000005>
brk(0xb7d000)                           = 0xb7d000 <0.000004>
stat("/home/vanessa/Documents/Dropbox/Code/ftw/hello-world-ftw", {st_mode=S_IFDIR|0775, st_size=4096, ...}) = 0 <0.000009>
stat(".", {st_mode=S_IFDIR|0775, st_size=4096, ...}) = 0 <0.000006>
getpid()                                = 3896 <0.000004>
open("/usr/lib/x86_64-linux-gnu/gconv/gconv-modules.cache", O_RDONLY) = 3 <0.000010>
fstat(3, {st_mode=S_IFREG|0644, st_size=26258, ...}) = 0 <0.000005>
mmap(NULL, 26258, PROT_READ, MAP_SHARED, 3, 0) = 0x7fc412f10000 <0.000008>
close(3)                                = 0 <0.000005>
brk(0xb7e000)                           = 0xb7e000 <0.000005>
getppid()                               = 3894 <0.000005>
brk(0xb7f000)                           = 0xb7f000 <0.000005>
brk(0xb80000)                           = 0xb80000 <0.000005>
getpgrp()                               = 3893 <0.000005>
rt_sigaction(SIGCHLD, {0x447ad0, [], SA_RESTORER|SA_RESTART, 0x7fc4125324b0}, {SIG_DFL, [], SA_RESTORER|SA_RESTART, 0x7fc4125324b0}, 8) = 0 <0.000005>
getrlimit(RLIMIT_NPROC, {rlim_cur=79303, rlim_max=79303}) = 0 <0.000005>
brk(0xb81000)                           = 0xb81000 <0.000005>
rt_sigprocmask(SIG_BLOCK, NULL, [], 8)  = 0 <0.000005>
open("/usr/local/libexec/singularity/cli/run.exec", O_RDONLY) = 3 <0.000010>
ioctl(3, TCGETS, 0x7ffe6debb280)        = -1 ENOTTY (Inappropriate ioctl for device) <0.000005>
lseek(3, 0, SEEK_CUR)                   = 0 <0.000005>
read(3, "#!/bin/bash\n#\n# Copyright (c) 20"..., 80) = 80 <0.000005>
lseek(3, 0, SEEK_SET)                   = 0 <0.000005>
getrlimit(RLIMIT_NOFILE, {rlim_cur=1024, rlim_max=64*1024}) = 0 <0.000005>
fcntl(255, F_GETFD)                     = -1 EBADF (Bad file descriptor) <0.000005>
dup2(3, 255)                            = 255 <0.000005>
close(3)                                = 0 <0.000004>
fcntl(255, F_SETFD, FD_CLOEXEC)         = 0 <0.000005>
fcntl(255, F_GETFL)                     = 0x8000 (flags O_RDONLY|O_LARGEFILE) <0.000005>
fstat(255, {st_mode=S_IFREG|0755, st_size=2943, ...}) = 0 <0.000005>
lseek(255, 0, SEEK_CUR)                 = 0 <0.000005>
brk(0xb82000)                           = 0xb82000 <0.000006>
brk(0xb83000)                           = 0xb83000 <0.000005>
read(255, "#!/bin/bash\n#\n# Copyright (c) 20"..., 2943) = 2943 <0.000006>
brk(0xb84000)                           = 0xb84000 <0.000005>
stat("/usr/local/libexec/singularity/functions", {st_mode=S_IFREG|0755, st_size=11097, ...}) = 0 <0.000008>
open("/usr/local/libexec/singularity/functions", O_RDONLY) = 3 <0.000008>
fstat(3, {st_mode=S_IFREG|0755, st_size=11097, ...}) = 0 <0.000004>
brk(0xb88000)                           = 0xb88000 <0.000005>
read(3, "#!/bin/bash\n#\n# Copyright (c) 20"..., 11097) = 11097 <0.000008>
close(3)                                = 0 <0.000006>
brk(0xb89000)                           = 0xb89000 <0.000005>
brk(0xb8a000)                           = 0xb8a000 <0.000005>
rt_sigprocmask(SIG_BLOCK, NULL, [], 8)  = 0 <0.000004>
brk(0xb8b000)                           = 0xb8b000 <0.000006>
brk(0xb8c000)                           = 0xb8c000 <0.000006>
brk(0xb8d000)                           = 0xb8d000 <0.000005>
brk(0xb8e000)                           = 0xb8e000 <0.000005>
brk(0xb8f000)                           = 0xb8f000 <0.000005>
brk(0xb90000)                           = 0xb90000 <0.000005>
brk(0xb91000)                           = 0xb91000 <0.000005>
brk(0xb92000)                           = 0xb92000 <0.000005>
brk(0xb93000)                           = 0xb93000 <0.000004>
brk(0xb94000)                           = 0xb94000 <0.000005>
brk(0xb95000)                           = 0xb95000 <0.000005>
brk(0xb96000)                           = 0xb96000 <0.000005>
brk(0xb97000)                           = 0xb97000 <0.000005>
brk(0xb98000)                           = 0xb98000 <0.000005>
brk(0xb99000)                           = 0xb99000 <0.000005>
brk(0xb9a000)                           = 0xb9a000 <0.000005>
brk(0xb9b000)                           = 0xb9b000 <0.000005>
brk(0xb9c000)                           = 0xb9c000 <0.000009>
brk(0xb9d000)                           = 0xb9d000 <0.000005>
brk(0xb9e000)                           = 0xb9e000 <0.000005>
brk(0xb9f000)                           = 0xb9f000 <0.000005>
brk(0xba0000)                           = 0xba0000 <0.000006>
brk(0xba1000)                           = 0xba1000 <0.000005>
brk(0xba2000)                           = 0xba2000 <0.000005>
brk(0xba3000)                           = 0xba3000 <0.000005>
brk(0xba4000)                           = 0xba4000 <0.000005>
brk(0xba5000)                           = 0xba5000 <0.000005>
brk(0xba6000)                           = 0xba6000 <0.000005>
brk(0xba7000)                           = 0xba7000 <0.000005>
brk(0xba8000)                           = 0xba8000 <0.000005>
brk(0xba9000)                           = 0xba9000 <0.000005>
brk(0xbaa000)                           = 0xbaa000 <0.000005>
brk(0xbab000)                           = 0xbab000 <0.000006>
brk(0xbac000)                           = 0xbac000 <0.000005>
brk(0xbad000)                           = 0xbad000 <0.000005>
brk(0xbae000)                           = 0xbae000 <0.000005>
brk(0xbaf000)                           = 0xbaf000 <0.000005>
brk(0xbb0000)                           = 0xbb0000 <0.000013>
brk(0xbb1000)                           = 0xbb1000 <0.000006>
brk(0xbb2000)                           = 0xbb2000 <0.000006>
brk(0xbb3000)                           = 0xbb3000 <0.000014>
brk(0xbb4000)                           = 0xbb4000 <0.000007>
brk(0xbb5000)                           = 0xbb5000 <0.000005>
brk(0xbb6000)                           = 0xbb6000 <0.000005>
brk(0xbb7000)                           = 0xbb7000 <0.000007>
brk(0xbb8000)                           = 0xbb8000 <0.000007>
brk(0xbb9000)                           = 0xbb9000 <0.000006>
brk(0xbba000)                           = 0xbba000 <0.000006>
brk(0xbbb000)                           = 0xbbb000 <0.000006>
brk(0xbbc000)                           = 0xbbc000 <0.000006>
brk(0xbbd000)                           = 0xbbd000 <0.000007>
brk(0xbbe000)                           = 0xbbe000 <0.000007>
brk(0xbbf000)                           = 0xbbf000 <0.000007>
brk(0xbc0000)                           = 0xbc0000 <0.000006>
stat("/home/vanessa/.singularity-init", 0x7ffe6debaec0) = -1 ENOENT (No such file or directory) <0.000011>
stat("/usr/local/libexec/singularity/cli/action_argparser.sh", {st_mode=S_IFREG|0755, st_size=5737, ...}) = 0 <0.000010>
open("/usr/local/libexec/singularity/cli/action_argparser.sh", O_RDONLY) = 3 <0.000013>
fstat(3, {st_mode=S_IFREG|0755, st_size=5737, ...}) = 0 <0.000006>
read(3, "#!/bin/bash\n#\n# Copyright (c) 20"..., 5737) = 5737 <0.000008>
close(3)                                = 0 <0.000007>
rt_sigprocmask(SIG_BLOCK, NULL, [], 8)  = 0 <0.000005>
brk(0xbc1000)                           = 0xbc1000 <0.000009>
brk(0xbc2000)                           = 0xbc2000 <0.000005>
brk(0xbc3000)                           = 0xbc3000 <0.000009>
brk(0xbc4000)                           = 0xbc4000 <0.000007>
brk(0xbc5000)                           = 0xbc5000 <0.000007>
brk(0xbc6000)                           = 0xbc6000 <0.000011>
brk(0xbc7000)                           = 0xbc7000 <0.000006>
brk(0xbc8000)                           = 0xbc8000 <0.000008>
stat("/usr/local/etc/singularity/init", {st_mode=S_IFREG|0644, st_size=782, ...}) = 0 <0.000013>
open("/usr/local/etc/singularity/init", O_RDONLY) = 3 <0.000010>
fstat(3, {st_mode=S_IFREG|0644, st_size=782, ...}) = 0 <0.000005>
read(3, "# This will be sourced before la"..., 782) = 782 <0.000007>
close(3)                                = 0 <0.000006>
rt_sigprocmask(SIG_BLOCK, NULL, [], 8)  = 0 <0.000005>
faccessat(AT_FDCWD, "/usr/local/libexec/singularity/image-handler.sh", X_OK) = 0 <0.000009>
open("/usr/local/libexec/singularity/image-handler.sh", O_RDONLY) = 3 <0.000008>
fstat(3, {st_mode=S_IFREG|0755, st_size=1989, ...}) = 0 <0.000005>
brk(0xbc9000)                           = 0xbc9000 <0.000006>
read(3, "#!/bin/bash\n# \n# Copyright (c) 2"..., 1989) = 1989 <0.000005>
close(3)                                = 0 <0.000005>
rt_sigprocmask(SIG_BLOCK, NULL, [], 8)  = 0 <0.000005>
stat("/usr/local/libexec/singularity/bin/action-suid", {st_mode=S_IFREG|S_ISUID|0755, st_size=523456, ...}) = 0 <0.000007>
rt_sigaction(SIGINT, {SIG_DFL, [], SA_RESTORER, 0x7fc4125324b0}, {SIG_DFL, [], SA_RESTORER, 0x7fc4125324b0}, 8) = 0 <0.000005>
rt_sigaction(SIGQUIT, {SIG_DFL, [], SA_RESTORER, 0x7fc4125324b0}, {SIG_IGN, [], SA_RESTORER, 0x7fc4125324b0}, 8) = 0 <0.000004>
rt_sigaction(SIGCHLD, {SIG_DFL, [], SA_RESTORER|SA_RESTART, 0x7fc4125324b0}, {0x447ad0, [], SA_RESTORER|SA_RESTART, 0x7fc4125324b0}, 8) = 0 <0.000005>
execve("/usr/local/libexec/singularity/bin/action-suid", ["/usr/local/libexec/singularity/b"...], [/* 30 vars */]) = 0 <0.000239>
brk(NULL)                               = 0xf47000 <0.000004>
fcntl(0, F_GETFD)                       = 0 <0.000005>
fcntl(1, F_GETFD)                       = 0 <0.000004>
fcntl(2, F_GETFD)                       = 0 <0.000004>
access("/etc/suid-debug", F_OK)         = -1 ENOENT (No such file or directory) <0.000007>
access("/etc/ld.so.nohwcap", F_OK)      = -1 ENOENT (No such file or directory) <0.000007>
mmap(NULL, 8192, PROT_READ|PROT_WRITE, MAP_PRIVATE|MAP_ANONYMOUS, -1, 0) = 0x7f764793a000 <0.000006>
access("/etc/ld.so.preload", R_OK)      = -1 ENOENT (No such file or directory) <0.000008>
open("/usr/local/lib/tls/x86_64/libc.so.6", O_RDONLY|O_CLOEXEC) = -1 ENOENT (No such file or directory) <0.000007>
stat("/usr/local/lib/tls/x86_64", 0x7ffe76aaab70) = -1 ENOENT (No such file or directory) <0.000006>
open("/usr/local/lib/tls/libc.so.6", O_RDONLY|O_CLOEXEC) = -1 ENOENT (No such file or directory) <0.000006>
stat("/usr/local/lib/tls", 0x7ffe76aaab70) = -1 ENOENT (No such file or directory) <0.000006>
open("/usr/local/lib/x86_64/libc.so.6", O_RDONLY|O_CLOEXEC) = -1 ENOENT (No such file or directory) <0.000006>
stat("/usr/local/lib/x86_64", 0x7ffe76aaab70) = -1 ENOENT (No such file or directory) <0.000005>
open("/usr/local/lib/libc.so.6", O_RDONLY|O_CLOEXEC) = -1 ENOENT (No such file or directory) <0.000006>
stat("/usr/local/lib", {st_mode=S_IFDIR|0755, st_size=4096, ...}) = 0 <0.000006>
open("/etc/ld.so.cache", O_RDONLY|O_CLOEXEC) = 3 <0.000007>
fstat(3, {st_mode=S_IFREG|0644, st_size=170578, ...}) = 0 <0.000006>
mmap(NULL, 170578, PROT_READ, MAP_PRIVATE, 3, 0) = 0x7f7647910000 <0.000007>
close(3)                                = 0 <0.000005>
access("/etc/ld.so.nohwcap", F_OK)      = -1 ENOENT (No such file or directory) <0.000006>
open("/lib/x86_64-linux-gnu/libc.so.6", O_RDONLY|O_CLOEXEC) = 3 <0.000008>
read(3, "\177ELF\2\1\1\3\0\0\0\0\0\0\0\0\3\0>\0\1\0\0\0P\t\2\0\0\0\0\0"..., 832) = 832 <0.000006>
fstat(3, {st_mode=S_IFREG|0755, st_size=1868984, ...}) = 0 <0.000004>
mmap(NULL, 3971488, PROT_READ|PROT_EXEC, MAP_PRIVATE|MAP_DENYWRITE, 3, 0) = 0x7f764734d000 <0.000008>
mprotect(0x7f764750d000, 2097152, PROT_NONE) = 0 <0.000012>
mmap(0x7f764770d000, 24576, PROT_READ|PROT_WRITE, MAP_PRIVATE|MAP_FIXED|MAP_DENYWRITE, 3, 0x1c0000) = 0x7f764770d000 <0.000011>
mmap(0x7f7647713000, 14752, PROT_READ|PROT_WRITE, MAP_PRIVATE|MAP_FIXED|MAP_ANONYMOUS, -1, 0) = 0x7f7647713000 <0.000007>
close(3)                                = 0 <0.000005>
mmap(NULL, 4096, PROT_READ|PROT_WRITE, MAP_PRIVATE|MAP_ANONYMOUS, -1, 0) = 0x7f764790f000 <0.000006>
mmap(NULL, 4096, PROT_READ|PROT_WRITE, MAP_PRIVATE|MAP_ANONYMOUS, -1, 0) = 0x7f764790e000 <0.000006>
mmap(NULL, 4096, PROT_READ|PROT_WRITE, MAP_PRIVATE|MAP_ANONYMOUS, -1, 0) = 0x7f764790d000 <0.000006>
arch_prctl(ARCH_SET_FS, 0x7f764790e700) = 0 <0.000005>
mprotect(0x7f764770d000, 16384, PROT_READ) = 0 <0.000010>
mprotect(0x623000, 4096, PROT_READ)     = 0 <0.000007>
mprotect(0x7f764793c000, 4096, PROT_READ) = 0 <0.000009>
munmap(0x7f7647910000, 170578)          = 0 <0.000013>
stat(".", {st_mode=S_IFDIR|0775, st_size=4096, ...}) = 0 <0.000007>
stat("/home/vanessa/Documents/Dropbox/Code/ftw/hello-world-ftw", {st_mode=S_IFDIR|0775, st_size=4096, ...}) = 0 <0.000009>
brk(NULL)                               = 0xf47000 <0.000004>
brk(0xf68000)                           = 0xf68000 <0.000006>
socket(PF_LOCAL, SOCK_DGRAM|SOCK_CLOEXEC, 0) = 3 <0.000010>
connect(3, {sa_family=AF_LOCAL, sun_path="/dev/log"}, 110) = 0 <0.000011>
stat("/usr/local/etc/singularity/singularity.conf", {st_mode=S_IFREG|0644, st_size=5904, ...}) = 0 <0.000007>
open("/usr/local/etc/singularity/singularity.conf", O_RDONLY) = 4 <0.000008>
fstat(4, {st_mode=S_IFREG|0644, st_size=5904, ...}) = 0 <0.000005>
read(4, "# SINGULARITY.CONF\n# This is the"..., 4096) = 4096 <0.000006>
read(4, "SET_NO_NEW_PRIVS)\nuser bind cont"..., 4096) = 1808 <0.000005>
read(4, "", 4096)                       = 0 <0.000005>
close(4)                                = 0 <0.000006>
getuid()                                = 1000 <0.000005>
getgid()                                = 1000 <0.000005>
getgroups(0, NULL)                      = 9 <0.000005>
getgroups(9, [4, 24, 27, 30, 46, 113, 128, 999, 1000]) = 9 <0.000005>
socket(PF_LOCAL, SOCK_STREAM|SOCK_CLOEXEC|SOCK_NONBLOCK, 0) = 4 <0.000007>
connect(4, {sa_family=AF_LOCAL, sun_path="/var/run/nscd/socket"}, 110) = -1 ENOENT (No such file or directory) <0.000012>
close(4)                                = 0 <0.000007>
socket(PF_LOCAL, SOCK_STREAM|SOCK_CLOEXEC|SOCK_NONBLOCK, 0) = 4 <0.000006>
connect(4, {sa_family=AF_LOCAL, sun_path="/var/run/nscd/socket"}, 110) = -1 ENOENT (No such file or directory) <0.000008>
close(4)                                = 0 <0.000007>
open("/etc/nsswitch.conf", O_RDONLY|O_CLOEXEC) = 4 <0.000007>
fstat(4, {st_mode=S_IFREG|0644, st_size=529, ...}) = 0 <0.000005>
read(4, "# /etc/nsswitch.conf\n#\n# Example"..., 4096) = 529 <0.000006>
read(4, "", 4096)                       = 0 <0.000005>
close(4)                                = 0 <0.000005>
open("/usr/local/lib/libnss_compat.so.2", O_RDONLY|O_CLOEXEC) = -1 ENOENT (No such file or directory) <0.000010>
open("/etc/ld.so.cache", O_RDONLY|O_CLOEXEC) = 4 <0.000008>
fstat(4, {st_mode=S_IFREG|0644, st_size=170578, ...}) = 0 <0.000005>
mmap(NULL, 170578, PROT_READ, MAP_PRIVATE, 4, 0) = 0x7f7647910000 <0.000008>
close(4)                                = 0 <0.000004>
access("/etc/ld.so.nohwcap", F_OK)      = -1 ENOENT (No such file or directory) <0.000007>
open("/lib/x86_64-linux-gnu/libnss_compat.so.2", O_RDONLY|O_CLOEXEC) = 4 <0.000008>
read(4, "\177ELF\2\1\1\0\0\0\0\0\0\0\0\0\3\0>\0\1\0\0\0\320\22\0\0\0\0\0\0"..., 832) = 832 <0.000005>
fstat(4, {st_mode=S_IFREG|0644, st_size=35688, ...}) = 0 <0.000005>
mmap(NULL, 2131040, PROT_READ|PROT_EXEC, MAP_PRIVATE|MAP_DENYWRITE, 4, 0) = 0x7f7647144000 <0.000008>
mprotect(0x7f764714c000, 2093056, PROT_NONE) = 0 <0.000012>
mmap(0x7f764734b000, 8192, PROT_READ|PROT_WRITE, MAP_PRIVATE|MAP_FIXED|MAP_DENYWRITE, 4, 0x7000) = 0x7f764734b000 <0.000012>
close(4)                                = 0 <0.000004>
open("/usr/local/lib/libnsl.so.1", O_RDONLY|O_CLOEXEC) = -1 ENOENT (No such file or directory) <0.000007>
access("/etc/ld.so.nohwcap", F_OK)      = -1 ENOENT (No such file or directory) <0.000006>
open("/lib/x86_64-linux-gnu/libnsl.so.1", O_RDONLY|O_CLOEXEC) = 4 <0.000007>
read(4, "\177ELF\2\1\1\0\0\0\0\0\0\0\0\0\3\0>\0\1\0\0\0\360?\0\0\0\0\0\0"..., 832) = 832 <0.000006>
fstat(4, {st_mode=S_IFREG|0644, st_size=93128, ...}) = 0 <0.000005>
mmap(NULL, 2198104, PROT_READ|PROT_EXEC, MAP_PRIVATE|MAP_DENYWRITE, 4, 0) = 0x7f7646f2b000 <0.000008>
mprotect(0x7f7646f41000, 2093056, PROT_NONE) = 0 <0.000009>
mmap(0x7f7647140000, 8192, PROT_READ|PROT_WRITE, MAP_PRIVATE|MAP_FIXED|MAP_DENYWRITE, 4, 0x15000) = 0x7f7647140000 <0.000008>
mmap(0x7f7647142000, 6744, PROT_READ|PROT_WRITE, MAP_PRIVATE|MAP_FIXED|MAP_ANONYMOUS, -1, 0) = 0x7f7647142000 <0.000007>
close(4)                                = 0 <0.000005>
mprotect(0x7f7647140000, 4096, PROT_READ) = 0 <0.000008>
mprotect(0x7f764734b000, 4096, PROT_READ) = 0 <0.000008>
munmap(0x7f7647910000, 170578)          = 0 <0.000013>
open("/usr/local/lib/libnss_nis.so.2", O_RDONLY|O_CLOEXEC) = -1 ENOENT (No such file or directory) <0.000007>
open("/etc/ld.so.cache", O_RDONLY|O_CLOEXEC) = 4 <0.000007>
fstat(4, {st_mode=S_IFREG|0644, st_size=170578, ...}) = 0 <0.000004>
mmap(NULL, 170578, PROT_READ, MAP_PRIVATE, 4, 0) = 0x7f7647910000 <0.000006>
close(4)                                = 0 <0.000005>
access("/etc/ld.so.nohwcap", F_OK)      = -1 ENOENT (No such file or directory) <0.000008>
open("/lib/x86_64-linux-gnu/libnss_nis.so.2", O_RDONLY|O_CLOEXEC) = 4 <0.000007>
read(4, "\177ELF\2\1\1\0\0\0\0\0\0\0\0\0\3\0>\0\1\0\0\0\260 \0\0\0\0\0\0"..., 832) = 832 <0.000005>
fstat(4, {st_mode=S_IFREG|0644, st_size=47648, ...}) = 0 <0.000005>
mmap(NULL, 2143624, PROT_READ|PROT_EXEC, MAP_PRIVATE|MAP_DENYWRITE, 4, 0) = 0x7f7646d1f000 <0.000007>
mprotect(0x7f7646d2a000, 2093056, PROT_NONE) = 0 <0.000009>
mmap(0x7f7646f29000, 8192, PROT_READ|PROT_WRITE, MAP_PRIVATE|MAP_FIXED|MAP_DENYWRITE, 4, 0xa000) = 0x7f7646f29000 <0.000007>
close(4)                                = 0 <0.000004>
open("/usr/local/lib/libnss_files.so.2", O_RDONLY|O_CLOEXEC) = -1 ENOENT (No such file or directory) <0.000006>
access("/etc/ld.so.nohwcap", F_OK)      = -1 ENOENT (No such file or directory) <0.000006>
open("/lib/x86_64-linux-gnu/libnss_files.so.2", O_RDONLY|O_CLOEXEC) = 4 <0.000007>
read(4, "\177ELF\2\1\1\0\0\0\0\0\0\0\0\0\3\0>\0\1\0\0\0\260!\0\0\0\0\0\0"..., 832) = 832 <0.000006>
fstat(4, {st_mode=S_IFREG|0644, st_size=47600, ...}) = 0 <0.000005>
mmap(NULL, 2168600, PROT_READ|PROT_EXEC, MAP_PRIVATE|MAP_DENYWRITE, 4, 0) = 0x7f7646b0d000 <0.000008>
mprotect(0x7f7646b18000, 2093056, PROT_NONE) = 0 <0.000009>
mmap(0x7f7646d17000, 8192, PROT_READ|PROT_WRITE, MAP_PRIVATE|MAP_FIXED|MAP_DENYWRITE, 4, 0xa000) = 0x7f7646d17000 <0.000009>
mmap(0x7f7646d19000, 22296, PROT_READ|PROT_WRITE, MAP_PRIVATE|MAP_FIXED|MAP_ANONYMOUS, -1, 0) = 0x7f7646d19000 <0.000006>
close(4)                                = 0 <0.000004>
mprotect(0x7f7646d17000, 4096, PROT_READ) = 0 <0.000007>
mprotect(0x7f7646f29000, 4096, PROT_READ) = 0 <0.000006>
munmap(0x7f7647910000, 170578)          = 0 <0.000012>
open("/etc/passwd", O_RDONLY|O_CLOEXEC) = 4 <0.000006>
lseek(4, 0, SEEK_CUR)                   = 0 <0.000005>
fstat(4, {st_mode=S_IFREG|0644, st_size=2433, ...}) = 0 <0.000004>
mmap(NULL, 2433, PROT_READ, MAP_SHARED, 4, 0) = 0x7f7647939000 <0.000006>
lseek(4, 2433, SEEK_SET)                = 2433 <0.000005>
munmap(0x7f7647939000, 2433)            = 0 <0.000006>
close(4)                                = 0 <0.000005>
stat("/proc/self/exe", {st_mode=S_IFREG|S_ISUID|0755, st_size=523456, ...}) = 0 <0.000016>
stat("/proc/self/exe", {st_mode=S_IFREG|S_ISUID|0755, st_size=523456, ...}) = 0 <0.000007>
stat("/usr/local/etc/singularity/singularity.conf", {st_mode=S_IFREG|0644, st_size=5904, ...}) = 0 <0.000008>
geteuid()                               = 0 <0.000005>
getuid()                                = 1000 <0.000005>
stat("/proc/self/exe", {st_mode=S_IFREG|S_ISUID|0755, st_size=523456, ...}) = 0 <0.000006>
stat("/proc/self/exe", {st_mode=S_IFREG|S_ISUID|0755, st_size=523456, ...}) = 0 <0.000007>
geteuid()                               = 0 <0.000005>
setresgid(-1, 1000, -1)                 = 0 <0.000006>
setresuid(-1, 1000, -1)                 = 0 <0.000006>
getgid()                                = 1000 <0.000004>
getuid()                                = 1000 <0.000004>
stat("container.ftw", {st_mode=S_IFREG|0755, st_size=8388608032, ...}) = 0 <0.000006>
open("container.ftw", O_RDONLY)         = 4 <0.000006>
fcntl(4, F_SETFD, FD_CLOEXEC)           = 0 <0.000004>
fstat(4, {st_mode=S_IFREG|0755, st_size=8388608032, ...}) = 0 <0.000005>
stat("/proc/self/exe", {st_mode=S_IFREG|S_ISUID|0755, st_size=523456, ...}) = 0 <0.000007>
stat("/proc/self/exe", {st_mode=S_IFREG|S_ISUID|0755, st_size=523456, ...}) = 0 <0.000007>
fstat(4, {st_mode=S_IFREG|0755, st_size=8388608032, ...}) = 0 <0.000004>
dup(4)                                  = 5 <0.000005>
fcntl(5, F_GETFL)                       = 0x8000 (flags O_RDONLY|O_LARGEFILE) <0.000004>
fstat(5, {st_mode=S_IFREG|0755, st_size=8388608032, ...}) = 0 <0.000004>
lseek(5, 0, SEEK_SET)                   = 0 <0.000005>
read(5, "#!/usr/bin/env run-singularity\n\0"..., 4096) = 4096 <0.000007>
close(5)                                = 0 <0.000004>
stat("container.ftw", {st_mode=S_IFREG|0755, st_size=8388608032, ...}) = 0 <0.000006>
dup(4)                                  = 5 <0.000005>
fcntl(5, F_GETFL)                       = 0x8000 (flags O_RDONLY|O_LARGEFILE) <0.000005>
fstat(5, {st_mode=S_IFREG|0755, st_size=8388608032, ...}) = 0 <0.000004>
lseek(5, 0, SEEK_SET)                   = 0 <0.000005>
read(5, "#!/usr/bin/env run-singularity\n\0"..., 4096) = 4096 <0.000006>
close(5)                                = 0 <0.000004>
getuid()                                = 1000 <0.000005>
setresuid(-1, 0, -1)                    = 0 <0.000005>
setresgid(-1, 0, -1)                    = 0 <0.000005>
setgroups(0, [])                        = 0 <0.000005>
stat("/dev/loop0", {st_mode=S_IFBLK|0660, st_rdev=makedev(7, 0), ...}) = 0 <0.000007>
open("/dev/loop0", O_RDONLY)            = 5 <0.003335>
ioctl(5, LOOP_SET_FD, 4)                = 0 <0.000537>
ioctl(5, LOOP_SET_STATUS64, {offset=0x1f, number=0, flags=LO_FLAGS_AUTOCLEAR, file_name="", ...}) = 0 <0.023759>
geteuid()                               = 0 <0.000014>
setgroups(9, [4, 24, 27, 30, 46, 113, 128, 999, 1000]) = 0 <0.000010>
setresgid(-1, 1000, -1)                 = 0 <0.000008>
setresuid(-1, 1000, -1)                 = 0 <0.000172>
getgid()                                = 1000 <0.000005>
getuid()                                = 1000 <0.000005>
fcntl(5, F_SETFD, FD_CLOEXEC)           = 0 <0.000017>
getuid()                                = 1000 <0.000006>
setresuid(-1, 0, -1)                    = 0 <0.005008>
setresgid(-1, 0, -1)                    = 0 <0.000006>
setgroups(0, [])                        = 0 <0.000006>
unshare(CLONE_FS)                       = 0 <0.000005>
unshare(CLONE_NEWNS)                    = 0 <0.000272>
mount(NULL, "/", NULL, MS_REC|MS_SLAVE, NULL) = 0 <0.000012>
geteuid()                               = 0 <0.000004>
setgroups(9, [4, 24, 27, 30, 46, 113, 128, 999, 1000]) = 0 <0.000007>
setresgid(-1, 1000, -1)                 = 0 <0.000005>
setresuid(-1, 1000, -1)                 = 0 <0.000006>
getgid()                                = 1000 <0.000005>
getuid()                                = 1000 <0.000005>
stat("/usr/local/var/singularity/mnt/session", {st_mode=S_IFDIR|0755, st_size=4096, ...}) = 0 <0.000010>
getuid()                                = 1000 <0.000005>
setresuid(-1, 0, -1)                    = 0 <0.000005>
setresgid(-1, 0, -1)                    = 0 <0.000005>
setgroups(0, [])                        = 0 <0.000007>
mount("tmpfs", "/usr/local/var/singularity/mnt/session", "tmpfs", MS_NOSUID, "size=16m") = 0 <0.000105>
geteuid()                               = 0 <0.000005>
setgroups(9, [4, 24, 27, 30, 46, 113, 128, 999, 1000]) = 0 <0.000006>
setresgid(-1, 1000, -1)                 = 0 <0.000005>
setresuid(-1, 1000, -1)                 = 0 <0.000005>
getgid()                                = 1000 <0.000005>
getuid()                                = 1000 <0.000004>
stat("/usr/local/var/singularity/mnt/container", {st_mode=S_IFDIR|0755, st_size=4096, ...}) = 0 <0.000008>
stat("/usr/local/var/singularity/mnt/container", {st_mode=S_IFDIR|0755, st_size=4096, ...}) = 0 <0.000006>
getuid()                                = 1000 <0.000004>
getuid()                                = 1000 <0.000005>
setresuid(-1, 0, -1)                    = 0 <0.000006>
setresgid(-1, 0, -1)                    = 0 <0.000006>
setgroups(0, [])                        = 0 <0.000008>
mount("/dev/loop0", "/usr/local/var/singularity/mnt/container", "ext3", MS_RDONLY|MS_NOSUID|MS_NODEV, "errors=remount-ro") = 0 <0.000451>
geteuid()                               = 0 <0.000005>
setgroups(9, [4, 24, 27, 30, 46, 113, 128, 999, 1000]) = 0 <0.000007>
setresgid(-1, 1000, -1)                 = 0 <0.000005>
setresuid(-1, 1000, -1)                 = 0 <0.000005>
getgid()                                = 1000 <0.000005>
getuid()                                = 1000 <0.000005>
stat("/usr/local/var/singularity/mnt/container/bin/sh", {st_mode=S_IFREG|0755, st_size=121272, ...}) = 0 <0.000104>
stat("/usr/local/var/singularity/mnt/overlay", {st_mode=S_IFDIR|0755, st_size=4096, ...}) = 0 <0.000007>
getuid()                                = 1000 <0.000004>
setresuid(-1, 0, -1)                    = 0 <0.000006>
setresgid(-1, 0, -1)                    = 0 <0.000005>
setgroups(0, [])                        = 0 <0.000005>
mount("tmpfs", "/usr/local/var/singularity/mnt/overlay", "tmpfs", MS_NOSUID|MS_NODEV, "size=1m") = 0 <0.000072>
stat("/usr/local/var/singularity/mnt/overlay/upper", 0x7ffe76aab260) = -1 ENOENT (No such file or directory) <0.000007>
stat("/usr/local/var/singularity/mnt/overlay", {st_mode=S_IFDIR|S_ISVTX|0777, st_size=40, ...}) = 0 <0.000006>
umask(0)                                = 022 <0.000004>
mkdir("/usr/local/var/singularity/mnt/overlay/upper", 0755) = 0 <0.000008>
umask(022)                              = 0 <0.000005>
stat("/usr/local/var/singularity/mnt/overlay/work", 0x7ffe76aab260) = -1 ENOENT (No such file or directory) <0.000007>
stat("/usr/local/var/singularity/mnt/overlay", {st_mode=S_IFDIR|S_ISVTX|0777, st_size=60, ...}) = 0 <0.000005>
umask(0)                                = 022 <0.000005>
mkdir("/usr/local/var/singularity/mnt/overlay/work", 0755) = 0 <0.000009>
umask(022)                              = 0 <0.000005>
stat("/usr/local/var/singularity/mnt/overlay/final", 0x7ffe76aab260) = -1 ENOENT (No such file or directory) <0.000008>
stat("/usr/local/var/singularity/mnt/overlay", {st_mode=S_IFDIR|S_ISVTX|0777, st_size=80, ...}) = 0 <0.000006>
umask(0)                                = 022 <0.000004>
mkdir("/usr/local/var/singularity/mnt/overlay/final", 0755) = 0 <0.000011>
umask(022)                              = 0 <0.000005>
mount("OverlayFS", "/usr/local/var/singularity/mnt/overlay/final", "overlay", MS_NOSUID|MS_NODEV, "lowerdir=/usr/local/var/singular"...) = 0 <0.000093>
geteuid()                               = 0 <0.000005>
setgroups(9, [4, 24, 27, 30, 46, 113, 128, 999, 1000]) = 0 <0.000007>
setresgid(-1, 1000, -1)                 = 0 <0.000005>
setresuid(-1, 1000, -1)                 = 0 <0.000006>
getgid()                                = 1000 <0.000004>
getuid()                                = 1000 <0.000004>
stat("/usr/local/var/singularity/mnt/overlay/final", {st_mode=S_IFDIR|0755, st_size=40, ...}) = 0 <0.000007>
stat("/etc/localtime", {st_mode=S_IFREG|0644, st_size=2845, ...}) = 0 <0.000009>
open("/proc/mounts", O_RDONLY)          = 6 <0.000020>
fstat(6, {st_mode=S_IFREG|0444, st_size=0, ...}) = 0 <0.000005>
read(6, "/dev/nvme0n1p2 / ext4 rw,relatim"..., 1024) = 1024 <0.000028>
read(6, "3fa0f6 nsfs rw 0 0\nsysfs /sys sy"..., 1024) = 1024 <0.000023>
read(6, "\ncgroup /sys/fs/cgroup/blkio cgr"..., 1024) = 1024 <0.000026>
read(6, "docker/aufs/mnt/d3fc1f6bfafa398f"..., 1024) = 1024 <0.000018>
read(6, "5536k 0 0\nshm /var/lib/docker/co"..., 1024) = 1024 <0.000020>
read(6, "/loop0 /usr/local/var/singularit"..., 1024) = 452 <0.000009>
read(6, "", 1024)                       = 0 <0.000005>
close(6)                                = 0 <0.000007>
stat("/etc/localtime", {st_mode=S_IFREG|0644, st_size=2845, ...}) = 0 <0.000007>
stat("/usr/local/var/singularity/mnt/overlay/final/etc/localtime", {st_mode=S_IFREG|0644, st_size=118, ...}) = 0 <0.000105>
stat("/etc/localtime", {st_mode=S_IFREG|0644, st_size=2845, ...}) = 0 <0.000007>
getuid()                                = 1000 <0.000005>
setresuid(-1, 0, -1)                    = 0 <0.000005>
setresgid(-1, 0, -1)                    = 0 <0.000005>
setgroups(0, [])                        = 0 <0.000006>
mount("/etc/localtime", "/usr/local/var/singularity/mnt/overlay/final/etc/localtime", NULL, MS_NOSUID|MS_NODEV|MS_BIND|MS_REC, NULL) = 0 <0.000013>
mount(NULL, "/usr/local/var/singularity/mnt/overlay/final/etc/localtime", NULL, MS_NOSUID|MS_NODEV|MS_REMOUNT|MS_BIND|MS_REC, NULL) = 0 <0.000007>
geteuid()                               = 0 <0.000004>
setgroups(9, [4, 24, 27, 30, 46, 113, 128, 999, 1000]) = 0 <0.000005>
setresgid(-1, 1000, -1)                 = 0 <0.000006>
setresuid(-1, 1000, -1)                 = 0 <0.000005>
getgid()                                = 1000 <0.000005>
getuid()                                = 1000 <0.000005>
stat("/etc/hosts", {st_mode=S_IFREG|0644, st_size=352, ...}) = 0 <0.000005>
open("/proc/mounts", O_RDONLY)          = 6 <0.000011>
fstat(6, {st_mode=S_IFREG|0444, st_size=0, ...}) = 0 <0.000004>
read(6, "/dev/nvme0n1p2 / ext4 rw,relatim"..., 1024) = 1024 <0.000021>
read(6, "3fa0f6 nsfs rw 0 0\nsysfs /sys sy"..., 1024) = 1024 <0.000018>
read(6, "\ncgroup /sys/fs/cgroup/blkio cgr"..., 1024) = 1024 <0.000021>
read(6, "docker/aufs/mnt/d3fc1f6bfafa398f"..., 1024) = 1024 <0.000014>
read(6, "5536k 0 0\nshm /var/lib/docker/co"..., 1024) = 1024 <0.000015>
read(6, "/loop0 /usr/local/var/singularit"..., 1024) = 591 <0.000011>
read(6, "", 1024)                       = 0 <0.000004>
close(6)                                = 0 <0.000006>
stat("/etc/hosts", {st_mode=S_IFREG|0644, st_size=352, ...}) = 0 <0.000005>
stat("/usr/local/var/singularity/mnt/overlay/final/etc/hosts", {st_mode=S_IFREG|0644, st_size=0, ...}) = 0 <0.000011>
stat("/etc/hosts", {st_mode=S_IFREG|0644, st_size=352, ...}) = 0 <0.000006>
getuid()                                = 1000 <0.000004>
setresuid(-1, 0, -1)                    = 0 <0.000005>
setresgid(-1, 0, -1)                    = 0 <0.000005>
setgroups(0, [])                        = 0 <0.000005>
mount("/etc/hosts", "/usr/local/var/singularity/mnt/overlay/final/etc/hosts", NULL, MS_NOSUID|MS_NODEV|MS_BIND|MS_REC, NULL) = 0 <0.000010>
mount(NULL, "/usr/local/var/singularity/mnt/overlay/final/etc/hosts", NULL, MS_NOSUID|MS_NODEV|MS_REMOUNT|MS_BIND|MS_REC, NULL) = 0 <0.000006>
geteuid()                               = 0 <0.000005>
setgroups(9, [4, 24, 27, 30, 46, 113, 128, 999, 1000]) = 0 <0.000005>
setresgid(-1, 1000, -1)                 = 0 <0.000006>
setresuid(-1, 1000, -1)                 = 0 <0.000005>
getgid()                                = 1000 <0.000004>
getuid()                                = 1000 <0.000004>
stat("/usr/local/var/singularity/mnt/overlay/final/proc", {st_mode=S_IFDIR|0755, st_size=4096, ...}) = 0 <0.000077>
getuid()                                = 1000 <0.000005>
setresuid(-1, 0, -1)                    = 0 <0.000005>
setresgid(-1, 0, -1)                    = 0 <0.000006>
setgroups(0, [])                        = 0 <0.000006>
mount("/proc", "/usr/local/var/singularity/mnt/overlay/final/proc", NULL, MS_NOSUID|MS_BIND|MS_REC, NULL) = 0 <0.000011>
geteuid()                               = 0 <0.000005>
setgroups(9, [4, 24, 27, 30, 46, 113, 128, 999, 1000]) = 0 <0.000005>
setresgid(-1, 1000, -1)                 = 0 <0.000005>
setresuid(-1, 1000, -1)                 = 0 <0.000005>
getgid()                                = 1000 <0.000005>
getuid()                                = 1000 <0.000005>
stat("/usr/local/var/singularity/mnt/overlay/final/sys", {st_mode=S_IFDIR|0755, st_size=4096, ...}) = 0 <0.000079>
getuid()                                = 1000 <0.000004>
setresuid(-1, 0, -1)                    = 0 <0.000005>
setresgid(-1, 0, -1)                    = 0 <0.000005>
setgroups(0, [])                        = 0 <0.000006>
mount("sysfs", "/usr/local/var/singularity/mnt/overlay/final/sys", "sysfs", MS_NOSUID, NULL) = 0 <0.000012>
geteuid()                               = 0 <0.000004>
setgroups(9, [4, 24, 27, 30, 46, 113, 128, 999, 1000]) = 0 <0.000005>
setresgid(-1, 1000, -1)                 = 0 <0.000005>
setresuid(-1, 1000, -1)                 = 0 <0.000006>
getgid()                                = 1000 <0.000005>
getuid()                                = 1000 <0.000005>
stat("/usr/local/var/singularity/mnt/overlay/final/dev", {st_mode=S_IFDIR|0755, st_size=4096, ...}) = 0 <0.000095>
getuid()                                = 1000 <0.000005>
setresuid(-1, 0, -1)                    = 0 <0.000005>
setresgid(-1, 0, -1)                    = 0 <0.000004>
setgroups(0, [])                        = 0 <0.000005>
mount("/dev", "/usr/local/var/singularity/mnt/overlay/final/dev", NULL, MS_NOSUID|MS_BIND|MS_REC, NULL) = 0 <0.000014>
geteuid()                               = 0 <0.000004>
setgroups(9, [4, 24, 27, 30, 46, 113, 128, 999, 1000]) = 0 <0.000006>
setresgid(-1, 1000, -1)                 = 0 <0.000005>
setresuid(-1, 1000, -1)                 = 0 <0.000005>
getgid()                                = 1000 <0.000004>
getuid()                                = 1000 <0.000004>
stat("/home/vanessa", {st_mode=S_IFDIR|0755, st_size=4096, ...}) = 0 <0.000006>
open("/proc/mounts", O_RDONLY)          = 6 <0.000013>
fstat(6, {st_mode=S_IFREG|0444, st_size=0, ...}) = 0 <0.000005>
read(6, "/dev/nvme0n1p2 / ext4 rw,relatim"..., 1024) = 1024 <0.000021>
read(6, "3fa0f6 nsfs rw 0 0\nsysfs /sys sy"..., 1024) = 1024 <0.000019>
read(6, "\ncgroup /sys/fs/cgroup/blkio cgr"..., 1024) = 1024 <0.000020>
read(6, "docker/aufs/mnt/d3fc1f6bfafa398f"..., 1024) = 1024 <0.000014>
read(6, "5536k 0 0\nshm /var/lib/docker/co"..., 1024) = 1024 <0.000016>
read(6, "/loop0 /usr/local/var/singularit"..., 1024) = 1024 <0.000014>
read(6, "ay/final/proc/sys/fs/binfmt_misc"..., 1024) = 664 <0.000011>
read(6, "", 1024)                       = 0 <0.000114>
close(6)                                = 0 <0.000006>
getuid()                                = 1000 <0.000004>
setresuid(-1, 0, -1)                    = 0 <0.000005>
setresgid(-1, 0, -1)                    = 0 <0.000005>
setgroups(0, [])                        = 0 <0.000004>
stat("/usr/local/var/singularity/mnt/overlay/final/home/vanessa", 0x7ffe76aab250) = -1 ENOENT (No such file or directory) <0.000098>
stat("/usr/local/var/singularity/mnt/overlay/final/home", {st_mode=S_IFDIR|0755, st_size=4096, ...}) = 0 <0.000007>
umask(0)                                = 022 <0.000005>
mkdir("/usr/local/var/singularity/mnt/overlay/final/home/vanessa", 0755) = 0 <0.000018>
umask(022)                              = 0 <0.000004>
geteuid()                               = 0 <0.000005>
setgroups(9, [4, 24, 27, 30, 46, 113, 128, 999, 1000]) = 0 <0.000006>
setresgid(-1, 1000, -1)                 = 0 <0.000005>
setresuid(-1, 1000, -1)                 = 0 <0.000005>
getgid()                                = 1000 <0.000004>
getuid()                                = 1000 <0.000004>
getuid()                                = 1000 <0.000004>
setresuid(-1, 0, -1)                    = 0 <0.000005>
setresgid(-1, 0, -1)                    = 0 <0.000005>
setgroups(0, [])                        = 0 <0.000005>
mount("/home/vanessa", "/usr/local/var/singularity/mnt/overlay/final/home/vanessa", NULL, MS_NOSUID|MS_NODEV|MS_BIND|MS_REC, NULL) = 0 <0.000012>
mount(NULL, "/usr/local/var/singularity/mnt/overlay/final/home/vanessa", NULL, MS_NOSUID|MS_NODEV|MS_REMOUNT|MS_BIND|MS_REC, NULL) = 0 <0.000007>
geteuid()                               = 0 <0.000004>
setgroups(9, [4, 24, 27, 30, 46, 113, 128, 999, 1000]) = 0 <0.000006>
setresgid(-1, 1000, -1)                 = 0 <0.000005>
setresuid(-1, 1000, -1)                 = 0 <0.000005>
getgid()                                = 1000 <0.000004>
getuid()                                = 1000 <0.000005>
open("/proc/mounts", O_RDONLY)          = 6 <0.000013>
fstat(6, {st_mode=S_IFREG|0444, st_size=0, ...}) = 0 <0.000005>
read(6, "/dev/nvme0n1p2 / ext4 rw,relatim"..., 1024) = 1024 <0.000021>
read(6, "3fa0f6 nsfs rw 0 0\nsysfs /sys sy"..., 1024) = 1024 <0.000019>
read(6, "\ncgroup /sys/fs/cgroup/blkio cgr"..., 1024) = 1024 <0.000020>
read(6, "docker/aufs/mnt/d3fc1f6bfafa398f"..., 1024) = 1024 <0.000014>
read(6, "5536k 0 0\nshm /var/lib/docker/co"..., 1024) = 1024 <0.000016>
read(6, "/loop0 /usr/local/var/singularit"..., 1024) = 1024 <0.000014>
read(6, "ay/final/proc/sys/fs/binfmt_misc"..., 1024) = 802 <0.000012>
read(6, "", 1024)                       = 0 <0.000023>
close(6)                                = 0 <0.000006>
stat("/tmp", {st_mode=S_IFDIR|S_ISVTX|0777, st_size=147456, ...}) = 0 <0.000006>
stat("/tmp", {st_mode=S_IFDIR|S_ISVTX|0777, st_size=147456, ...}) = 0 <0.000005>
stat("/usr/local/var/singularity/mnt/overlay/final/tmp", {st_mode=S_IFDIR|S_ISVTX|0777, st_size=4096, ...}) = 0 <0.000112>
getuid()                                = 1000 <0.000004>
setresuid(-1, 0, -1)                    = 0 <0.000005>
setresgid(-1, 0, -1)                    = 0 <0.000004>
setgroups(0, [])                        = 0 <0.000012>
mount("/tmp", "/usr/local/var/singularity/mnt/overlay/final/tmp", NULL, MS_NOSUID|MS_NODEV|MS_BIND|MS_REC, NULL) = 0 <0.001631>
mount(NULL, "/usr/local/var/singularity/mnt/overlay/final/tmp", NULL, MS_NOSUID|MS_NODEV|MS_REMOUNT|MS_BIND|MS_REC, NULL) = 0 <0.000008>
geteuid()                               = 0 <0.000005>
setgroups(9, [4, 24, 27, 30, 46, 113, 128, 999, 1000]) = 0 <0.000009>
setresgid(-1, 1000, -1)                 = 0 <0.000005>
setresuid(-1, 1000, -1)                 = 0 <0.000006>
getgid()                                = 1000 <0.000005>
getuid()                                = 1000 <0.000005>
open("/proc/mounts", O_RDONLY)          = 6 <0.000022>
fstat(6, {st_mode=S_IFREG|0444, st_size=0, ...}) = 0 <0.000006>
read(6, "/dev/nvme0n1p2 / ext4 rw,relatim"..., 1024) = 1024 <0.000142>
read(6, "3fa0f6 nsfs rw 0 0\nsysfs /sys sy"..., 1024) = 1024 <0.000061>
read(6, "\ncgroup /sys/fs/cgroup/blkio cgr"..., 1024) = 1024 <0.000034>
read(6, "docker/aufs/mnt/d3fc1f6bfafa398f"..., 1024) = 1024 <0.000027>
read(6, "5536k 0 0\nshm /var/lib/docker/co"..., 1024) = 1024 <0.000026>
read(6, "/loop0 /usr/local/var/singularit"..., 1024) = 1024 <0.000018>
read(6, "ay/final/proc/sys/fs/binfmt_misc"..., 1024) = 931 <0.000020>
read(6, "", 1024)                       = 0 <0.000006>
close(6)                                = 0 <0.000008>
stat("/var/tmp", {st_mode=S_IFDIR|0755, st_size=4096, ...}) = 0 <0.000010>
stat("/var/tmp", {st_mode=S_IFDIR|0755, st_size=4096, ...}) = 0 <0.000005>
stat("/usr/local/var/singularity/mnt/overlay/final/var/tmp", {st_mode=S_IFDIR|S_ISVTX|0777, st_size=4096, ...}) = 0 <0.000174>
getuid()                                = 1000 <0.000004>
setresuid(-1, 0, -1)                    = 0 <0.000006>
setresgid(-1, 0, -1)                    = 0 <0.000006>
setgroups(0, [])                        = 0 <0.000005>
mount("/var/tmp", "/usr/local/var/singularity/mnt/overlay/final/var/tmp", NULL, MS_NOSUID|MS_NODEV|MS_BIND|MS_REC, NULL) = 0 <0.000019>
mount(NULL, "/usr/local/var/singularity/mnt/overlay/final/var/tmp", NULL, MS_NOSUID|MS_NODEV|MS_REMOUNT|MS_BIND|MS_REC, NULL) = 0 <0.000006>
geteuid()                               = 0 <0.000005>
setgroups(9, [4, 24, 27, 30, 46, 113, 128, 999, 1000]) = 0 <0.000006>
setresgid(-1, 1000, -1)                 = 0 <0.000005>
setresuid(-1, 1000, -1)                 = 0 <0.000007>
getgid()                                = 1000 <0.000005>
getuid()                                = 1000 <0.000004>
stat(".", {st_mode=S_IFDIR|0775, st_size=4096, ...}) = 0 <0.000007>
stat("/home/vanessa/Documents/Dropbox/Code/ftw/hello-world-ftw", {st_mode=S_IFDIR|0775, st_size=4096, ...}) = 0 <0.000009>
stat("/usr/local/var/singularity/mnt/overlay/final/home/vanessa/Documents/Dropbox/Code/ftw/hello-world-ftw", {st_mode=S_IFDIR|0775, st_size=4096, ...}) = 0 <0.000009>
lstat("/home/vanessa/Documents/Dropbox/Code/ftw/hello-world-ftw", {st_mode=S_IFDIR|0775, st_size=4096, ...}) = 0 <0.000009>
lstat("/usr/local/var/singularity/mnt/overlay/final/home/vanessa/Documents/Dropbox/Code/ftw/hello-world-ftw", {st_mode=S_IFDIR|0775, st_size=4096, ...}) = 0 <0.000007>
open("/etc/passwd", O_RDONLY|O_CLOEXEC) = 6 <0.000008>
lseek(6, 0, SEEK_CUR)                   = 0 <0.000005>
fstat(6, {st_mode=S_IFREG|0644, st_size=2433, ...}) = 0 <0.000005>
mmap(NULL, 2433, PROT_READ, MAP_SHARED, 6, 0) = 0x7f7647939000 <0.000009>
lseek(6, 2433, SEEK_SET)                = 2433 <0.000005>
munmap(0x7f7647939000, 2433)            = 0 <0.000011>
close(6)                                = 0 <0.000005>
stat("/usr/local/var/singularity/mnt/overlay/final/etc/passwd", {st_mode=S_IFREG|0644, st_size=956, ...}) = 0 <0.000018>
stat("/usr/local/var/singularity/mnt/overlay/final/etc/passwd", {st_mode=S_IFREG|0644, st_size=956, ...}) = 0 <0.000007>
open("/usr/local/var/singularity/mnt/overlay/final/etc/passwd", O_RDONLY) = 6 <0.000008>
open("/usr/local/var/singularity/mnt/session/passwd", O_WRONLY|O_CREAT|O_TRUNC, 0666) = 7 <0.000012>
fstat(6, {st_mode=S_IFREG|0644, st_size=956, ...}) = 0 <0.000004>
fchmod(7, 0100644)                      = 0 <0.000006>
fstat(6, {st_mode=S_IFREG|0644, st_size=956, ...}) = 0 <0.000004>
read(6, "root:x:0:0:root:/root:/bin/bash\n"..., 4096) = 956 <0.000021>
fstat(7, {st_mode=S_IFREG|0644, st_size=0, ...}) = 0 <0.000005>
read(6, "", 4096)                       = 0 <0.000004>
close(6)                                = 0 <0.000005>
write(7, "root:x:0:0:root:/root:/bin/bash\n"..., 956) = 956 <0.000009>
close(7)                                = 0 <0.000005>
open("/usr/local/var/singularity/mnt/session/passwd", O_WRONLY|O_CREAT|O_APPEND, 0666) = 6 <0.000007>
lseek(6, 0, SEEK_END)                   = 956 <0.000005>
fstat(6, {st_mode=S_IFREG|0644, st_size=956, ...}) = 0 <0.000005>
write(6, "vanessa:x:1000:1000:Vanessa Soch"..., 62) = 62 <0.000005>
close(6)                                = 0 <0.000005>
stat("/usr/local/var/singularity/mnt/session/passwd", {st_mode=S_IFREG|0644, st_size=1018, ...}) = 0 <0.000006>
stat("/usr/local/var/singularity/mnt/overlay/final/etc/passwd", {st_mode=S_IFREG|0644, st_size=956, ...}) = 0 <0.000006>
getuid()                                = 1000 <0.000004>
setresuid(-1, 0, -1)                    = 0 <0.000005>
setresgid(-1, 0, -1)                    = 0 <0.000005>
setgroups(0, [])                        = 0 <0.000005>
mount("/usr/local/var/singularity/mnt/session/passwd", "/usr/local/var/singularity/mnt/overlay/final/etc/passwd", NULL, MS_NOSUID|MS_NODEV|MS_BIND|MS_REC, NULL) = 0 <0.000011>
mount(NULL, "/usr/local/var/singularity/mnt/overlay/final/etc/passwd", NULL, MS_NOSUID|MS_NODEV|MS_REMOUNT|MS_BIND|MS_REC, NULL) = 0 <0.000006>
geteuid()                               = 0 <0.000004>
setgroups(9, [4, 24, 27, 30, 46, 113, 128, 999, 1000]) = 0 <0.000006>
setresgid(-1, 1000, -1)                 = 0 <0.000006>
setresuid(-1, 1000, -1)                 = 0 <0.000005>
getgid()                                = 1000 <0.000004>
getuid()                                = 1000 <0.000005>
stat("/usr/local/var/singularity/mnt/overlay/final/etc/group", {st_mode=S_IFREG|0644, st_size=537, ...}) = 0 <0.000081>
open("/etc/passwd", O_RDONLY|O_CLOEXEC) = 6 <0.000007>
lseek(6, 0, SEEK_CUR)                   = 0 <0.000004>
fstat(6, {st_mode=S_IFREG|0644, st_size=2433, ...}) = 0 <0.000005>
mmap(NULL, 2433, PROT_READ, MAP_SHARED, 6, 0) = 0x7f7647939000 <0.000007>
lseek(6, 2433, SEEK_SET)                = 2433 <0.000005>
munmap(0x7f7647939000, 2433)            = 0 <0.000007>
close(6)                                = 0 <0.000006>
stat("/usr/local/var/singularity/mnt/overlay/final/etc/group", {st_mode=S_IFREG|0644, st_size=537, ...}) = 0 <0.000007>
open("/usr/local/var/singularity/mnt/overlay/final/etc/group", O_RDONLY) = 6 <0.000007>
open("/usr/local/var/singularity/mnt/session/group", O_WRONLY|O_CREAT|O_TRUNC, 0666) = 7 <0.000009>
fstat(6, {st_mode=S_IFREG|0644, st_size=537, ...}) = 0 <0.000004>
fchmod(7, 0100644)                      = 0 <0.000006>
fstat(6, {st_mode=S_IFREG|0644, st_size=537, ...}) = 0 <0.000004>
read(6, "root:x:0:\ndaemon:x:1:\nbin:x:2:\ns"..., 4096) = 537 <0.000014>
fstat(7, {st_mode=S_IFREG|0644, st_size=0, ...}) = 0 <0.000004>
read(6, "", 4096)                       = 0 <0.000004>
close(6)                                = 0 <0.000005>
write(7, "root:x:0:\ndaemon:x:1:\nbin:x:2:\ns"..., 537) = 537 <0.000008>
close(7)                                = 0 <0.000005>
open("/usr/local/var/singularity/mnt/session/group", O_WRONLY|O_CREAT|O_APPEND, 0666) = 6 <0.000007>
lseek(6, 0, SEEK_END)                   = 537 <0.000005>
socket(PF_LOCAL, SOCK_STREAM|SOCK_CLOEXEC|SOCK_NONBLOCK, 0) = 7 <0.000010>
connect(7, {sa_family=AF_LOCAL, sun_path="/var/run/nscd/socket"}, 110) = -1 ENOENT (No such file or directory) <0.000013>
close(7)                                = 0 <0.000007>
socket(PF_LOCAL, SOCK_STREAM|SOCK_CLOEXEC|SOCK_NONBLOCK, 0) = 7 <0.000006>
connect(7, {sa_family=AF_LOCAL, sun_path="/var/run/nscd/socket"}, 110) = -1 ENOENT (No such file or directory) <0.000008>
close(7)                                = 0 <0.000005>
open("/etc/group", O_RDONLY|O_CLOEXEC)  = 7 <0.000007>
lseek(7, 0, SEEK_CUR)                   = 0 <0.000005>
fstat(7, {st_mode=S_IFREG|0644, st_size=1088, ...}) = 0 <0.000005>
mmap(NULL, 1088, PROT_READ, MAP_SHARED, 7, 0) = 0x7f7647939000 <0.000008>
lseek(7, 1088, SEEK_SET)                = 1088 <0.000004>
munmap(0x7f7647939000, 1088)            = 0 <0.000007>
close(7)                                = 0 <0.000005>
fstat(6, {st_mode=S_IFREG|0644, st_size=537, ...}) = 0 <0.000004>
open("/etc/group", O_RDONLY|O_CLOEXEC)  = 7 <0.000006>
lseek(7, 0, SEEK_CUR)                   = 0 <0.000005>
fstat(7, {st_mode=S_IFREG|0644, st_size=1088, ...}) = 0 <0.000005>
mmap(NULL, 1088, PROT_READ, MAP_SHARED, 7, 0) = 0x7f7647939000 <0.000006>
lseek(7, 1088, SEEK_SET)                = 1088 <0.000004>
munmap(0x7f7647939000, 1088)            = 0 <0.000006>
close(7)                                = 0 <0.000005>
open("/etc/group", O_RDONLY|O_CLOEXEC)  = 7 <0.000006>
lseek(7, 0, SEEK_CUR)                   = 0 <0.000005>
fstat(7, {st_mode=S_IFREG|0644, st_size=1088, ...}) = 0 <0.000005>
mmap(NULL, 1088, PROT_READ, MAP_SHARED, 7, 0) = 0x7f7647939000 <0.000005>
lseek(7, 1088, SEEK_SET)                = 1088 <0.000005>
munmap(0x7f7647939000, 1088)            = 0 <0.000005>
close(7)                                = 0 <0.000005>
open("/etc/group", O_RDONLY|O_CLOEXEC)  = 7 <0.000006>
lseek(7, 0, SEEK_CUR)                   = 0 <0.000004>
fstat(7, {st_mode=S_IFREG|0644, st_size=1088, ...}) = 0 <0.000005>
mmap(NULL, 1088, PROT_READ, MAP_SHARED, 7, 0) = 0x7f7647939000 <0.000005>
lseek(7, 1088, SEEK_SET)                = 1088 <0.000004>
munmap(0x7f7647939000, 1088)            = 0 <0.000005>
close(7)                                = 0 <0.000005>
open("/etc/group", O_RDONLY|O_CLOEXEC)  = 7 <0.000006>
lseek(7, 0, SEEK_CUR)                   = 0 <0.000005>
fstat(7, {st_mode=S_IFREG|0644, st_size=1088, ...}) = 0 <0.000005>
mmap(NULL, 1088, PROT_READ, MAP_SHARED, 7, 0) = 0x7f7647939000 <0.000006>
lseek(7, 1088, SEEK_SET)                = 1088 <0.000005>
munmap(0x7f7647939000, 1088)            = 0 <0.000005>
close(7)                                = 0 <0.000004>
open("/etc/group", O_RDONLY|O_CLOEXEC)  = 7 <0.000007>
lseek(7, 0, SEEK_CUR)                   = 0 <0.000004>
fstat(7, {st_mode=S_IFREG|0644, st_size=1088, ...}) = 0 <0.000004>
mmap(NULL, 1088, PROT_READ, MAP_SHARED, 7, 0) = 0x7f7647939000 <0.000005>
lseek(7, 1088, SEEK_SET)                = 1088 <0.000005>
munmap(0x7f7647939000, 1088)            = 0 <0.000006>
close(7)                                = 0 <0.000005>
open("/etc/group", O_RDONLY|O_CLOEXEC)  = 7 <0.000006>
lseek(7, 0, SEEK_CUR)                   = 0 <0.000004>
fstat(7, {st_mode=S_IFREG|0644, st_size=1088, ...}) = 0 <0.000004>
mmap(NULL, 1088, PROT_READ, MAP_SHARED, 7, 0) = 0x7f7647939000 <0.000005>
lseek(7, 1088, SEEK_SET)                = 1088 <0.000004>
munmap(0x7f7647939000, 1088)            = 0 <0.000005>
close(7)                                = 0 <0.000004>
open("/etc/group", O_RDONLY|O_CLOEXEC)  = 7 <0.000006>
lseek(7, 0, SEEK_CUR)                   = 0 <0.000004>
fstat(7, {st_mode=S_IFREG|0644, st_size=1088, ...}) = 0 <0.000004>
mmap(NULL, 1088, PROT_READ, MAP_SHARED, 7, 0) = 0x7f7647939000 <0.000005>
lseek(7, 1088, SEEK_SET)                = 1088 <0.000005>
munmap(0x7f7647939000, 1088)            = 0 <0.000005>
close(7)                                = 0 <0.000005>
open("/etc/group", O_RDONLY|O_CLOEXEC)  = 7 <0.000006>
lseek(7, 0, SEEK_CUR)                   = 0 <0.000004>
fstat(7, {st_mode=S_IFREG|0644, st_size=1088, ...}) = 0 <0.000004>
mmap(NULL, 1088, PROT_READ, MAP_SHARED, 7, 0) = 0x7f7647939000 <0.000005>
lseek(7, 1088, SEEK_SET)                = 1088 <0.000005>
munmap(0x7f7647939000, 1088)            = 0 <0.000005>
close(7)                                = 0 <0.000005>
write(6, "\nvanessa:x:1000:vanessa\nadm:x:4:"..., 183) = 183 <0.000006>
close(6)                                = 0 <0.000004>
stat("/usr/local/var/singularity/mnt/session/group", {st_mode=S_IFREG|0644, st_size=720, ...}) = 0 <0.000007>
stat("/usr/local/var/singularity/mnt/overlay/final/etc/group", {st_mode=S_IFREG|0644, st_size=537, ...}) = 0 <0.000007>
getuid()                                = 1000 <0.000005>
setresuid(-1, 0, -1)                    = 0 <0.000005>
setresgid(-1, 0, -1)                    = 0 <0.000005>
setgroups(0, [])                        = 0 <0.000006>
mount("/usr/local/var/singularity/mnt/session/group", "/usr/local/var/singularity/mnt/overlay/final/etc/group", NULL, MS_NOSUID|MS_NODEV|MS_BIND|MS_REC, NULL) = 0 <0.000012>
mount(NULL, "/usr/local/var/singularity/mnt/overlay/final/etc/group", NULL, MS_NOSUID|MS_NODEV|MS_REMOUNT|MS_BIND|MS_REC, NULL) = 0 <0.000007>
geteuid()                               = 0 <0.000005>
setgroups(9, [4, 24, 27, 30, 46, 113, 128, 999, 1000]) = 0 <0.000005>
setresgid(-1, 1000, -1)                 = 0 <0.000005>
setresuid(-1, 1000, -1)                 = 0 <0.000005>
getgid()                                = 1000 <0.000004>
getuid()                                = 1000 <0.000005>
stat("/etc/resolv.conf", {st_mode=S_IFREG|0644, st_size=68, ...}) = 0 <0.000006>
stat("/usr/local/var/singularity/mnt/overlay/final/etc/resolv.conf", {st_mode=S_IFREG|0444, st_size=0, ...}) = 0 <0.000013>
getuid()                                = 1000 <0.000004>
setresuid(-1, 0, -1)                    = 0 <0.000005>
setresgid(-1, 0, -1)                    = 0 <0.000005>
setgroups(0, [])                        = 0 <0.000005>
mount("/etc/resolv.conf", "/usr/local/var/singularity/mnt/overlay/final/etc/resolv.conf", NULL, MS_NOSUID|MS_NODEV|MS_BIND|MS_REC, NULL) = 0 <0.000012>
mount(NULL, "/usr/local/var/singularity/mnt/overlay/final/etc/resolv.conf", NULL, MS_NOSUID|MS_NODEV|MS_REMOUNT|MS_BIND|MS_REC, NULL) = 0 <0.000006>
geteuid()                               = 0 <0.000004>
setgroups(9, [4, 24, 27, 30, 46, 113, 128, 999, 1000]) = 0 <0.000005>
setresgid(-1, 1000, -1)                 = 0 <0.000005>
setresuid(-1, 1000, -1)                 = 0 <0.000004>
getgid()                                = 1000 <0.000005>
getuid()                                = 1000 <0.000004>
getuid()                                = 1000 <0.000004>
setresuid(-1, 0, -1)                    = 0 <0.000006>
setresgid(-1, 0, -1)                    = 0 <0.000005>
setgroups(0, [])                        = 0 <0.000004>
chroot("/usr/local/var/singularity/mnt/overlay/final") = 0 <0.000006>
geteuid()                               = 0 <0.000005>
setgroups(9, [4, 24, 27, 30, 46, 113, 128, 999, 1000]) = 0 <0.000006>
setresgid(-1, 1000, -1)                 = 0 <0.000006>
setresuid(-1, 1000, -1)                 = 0 <0.000005>
getgid()                                = 1000 <0.000004>
getuid()                                = 1000 <0.000004>
chdir("/")                              = 0 <0.000006>
getuid()                                = 1000 <0.000004>
setresuid(-1, 0, -1)                    = 0 <0.000005>
setresgid(-1, 0, -1)                    = 0 <0.000005>
setgroups(0, [])                        = 0 <0.000005>
setgroups(9, [4, 24, 27, 30, 46, 113, 128, 999, 1000]) = 0 <0.000005>
setgid(1000)                            = 0 <0.000005>
setregid(1000, 1000)                    = 0 <0.000005>
setreuid(1000, 1000)                    = 0 <0.000005>
getgid()                                = 1000 <0.000005>
getuid()                                = 1000 <0.000004>
prctl(PR_SET_NO_NEW_PRIVS, 1, 0, 0, 0)  = 0 <0.000005>
chdir("/home/vanessa/Documents/Dropbox/Code/ftw/hello-world-ftw") = 0 <0.000008>
getpid()                                = 3896 <0.000004>
geteuid()                               = 1000 <0.000004>
open("/etc/localtime", O_RDONLY|O_CLOEXEC) = 6 <0.000009>
fstat(6, {st_mode=S_IFREG|0644, st_size=2845, ...}) = 0 <0.000004>
fstat(6, {st_mode=S_IFREG|0644, st_size=2845, ...}) = 0 <0.000005>
read(6, "TZif2\0\0\0\0\0\0\0\0\0\0\0\0\0\0\0\0\0\0\5\0\0\0\5\0\0\0\0"..., 4096) = 2845 <0.000006>
lseek(6, -1811, SEEK_CUR)               = 1034 <0.000004>
read(6, "TZif2\0\0\0\0\0\0\0\0\0\0\0\0\0\0\0\0\0\0\5\0\0\0\5\0\0\0\0"..., 4096) = 1811 <0.000005>
close(6)                                = 0 <0.000005>
sendto(3, "<133>Sep 10 06:59:41 Singularity"..., 114, MSG_NOSIGNAL, NULL, 0) = 114 <0.000185>
stat("/.singularity.d/actions/run", {st_mode=S_IFREG|0755, st_size=603, ...}) = 0 <0.000112>
execve("/.singularity.d/actions/run", ["/usr/local/libexec/singularity/b"...], [/* 22 vars */]) = 0 <0.000486>
brk(NULL)                               = 0xa1c477000 <0.000005>
access("/etc/ld.so.nohwcap", F_OK)      = -1 ENOENT (No such file or directory) <0.000012>
mmap(NULL, 8192, PROT_READ|PROT_WRITE, MAP_PRIVATE|MAP_ANONYMOUS, -1, 0) = 0x7fd32d502000 <0.000006>
access("/etc/ld.so.preload", R_OK)      = -1 ENOENT (No such file or directory) <0.000009>
open("/etc/ld.so.cache", O_RDONLY|O_CLOEXEC) = 3 <0.000014>
fstat(3, {st_mode=S_IFREG|0644, st_size=37006, ...}) = 0 <0.000005>
mmap(NULL, 37006, PROT_READ, MAP_PRIVATE, 3, 0) = 0x7fd32d4f8000 <0.000006>
close(3)                                = 0 <0.000004>
access("/etc/ld.so.nohwcap", F_OK)      = -1 ENOENT (No such file or directory) <0.000006>
open("/lib/x86_64-linux-gnu/libc.so.6", O_RDONLY|O_CLOEXEC) = 3 <0.000015>
read(3, "\177ELF\2\1\1\0\0\0\0\0\0\0\0\0\3\0>\0\1\0\0\0P \2\0\0\0\0\0"..., 832) = 832 <0.000019>
fstat(3, {st_mode=S_IFREG|0755, st_size=1857312, ...}) = 0 <0.000005>
mmap(NULL, 3965632, PROT_READ|PROT_EXEC, MAP_PRIVATE|MAP_DENYWRITE, 3, 0) = 0x7fd32cf19000 <0.000006>
mprotect(0x7fd32d0d7000, 2097152, PROT_NONE) = 0 <0.000008>
mmap(0x7fd32d2d7000, 24576, PROT_READ|PROT_WRITE, MAP_PRIVATE|MAP_FIXED|MAP_DENYWRITE, 3, 0x1be000) = 0x7fd32d2d7000 <0.000008>
mmap(0x7fd32d2dd000, 17088, PROT_READ|PROT_WRITE, MAP_PRIVATE|MAP_FIXED|MAP_ANONYMOUS, -1, 0) = 0x7fd32d2dd000 <0.000007>
close(3)                                = 0 <0.000004>
mmap(NULL, 4096, PROT_READ|PROT_WRITE, MAP_PRIVATE|MAP_ANONYMOUS, -1, 0) = 0x7fd32d4f7000 <0.000006>
mmap(NULL, 8192, PROT_READ|PROT_WRITE, MAP_PRIVATE|MAP_ANONYMOUS, -1, 0) = 0x7fd32d4f5000 <0.000006>
arch_prctl(ARCH_SET_FS, 0x7fd32d4f5740) = 0 <0.000005>
mprotect(0x7fd32d2d7000, 16384, PROT_READ) = 0 <0.000008>
mprotect(0xa1a8d3000, 8192, PROT_READ)  = 0 <0.000006>
mprotect(0x7fd32d504000, 4096, PROT_READ) = 0 <0.000006>
munmap(0x7fd32d4f8000, 37006)           = 0 <0.000012>
getpid()                                = 3896 <0.000004>
rt_sigaction(SIGCHLD, {0xa1a6ca460, ~[RTMIN RT_1], SA_RESTORER, 0x7fd32cf4fcb0}, NULL, 8) = 0 <0.000005>
geteuid()                               = 1000 <0.000005>
brk(NULL)                               = 0xa1c477000 <0.000005>
brk(0xa1c498000)                        = 0xa1c498000 <0.000006>
getppid()                               = 3894 <0.000005>
stat("/home/vanessa/Documents/Dropbox/Code/ftw/hello-world-ftw", {st_mode=S_IFDIR|0775, st_size=4096, ...}) = 0 <0.000013>
stat(".", {st_mode=S_IFDIR|0775, st_size=4096, ...}) = 0 <0.000006>
open("/.singularity.d/actions/run", O_RDONLY) = 3 <0.000011>
fcntl(3, F_DUPFD, 10)                   = 10 <0.000004>
close(3)                                = 0 <0.000005>
fcntl(10, F_SETFD, FD_CLOEXEC)          = 0 <0.000004>
rt_sigaction(SIGINT, NULL, {SIG_DFL, [], 0}, 8) = 0 <0.000005>
rt_sigaction(SIGINT, {0xa1a6ca460, ~[RTMIN RT_1], SA_RESTORER, 0x7fd32cf4fcb0}, NULL, 8) = 0 <0.000004>
rt_sigaction(SIGQUIT, NULL, {SIG_DFL, [], 0}, 8) = 0 <0.000004>
rt_sigaction(SIGQUIT, {SIG_DFL, ~[RTMIN RT_1], SA_RESTORER, 0x7fd32cf4fcb0}, NULL, 8) = 0 <0.000004>
rt_sigaction(SIGTERM, NULL, {SIG_DFL, [], 0}, 8) = 0 <0.000004>
rt_sigaction(SIGTERM, {SIG_DFL, ~[RTMIN RT_1], SA_RESTORER, 0x7fd32cf4fcb0}, NULL, 8) = 0 <0.000004>
read(10, "#!/bin/sh\n\nfor script in /.singu"..., 8192) = 603 <0.000005>
openat(AT_FDCWD, "/.singularity.d/env", O_RDONLY|O_NONBLOCK|O_DIRECTORY|O_CLOEXEC) = 3 <0.000018>
getdents(3, /* 7 entries */, 32768)     = 216 <0.000021>
getdents(3, /* 0 entries */, 32768)     = 0 <0.000005>
close(3)                                = 0 <0.000007>
stat("/.singularity.d/env/01-base.sh", {st_mode=S_IFREG|0755, st_size=1061, ...}) = 0 <0.000012>
open("/.singularity.d/env/01-base.sh", O_RDONLY) = 3 <0.000007>
fcntl(3, F_DUPFD, 10)                   = 11 <0.000004>
close(3)                                = 0 <0.000005>
fcntl(11, F_SETFD, FD_CLOEXEC)          = 0 <0.000004>
read(11, "#!/bin/bash\n# \n# Copyright (c) 2"..., 8192) = 1061 <0.000014>
read(11, "", 8192)                      = 0 <0.000006>
close(11)                               = 0 <0.000006>
stat("/.singularity.d/env/10-docker.sh", {st_mode=S_IFREG|0755, st_size=72, ...}) = 0 <0.000011>
open("/.singularity.d/env/10-docker.sh", O_RDONLY) = 3 <0.000008>
fcntl(3, F_DUPFD, 10)                   = 11 <0.000005>
close(3)                                = 0 <0.000005>
fcntl(11, F_SETFD, FD_CLOEXEC)          = 0 <0.000004>
read(11, "export PATH=/usr/local/sbin:/usr"..., 8192) = 72 <0.000014>
read(11, "", 8192)                      = 0 <0.000004>
close(11)                               = 0 <0.000005>
stat("/.singularity.d/env/90-environment.sh", {st_mode=S_IFREG|0755, st_size=176, ...}) = 0 <0.000010>
open("/.singularity.d/env/90-environment.sh", O_RDONLY) = 3 <0.000007>
fcntl(3, F_DUPFD, 10)                   = 11 <0.000004>
close(3)                                = 0 <0.000005>
fcntl(11, F_SETFD, FD_CLOEXEC)          = 0 <0.000004>
read(11, "# Custom environment shell code "..., 8192) = 176 <0.000015>
read(11, "", 8192)                      = 0 <0.000005>
close(11)                               = 0 <0.000005>
stat("/.singularity.d/env/95-apps.sh", {st_mode=S_IFREG|0755, st_size=1915, ...}) = 0 <0.000010>
open("/.singularity.d/env/95-apps.sh", O_RDONLY) = 3 <0.000007>
fcntl(3, F_DUPFD, 10)                   = 11 <0.000005>
close(3)                                = 0 <0.000004>
fcntl(11, F_SETFD, FD_CLOEXEC)          = 0 <0.000004>
read(11, "#!/bin/bash\n#\n# Copyright (c) 20"..., 8192) = 1915 <0.000013>
stat("/scif/apps/cat/", {st_mode=S_IFDIR|0775, st_size=4096, ...}) = 0 <0.000109>
stat("/scif/apps/cat/bin", {st_mode=S_IFDIR|0775, st_size=4096, ...}) = 0 <0.000018>
stat("/scif/apps/cat/lib", {st_mode=S_IFDIR|0775, st_size=4096, ...}) = 0 <0.000010>
stat("/scif/apps/cat/scif/env/01-base.sh", {st_mode=S_IFREG|0664, st_size=394, ...}) = 0 <0.000044>
open("/scif/apps/cat/scif/env/01-base.sh", O_RDONLY) = 3 <0.000008>
fcntl(3, F_DUPFD, 10)                   = 12 <0.000005>
close(3)                                = 0 <0.000005>
fcntl(12, F_SETFD, FD_CLOEXEC)          = 0 <0.000004>
read(12, "\n    SINGULARITY_APPNAME=cat\n   "..., 8192) = 394 <0.000015>
read(12, "", 8192)                      = 0 <0.000005>
close(12)                               = 0 <0.000005>
stat("/scif/apps/cat/scif/env/90-environment.sh", 0x7ffd30279460) = -1 ENOENT (No such file or directory) <0.000009>
read(11, "", 8192)                      = 0 <0.000005>
close(11)                               = 0 <0.000005>
stat("/.singularity.d/env/99-base.sh", {st_mode=S_IFREG|0755, st_size=1255, ...}) = 0 <0.000011>
open("/.singularity.d/env/99-base.sh", O_RDONLY) = 3 <0.000007>
fcntl(3, F_DUPFD, 10)                   = 11 <0.000005>
close(3)                                = 0 <0.000005>
fcntl(11, F_SETFD, FD_CLOEXEC)          = 0 <0.000005>
read(11, "#!/bin/bash\n# \n# Copyright (c) 2"..., 8192) = 1255 <0.000013>
read(11, "", 8192)                      = 0 <0.000005>
close(11)                               = 0 <0.000005>
geteuid()                               = 1000 <0.000004>
faccessat(AT_FDCWD, "/scif/apps/cat/scif/runscript", X_OK) = 0 <0.000012>
execve("/scif/apps/cat/scif/runscript", ["/scif/apps/cat/scif/runscript"], [/* 30 vars */]) = -1 ENOEXEC (Exec format error) <0.000061>
execve("/bin/sh", ["/bin/sh", "/scif/apps/cat/scif/runscript"], [/* 30 vars */]) = 0 <0.000139>
brk(NULL)                               = 0xe75539a000 <0.000004>
access("/etc/ld.so.nohwcap", F_OK)      = -1 ENOENT (No such file or directory) <0.000008>
mmap(NULL, 8192, PROT_READ|PROT_WRITE, MAP_PRIVATE|MAP_ANONYMOUS, -1, 0) = 0x7f3155e25000 <0.000006>
access("/etc/ld.so.preload", R_OK)      = -1 ENOENT (No such file or directory) <0.000006>
open("/scif/apps/cat/lib/tls/x86_64/libc.so.6", O_RDONLY|O_CLOEXEC) = -1 ENOENT (No such file or directory) <0.000022>
stat("/scif/apps/cat/lib/tls/x86_64", 0x7ffcdbe9b3e0) = -1 ENOENT (No such file or directory) <0.000006>
open("/scif/apps/cat/lib/tls/libc.so.6", O_RDONLY|O_CLOEXEC) = -1 ENOENT (No such file or directory) <0.000006>
stat("/scif/apps/cat/lib/tls", 0x7ffcdbe9b3e0) = -1 ENOENT (No such file or directory) <0.000005>
open("/scif/apps/cat/lib/x86_64/libc.so.6", O_RDONLY|O_CLOEXEC) = -1 ENOENT (No such file or directory) <0.000008>
stat("/scif/apps/cat/lib/x86_64", 0x7ffcdbe9b3e0) = -1 ENOENT (No such file or directory) <0.000006>
open("/scif/apps/cat/lib/libc.so.6", O_RDONLY|O_CLOEXEC) = -1 ENOENT (No such file or directory) <0.000007>
stat("/scif/apps/cat/lib", {st_mode=S_IFDIR|0775, st_size=4096, ...}) = 0 <0.000007>
open("tls/x86_64/libc.so.6", O_RDONLY|O_CLOEXEC) = -1 ENOENT (No such file or directory) <0.000005>
open("tls/libc.so.6", O_RDONLY|O_CLOEXEC) = -1 ENOENT (No such file or directory) <0.000007>
open("x86_64/libc.so.6", O_RDONLY|O_CLOEXEC) = -1 ENOENT (No such file or directory) <0.000006>
open("libc.so.6", O_RDONLY|O_CLOEXEC)   = -1 ENOENT (No such file or directory) <0.000006>
open("/.singularity.d/libs/tls/x86_64/libc.so.6", O_RDONLY|O_CLOEXEC) = -1 ENOENT (No such file or directory) <0.000023>
stat("/.singularity.d/libs/tls/x86_64", 0x7ffcdbe9b3e0) = -1 ENOENT (No such file or directory) <0.000005>
open("/.singularity.d/libs/tls/libc.so.6", O_RDONLY|O_CLOEXEC) = -1 ENOENT (No such file or directory) <0.000006>
stat("/.singularity.d/libs/tls", 0x7ffcdbe9b3e0) = -1 ENOENT (No such file or directory) <0.000005>
open("/.singularity.d/libs/x86_64/libc.so.6", O_RDONLY|O_CLOEXEC) = -1 ENOENT (No such file or directory) <0.000008>
stat("/.singularity.d/libs/x86_64", 0x7ffcdbe9b3e0) = -1 ENOENT (No such file or directory) <0.000005>
open("/.singularity.d/libs/libc.so.6", O_RDONLY|O_CLOEXEC) = -1 ENOENT (No such file or directory) <0.000007>
stat("/.singularity.d/libs", {st_mode=S_IFDIR|0755, st_size=4096, ...}) = 0 <0.000006>
open("/etc/ld.so.cache", O_RDONLY|O_CLOEXEC) = 3 <0.000008>
fstat(3, {st_mode=S_IFREG|0644, st_size=37006, ...}) = 0 <0.000005>
mmap(NULL, 37006, PROT_READ, MAP_PRIVATE, 3, 0) = 0x7f3155e1b000 <0.000007>
close(3)                                = 0 <0.000005>
access("/etc/ld.so.nohwcap", F_OK)      = -1 ENOENT (No such file or directory) <0.000006>
open("/lib/x86_64-linux-gnu/libc.so.6", O_RDONLY|O_CLOEXEC) = 3 <0.000008>
read(3, "\177ELF\2\1\1\0\0\0\0\0\0\0\0\0\3\0>\0\1\0\0\0P \2\0\0\0\0\0"..., 832) = 832 <0.000005>
fstat(3, {st_mode=S_IFREG|0755, st_size=1857312, ...}) = 0 <0.000005>
mmap(NULL, 3965632, PROT_READ|PROT_EXEC, MAP_PRIVATE|MAP_DENYWRITE, 3, 0) = 0x7f315583c000 <0.000006>
mprotect(0x7f31559fa000, 2097152, PROT_NONE) = 0 <0.000006>
mmap(0x7f3155bfa000, 24576, PROT_READ|PROT_WRITE, MAP_PRIVATE|MAP_FIXED|MAP_DENYWRITE, 3, 0x1be000) = 0x7f3155bfa000 <0.000009>
mmap(0x7f3155c00000, 17088, PROT_READ|PROT_WRITE, MAP_PRIVATE|MAP_FIXED|MAP_ANONYMOUS, -1, 0) = 0x7f3155c00000 <0.000006>
close(3)                                = 0 <0.000004>
mmap(NULL, 4096, PROT_READ|PROT_WRITE, MAP_PRIVATE|MAP_ANONYMOUS, -1, 0) = 0x7f3155e1a000 <0.000005>
mmap(NULL, 8192, PROT_READ|PROT_WRITE, MAP_PRIVATE|MAP_ANONYMOUS, -1, 0) = 0x7f3155e18000 <0.000006>
arch_prctl(ARCH_SET_FS, 0x7f3155e18740) = 0 <0.000005>
mprotect(0x7f3155bfa000, 16384, PROT_READ) = 0 <0.000007>
mprotect(0xe7543b5000, 8192, PROT_READ) = 0 <0.000007>
mprotect(0x7f3155e27000, 4096, PROT_READ) = 0 <0.000006>
munmap(0x7f3155e1b000, 37006)           = 0 <0.000010>
getpid()                                = 3896 <0.000004>
rt_sigaction(SIGCHLD, {0xe7541ac460, ~[RTMIN RT_1], SA_RESTORER, 0x7f3155872cb0}, NULL, 8) = 0 <0.000005>
geteuid()                               = 1000 <0.000004>
brk(NULL)                               = 0xe75539a000 <0.000005>
brk(0xe7553bb000)                       = 0xe7553bb000 <0.000005>
getppid()                               = 3894 <0.000004>
stat("/home/vanessa/Documents/Dropbox/Code/ftw/hello-world-ftw", {st_mode=S_IFDIR|0775, st_size=4096, ...}) = 0 <0.000009>
stat(".", {st_mode=S_IFDIR|0775, st_size=4096, ...}) = 0 <0.000006>
open("/scif/apps/cat/scif/runscript", O_RDONLY) = 3 <0.000008>
fcntl(3, F_DUPFD, 10)                   = 10 <0.000005>
close(3)                                = 0 <0.000005>
fcntl(10, F_SETFD, FD_CLOEXEC)          = 0 <0.000004>
rt_sigaction(SIGINT, NULL, {SIG_DFL, [], 0}, 8) = 0 <0.000004>
rt_sigaction(SIGINT, {0xe7541ac460, ~[RTMIN RT_1], SA_RESTORER, 0x7f3155872cb0}, NULL, 8) = 0 <0.000004>
rt_sigaction(SIGQUIT, NULL, {SIG_DFL, [], 0}, 8) = 0 <0.000004>
rt_sigaction(SIGQUIT, {SIG_DFL, ~[RTMIN RT_1], SA_RESTORER, 0x7f3155872cb0}, NULL, 8) = 0 <0.000004>
rt_sigaction(SIGTERM, NULL, {SIG_DFL, [], 0}, 8) = 0 <0.000005>
rt_sigaction(SIGTERM, {SIG_DFL, ~[RTMIN RT_1], SA_RESTORER, 0x7f3155872cb0}, NULL, 8) = 0 <0.000005>
read(10, "exec cat $SINGULARITY_APPROOT/he"..., 8192) = 46 <0.000005>
execve("/scif/apps/cat/bin/cat", ["cat", "/scif/apps/cat/hello-world.cat"], [/* 30 vars */]) = -1 ENOENT (No such file or directory) <0.000027>
execve("/scif/apps/cat/cat", ["cat", "/scif/apps/cat/hello-world.cat"], [/* 30 vars */]) = -1 ENOENT (No such file or directory) <0.000009>
execve("/usr/local/sbin/cat", ["cat", "/scif/apps/cat/hello-world.cat"], [/* 30 vars */]) = -1 ENOENT (No such file or directory) <0.000688>
execve("/usr/local/bin/cat", ["cat", "/scif/apps/cat/hello-world.cat"], [/* 30 vars */]) = -1 ENOENT (No such file or directory) <0.000023>
execve("/usr/sbin/cat", ["cat", "/scif/apps/cat/hello-world.cat"], [/* 30 vars */]) = -1 ENOENT (No such file or directory) <0.000021>
execve("/usr/bin/cat", ["cat", "/scif/apps/cat/hello-world.cat"], [/* 30 vars */]) = -1 ENOENT (No such file or directory) <0.000029>
execve("/sbin/cat", ["cat", "/scif/apps/cat/hello-world.cat"], [/* 30 vars */]) = -1 ENOENT (No such file or directory) <0.000087>
execve("/bin/cat", ["cat", "/scif/apps/cat/hello-world.cat"], [/* 30 vars */]) = 0 <0.000243>
brk(NULL)                               = 0x17bf000 <0.000004>
access("/etc/ld.so.nohwcap", F_OK)      = -1 ENOENT (No such file or directory) <0.000008>
mmap(NULL, 8192, PROT_READ|PROT_WRITE, MAP_PRIVATE|MAP_ANONYMOUS, -1, 0) = 0x7f1268825000 <0.000005>
access("/etc/ld.so.preload", R_OK)      = -1 ENOENT (No such file or directory) <0.000006>
open("/scif/apps/cat/lib/tls/x86_64/libc.so.6", O_RDONLY|O_CLOEXEC) = -1 ENOENT (No such file or directory) <0.000010>
stat("/scif/apps/cat/lib/tls/x86_64", 0x7ffd6cf7fc70) = -1 ENOENT (No such file or directory) <0.000006>
open("/scif/apps/cat/lib/tls/libc.so.6", O_RDONLY|O_CLOEXEC) = -1 ENOENT (No such file or directory) <0.000006>
stat("/scif/apps/cat/lib/tls", 0x7ffd6cf7fc70) = -1 ENOENT (No such file or directory) <0.000005>
open("/scif/apps/cat/lib/x86_64/libc.so.6", O_RDONLY|O_CLOEXEC) = -1 ENOENT (No such file or directory) <0.000012>
stat("/scif/apps/cat/lib/x86_64", 0x7ffd6cf7fc70) = -1 ENOENT (No such file or directory) <0.000006>
open("/scif/apps/cat/lib/libc.so.6", O_RDONLY|O_CLOEXEC) = -1 ENOENT (No such file or directory) <0.000006>
stat("/scif/apps/cat/lib", {st_mode=S_IFDIR|0775, st_size=4096, ...}) = 0 <0.000006>
open("tls/x86_64/libc.so.6", O_RDONLY|O_CLOEXEC) = -1 ENOENT (No such file or directory) <0.000006>
open("tls/libc.so.6", O_RDONLY|O_CLOEXEC) = -1 ENOENT (No such file or directory) <0.000005>
open("x86_64/libc.so.6", O_RDONLY|O_CLOEXEC) = -1 ENOENT (No such file or directory) <0.000005>
open("libc.so.6", O_RDONLY|O_CLOEXEC)   = -1 ENOENT (No such file or directory) <0.000006>
open("/.singularity.d/libs/tls/x86_64/libc.so.6", O_RDONLY|O_CLOEXEC) = -1 ENOENT (No such file or directory) <0.000007>
stat("/.singularity.d/libs/tls/x86_64", 0x7ffd6cf7fc70) = -1 ENOENT (No such file or directory) <0.000005>
open("/.singularity.d/libs/tls/libc.so.6", O_RDONLY|O_CLOEXEC) = -1 ENOENT (No such file or directory) <0.000005>
stat("/.singularity.d/libs/tls", 0x7ffd6cf7fc70) = -1 ENOENT (No such file or directory) <0.000005>
open("/.singularity.d/libs/x86_64/libc.so.6", O_RDONLY|O_CLOEXEC) = -1 ENOENT (No such file or directory) <0.000006>
stat("/.singularity.d/libs/x86_64", 0x7ffd6cf7fc70) = -1 ENOENT (No such file or directory) <0.000006>
open("/.singularity.d/libs/libc.so.6", O_RDONLY|O_CLOEXEC) = -1 ENOENT (No such file or directory) <0.000006>
stat("/.singularity.d/libs", {st_mode=S_IFDIR|0755, st_size=4096, ...}) = 0 <0.000005>
open("/etc/ld.so.cache", O_RDONLY|O_CLOEXEC) = 3 <0.000007>
fstat(3, {st_mode=S_IFREG|0644, st_size=37006, ...}) = 0 <0.000005>
mmap(NULL, 37006, PROT_READ, MAP_PRIVATE, 3, 0) = 0x7f126881b000 <0.000018>
close(3)                                = 0 <0.000004>
access("/etc/ld.so.nohwcap", F_OK)      = -1 ENOENT (No such file or directory) <0.000006>
open("/lib/x86_64-linux-gnu/libc.so.6", O_RDONLY|O_CLOEXEC) = 3 <0.000009>
read(3, "\177ELF\2\1\1\0\0\0\0\0\0\0\0\0\3\0>\0\1\0\0\0P \2\0\0\0\0\0"..., 832) = 832 <0.000005>
fstat(3, {st_mode=S_IFREG|0755, st_size=1857312, ...}) = 0 <0.000004>
mmap(NULL, 3965632, PROT_READ|PROT_EXEC, MAP_PRIVATE|MAP_DENYWRITE, 3, 0) = 0x7f126823c000 <0.000005>
mprotect(0x7f12683fa000, 2097152, PROT_NONE) = 0 <0.000006>
mmap(0x7f12685fa000, 24576, PROT_READ|PROT_WRITE, MAP_PRIVATE|MAP_FIXED|MAP_DENYWRITE, 3, 0x1be000) = 0x7f12685fa000 <0.000007>
mmap(0x7f1268600000, 17088, PROT_READ|PROT_WRITE, MAP_PRIVATE|MAP_FIXED|MAP_ANONYMOUS, -1, 0) = 0x7f1268600000 <0.000006>
close(3)                                = 0 <0.000004>
mmap(NULL, 4096, PROT_READ|PROT_WRITE, MAP_PRIVATE|MAP_ANONYMOUS, -1, 0) = 0x7f126881a000 <0.000005>
mmap(NULL, 8192, PROT_READ|PROT_WRITE, MAP_PRIVATE|MAP_ANONYMOUS, -1, 0) = 0x7f1268818000 <0.000006>
arch_prctl(ARCH_SET_FS, 0x7f1268818740) = 0 <0.000004>
mprotect(0x7f12685fa000, 16384, PROT_READ) = 0 <0.000007>
mprotect(0x60a000, 4096, PROT_READ)     = 0 <0.000007>
mprotect(0x7f1268827000, 4096, PROT_READ) = 0 <0.000006>
munmap(0x7f126881b000, 37006)           = 0 <0.000011>
brk(NULL)                               = 0x17bf000 <0.000004>
brk(0x17e0000)                          = 0x17e0000 <0.000005>
open("/usr/lib/locale/locale-archive", O_RDONLY|O_CLOEXEC) = 3 <0.000113>
fstat(3, {st_mode=S_IFREG|0644, st_size=1607664, ...}) = 0 <0.000005>
mmap(NULL, 1607664, PROT_READ, MAP_PRIVATE, 3, 0) = 0x7f126868f000 <0.000009>
close(3)                                = 0 <0.000005>
fstat(1, {st_mode=S_IFCHR|0620, st_rdev=makedev(136, 27), ...}) = 0 <0.000007>
open("/scif/apps/cat/hello-world.cat", O_RDONLY) = 3 <0.000044>
fstat(3, {st_mode=S_IFREG|0664, st_size=17, ...}) = 0 <0.000005>
fadvise64(3, 0, 0, POSIX_FADV_SEQUENTIAL) = 0 <0.000004>
read(3, "RaawwWWWWWRRRR!!\n", 65536)    = 17 <0.000023>
write(1, "RaawwWWWWWRRRR!!\n", 17)      = 17 <0.000013>
read(3, "", 65536)                      = 0 <0.000006>
close(3)                                = 0 <0.000007>
close(1)                                = 0 <0.000004>
close(2)                                = 0 <0.000004>
exit_group(0)                           = ?
+++ exited with 0 +++
% time     seconds  usecs/call     calls    errors syscall
------ ----------- ----------- --------- --------- ----------------
 96.80    0.000272         136         2           unshare
  3.20    0.000009           0        84           mmap
  0.00    0.000000           0        90           read
  0.00    0.000000           0         5           write
  0.00    0.000000           0       105        32 open
  0.00    0.000000           0        86           close
  0.00    0.000000           0       101        21 stat
  0.00    0.000000           0        69           fstat
  0.00    0.000000           0         2           lstat
  0.00    0.000000           0        35           lseek
  0.00    0.000000           0        40           mprotect
  0.00    0.000000           0        20           munmap
  0.00    0.000000           0       171           brk
  0.00    0.000000           0        36           rt_sigaction
  0.00    0.000000           0        11           rt_sigprocmask
  0.00    0.000000           0         4         2 ioctl
  0.00    0.000000           0        27        27 access
  0.00    0.000000           0         2           dup
  0.00    0.000000           0         2           dup2
  0.00    0.000000           0         5           getpid
  0.00    0.000000           0         5           socket
  0.00    0.000000           0         5         4 connect
  0.00    0.000000           0         1           sendto
  0.00    0.000000           0        14         8 execve
  0.00    0.000000           0         2           uname
  0.00    0.000000           0        29         2 fcntl
  0.00    0.000000           0         2           getdents
  0.00    0.000000           0         1           getcwd
  0.00    0.000000           0         2           chdir
  0.00    0.000000           0         4           mkdir
  0.00    0.000000           0         2           fchmod
  0.00    0.000000           0         8           umask
  0.00    0.000000           0         4           getrlimit
  0.00    0.000000           0         2           sysinfo
  0.00    0.000000           0        44           getuid
  0.00    0.000000           0        23           getgid
  0.00    0.000000           0         1           setgid
  0.00    0.000000           0        26           geteuid
  0.00    0.000000           0         2           getegid
  0.00    0.000000           0         4           getppid
  0.00    0.000000           0         2           getpgrp
  0.00    0.000000           0         1           setreuid
  0.00    0.000000           0         1           setregid
  0.00    0.000000           0         2           getgroups
  0.00    0.000000           0        38           setgroups
  0.00    0.000000           0        38           setresuid
  0.00    0.000000           0        38           setresgid
  0.00    0.000000           0         1           prctl
  0.00    0.000000           0         6           arch_prctl
  0.00    0.000000           0         1           chroot
  0.00    0.000000           0        24           mount
  0.00    0.000000           0         1           fadvise64
  0.00    0.000000           0         1           openat
  0.00    0.000000           0         3           faccessat
------ ----------- ----------- --------- --------- ----------------
100.00    0.000281                  1235        96 total
