12:50:55 execve("/scif/apps/cpp/bin/hello-world.cpp", ["hello-world.cpp"], [/* 76 vars */]) = 0
12:50:55 brk(0)                         = 0xb82000
12:50:55 access("/etc/ld.so.nohwcap", F_OK) = -1 ENOENT (No such file or directory)
12:50:55 mmap(NULL, 8192, PROT_READ|PROT_WRITE, MAP_PRIVATE|MAP_ANONYMOUS, -1, 0) = 0x7f083b683000
12:50:55 access("/etc/ld.so.preload", R_OK) = -1 ENOENT (No such file or directory)
12:50:55 open("/scif/apps/cpp/lib/tls/x86_64/libstdc++.so.6", O_RDONLY|O_CLOEXEC) = -1 ENOENT (No such file or directory)
12:50:55 stat("/scif/apps/cpp/lib/tls/x86_64", 0x7ffe66e1adc0) = -1 ENOENT (No such file or directory)
12:50:55 open("/scif/apps/cpp/lib/tls/libstdc++.so.6", O_RDONLY|O_CLOEXEC) = -1 ENOENT (No such file or directory)
12:50:55 stat("/scif/apps/cpp/lib/tls", 0x7ffe66e1adc0) = -1 ENOENT (No such file or directory)
12:50:55 open("/scif/apps/cpp/lib/x86_64/libstdc++.so.6", O_RDONLY|O_CLOEXEC) = -1 ENOENT (No such file or directory)
12:50:55 stat("/scif/apps/cpp/lib/x86_64", 0x7ffe66e1adc0) = -1 ENOENT (No such file or directory)
12:50:55 open("/scif/apps/cpp/lib/libstdc++.so.6", O_RDONLY|O_CLOEXEC) = -1 ENOENT (No such file or directory)
12:50:55 stat("/scif/apps/cpp/lib", {st_mode=S_IFDIR|0775, st_size=4096, ...}) = 0
12:50:55 open("tls/x86_64/libstdc++.so.6", O_RDONLY|O_CLOEXEC) = -1 ENOENT (No such file or directory)
12:50:55 open("tls/libstdc++.so.6", O_RDONLY|O_CLOEXEC) = -1 ENOENT (No such file or directory)
12:50:55 open("x86_64/libstdc++.so.6", O_RDONLY|O_CLOEXEC) = -1 ENOENT (No such file or directory)
12:50:55 open("libstdc++.so.6", O_RDONLY|O_CLOEXEC) = -1 ENOENT (No such file or directory)
12:50:55 open("/.singularity.d/libs/tls/x86_64/libstdc++.so.6", O_RDONLY|O_CLOEXEC) = -1 ENOENT (No such file or directory)
12:50:55 stat("/.singularity.d/libs/tls/x86_64", 0x7ffe66e1adc0) = -1 ENOENT (No such file or directory)
12:50:55 open("/.singularity.d/libs/tls/libstdc++.so.6", O_RDONLY|O_CLOEXEC) = -1 ENOENT (No such file or directory)
12:50:55 stat("/.singularity.d/libs/tls", 0x7ffe66e1adc0) = -1 ENOENT (No such file or directory)
12:50:55 open("/.singularity.d/libs/x86_64/libstdc++.so.6", O_RDONLY|O_CLOEXEC) = -1 ENOENT (No such file or directory)
12:50:55 stat("/.singularity.d/libs/x86_64", 0x7ffe66e1adc0) = -1 ENOENT (No such file or directory)
12:50:55 open("/.singularity.d/libs/libstdc++.so.6", O_RDONLY|O_CLOEXEC) = -1 ENOENT (No such file or directory)
12:50:55 stat("/.singularity.d/libs", {st_mode=S_IFDIR|0755, st_size=4096, ...}) = 0
12:50:55 open("/etc/ld.so.cache", O_RDONLY|O_CLOEXEC) = 3
12:50:55 fstat(3, {st_mode=S_IFREG|0644, st_size=37006, ...}) = 0
12:50:55 mmap(NULL, 37006, PROT_READ, MAP_PRIVATE, 3, 0) = 0x7f083b679000
12:50:55 close(3)                       = 0
12:50:55 access("/etc/ld.so.nohwcap", F_OK) = -1 ENOENT (No such file or directory)
12:50:55 open("/usr/lib/x86_64-linux-gnu/libstdc++.so.6", O_RDONLY|O_CLOEXEC) = 3
12:50:55 read(3, "\177ELF\2\1\1\0\0\0\0\0\0\0\0\0\3\0>\0\1\0\0\0 \266\5\0\0\0\0\0"..., 832) = 832
12:50:55 fstat(3, {st_mode=S_IFREG|0644, st_size=979056, ...}) = 0
12:50:55 mmap(NULL, 3159040, PROT_READ|PROT_EXEC, MAP_PRIVATE|MAP_DENYWRITE, 3, 0) = 0x7f083b15f000
12:50:55 mprotect(0x7f083b245000, 2093056, PROT_NONE) = 0
12:50:55 mmap(0x7f083b444000, 40960, PROT_READ|PROT_WRITE, MAP_PRIVATE|MAP_FIXED|MAP_DENYWRITE, 3, 0xe5000) = 0x7f083b444000
12:50:55 mmap(0x7f083b44e000, 82944, PROT_READ|PROT_WRITE, MAP_PRIVATE|MAP_FIXED|MAP_ANONYMOUS, -1, 0) = 0x7f083b44e000
12:50:55 close(3)                       = 0
12:50:55 open("/scif/apps/cpp/lib/libc.so.6", O_RDONLY|O_CLOEXEC) = -1 ENOENT (No such file or directory)
12:50:55 open("tls/x86_64/libc.so.6", O_RDONLY|O_CLOEXEC) = -1 ENOENT (No such file or directory)
12:50:55 open("tls/libc.so.6", O_RDONLY|O_CLOEXEC) = -1 ENOENT (No such file or directory)
12:50:55 open("x86_64/libc.so.6", O_RDONLY|O_CLOEXEC) = -1 ENOENT (No such file or directory)
12:50:55 open("libc.so.6", O_RDONLY|O_CLOEXEC) = -1 ENOENT (No such file or directory)
12:50:55 open("/.singularity.d/libs/libc.so.6", O_RDONLY|O_CLOEXEC) = -1 ENOENT (No such file or directory)
12:50:55 access("/etc/ld.so.nohwcap", F_OK) = -1 ENOENT (No such file or directory)
12:50:55 open("/lib/x86_64-linux-gnu/libc.so.6", O_RDONLY|O_CLOEXEC) = 3
12:50:55 read(3, "\177ELF\2\1\1\0\0\0\0\0\0\0\0\0\3\0>\0\1\0\0\0P \2\0\0\0\0\0"..., 832) = 832
12:50:55 fstat(3, {st_mode=S_IFREG|0755, st_size=1857312, ...}) = 0
12:50:55 mmap(NULL, 3965632, PROT_READ|PROT_EXEC, MAP_PRIVATE|MAP_DENYWRITE, 3, 0) = 0x7f083ad96000
12:50:55 mprotect(0x7f083af54000, 2097152, PROT_NONE) = 0
12:50:55 mmap(0x7f083b154000, 24576, PROT_READ|PROT_WRITE, MAP_PRIVATE|MAP_FIXED|MAP_DENYWRITE, 3, 0x1be000) = 0x7f083b154000
12:50:55 mmap(0x7f083b15a000, 17088, PROT_READ|PROT_WRITE, MAP_PRIVATE|MAP_FIXED|MAP_ANONYMOUS, -1, 0) = 0x7f083b15a000
12:50:55 close(3)                       = 0
12:50:55 open("/scif/apps/cpp/lib/libm.so.6", O_RDONLY|O_CLOEXEC) = -1 ENOENT (No such file or directory)
12:50:55 open("tls/x86_64/libm.so.6", O_RDONLY|O_CLOEXEC) = -1 ENOENT (No such file or directory)
12:50:55 open("tls/libm.so.6", O_RDONLY|O_CLOEXEC) = -1 ENOENT (No such file or directory)
12:50:55 open("x86_64/libm.so.6", O_RDONLY|O_CLOEXEC) = -1 ENOENT (No such file or directory)
12:50:55 open("libm.so.6", O_RDONLY|O_CLOEXEC) = -1 ENOENT (No such file or directory)
12:50:55 open("/.singularity.d/libs/libm.so.6", O_RDONLY|O_CLOEXEC) = -1 ENOENT (No such file or directory)
12:50:55 access("/etc/ld.so.nohwcap", F_OK) = -1 ENOENT (No such file or directory)
12:50:55 open("/lib/x86_64-linux-gnu/libm.so.6", O_RDONLY|O_CLOEXEC) = 3
12:50:55 read(3, "\177ELF\2\1\1\0\0\0\0\0\0\0\0\0\3\0>\0\1\0\0\0\20V\0\0\0\0\0\0"..., 832) = 832
12:50:55 fstat(3, {st_mode=S_IFREG|0644, st_size=1071552, ...}) = 0
12:50:55 mmap(NULL, 4096, PROT_READ|PROT_WRITE, MAP_PRIVATE|MAP_ANONYMOUS, -1, 0) = 0x7f083b678000
12:50:55 mmap(NULL, 3166568, PROT_READ|PROT_EXEC, MAP_PRIVATE|MAP_DENYWRITE, 3, 0) = 0x7f083aa90000
12:50:55 mprotect(0x7f083ab95000, 2093056, PROT_NONE) = 0
12:50:55 mmap(0x7f083ad94000, 8192, PROT_READ|PROT_WRITE, MAP_PRIVATE|MAP_FIXED|MAP_DENYWRITE, 3, 0x104000) = 0x7f083ad94000
12:50:55 close(3)                       = 0
12:50:55 open("/scif/apps/cpp/lib/libgcc_s.so.1", O_RDONLY|O_CLOEXEC) = -1 ENOENT (No such file or directory)
12:50:55 open("tls/x86_64/libgcc_s.so.1", O_RDONLY|O_CLOEXEC) = -1 ENOENT (No such file or directory)
12:50:55 open("tls/libgcc_s.so.1", O_RDONLY|O_CLOEXEC) = -1 ENOENT (No such file or directory)
12:50:55 open("x86_64/libgcc_s.so.1", O_RDONLY|O_CLOEXEC) = -1 ENOENT (No such file or directory)
12:50:55 open("libgcc_s.so.1", O_RDONLY|O_CLOEXEC) = -1 ENOENT (No such file or directory)
12:50:55 open("/.singularity.d/libs/libgcc_s.so.1", O_RDONLY|O_CLOEXEC) = -1 ENOENT (No such file or directory)
12:50:55 access("/etc/ld.so.nohwcap", F_OK) = -1 ENOENT (No such file or directory)
12:50:55 open("/lib/x86_64-linux-gnu/libgcc_s.so.1", O_RDONLY|O_CLOEXEC) = 3
12:50:55 read(3, "\177ELF\2\1\1\0\0\0\0\0\0\0\0\0\3\0>\0\1\0\0\0\260*\0\0\0\0\0\0"..., 832) = 832
12:50:55 fstat(3, {st_mode=S_IFREG|0644, st_size=90160, ...}) = 0
12:50:55 mmap(NULL, 2186016, PROT_READ|PROT_EXEC, MAP_PRIVATE|MAP_DENYWRITE, 3, 0) = 0x7f083a87a000
12:50:55 mprotect(0x7f083a890000, 2093056, PROT_NONE) = 0
12:50:55 mmap(0x7f083aa8f000, 4096, PROT_READ|PROT_WRITE, MAP_PRIVATE|MAP_FIXED|MAP_DENYWRITE, 3, 0x15000) = 0x7f083aa8f000
12:50:55 close(3)                       = 0
12:50:55 mmap(NULL, 4096, PROT_READ|PROT_WRITE, MAP_PRIVATE|MAP_ANONYMOUS, -1, 0) = 0x7f083b677000
12:50:55 mmap(NULL, 8192, PROT_READ|PROT_WRITE, MAP_PRIVATE|MAP_ANONYMOUS, -1, 0) = 0x7f083b675000
12:50:55 arch_prctl(ARCH_SET_FS, 0x7f083b675780) = 0
12:50:55 mprotect(0x7f083b154000, 16384, PROT_READ) = 0
12:50:55 mprotect(0x7f083ad94000, 4096, PROT_READ) = 0
12:50:55 mmap(NULL, 4096, PROT_READ|PROT_WRITE, MAP_PRIVATE|MAP_ANONYMOUS, -1, 0) = 0x7f083b674000
12:50:55 mprotect(0x7f083b444000, 32768, PROT_READ) = 0
12:50:55 mprotect(0x600000, 4096, PROT_READ) = 0
12:50:55 mprotect(0x7f083b685000, 4096, PROT_READ) = 0
12:50:55 munmap(0x7f083b679000, 37006)  = 0
12:50:55 fstat(1, {st_mode=S_IFCHR|0620, st_rdev=makedev(136, 28), ...}) = 0
12:50:55 mmap(NULL, 4096, PROT_READ|PROT_WRITE, MAP_PRIVATE|MAP_ANONYMOUS, -1, 0) = 0x7f083b682000
12:50:55 write(1, "RaawwWWWWWRRRR!!\n", 17) = 17
12:50:55 exit_group(0)                  = ?
12:50:55 +++ exited with 0 +++
% time     seconds  usecs/call     calls    errors syscall
------ ----------- ----------- --------- --------- ----------------
  0.00    0.000000           0         4           read
  0.00    0.000000           0         1           write
  0.00    0.000000           0        35        30 open
  0.00    0.000000           0         5           close
  0.00    0.000000           0         8         6 stat
  0.00    0.000000           0         6           fstat
  0.00    0.000000           0        17           mmap
  0.00    0.000000           0         9           mprotect
  0.00    0.000000           0         1           munmap
  0.00    0.000000           0         1           brk
  0.00    0.000000           0         6         6 access
  0.00    0.000000           0         1           execve
  0.00    0.000000           0         1           arch_prctl
------ ----------- ----------- --------- --------- ----------------
100.00    0.000000                    95        42 total
