12:50:59 execve("/bin/zsh", ["/bin/zsh", "/scif/apps/zsh/hello-world.zsh"], [/* 76 vars */]) = 0
12:50:59 brk(0)                         = 0x151a000
12:50:59 access("/etc/ld.so.nohwcap", F_OK) = -1 ENOENT (No such file or directory)
12:50:59 mmap(NULL, 8192, PROT_READ|PROT_WRITE, MAP_PRIVATE|MAP_ANONYMOUS, -1, 0) = 0x7f318ca3c000
12:50:59 access("/etc/ld.so.preload", R_OK) = -1 ENOENT (No such file or directory)
12:50:59 open("/scif/apps/zsh/lib/tls/x86_64/libcap.so.2", O_RDONLY|O_CLOEXEC) = -1 ENOENT (No such file or directory)
12:50:59 stat("/scif/apps/zsh/lib/tls/x86_64", 0x7ffef9d2f590) = -1 ENOENT (No such file or directory)
12:50:59 open("/scif/apps/zsh/lib/tls/libcap.so.2", O_RDONLY|O_CLOEXEC) = -1 ENOENT (No such file or directory)
12:50:59 stat("/scif/apps/zsh/lib/tls", 0x7ffef9d2f590) = -1 ENOENT (No such file or directory)
12:50:59 open("/scif/apps/zsh/lib/x86_64/libcap.so.2", O_RDONLY|O_CLOEXEC) = -1 ENOENT (No such file or directory)
12:50:59 stat("/scif/apps/zsh/lib/x86_64", 0x7ffef9d2f590) = -1 ENOENT (No such file or directory)
12:50:59 open("/scif/apps/zsh/lib/libcap.so.2", O_RDONLY|O_CLOEXEC) = -1 ENOENT (No such file or directory)
12:50:59 stat("/scif/apps/zsh/lib", {st_mode=S_IFDIR|0775, st_size=4096, ...}) = 0
12:50:59 open("tls/x86_64/libcap.so.2", O_RDONLY|O_CLOEXEC) = -1 ENOENT (No such file or directory)
12:50:59 open("tls/libcap.so.2", O_RDONLY|O_CLOEXEC) = -1 ENOENT (No such file or directory)
12:50:59 open("x86_64/libcap.so.2", O_RDONLY|O_CLOEXEC) = -1 ENOENT (No such file or directory)
12:50:59 open("libcap.so.2", O_RDONLY|O_CLOEXEC) = -1 ENOENT (No such file or directory)
12:50:59 open("/.singularity.d/libs/tls/x86_64/libcap.so.2", O_RDONLY|O_CLOEXEC) = -1 ENOENT (No such file or directory)
12:50:59 stat("/.singularity.d/libs/tls/x86_64", 0x7ffef9d2f590) = -1 ENOENT (No such file or directory)
12:50:59 open("/.singularity.d/libs/tls/libcap.so.2", O_RDONLY|O_CLOEXEC) = -1 ENOENT (No such file or directory)
12:50:59 stat("/.singularity.d/libs/tls", 0x7ffef9d2f590) = -1 ENOENT (No such file or directory)
12:50:59 open("/.singularity.d/libs/x86_64/libcap.so.2", O_RDONLY|O_CLOEXEC) = -1 ENOENT (No such file or directory)
12:50:59 stat("/.singularity.d/libs/x86_64", 0x7ffef9d2f590) = -1 ENOENT (No such file or directory)
12:50:59 open("/.singularity.d/libs/libcap.so.2", O_RDONLY|O_CLOEXEC) = -1 ENOENT (No such file or directory)
12:50:59 stat("/.singularity.d/libs", {st_mode=S_IFDIR|0755, st_size=4096, ...}) = 0
12:50:59 open("/etc/ld.so.cache", O_RDONLY|O_CLOEXEC) = 3
12:50:59 fstat(3, {st_mode=S_IFREG|0644, st_size=37006, ...}) = 0
12:50:59 mmap(NULL, 37006, PROT_READ, MAP_PRIVATE, 3, 0) = 0x7f318ca32000
12:50:59 close(3)                       = 0
12:50:59 access("/etc/ld.so.nohwcap", F_OK) = -1 ENOENT (No such file or directory)
12:50:59 open("/lib/x86_64-linux-gnu/libcap.so.2", O_RDONLY|O_CLOEXEC) = 3
12:50:59 read(3, "\177ELF\2\1\1\0\0\0\0\0\0\0\0\0\3\0>\0\1\0\0\0 \26\0\0\0\0\0\0"..., 832) = 832
12:50:59 fstat(3, {st_mode=S_IFREG|0644, st_size=18952, ...}) = 0
12:50:59 mmap(NULL, 2114160, PROT_READ|PROT_EXEC, MAP_PRIVATE|MAP_DENYWRITE, 3, 0) = 0x7f318c617000
12:50:59 mprotect(0x7f318c61b000, 2093056, PROT_NONE) = 0
12:50:59 mmap(0x7f318c81a000, 8192, PROT_READ|PROT_WRITE, MAP_PRIVATE|MAP_FIXED|MAP_DENYWRITE, 3, 0x3000) = 0x7f318c81a000
12:50:59 close(3)                       = 0
12:50:59 open("/scif/apps/zsh/lib/libdl.so.2", O_RDONLY|O_CLOEXEC) = -1 ENOENT (No such file or directory)
12:50:59 open("tls/x86_64/libdl.so.2", O_RDONLY|O_CLOEXEC) = -1 ENOENT (No such file or directory)
12:50:59 open("tls/libdl.so.2", O_RDONLY|O_CLOEXEC) = -1 ENOENT (No such file or directory)
12:50:59 open("x86_64/libdl.so.2", O_RDONLY|O_CLOEXEC) = -1 ENOENT (No such file or directory)
12:50:59 open("libdl.so.2", O_RDONLY|O_CLOEXEC) = -1 ENOENT (No such file or directory)
12:50:59 open("/.singularity.d/libs/libdl.so.2", O_RDONLY|O_CLOEXEC) = -1 ENOENT (No such file or directory)
12:50:59 access("/etc/ld.so.nohwcap", F_OK) = -1 ENOENT (No such file or directory)
12:50:59 open("/lib/x86_64-linux-gnu/libdl.so.2", O_RDONLY|O_CLOEXEC) = 3
12:50:59 read(3, "\177ELF\2\1\1\0\0\0\0\0\0\0\0\0\3\0>\0\1\0\0\0\320\16\0\0\0\0\0\0"..., 832) = 832
12:50:59 fstat(3, {st_mode=S_IFREG|0644, st_size=14664, ...}) = 0
12:50:59 mmap(NULL, 2109744, PROT_READ|PROT_EXEC, MAP_PRIVATE|MAP_DENYWRITE, 3, 0) = 0x7f318c413000
12:50:59 mprotect(0x7f318c416000, 2093056, PROT_NONE) = 0
12:50:59 mmap(0x7f318c615000, 8192, PROT_READ|PROT_WRITE, MAP_PRIVATE|MAP_FIXED|MAP_DENYWRITE, 3, 0x2000) = 0x7f318c615000
12:50:59 close(3)                       = 0
12:50:59 open("/scif/apps/zsh/lib/libtinfo.so.5", O_RDONLY|O_CLOEXEC) = -1 ENOENT (No such file or directory)
12:50:59 open("tls/x86_64/libtinfo.so.5", O_RDONLY|O_CLOEXEC) = -1 ENOENT (No such file or directory)
12:50:59 open("tls/libtinfo.so.5", O_RDONLY|O_CLOEXEC) = -1 ENOENT (No such file or directory)
12:50:59 open("x86_64/libtinfo.so.5", O_RDONLY|O_CLOEXEC) = -1 ENOENT (No such file or directory)
12:50:59 open("libtinfo.so.5", O_RDONLY|O_CLOEXEC) = -1 ENOENT (No such file or directory)
12:50:59 open("/.singularity.d/libs/libtinfo.so.5", O_RDONLY|O_CLOEXEC) = -1 ENOENT (No such file or directory)
12:50:59 access("/etc/ld.so.nohwcap", F_OK) = -1 ENOENT (No such file or directory)
12:50:59 open("/lib/x86_64-linux-gnu/libtinfo.so.5", O_RDONLY|O_CLOEXEC) = 3
12:50:59 read(3, "\177ELF\2\1\1\0\0\0\0\0\0\0\0\0\3\0>\0\1\0\0\0\320\303\0\0\0\0\0\0"..., 832) = 832
12:50:59 fstat(3, {st_mode=S_IFREG|0644, st_size=167096, ...}) = 0
12:50:59 mmap(NULL, 4096, PROT_READ|PROT_WRITE, MAP_PRIVATE|MAP_ANONYMOUS, -1, 0) = 0x7f318ca31000
12:50:59 mmap(NULL, 2264288, PROT_READ|PROT_EXEC, MAP_PRIVATE|MAP_DENYWRITE, 3, 0) = 0x7f318c1ea000
12:50:59 mprotect(0x7f318c20f000, 2093056, PROT_NONE) = 0
12:50:59 mmap(0x7f318c40e000, 20480, PROT_READ|PROT_WRITE, MAP_PRIVATE|MAP_FIXED|MAP_DENYWRITE, 3, 0x24000) = 0x7f318c40e000
12:50:59 close(3)                       = 0
12:50:59 open("/scif/apps/zsh/lib/libm.so.6", O_RDONLY|O_CLOEXEC) = -1 ENOENT (No such file or directory)
12:50:59 open("tls/x86_64/libm.so.6", O_RDONLY|O_CLOEXEC) = -1 ENOENT (No such file or directory)
12:50:59 open("tls/libm.so.6", O_RDONLY|O_CLOEXEC) = -1 ENOENT (No such file or directory)
12:50:59 open("x86_64/libm.so.6", O_RDONLY|O_CLOEXEC) = -1 ENOENT (No such file or directory)
12:50:59 open("libm.so.6", O_RDONLY|O_CLOEXEC) = -1 ENOENT (No such file or directory)
12:50:59 open("/.singularity.d/libs/libm.so.6", O_RDONLY|O_CLOEXEC) = -1 ENOENT (No such file or directory)
12:50:59 access("/etc/ld.so.nohwcap", F_OK) = -1 ENOENT (No such file or directory)
12:50:59 open("/lib/x86_64-linux-gnu/libm.so.6", O_RDONLY|O_CLOEXEC) = 3
12:50:59 read(3, "\177ELF\2\1\1\0\0\0\0\0\0\0\0\0\3\0>\0\1\0\0\0\20V\0\0\0\0\0\0"..., 832) = 832
12:50:59 fstat(3, {st_mode=S_IFREG|0644, st_size=1071552, ...}) = 0
12:50:59 mmap(NULL, 3166568, PROT_READ|PROT_EXEC, MAP_PRIVATE|MAP_DENYWRITE, 3, 0) = 0x7f318bee4000
12:50:59 mprotect(0x7f318bfe9000, 2093056, PROT_NONE) = 0
12:50:59 mmap(0x7f318c1e8000, 8192, PROT_READ|PROT_WRITE, MAP_PRIVATE|MAP_FIXED|MAP_DENYWRITE, 3, 0x104000) = 0x7f318c1e8000
12:50:59 close(3)                       = 0
12:50:59 open("/scif/apps/zsh/lib/libc.so.6", O_RDONLY|O_CLOEXEC) = -1 ENOENT (No such file or directory)
12:50:59 open("tls/x86_64/libc.so.6", O_RDONLY|O_CLOEXEC) = -1 ENOENT (No such file or directory)
12:50:59 open("tls/libc.so.6", O_RDONLY|O_CLOEXEC) = -1 ENOENT (No such file or directory)
12:50:59 open("x86_64/libc.so.6", O_RDONLY|O_CLOEXEC) = -1 ENOENT (No such file or directory)
12:50:59 open("libc.so.6", O_RDONLY|O_CLOEXEC) = -1 ENOENT (No such file or directory)
12:50:59 open("/.singularity.d/libs/libc.so.6", O_RDONLY|O_CLOEXEC) = -1 ENOENT (No such file or directory)
12:50:59 access("/etc/ld.so.nohwcap", F_OK) = -1 ENOENT (No such file or directory)
12:50:59 open("/lib/x86_64-linux-gnu/libc.so.6", O_RDONLY|O_CLOEXEC) = 3
12:50:59 read(3, "\177ELF\2\1\1\0\0\0\0\0\0\0\0\0\3\0>\0\1\0\0\0P \2\0\0\0\0\0"..., 832) = 832
12:50:59 fstat(3, {st_mode=S_IFREG|0755, st_size=1857312, ...}) = 0
12:50:59 mmap(NULL, 3965632, PROT_READ|PROT_EXEC, MAP_PRIVATE|MAP_DENYWRITE, 3, 0) = 0x7f318bb1b000
12:50:59 mprotect(0x7f318bcd9000, 2097152, PROT_NONE) = 0
12:50:59 mmap(0x7f318bed9000, 24576, PROT_READ|PROT_WRITE, MAP_PRIVATE|MAP_FIXED|MAP_DENYWRITE, 3, 0x1be000) = 0x7f318bed9000
12:50:59 mmap(0x7f318bedf000, 17088, PROT_READ|PROT_WRITE, MAP_PRIVATE|MAP_FIXED|MAP_ANONYMOUS, -1, 0) = 0x7f318bedf000
12:50:59 close(3)                       = 0
12:50:59 mmap(NULL, 4096, PROT_READ|PROT_WRITE, MAP_PRIVATE|MAP_ANONYMOUS, -1, 0) = 0x7f318ca30000
12:50:59 mmap(NULL, 8192, PROT_READ|PROT_WRITE, MAP_PRIVATE|MAP_ANONYMOUS, -1, 0) = 0x7f318ca2e000
12:50:59 arch_prctl(ARCH_SET_FS, 0x7f318ca2e740) = 0
12:50:59 mprotect(0x7f318bed9000, 16384, PROT_READ) = 0
12:50:59 mprotect(0x7f318c1e8000, 4096, PROT_READ) = 0
12:50:59 mprotect(0x7f318c40e000, 16384, PROT_READ) = 0
12:50:59 mprotect(0x7f318c615000, 4096, PROT_READ) = 0
12:50:59 mprotect(0x7f318c81a000, 4096, PROT_READ) = 0
12:50:59 mprotect(0x6a2000, 4096, PROT_READ) = 0
12:50:59 mprotect(0x7f318ca3e000, 4096, PROT_READ) = 0
12:50:59 munmap(0x7f318ca32000, 37006)  = 0
12:50:59 brk(0)                         = 0x151a000
12:50:59 brk(0x153b000)                 = 0x153b000
12:50:59 open("/usr/lib/locale/locale-archive", O_RDONLY|O_CLOEXEC) = 3
12:50:59 fstat(3, {st_mode=S_IFREG|0644, st_size=1607664, ...}) = 0
12:50:59 mmap(NULL, 1607664, PROT_READ, MAP_PRIVATE, 3, 0) = 0x7f318c8a5000
12:50:59 close(3)                       = 0
12:50:59 getrlimit(RLIMIT_NOFILE, {rlim_cur=1024, rlim_max=64*1024}) = 0
12:50:59 getuid()                       = 1000
12:50:59 geteuid()                      = 1000
12:50:59 getgid()                       = 1000
12:50:59 getegid()                      = 1000
12:50:59 ioctl(0, SNDCTL_TMR_TIMEBASE or SNDRV_TIMER_IOCTL_NEXT_DEVICE or TCGETS, {B38400 opost isig icanon echo ...}) = 0
12:50:59 ioctl(0, SNDCTL_TMR_TIMEBASE or SNDRV_TIMER_IOCTL_NEXT_DEVICE or TCGETS, {B38400 opost isig icanon echo ...}) = 0
12:50:59 ioctl(0, SNDCTL_TMR_TIMEBASE or SNDRV_TIMER_IOCTL_NEXT_DEVICE or TCGETS, {B38400 opost isig icanon echo ...}) = 0
12:50:59 fstat(0, {st_mode=S_IFCHR|0620, st_rdev=makedev(136, 28), ...}) = 0
12:50:59 readlink("/proc/self/fd/0", "/dev/pts/28", 4095) = 11
12:50:59 stat("/dev/pts/28", {st_mode=S_IFCHR|0620, st_rdev=makedev(136, 28), ...}) = 0
12:50:59 open("/dev/pts/28", O_RDWR|O_NOCTTY) = 3
12:50:59 fcntl(3, F_DUPFD, 10)          = 10
12:50:59 close(3)                       = 0
12:50:59 fcntl(10, F_GETFD)             = 0
12:50:59 fcntl(10, F_SETFD, FD_CLOEXEC) = 0
12:50:59 getpid()                       = 16541
12:50:59 pipe([3, 4])                   = 0
12:50:59 dup(0)                         = 5
12:50:59 dup(0)                         = 6
12:50:59 dup(0)                         = 7
12:50:59 dup(0)                         = 8
12:50:59 dup(0)                         = 9
12:50:59 getppid()                      = 16535
12:50:59 getuid()                       = 1000
12:50:59 socket(PF_LOCAL, SOCK_STREAM|SOCK_CLOEXEC|SOCK_NONBLOCK, 0) = 11
12:50:59 connect(11, {sa_family=AF_LOCAL, sun_path="/var/run/nscd/socket"}, 110) = -1 ENOENT (No such file or directory)
12:50:59 close(11)                      = 0
12:50:59 socket(PF_LOCAL, SOCK_STREAM|SOCK_CLOEXEC|SOCK_NONBLOCK, 0) = 11
12:50:59 connect(11, {sa_family=AF_LOCAL, sun_path="/var/run/nscd/socket"}, 110) = -1 ENOENT (No such file or directory)
12:50:59 close(11)                      = 0
12:50:59 open("/etc/nsswitch.conf", O_RDONLY|O_CLOEXEC) = 11
12:50:59 fstat(11, {st_mode=S_IFREG|0644, st_size=475, ...}) = 0
12:50:59 mmap(NULL, 4096, PROT_READ|PROT_WRITE, MAP_PRIVATE|MAP_ANONYMOUS, -1, 0) = 0x7f318ca3b000
12:50:59 read(11, "# /etc/nsswitch.conf\n#\n# Example"..., 4096) = 475
12:50:59 read(11, "", 4096)             = 0
12:50:59 close(11)                      = 0
12:50:59 munmap(0x7f318ca3b000, 4096)   = 0
12:50:59 open("/scif/apps/zsh/lib/libnss_compat.so.2", O_RDONLY|O_CLOEXEC) = -1 ENOENT (No such file or directory)
12:50:59 open("tls/x86_64/libnss_compat.so.2", O_RDONLY|O_CLOEXEC) = -1 ENOENT (No such file or directory)
12:50:59 open("tls/libnss_compat.so.2", O_RDONLY|O_CLOEXEC) = -1 ENOENT (No such file or directory)
12:50:59 open("x86_64/libnss_compat.so.2", O_RDONLY|O_CLOEXEC) = -1 ENOENT (No such file or directory)
12:50:59 open("libnss_compat.so.2", O_RDONLY|O_CLOEXEC) = -1 ENOENT (No such file or directory)
12:50:59 open("/.singularity.d/libs/libnss_compat.so.2", O_RDONLY|O_CLOEXEC) = -1 ENOENT (No such file or directory)
12:50:59 open("/etc/ld.so.cache", O_RDONLY|O_CLOEXEC) = 11
12:50:59 fstat(11, {st_mode=S_IFREG|0644, st_size=37006, ...}) = 0
12:50:59 mmap(NULL, 37006, PROT_READ, MAP_PRIVATE, 11, 0) = 0x7f318ca32000
12:50:59 close(11)                      = 0
12:50:59 access("/etc/ld.so.nohwcap", F_OK) = -1 ENOENT (No such file or directory)
12:50:59 open("/lib/x86_64-linux-gnu/libnss_compat.so.2", O_RDONLY|O_CLOEXEC) = 11
12:50:59 read(11, "\177ELF\2\1\1\0\0\0\0\0\0\0\0\0\3\0>\0\1\0\0\0\260\23\0\0\0\0\0\0"..., 832) = 832
12:50:59 fstat(11, {st_mode=S_IFREG|0644, st_size=39824, ...}) = 0
12:50:59 mmap(NULL, 2135368, PROT_READ|PROT_EXEC, MAP_PRIVATE|MAP_DENYWRITE, 11, 0) = 0x7f318b911000
12:50:59 mprotect(0x7f318b91a000, 2093056, PROT_NONE) = 0
12:50:59 mmap(0x7f318bb19000, 8192, PROT_READ|PROT_WRITE, MAP_PRIVATE|MAP_FIXED|MAP_DENYWRITE, 11, 0x8000) = 0x7f318bb19000
12:50:59 close(11)                      = 0
12:50:59 open("/scif/apps/zsh/lib/libnsl.so.1", O_RDONLY|O_CLOEXEC) = -1 ENOENT (No such file or directory)
12:50:59 open("tls/x86_64/libnsl.so.1", O_RDONLY|O_CLOEXEC) = -1 ENOENT (No such file or directory)
12:50:59 open("tls/libnsl.so.1", O_RDONLY|O_CLOEXEC) = -1 ENOENT (No such file or directory)
12:50:59 open("x86_64/libnsl.so.1", O_RDONLY|O_CLOEXEC) = -1 ENOENT (No such file or directory)
12:50:59 open("libnsl.so.1", O_RDONLY|O_CLOEXEC) = -1 ENOENT (No such file or directory)
12:50:59 open("/.singularity.d/libs/libnsl.so.1", O_RDONLY|O_CLOEXEC) = -1 ENOENT (No such file or directory)
12:50:59 access("/etc/ld.so.nohwcap", F_OK) = -1 ENOENT (No such file or directory)
12:50:59 open("/lib/x86_64-linux-gnu/libnsl.so.1", O_RDONLY|O_CLOEXEC) = 11
12:50:59 read(11, "\177ELF\2\1\1\0\0\0\0\0\0\0\0\0\3\0>\0\1\0\0\0`A\0\0\0\0\0\0"..., 832) = 832
12:50:59 fstat(11, {st_mode=S_IFREG|0644, st_size=97296, ...}) = 0
12:50:59 mmap(NULL, 2202328, PROT_READ|PROT_EXEC, MAP_PRIVATE|MAP_DENYWRITE, 11, 0) = 0x7f318b6f7000
12:50:59 mprotect(0x7f318b70e000, 2093056, PROT_NONE) = 0
12:50:59 mmap(0x7f318b90d000, 8192, PROT_READ|PROT_WRITE, MAP_PRIVATE|MAP_FIXED|MAP_DENYWRITE, 11, 0x16000) = 0x7f318b90d000
12:50:59 mmap(0x7f318b90f000, 6872, PROT_READ|PROT_WRITE, MAP_PRIVATE|MAP_FIXED|MAP_ANONYMOUS, -1, 0) = 0x7f318b90f000
12:50:59 close(11)                      = 0
12:50:59 mprotect(0x7f318b90d000, 4096, PROT_READ) = 0
12:50:59 mprotect(0x7f318bb19000, 4096, PROT_READ) = 0
12:50:59 munmap(0x7f318ca32000, 37006)  = 0
12:50:59 open("/scif/apps/zsh/lib/libnss_nis.so.2", O_RDONLY|O_CLOEXEC) = -1 ENOENT (No such file or directory)
12:50:59 open("tls/x86_64/libnss_nis.so.2", O_RDONLY|O_CLOEXEC) = -1 ENOENT (No such file or directory)
12:50:59 open("tls/libnss_nis.so.2", O_RDONLY|O_CLOEXEC) = -1 ENOENT (No such file or directory)
12:50:59 open("x86_64/libnss_nis.so.2", O_RDONLY|O_CLOEXEC) = -1 ENOENT (No such file or directory)
12:50:59 open("libnss_nis.so.2", O_RDONLY|O_CLOEXEC) = -1 ENOENT (No such file or directory)
12:50:59 open("/.singularity.d/libs/libnss_nis.so.2", O_RDONLY|O_CLOEXEC) = -1 ENOENT (No such file or directory)
12:50:59 open("/etc/ld.so.cache", O_RDONLY|O_CLOEXEC) = 11
12:50:59 fstat(11, {st_mode=S_IFREG|0644, st_size=37006, ...}) = 0
12:50:59 mmap(NULL, 37006, PROT_READ, MAP_PRIVATE, 11, 0) = 0x7f318ca32000
12:50:59 close(11)                      = 0
12:50:59 access("/etc/ld.so.nohwcap", F_OK) = -1 ENOENT (No such file or directory)
12:50:59 open("/lib/x86_64-linux-gnu/libnss_nis.so.2", O_RDONLY|O_CLOEXEC) = 11
12:50:59 read(11, "\177ELF\2\1\1\0\0\0\0\0\0\0\0\0\3\0>\0\1\0\0\0\240!\0\0\0\0\0\0"..., 832) = 832
12:50:59 fstat(11, {st_mode=S_IFREG|0644, st_size=47760, ...}) = 0
12:50:59 mmap(NULL, 2143784, PROT_READ|PROT_EXEC, MAP_PRIVATE|MAP_DENYWRITE, 11, 0) = 0x7f318b4eb000
12:50:59 mprotect(0x7f318b4f6000, 2093056, PROT_NONE) = 0
12:50:59 mmap(0x7f318b6f5000, 8192, PROT_READ|PROT_WRITE, MAP_PRIVATE|MAP_FIXED|MAP_DENYWRITE, 11, 0xa000) = 0x7f318b6f5000
12:50:59 close(11)                      = 0
12:50:59 open("/scif/apps/zsh/lib/libnss_files.so.2", O_RDONLY|O_CLOEXEC) = -1 ENOENT (No such file or directory)
12:50:59 open("tls/x86_64/libnss_files.so.2", O_RDONLY|O_CLOEXEC) = -1 ENOENT (No such file or directory)
12:50:59 open("tls/libnss_files.so.2", O_RDONLY|O_CLOEXEC) = -1 ENOENT (No such file or directory)
12:50:59 open("x86_64/libnss_files.so.2", O_RDONLY|O_CLOEXEC) = -1 ENOENT (No such file or directory)
12:50:59 open("libnss_files.so.2", O_RDONLY|O_CLOEXEC) = -1 ENOENT (No such file or directory)
12:50:59 open("/.singularity.d/libs/libnss_files.so.2", O_RDONLY|O_CLOEXEC) = -1 ENOENT (No such file or directory)
12:50:59 access("/etc/ld.so.nohwcap", F_OK) = -1 ENOENT (No such file or directory)
12:50:59 open("/lib/x86_64-linux-gnu/libnss_files.so.2", O_RDONLY|O_CLOEXEC) = 11
12:50:59 read(11, "\177ELF\2\1\1\0\0\0\0\0\0\0\0\0\3\0>\0\1\0\0\0\240\"\0\0\0\0\0\0"..., 832) = 832
12:50:59 fstat(11, {st_mode=S_IFREG|0644, st_size=43616, ...}) = 0
12:50:59 mmap(NULL, 2139944, PROT_READ|PROT_EXEC, MAP_PRIVATE|MAP_DENYWRITE, 11, 0) = 0x7f318b2e0000
12:50:59 mprotect(0x7f318b2ea000, 2093056, PROT_NONE) = 0
12:50:59 mmap(0x7f318b4e9000, 8192, PROT_READ|PROT_WRITE, MAP_PRIVATE|MAP_FIXED|MAP_DENYWRITE, 11, 0x9000) = 0x7f318b4e9000
12:50:59 close(11)                      = 0
12:50:59 mprotect(0x7f318b4e9000, 4096, PROT_READ) = 0
12:50:59 mprotect(0x7f318b6f5000, 4096, PROT_READ) = 0
12:50:59 munmap(0x7f318ca32000, 37006)  = 0
12:50:59 open("/etc/passwd", O_RDONLY|O_CLOEXEC) = 11
12:50:59 lseek(11, 0, SEEK_CUR)         = 0
12:50:59 fstat(11, {st_mode=S_IFREG|0644, st_size=1018, ...}) = 0
12:50:59 mmap(NULL, 1018, PROT_READ, MAP_SHARED, 11, 0) = 0x7f318ca3b000
12:50:59 lseek(11, 1018, SEEK_SET)      = 1018
12:50:59 munmap(0x7f318ca3b000, 1018)   = 0
12:50:59 close(11)                      = 0
12:50:59 stat("/home/vanessa", {st_mode=S_IFDIR|0755, st_size=4096, ...}) = 0
12:50:59 stat(".", {st_mode=S_IFDIR|0775, st_size=4096, ...}) = 0
12:50:59 stat("/home/vanessa/Documents/Dropbox/Code/ftw/hello-world-ftw", {st_mode=S_IFDIR|0775, st_size=4096, ...}) = 0
12:50:59 stat(".", {st_mode=S_IFDIR|0775, st_size=4096, ...}) = 0
12:50:59 open("/usr/lib/x86_64-linux-gnu/gconv/gconv-modules.cache", O_RDONLY) = 11
12:50:59 fstat(11, {st_mode=S_IFREG|0644, st_size=26258, ...}) = 0
12:50:59 mmap(NULL, 26258, PROT_READ, MAP_SHARED, 11, 0) = 0x7f318ca35000
12:50:59 close(11)                      = 0
12:50:59 uname({sys="Linux", node="vanessa-ThinkPad-T460s", ...}) = 0
12:50:59 open("/proc/self/loginuid", O_RDONLY) = 11
12:50:59 read(11, "4294967295", 12)     = 10
12:50:59 close(11)                      = 0
12:50:59 open("/etc/passwd", O_RDONLY|O_CLOEXEC) = 11
12:50:59 lseek(11, 0, SEEK_CUR)         = 0
12:50:59 fstat(11, {st_mode=S_IFREG|0644, st_size=1018, ...}) = 0
12:50:59 mmap(NULL, 1018, PROT_READ, MAP_SHARED, 11, 0) = 0x7f318ca34000
12:50:59 lseek(11, 1018, SEEK_SET)      = 1018
12:50:59 fstat(11, {st_mode=S_IFREG|0644, st_size=1018, ...}) = 0
12:50:59 munmap(0x7f318ca34000, 1018)   = 0
12:50:59 close(11)                      = 0
12:50:59 ioctl(0, SNDCTL_TMR_TIMEBASE or SNDRV_TIMER_IOCTL_NEXT_DEVICE or TCGETS, {B38400 opost isig icanon echo ...}) = 0
12:50:59 fstat(0, {st_mode=S_IFCHR|0620, st_rdev=makedev(136, 28), ...}) = 0
12:50:59 readlink("/proc/self/fd/0", "/dev/pts/28", 511) = 11
12:50:59 stat("/dev/pts/28", {st_mode=S_IFCHR|0620, st_rdev=makedev(136, 28), ...}) = 0
12:50:59 access("/var/run/utmpx", F_OK) = -1 ENOENT (No such file or directory)
12:50:59 open("/var/run/utmp", O_RDONLY|O_CLOEXEC) = 11
12:50:59 lseek(11, 0, SEEK_SET)         = 0
12:50:59 alarm(0)                       = 0
12:50:59 rt_sigaction(SIGALRM, {0x7f318bc52870, [], SA_RESTORER, 0x7f318bb51cb0}, {SIG_DFL, [], 0}, 8) = 0
12:50:59 alarm(10)                      = 0
12:50:59 fcntl(11, F_SETLKW, {type=F_RDLCK, whence=SEEK_SET, start=0, len=0}) = 0
12:50:59 read(11, "", 384)              = 0
12:50:59 fcntl(11, F_SETLKW, {type=F_UNLCK, whence=SEEK_SET, start=0, len=0}) = 0
12:50:59 alarm(0)                       = 10
12:50:59 rt_sigaction(SIGALRM, {SIG_DFL, [], SA_RESTORER, 0x7f318bb51cb0}, NULL, 8) = 0
12:50:59 close(11)                      = 0
12:50:59 mmap(NULL, 16384, PROT_READ|PROT_WRITE, MAP_PRIVATE|MAP_ANONYMOUS, -1, 0) = 0x7f318c8a1000
12:50:59 munmap(0x7f318c8a1000, 16384)  = 0
12:50:59 uname({sys="Linux", node="vanessa-ThinkPad-T460s", ...}) = 0
12:50:59 ioctl(10, TIOCGWINSZ, {ws_row=49, ws_col=136, ws_xpixel=0, ws_ypixel=0}) = 0
12:50:59 getrlimit(RLIMIT_CPU, {rlim_cur=RLIM64_INFINITY, rlim_max=RLIM64_INFINITY}) = 0
12:50:59 getrlimit(RLIMIT_FSIZE, {rlim_cur=RLIM64_INFINITY, rlim_max=RLIM64_INFINITY}) = 0
12:50:59 getrlimit(RLIMIT_DATA, {rlim_cur=RLIM64_INFINITY, rlim_max=RLIM64_INFINITY}) = 0
12:50:59 getrlimit(RLIMIT_STACK, {rlim_cur=8192*1024, rlim_max=RLIM64_INFINITY}) = 0
12:50:59 getrlimit(RLIMIT_CORE, {rlim_cur=0, rlim_max=RLIM64_INFINITY}) = 0
12:50:59 getrlimit(RLIMIT_RSS, {rlim_cur=RLIM64_INFINITY, rlim_max=RLIM64_INFINITY}) = 0
12:50:59 getrlimit(RLIMIT_NPROC, {rlim_cur=79303, rlim_max=79303}) = 0
12:50:59 getrlimit(RLIMIT_NOFILE, {rlim_cur=1024, rlim_max=64*1024}) = 0
12:50:59 getrlimit(RLIMIT_MEMLOCK, {rlim_cur=64*1024, rlim_max=64*1024}) = 0
12:50:59 getrlimit(RLIMIT_AS, {rlim_cur=RLIM64_INFINITY, rlim_max=RLIM64_INFINITY}) = 0
12:50:59 getrlimit(RLIMIT_LOCKS, {rlim_cur=RLIM64_INFINITY, rlim_max=RLIM64_INFINITY}) = 0
12:50:59 getrlimit(RLIMIT_SIGPENDING, {rlim_cur=79303, rlim_max=79303}) = 0
12:50:59 getrlimit(RLIMIT_MSGQUEUE, {rlim_cur=800*1024, rlim_max=800*1024}) = 0
12:50:59 getrlimit(RLIMIT_NICE, {rlim_cur=0, rlim_max=0}) = 0
12:50:59 getrlimit(RLIMIT_RTPRIO, {rlim_cur=0, rlim_max=0}) = 0
12:50:59 getrlimit(RLIMIT_RTTIME, {rlim_cur=RLIM64_INFINITY, rlim_max=RLIM64_INFINITY}) = 0
12:50:59 getrusage(RUSAGE_CHILDREN, {ru_utime={0, 0}, ru_stime={0, 0}, ...}) = 0
12:50:59 close(3)                       = 0
12:50:59 close(4)                       = 0
12:50:59 close(5)                       = 0
12:50:59 close(6)                       = 0
12:50:59 close(7)                       = 0
12:50:59 close(8)                       = 0
12:50:59 close(9)                       = 0
12:50:59 rt_sigaction(SIGQUIT, {SIG_IGN, [QUIT], SA_RESTORER|SA_RESTART, 0x7f318bb51cb0}, {SIG_DFL, [], 0}, 8) = 0
12:50:59 rt_sigaction(SIGHUP, {SIG_IGN, [HUP], SA_RESTORER|SA_RESTART, 0x7f318bb51cb0}, {SIG_DFL, [], 0}, 8) = 0
12:50:59 rt_sigaction(SIGHUP, {0x4729d0, [], SA_RESTORER, 0x7f318bb51cb0}, NULL, 8) = 0
12:50:59 rt_sigaction(SIGCHLD, {0x4729d0, [], SA_RESTORER, 0x7f318bb51cb0}, NULL, 8) = 0
12:50:59 rt_sigaction(SIGWINCH, {0x4729d0, [], SA_RESTORER, 0x7f318bb51cb0}, NULL, 8) = 0
12:50:59 mmap(NULL, 16384, PROT_READ|PROT_WRITE, MAP_PRIVATE|MAP_ANONYMOUS, -1, 0) = 0x7f318c8a1000
12:50:59 stat("/etc/zsh/zshenv.zwc", 0x7ffef9d2fb60) = -1 ENOENT (No such file or directory)
12:50:59 stat("/etc/zsh/zshenv", {st_mode=S_IFREG|0644, st_size=623, ...}) = 0
12:50:59 open("/etc/zsh/zshenv", O_RDONLY|O_NOCTTY) = 3
12:50:59 fcntl(3, F_DUPFD, 10)          = 11
12:50:59 close(3)                       = 0
12:50:59 fcntl(11, F_GETFL)             = 0x8000 (flags O_RDONLY|O_LARGEFILE)
12:50:59 fstat(11, {st_mode=S_IFREG|0644, st_size=623, ...}) = 0
12:50:59 mmap(NULL, 4096, PROT_READ|PROT_WRITE, MAP_PRIVATE|MAP_ANONYMOUS, -1, 0) = 0x7f318ca34000
12:50:59 lseek(11, 0, SEEK_CUR)         = 0
12:50:59 read(11, "# /etc/zsh/zshenv: system-wide ."..., 4096) = 623
12:50:59 rt_sigprocmask(SIG_BLOCK, [CHLD], [], 8) = 0
12:50:59 rt_sigprocmask(SIG_BLOCK, [CHLD], [CHLD], 8) = 0
12:50:59 rt_sigprocmask(SIG_UNBLOCK, [CHLD], [CHLD], 8) = 0
12:50:59 read(11, "", 4096)             = 0
12:50:59 close(11)                      = 0
12:50:59 munmap(0x7f318ca34000, 4096)   = 0
12:50:59 stat("/home/vanessa/.zshenv.zwc", 0x7ffef9d2f990) = -1 ENOENT (No such file or directory)
12:50:59 stat("/home/vanessa/.zshenv", 0x7ffef9d2fa20) = -1 ENOENT (No such file or directory)
12:50:59 open("/home/vanessa/.zshenv", O_RDONLY|O_NOCTTY) = -1 ENOENT (No such file or directory)
12:50:59 access("/scif/apps/zsh/hello-world.zsh", F_OK) = 0
12:50:59 stat("/scif/apps/zsh/hello-world.zsh", {st_mode=S_IFREG|0764, st_size=35, ...}) = 0
12:50:59 open("/scif/apps/zsh/hello-world.zsh", O_RDONLY|O_NOCTTY) = 3
12:50:59 fcntl(3, F_DUPFD, 10)          = 11
12:50:59 close(3)                       = 0
12:50:59 fcntl(11, F_GETFL)             = 0x8000 (flags O_RDONLY|O_LARGEFILE)
12:50:59 fstat(11, {st_mode=S_IFREG|0764, st_size=35, ...}) = 0
12:50:59 mmap(NULL, 4096, PROT_READ|PROT_WRITE, MAP_PRIVATE|MAP_ANONYMOUS, -1, 0) = 0x7f318ca34000
12:50:59 lseek(11, 0, SEEK_CUR)         = 0
12:50:59 read(11, "#!/bin/zsh\necho \"RaawwWWWWWRRRR!"..., 4096) = 35
12:50:59 rt_sigprocmask(SIG_BLOCK, [CHLD], [], 8) = 0
12:50:59 write(1, "RaawwWWWWWRRRR!!\n", 17) = 17
12:50:59 rt_sigprocmask(SIG_BLOCK, [CHLD], [CHLD], 8) = 0
12:50:59 rt_sigprocmask(SIG_UNBLOCK, [CHLD], [CHLD], 8) = 0
12:50:59 read(11, "", 4096)             = 0
12:50:59 exit_group(0)                  = ?
12:50:59 +++ exited with 0 +++
% time     seconds  usecs/call     calls    errors syscall
------ ----------- ----------- --------- --------- ----------------
  0.00    0.000000           0        17           read
  0.00    0.000000           0         1           write
  0.00    0.000000           0        83        61 open
  0.00    0.000000           0        32           close
  0.00    0.000000           0        19         9 stat
  0.00    0.000000           0        22           fstat
  0.00    0.000000           0         7           lseek
  0.00    0.000000           0        36           mmap
  0.00    0.000000           0        20           mprotect
  0.00    0.000000           0         8           munmap
  0.00    0.000000           0         3           brk
  0.00    0.000000           0         7           rt_sigaction
  0.00    0.000000           0         6           rt_sigprocmask
  0.00    0.000000           0         5           ioctl
  0.00    0.000000           0        13        12 access
  0.00    0.000000           0         1           pipe
  0.00    0.000000           0         5           dup
  0.00    0.000000           0         3           alarm
  0.00    0.000000           0         1           getpid
  0.00    0.000000           0         2           socket
  0.00    0.000000           0         2         2 connect
  0.00    0.000000           0         1           execve
  0.00    0.000000           0         2           uname
  0.00    0.000000           0         9           fcntl
  0.00    0.000000           0         2           readlink
  0.00    0.000000           0        17           getrlimit
  0.00    0.000000           0         1           getrusage
  0.00    0.000000           0         2           getuid
  0.00    0.000000           0         1           getgid
  0.00    0.000000           0         1           geteuid
  0.00    0.000000           0         1           getegid
  0.00    0.000000           0         1           getppid
  0.00    0.000000           0         1           arch_prctl
------ ----------- ----------- --------- --------- ----------------
100.00    0.000000                   332        84 total
