12:50:54 execve("/bin/bash", ["/bin/bash", "hello-world.bash"], [/* 76 vars */]) = 0
12:50:54 brk(0)                         = 0x1260000
12:50:54 access("/etc/ld.so.nohwcap", F_OK) = -1 ENOENT (No such file or directory)
12:50:54 mmap(NULL, 8192, PROT_READ|PROT_WRITE, MAP_PRIVATE|MAP_ANONYMOUS, -1, 0) = 0x7fbe85138000
12:50:54 access("/etc/ld.so.preload", R_OK) = -1 ENOENT (No such file or directory)
12:50:54 open("/scif/apps/bash/lib/tls/x86_64/libtinfo.so.5", O_RDONLY|O_CLOEXEC) = -1 ENOENT (No such file or directory)
12:50:54 stat("/scif/apps/bash/lib/tls/x86_64", 0x7ffe1765df20) = -1 ENOENT (No such file or directory)
12:50:54 open("/scif/apps/bash/lib/tls/libtinfo.so.5", O_RDONLY|O_CLOEXEC) = -1 ENOENT (No such file or directory)
12:50:54 stat("/scif/apps/bash/lib/tls", 0x7ffe1765df20) = -1 ENOENT (No such file or directory)
12:50:54 open("/scif/apps/bash/lib/x86_64/libtinfo.so.5", O_RDONLY|O_CLOEXEC) = -1 ENOENT (No such file or directory)
12:50:54 stat("/scif/apps/bash/lib/x86_64", 0x7ffe1765df20) = -1 ENOENT (No such file or directory)
12:50:54 open("/scif/apps/bash/lib/libtinfo.so.5", O_RDONLY|O_CLOEXEC) = -1 ENOENT (No such file or directory)
12:50:54 stat("/scif/apps/bash/lib", {st_mode=S_IFDIR|0775, st_size=4096, ...}) = 0
12:50:54 open("tls/x86_64/libtinfo.so.5", O_RDONLY|O_CLOEXEC) = -1 ENOENT (No such file or directory)
12:50:54 open("tls/libtinfo.so.5", O_RDONLY|O_CLOEXEC) = -1 ENOENT (No such file or directory)
12:50:54 open("x86_64/libtinfo.so.5", O_RDONLY|O_CLOEXEC) = -1 ENOENT (No such file or directory)
12:50:54 open("libtinfo.so.5", O_RDONLY|O_CLOEXEC) = -1 ENOENT (No such file or directory)
12:50:54 open("/.singularity.d/libs/tls/x86_64/libtinfo.so.5", O_RDONLY|O_CLOEXEC) = -1 ENOENT (No such file or directory)
12:50:54 stat("/.singularity.d/libs/tls/x86_64", 0x7ffe1765df20) = -1 ENOENT (No such file or directory)
12:50:54 open("/.singularity.d/libs/tls/libtinfo.so.5", O_RDONLY|O_CLOEXEC) = -1 ENOENT (No such file or directory)
12:50:54 stat("/.singularity.d/libs/tls", 0x7ffe1765df20) = -1 ENOENT (No such file or directory)
12:50:54 open("/.singularity.d/libs/x86_64/libtinfo.so.5", O_RDONLY|O_CLOEXEC) = -1 ENOENT (No such file or directory)
12:50:54 stat("/.singularity.d/libs/x86_64", 0x7ffe1765df20) = -1 ENOENT (No such file or directory)
12:50:54 open("/.singularity.d/libs/libtinfo.so.5", O_RDONLY|O_CLOEXEC) = -1 ENOENT (No such file or directory)
12:50:54 stat("/.singularity.d/libs", {st_mode=S_IFDIR|0755, st_size=4096, ...}) = 0
12:50:54 open("/etc/ld.so.cache", O_RDONLY|O_CLOEXEC) = 3
12:50:54 fstat(3, {st_mode=S_IFREG|0644, st_size=37006, ...}) = 0
12:50:54 mmap(NULL, 37006, PROT_READ, MAP_PRIVATE, 3, 0) = 0x7fbe8512e000
12:50:54 close(3)                       = 0
12:50:54 access("/etc/ld.so.nohwcap", F_OK) = -1 ENOENT (No such file or directory)
12:50:54 open("/lib/x86_64-linux-gnu/libtinfo.so.5", O_RDONLY|O_CLOEXEC) = 3
12:50:54 read(3, "\177ELF\2\1\1\0\0\0\0\0\0\0\0\0\3\0>\0\1\0\0\0\320\303\0\0\0\0\0\0"..., 832) = 832
12:50:54 fstat(3, {st_mode=S_IFREG|0644, st_size=167096, ...}) = 0
12:50:54 mmap(NULL, 2264288, PROT_READ|PROT_EXEC, MAP_PRIVATE|MAP_DENYWRITE, 3, 0) = 0x7fbe84cef000
12:50:54 mprotect(0x7fbe84d14000, 2093056, PROT_NONE) = 0
12:50:54 mmap(0x7fbe84f13000, 20480, PROT_READ|PROT_WRITE, MAP_PRIVATE|MAP_FIXED|MAP_DENYWRITE, 3, 0x24000) = 0x7fbe84f13000
12:50:54 close(3)                       = 0
12:50:54 open("/scif/apps/bash/lib/libdl.so.2", O_RDONLY|O_CLOEXEC) = -1 ENOENT (No such file or directory)
12:50:54 open("tls/x86_64/libdl.so.2", O_RDONLY|O_CLOEXEC) = -1 ENOENT (No such file or directory)
12:50:54 open("tls/libdl.so.2", O_RDONLY|O_CLOEXEC) = -1 ENOENT (No such file or directory)
12:50:54 open("x86_64/libdl.so.2", O_RDONLY|O_CLOEXEC) = -1 ENOENT (No such file or directory)
12:50:54 open("libdl.so.2", O_RDONLY|O_CLOEXEC) = -1 ENOENT (No such file or directory)
12:50:54 open("/.singularity.d/libs/libdl.so.2", O_RDONLY|O_CLOEXEC) = -1 ENOENT (No such file or directory)
12:50:54 access("/etc/ld.so.nohwcap", F_OK) = -1 ENOENT (No such file or directory)
12:50:54 open("/lib/x86_64-linux-gnu/libdl.so.2", O_RDONLY|O_CLOEXEC) = 3
12:50:54 read(3, "\177ELF\2\1\1\0\0\0\0\0\0\0\0\0\3\0>\0\1\0\0\0\320\16\0\0\0\0\0\0"..., 832) = 832
12:50:54 fstat(3, {st_mode=S_IFREG|0644, st_size=14664, ...}) = 0
12:50:54 mmap(NULL, 2109744, PROT_READ|PROT_EXEC, MAP_PRIVATE|MAP_DENYWRITE, 3, 0) = 0x7fbe84aeb000
12:50:54 mprotect(0x7fbe84aee000, 2093056, PROT_NONE) = 0
12:50:54 mmap(0x7fbe84ced000, 8192, PROT_READ|PROT_WRITE, MAP_PRIVATE|MAP_FIXED|MAP_DENYWRITE, 3, 0x2000) = 0x7fbe84ced000
12:50:54 close(3)                       = 0
12:50:54 open("/scif/apps/bash/lib/libc.so.6", O_RDONLY|O_CLOEXEC) = -1 ENOENT (No such file or directory)
12:50:54 open("tls/x86_64/libc.so.6", O_RDONLY|O_CLOEXEC) = -1 ENOENT (No such file or directory)
12:50:54 open("tls/libc.so.6", O_RDONLY|O_CLOEXEC) = -1 ENOENT (No such file or directory)
12:50:54 open("x86_64/libc.so.6", O_RDONLY|O_CLOEXEC) = -1 ENOENT (No such file or directory)
12:50:54 open("libc.so.6", O_RDONLY|O_CLOEXEC) = -1 ENOENT (No such file or directory)
12:50:54 open("/.singularity.d/libs/libc.so.6", O_RDONLY|O_CLOEXEC) = -1 ENOENT (No such file or directory)
12:50:54 access("/etc/ld.so.nohwcap", F_OK) = -1 ENOENT (No such file or directory)
12:50:54 open("/lib/x86_64-linux-gnu/libc.so.6", O_RDONLY|O_CLOEXEC) = 3
12:50:54 read(3, "\177ELF\2\1\1\0\0\0\0\0\0\0\0\0\3\0>\0\1\0\0\0P \2\0\0\0\0\0"..., 832) = 832
12:50:54 fstat(3, {st_mode=S_IFREG|0755, st_size=1857312, ...}) = 0
12:50:54 mmap(NULL, 4096, PROT_READ|PROT_WRITE, MAP_PRIVATE|MAP_ANONYMOUS, -1, 0) = 0x7fbe8512d000
12:50:54 mmap(NULL, 3965632, PROT_READ|PROT_EXEC, MAP_PRIVATE|MAP_DENYWRITE, 3, 0) = 0x7fbe84722000
12:50:54 mprotect(0x7fbe848e0000, 2097152, PROT_NONE) = 0
12:50:54 mmap(0x7fbe84ae0000, 24576, PROT_READ|PROT_WRITE, MAP_PRIVATE|MAP_FIXED|MAP_DENYWRITE, 3, 0x1be000) = 0x7fbe84ae0000
12:50:54 mmap(0x7fbe84ae6000, 17088, PROT_READ|PROT_WRITE, MAP_PRIVATE|MAP_FIXED|MAP_ANONYMOUS, -1, 0) = 0x7fbe84ae6000
12:50:54 close(3)                       = 0
12:50:54 mmap(NULL, 8192, PROT_READ|PROT_WRITE, MAP_PRIVATE|MAP_ANONYMOUS, -1, 0) = 0x7fbe8512b000
12:50:54 arch_prctl(ARCH_SET_FS, 0x7fbe8512b740) = 0
12:50:54 mprotect(0x7fbe84ae0000, 16384, PROT_READ) = 0
12:50:54 mprotect(0x7fbe84ced000, 4096, PROT_READ) = 0
12:50:54 mprotect(0x7fbe84f13000, 16384, PROT_READ) = 0
12:50:54 mprotect(0x6ef000, 4096, PROT_READ) = 0
12:50:54 mprotect(0x7fbe8513a000, 4096, PROT_READ) = 0
12:50:54 munmap(0x7fbe8512e000, 37006)  = 0
12:50:54 open("/dev/tty", O_RDWR|O_NONBLOCK) = 3
12:50:54 close(3)                       = 0
12:50:54 brk(0)                         = 0x1260000
12:50:54 brk(0x1261000)                 = 0x1261000
12:50:54 open("/usr/lib/locale/locale-archive", O_RDONLY|O_CLOEXEC) = 3
12:50:54 fstat(3, {st_mode=S_IFREG|0644, st_size=1607664, ...}) = 0
12:50:54 mmap(NULL, 1607664, PROT_READ, MAP_PRIVATE, 3, 0) = 0x7fbe84fa2000
12:50:54 close(3)                       = 0
12:50:54 brk(0x1262000)                 = 0x1262000
12:50:54 brk(0x1263000)                 = 0x1263000
12:50:54 getuid()                       = 1000
12:50:54 getgid()                       = 1000
12:50:54 geteuid()                      = 1000
12:50:54 getegid()                      = 1000
12:50:54 rt_sigprocmask(SIG_BLOCK, NULL, [], 8) = 0
12:50:54 brk(0x1264000)                 = 0x1264000
12:50:54 open("/proc/meminfo", O_RDONLY|O_CLOEXEC) = 3
12:50:54 fstat(3, {st_mode=S_IFREG|0444, st_size=0, ...}) = 0
12:50:54 mmap(NULL, 4096, PROT_READ|PROT_WRITE, MAP_PRIVATE|MAP_ANONYMOUS, -1, 0) = 0x7fbe85137000
12:50:54 read(3, "MemTotal:       20425204 kB\nMemF"..., 1024) = 1024
12:50:54 close(3)                       = 0
12:50:54 munmap(0x7fbe85137000, 4096)   = 0
12:50:54 brk(0x1265000)                 = 0x1265000
12:50:54 rt_sigaction(SIGCHLD, {SIG_DFL, [], SA_RESTORER|SA_RESTART, 0x7fbe84758cb0}, {SIG_DFL, [], 0}, 8) = 0
12:50:54 rt_sigaction(SIGCHLD, {SIG_DFL, [], SA_RESTORER|SA_RESTART, 0x7fbe84758cb0}, {SIG_DFL, [], SA_RESTORER|SA_RESTART, 0x7fbe84758cb0}, 8) = 0
12:50:54 rt_sigaction(SIGINT, {SIG_DFL, [], SA_RESTORER, 0x7fbe84758cb0}, {SIG_DFL, [], 0}, 8) = 0
12:50:54 rt_sigaction(SIGINT, {SIG_DFL, [], SA_RESTORER, 0x7fbe84758cb0}, {SIG_DFL, [], SA_RESTORER, 0x7fbe84758cb0}, 8) = 0
12:50:54 rt_sigaction(SIGQUIT, {SIG_DFL, [], SA_RESTORER, 0x7fbe84758cb0}, {SIG_DFL, [], 0}, 8) = 0
12:50:54 rt_sigaction(SIGQUIT, {SIG_DFL, [], SA_RESTORER, 0x7fbe84758cb0}, {SIG_DFL, [], SA_RESTORER, 0x7fbe84758cb0}, 8) = 0
12:50:54 rt_sigprocmask(SIG_BLOCK, NULL, [], 8) = 0
12:50:54 rt_sigaction(SIGQUIT, {SIG_IGN, [], SA_RESTORER, 0x7fbe84758cb0}, {SIG_DFL, [], SA_RESTORER, 0x7fbe84758cb0}, 8) = 0
12:50:54 uname({sys="Linux", node="vanessa-ThinkPad-T460s", ...}) = 0
12:50:54 brk(0x1266000)                 = 0x1266000
12:50:54 brk(0x1267000)                 = 0x1267000
12:50:54 brk(0x1268000)                 = 0x1268000
12:50:54 brk(0x1269000)                 = 0x1269000
12:50:54 brk(0x126a000)                 = 0x126a000
12:50:54 brk(0x126b000)                 = 0x126b000
12:50:54 brk(0x126c000)                 = 0x126c000
12:50:54 stat("/home/vanessa/Documents/Dropbox/Code/ftw/hello-world-ftw", {st_mode=S_IFDIR|0775, st_size=4096, ...}) = 0
12:50:54 stat(".", {st_mode=S_IFDIR|0775, st_size=4096, ...}) = 0
12:50:54 getpid()                       = 16395
12:50:54 open("/usr/lib/x86_64-linux-gnu/gconv/gconv-modules.cache", O_RDONLY) = 3
12:50:54 fstat(3, {st_mode=S_IFREG|0644, st_size=26258, ...}) = 0
12:50:54 mmap(NULL, 26258, PROT_READ, MAP_SHARED, 3, 0) = 0x7fbe85131000
12:50:54 close(3)                       = 0
12:50:54 getppid()                      = 16389
12:50:54 brk(0x126d000)                 = 0x126d000
12:50:54 brk(0x126e000)                 = 0x126e000
12:50:54 getpgrp()                      = 16389
12:50:54 rt_sigaction(SIGCHLD, {0x4464f0, [], SA_RESTORER|SA_RESTART, 0x7fbe84758cb0}, {SIG_DFL, [], SA_RESTORER|SA_RESTART, 0x7fbe84758cb0}, 8) = 0
12:50:54 getrlimit(RLIMIT_NPROC, {rlim_cur=79303, rlim_max=79303}) = 0
12:50:54 brk(0x126f000)                 = 0x126f000
12:50:54 brk(0x1270000)                 = 0x1270000
12:50:54 brk(0x1271000)                 = 0x1271000
12:50:54 rt_sigprocmask(SIG_BLOCK, NULL, [], 8) = 0
12:50:54 open("hello-world.bash", O_RDONLY) = -1 ENOENT (No such file or directory)
12:50:54 stat(".", {st_mode=S_IFDIR|0775, st_size=4096, ...}) = 0
12:50:54 stat("/scif/apps/bash/bin/hello-world.bash", {st_mode=S_IFREG|0764, st_size=37, ...}) = 0
12:50:54 stat("/scif/apps/bash/bin/hello-world.bash", {st_mode=S_IFREG|0764, st_size=37, ...}) = 0
12:50:54 geteuid()                      = 1000
12:50:54 getegid()                      = 1000
12:50:54 getuid()                       = 1000
12:50:54 getgid()                       = 1000
12:50:54 access("/scif/apps/bash/bin/hello-world.bash", X_OK) = -1 EACCES (Permission denied)
12:50:54 stat("/scif/apps/bash/bin/hello-world.bash", {st_mode=S_IFREG|0764, st_size=37, ...}) = 0
12:50:54 geteuid()                      = 1000
12:50:54 getegid()                      = 1000
12:50:54 getuid()                       = 1000
12:50:54 getgid()                       = 1000
12:50:54 access("/scif/apps/bash/bin/hello-world.bash", R_OK) = 0
12:50:54 stat("/scif/apps/bash/bin/hello-world.bash", {st_mode=S_IFREG|0764, st_size=37, ...}) = 0
12:50:54 stat("/scif/apps/bash/bin/hello-world.bash", {st_mode=S_IFREG|0764, st_size=37, ...}) = 0
12:50:54 geteuid()                      = 1000
12:50:54 getegid()                      = 1000
12:50:54 getuid()                       = 1000
12:50:54 getgid()                       = 1000
12:50:54 access("/scif/apps/bash/bin/hello-world.bash", X_OK) = -1 EACCES (Permission denied)
12:50:54 stat("/scif/apps/bash/bin/hello-world.bash", {st_mode=S_IFREG|0764, st_size=37, ...}) = 0
12:50:54 geteuid()                      = 1000
12:50:54 getegid()                      = 1000
12:50:54 getuid()                       = 1000
12:50:54 getgid()                       = 1000
12:50:54 access("/scif/apps/bash/bin/hello-world.bash", R_OK) = 0
12:50:54 open("/scif/apps/bash/bin/hello-world.bash", O_RDONLY) = 3
12:50:54 ioctl(3, SNDCTL_TMR_TIMEBASE or SNDRV_TIMER_IOCTL_NEXT_DEVICE or TCGETS, 0x7ffe1765e5e0) = -1 ENOTTY (Inappropriate ioctl for device)
12:50:54 lseek(3, 0, SEEK_CUR)          = 0
12:50:54 read(3, "#!/bin/bash\n\necho \"RaawwWWWWWRRR"..., 80) = 37
12:50:54 lseek(3, 0, SEEK_SET)          = 0
12:50:54 getrlimit(RLIMIT_NOFILE, {rlim_cur=1024, rlim_max=64*1024}) = 0
12:50:54 fcntl(255, F_GETFD)            = -1 EBADF (Bad file descriptor)
12:50:54 dup2(3, 255)                   = 255
12:50:54 close(3)                       = 0
12:50:54 fcntl(255, F_SETFD, FD_CLOEXEC) = 0
12:50:54 fcntl(255, F_GETFL)            = 0x8000 (flags O_RDONLY|O_LARGEFILE)
12:50:54 fstat(255, {st_mode=S_IFREG|0764, st_size=37, ...}) = 0
12:50:54 lseek(255, 0, SEEK_CUR)        = 0
12:50:54 brk(0x1272000)                 = 0x1272000
12:50:54 read(255, "#!/bin/bash\n\necho \"RaawwWWWWWRRR"..., 37) = 37
12:50:54 write(1, "RaawwWWWWWRRRR!!\n", 17) = 17
12:50:54 read(255, "", 37)              = 0
12:50:54 rt_sigprocmask(SIG_BLOCK, [CHLD], [], 8) = 0
12:50:54 rt_sigprocmask(SIG_SETMASK, [], NULL, 8) = 0
12:50:54 exit_group(0)                  = ?
12:50:54 +++ exited with 0 +++
% time     seconds  usecs/call     calls    errors syscall
------ ----------- ----------- --------- --------- ----------------
  0.00    0.000000           0         7           read
  0.00    0.000000           0         1           write
  0.00    0.000000           0        34        25 open
  0.00    0.000000           0         9           close
  0.00    0.000000           0        17         6 stat
  0.00    0.000000           0         8           fstat
  0.00    0.000000           0         3           lseek
  0.00    0.000000           0        14           mmap
  0.00    0.000000           0         8           mprotect
  0.00    0.000000           0         2           munmap
  0.00    0.000000           0        20           brk
  0.00    0.000000           0         8           rt_sigaction
  0.00    0.000000           0         5           rt_sigprocmask
  0.00    0.000000           0         1         1 ioctl
  0.00    0.000000           0         9         7 access
  0.00    0.000000           0         1           dup2
  0.00    0.000000           0         1           getpid
  0.00    0.000000           0         1           execve
  0.00    0.000000           0         1           uname
  0.00    0.000000           0         3         1 fcntl
  0.00    0.000000           0         2           getrlimit
  0.00    0.000000           0         5           getuid
  0.00    0.000000           0         5           getgid
  0.00    0.000000           0         5           geteuid
  0.00    0.000000           0         5           getegid
  0.00    0.000000           0         1           getppid
  0.00    0.000000           0         1           getpgrp
  0.00    0.000000           0         1           arch_prctl
------ ----------- ----------- --------- --------- ----------------
100.00    0.000000                   178        40 total
