execve("/usr/local/bin/singularity", ["singularity", "run", "--app", "cpp", "container.ftw"], [/* 17 vars */]) = 0 <0.000208>
brk(NULL)                               = 0x1f04000 <0.000005>
access("/etc/ld.so.nohwcap", F_OK)      = -1 ENOENT (No such file or directory) <0.000008>
mmap(NULL, 8192, PROT_READ|PROT_WRITE, MAP_PRIVATE|MAP_ANONYMOUS, -1, 0) = 0x7ff835f7c000 <0.000006>
access("/etc/ld.so.preload", R_OK)      = -1 ENOENT (No such file or directory) <0.000007>
open("/etc/ld.so.cache", O_RDONLY|O_CLOEXEC) = 3 <0.000009>
fstat(3, {st_mode=S_IFREG|0644, st_size=170578, ...}) = 0 <0.000005>
mmap(NULL, 170578, PROT_READ, MAP_PRIVATE, 3, 0) = 0x7ff835f52000 <0.000006>
close(3)                                = 0 <0.000007>
access("/etc/ld.so.nohwcap", F_OK)      = -1 ENOENT (No such file or directory) <0.000006>
open("/lib/x86_64-linux-gnu/libtinfo.so.5", O_RDONLY|O_CLOEXEC) = 3 <0.000012>
read(3, "\177ELF\2\1\1\0\0\0\0\0\0\0\0\0\3\0>\0\1\0\0\0p\310\0\0\0\0\0\0"..., 832) = 832 <0.000099>
fstat(3, {st_mode=S_IFREG|0644, st_size=167240, ...}) = 0 <0.000005>
mmap(NULL, 2264256, PROT_READ|PROT_EXEC, MAP_PRIVATE|MAP_DENYWRITE, 3, 0) = 0x7ff835b30000 <0.000007>
mprotect(0x7ff835b55000, 2093056, PROT_NONE) = 0 <0.000010>
mmap(0x7ff835d54000, 20480, PROT_READ|PROT_WRITE, MAP_PRIVATE|MAP_FIXED|MAP_DENYWRITE, 3, 0x24000) = 0x7ff835d54000 <0.000008>
close(3)                                = 0 <0.000005>
access("/etc/ld.so.nohwcap", F_OK)      = -1 ENOENT (No such file or directory) <0.000007>
open("/lib/x86_64-linux-gnu/libdl.so.2", O_RDONLY|O_CLOEXEC) = 3 <0.000009>
read(3, "\177ELF\2\1\1\0\0\0\0\0\0\0\0\0\3\0>\0\1\0\0\0\240\r\0\0\0\0\0\0"..., 832) = 832 <0.000005>
fstat(3, {st_mode=S_IFREG|0644, st_size=14608, ...}) = 0 <0.000004>
mmap(NULL, 2109680, PROT_READ|PROT_EXEC, MAP_PRIVATE|MAP_DENYWRITE, 3, 0) = 0x7ff83592c000 <0.000007>
mprotect(0x7ff83592f000, 2093056, PROT_NONE) = 0 <0.000009>
mmap(0x7ff835b2e000, 8192, PROT_READ|PROT_WRITE, MAP_PRIVATE|MAP_FIXED|MAP_DENYWRITE, 3, 0x2000) = 0x7ff835b2e000 <0.000007>
close(3)                                = 0 <0.000004>
access("/etc/ld.so.nohwcap", F_OK)      = -1 ENOENT (No such file or directory) <0.000006>
open("/lib/x86_64-linux-gnu/libc.so.6", O_RDONLY|O_CLOEXEC) = 3 <0.000007>
read(3, "\177ELF\2\1\1\3\0\0\0\0\0\0\0\0\3\0>\0\1\0\0\0P\t\2\0\0\0\0\0"..., 832) = 832 <0.000006>
fstat(3, {st_mode=S_IFREG|0755, st_size=1868984, ...}) = 0 <0.000005>
mmap(NULL, 4096, PROT_READ|PROT_WRITE, MAP_PRIVATE|MAP_ANONYMOUS, -1, 0) = 0x7ff835f51000 <0.000006>
mmap(NULL, 3971488, PROT_READ|PROT_EXEC, MAP_PRIVATE|MAP_DENYWRITE, 3, 0) = 0x7ff835562000 <0.000007>
mprotect(0x7ff835722000, 2097152, PROT_NONE) = 0 <0.000012>
mmap(0x7ff835922000, 24576, PROT_READ|PROT_WRITE, MAP_PRIVATE|MAP_FIXED|MAP_DENYWRITE, 3, 0x1c0000) = 0x7ff835922000 <0.000009>
mmap(0x7ff835928000, 14752, PROT_READ|PROT_WRITE, MAP_PRIVATE|MAP_FIXED|MAP_ANONYMOUS, -1, 0) = 0x7ff835928000 <0.000006>
close(3)                                = 0 <0.000005>
mmap(NULL, 4096, PROT_READ|PROT_WRITE, MAP_PRIVATE|MAP_ANONYMOUS, -1, 0) = 0x7ff835f50000 <0.000006>
mmap(NULL, 4096, PROT_READ|PROT_WRITE, MAP_PRIVATE|MAP_ANONYMOUS, -1, 0) = 0x7ff835f4f000 <0.000005>
mmap(NULL, 4096, PROT_READ|PROT_WRITE, MAP_PRIVATE|MAP_ANONYMOUS, -1, 0) = 0x7ff835f4e000 <0.000005>
arch_prctl(ARCH_SET_FS, 0x7ff835f4f700) = 0 <0.000005>
mprotect(0x7ff835922000, 16384, PROT_READ) = 0 <0.000008>
mprotect(0x7ff835b2e000, 4096, PROT_READ) = 0 <0.000007>
mprotect(0x7ff835d54000, 16384, PROT_READ) = 0 <0.000007>
mprotect(0x6f3000, 4096, PROT_READ)     = 0 <0.000007>
mprotect(0x7ff835f7e000, 4096, PROT_READ) = 0 <0.000009>
munmap(0x7ff835f52000, 170578)          = 0 <0.000013>
open("/dev/tty", O_RDWR|O_NONBLOCK)     = 3 <0.000011>
close(3)                                = 0 <0.000007>
brk(NULL)                               = 0x1f04000 <0.000005>
brk(0x1f05000)                          = 0x1f05000 <0.000006>
open("/usr/lib/locale/locale-archive", O_RDONLY|O_CLOEXEC) = 3 <0.000008>
fstat(3, {st_mode=S_IFREG|0644, st_size=2981280, ...}) = 0 <0.000005>
mmap(NULL, 2981280, PROT_READ, MAP_PRIVATE, 3, 0) = 0x7ff83528a000 <0.000009>
close(3)                                = 0 <0.000005>
brk(0x1f06000)                          = 0x1f06000 <0.000006>
brk(0x1f07000)                          = 0x1f07000 <0.000005>
getuid()                                = 1000 <0.000005>
getgid()                                = 1000 <0.000005>
geteuid()                               = 1000 <0.000004>
getegid()                               = 1000 <0.000004>
rt_sigprocmask(SIG_BLOCK, NULL, [], 8)  = 0 <0.000005>
brk(0x1f08000)                          = 0x1f08000 <0.000005>
sysinfo({uptime=554643, loads=[36224, 59232, 60320], totalram=20915408896, freeram=348340224, sharedram=561664000, bufferram=2210938880, totalswap=21335371776, freeswap=17662914560, procs=1607, totalhigh=0, freehigh=0, mem_unit=1}) = 0 <0.000006>
brk(0x1f09000)                          = 0x1f09000 <0.000006>
rt_sigaction(SIGCHLD, {SIG_DFL, [], SA_RESTORER|SA_RESTART, 0x7ff8355974b0}, {SIG_DFL, [], 0}, 8) = 0 <0.000005>
rt_sigaction(SIGCHLD, {SIG_DFL, [], SA_RESTORER|SA_RESTART, 0x7ff8355974b0}, {SIG_DFL, [], SA_RESTORER|SA_RESTART, 0x7ff8355974b0}, 8) = 0 <0.000004>
rt_sigaction(SIGINT, {SIG_DFL, [], SA_RESTORER, 0x7ff8355974b0}, {SIG_DFL, [], 0}, 8) = 0 <0.000016>
rt_sigaction(SIGINT, {SIG_DFL, [], SA_RESTORER, 0x7ff8355974b0}, {SIG_DFL, [], SA_RESTORER, 0x7ff8355974b0}, 8) = 0 <0.000005>
rt_sigaction(SIGQUIT, {SIG_DFL, [], SA_RESTORER, 0x7ff8355974b0}, {SIG_DFL, [], 0}, 8) = 0 <0.000004>
rt_sigaction(SIGQUIT, {SIG_DFL, [], SA_RESTORER, 0x7ff8355974b0}, {SIG_DFL, [], SA_RESTORER, 0x7ff8355974b0}, 8) = 0 <0.000004>
rt_sigprocmask(SIG_BLOCK, NULL, [], 8)  = 0 <0.000004>
rt_sigaction(SIGQUIT, {SIG_IGN, [], SA_RESTORER, 0x7ff8355974b0}, {SIG_DFL, [], SA_RESTORER, 0x7ff8355974b0}, 8) = 0 <0.000005>
uname({sysname="Linux", nodename="vanessa-ThinkPad-T460s", ...}) = 0 <0.000005>
brk(0x1f0a000)                          = 0x1f0a000 <0.000006>
brk(0x1f0b000)                          = 0x1f0b000 <0.000005>
brk(0x1f0d000)                          = 0x1f0d000 <0.000005>
getcwd("/home/vanessa/Documents/Dropbox/Code/ftw/hello-world-ftw", 4096) = 57 <0.000006>
getpid()                                = 3925 <0.000004>
open("/usr/lib/x86_64-linux-gnu/gconv/gconv-modules.cache", O_RDONLY) = 3 <0.000010>
fstat(3, {st_mode=S_IFREG|0644, st_size=26258, ...}) = 0 <0.000005>
mmap(NULL, 26258, PROT_READ, MAP_SHARED, 3, 0) = 0x7ff835f75000 <0.000008>
close(3)                                = 0 <0.000005>
getppid()                               = 3923 <0.000004>
brk(0x1f0e000)                          = 0x1f0e000 <0.000005>
getpgrp()                               = 3922 <0.000005>
rt_sigaction(SIGCHLD, {0x447ad0, [], SA_RESTORER|SA_RESTART, 0x7ff8355974b0}, {SIG_DFL, [], SA_RESTORER|SA_RESTART, 0x7ff8355974b0}, 8) = 0 <0.000005>
getrlimit(RLIMIT_NPROC, {rlim_cur=79303, rlim_max=79303}) = 0 <0.000005>
brk(0x1f0f000)                          = 0x1f0f000 <0.000005>
rt_sigprocmask(SIG_BLOCK, NULL, [], 8)  = 0 <0.000004>
open("/usr/local/bin/singularity", O_RDONLY) = 3 <0.000009>
ioctl(3, TCGETS, 0x7ffcd06e09c0)        = -1 ENOTTY (Inappropriate ioctl for device) <0.000005>
lseek(3, 0, SEEK_CUR)                   = 0 <0.000004>
read(3, "#!/bin/bash\n# \n# Copyright (c) 2"..., 80) = 80 <0.000006>
lseek(3, 0, SEEK_SET)                   = 0 <0.000004>
getrlimit(RLIMIT_NOFILE, {rlim_cur=1024, rlim_max=64*1024}) = 0 <0.000005>
fcntl(255, F_GETFD)                     = -1 EBADF (Bad file descriptor) <0.000005>
dup2(3, 255)                            = 255 <0.000006>
close(3)                                = 0 <0.000005>
fcntl(255, F_SETFD, FD_CLOEXEC)         = 0 <0.000004>
fcntl(255, F_GETFL)                     = 0x8000 (flags O_RDONLY|O_LARGEFILE) <0.000004>
fstat(255, {st_mode=S_IFREG|0755, st_size=4988, ...}) = 0 <0.000005>
lseek(255, 0, SEEK_CUR)                 = 0 <0.000004>
brk(0x1f11000)                          = 0x1f11000 <0.000005>
brk(0x1f12000)                          = 0x1f12000 <0.000005>
read(255, "#!/bin/bash\n# \n# Copyright (c) 2"..., 4988) = 4988 <0.000007>
brk(0x1f13000)                          = 0x1f13000 <0.000007>
brk(0x1f14000)                          = 0x1f14000 <0.000005>
stat("/usr/local/libexec/singularity/functions", {st_mode=S_IFREG|0755, st_size=11097, ...}) = 0 <0.000009>
open("/usr/local/libexec/singularity/functions", O_RDONLY) = 3 <0.000008>
fstat(3, {st_mode=S_IFREG|0755, st_size=11097, ...}) = 0 <0.000005>
brk(0x1f18000)                          = 0x1f18000 <0.000006>
read(3, "#!/bin/bash\n#\n# Copyright (c) 20"..., 11097) = 11097 <0.000007>
close(3)                                = 0 <0.000006>
rt_sigprocmask(SIG_BLOCK, NULL, [], 8)  = 0 <0.000005>
brk(0x1f19000)                          = 0x1f19000 <0.000006>
brk(0x1f1a000)                          = 0x1f1a000 <0.000006>
brk(0x1f1b000)                          = 0x1f1b000 <0.000006>
brk(0x1f1c000)                          = 0x1f1c000 <0.000005>
brk(0x1f1d000)                          = 0x1f1d000 <0.000005>
brk(0x1f1e000)                          = 0x1f1e000 <0.000006>
brk(0x1f1f000)                          = 0x1f1f000 <0.000005>
brk(0x1f20000)                          = 0x1f20000 <0.000005>
brk(0x1f21000)                          = 0x1f21000 <0.000005>
brk(0x1f22000)                          = 0x1f22000 <0.000005>
brk(0x1f23000)                          = 0x1f23000 <0.000005>
brk(0x1f24000)                          = 0x1f24000 <0.000005>
brk(0x1f25000)                          = 0x1f25000 <0.000005>
brk(0x1f26000)                          = 0x1f26000 <0.000005>
brk(0x1f27000)                          = 0x1f27000 <0.000005>
brk(0x1f28000)                          = 0x1f28000 <0.000006>
brk(0x1f29000)                          = 0x1f29000 <0.000005>
brk(0x1f2a000)                          = 0x1f2a000 <0.000005>
brk(0x1f2b000)                          = 0x1f2b000 <0.000005>
brk(0x1f2c000)                          = 0x1f2c000 <0.000005>
brk(0x1f2d000)                          = 0x1f2d000 <0.000005>
brk(0x1f2e000)                          = 0x1f2e000 <0.000005>
brk(0x1f2f000)                          = 0x1f2f000 <0.000005>
brk(0x1f30000)                          = 0x1f30000 <0.000005>
brk(0x1f31000)                          = 0x1f31000 <0.000005>
brk(0x1f32000)                          = 0x1f32000 <0.000005>
brk(0x1f33000)                          = 0x1f33000 <0.000005>
brk(0x1f34000)                          = 0x1f34000 <0.000006>
brk(0x1f35000)                          = 0x1f35000 <0.000005>
brk(0x1f36000)                          = 0x1f36000 <0.000005>
brk(0x1f37000)                          = 0x1f37000 <0.000005>
brk(0x1f38000)                          = 0x1f38000 <0.000005>
brk(0x1f39000)                          = 0x1f39000 <0.000022>
brk(0x1f3a000)                          = 0x1f3a000 <0.000006>
brk(0x1f3b000)                          = 0x1f3b000 <0.000005>
brk(0x1f3c000)                          = 0x1f3c000 <0.000006>
brk(0x1f3d000)                          = 0x1f3d000 <0.000005>
brk(0x1f3e000)                          = 0x1f3e000 <0.000004>
brk(0x1f3f000)                          = 0x1f3f000 <0.000005>
brk(0x1f40000)                          = 0x1f40000 <0.000005>
brk(0x1f41000)                          = 0x1f41000 <0.000005>
brk(0x1f42000)                          = 0x1f42000 <0.000006>
brk(0x1f43000)                          = 0x1f43000 <0.000005>
brk(0x1f44000)                          = 0x1f44000 <0.000005>
brk(0x1f45000)                          = 0x1f45000 <0.000005>
brk(0x1f46000)                          = 0x1f46000 <0.000005>
brk(0x1f47000)                          = 0x1f47000 <0.000005>
brk(0x1f48000)                          = 0x1f48000 <0.000005>
brk(0x1f49000)                          = 0x1f49000 <0.000005>
brk(0x1f4a000)                          = 0x1f4a000 <0.000005>
brk(0x1f4b000)                          = 0x1f4b000 <0.000005>
brk(0x1f4c000)                          = 0x1f4c000 <0.000005>
brk(0x1f4d000)                          = 0x1f4d000 <0.000005>
brk(0x1f4e000)                          = 0x1f4e000 <0.000005>
brk(0x1f4f000)                          = 0x1f4f000 <0.000005>
brk(0x1f50000)                          = 0x1f50000 <0.000008>
brk(0x1f51000)                          = 0x1f51000 <0.000006>
brk(0x1f52000)                          = 0x1f52000 <0.000006>
brk(0x1f53000)                          = 0x1f53000 <0.000005>
faccessat(AT_FDCWD, "/usr/local/libexec/singularity/cli/run.exec", X_OK) = 0 <0.000011>
brk(0x1f54000)                          = 0x1f54000 <0.000007>
rt_sigaction(SIGINT, {SIG_DFL, [], SA_RESTORER, 0x7ff8355974b0}, {SIG_DFL, [], SA_RESTORER, 0x7ff8355974b0}, 8) = 0 <0.000005>
rt_sigaction(SIGQUIT, {SIG_DFL, [], SA_RESTORER, 0x7ff8355974b0}, {SIG_IGN, [], SA_RESTORER, 0x7ff8355974b0}, 8) = 0 <0.000004>
rt_sigaction(SIGCHLD, {SIG_DFL, [], SA_RESTORER|SA_RESTART, 0x7ff8355974b0}, {0x447ad0, [], SA_RESTORER|SA_RESTART, 0x7ff8355974b0}, 8) = 0 <0.000005>
execve("/usr/local/libexec/singularity/cli/run.exec", ["/usr/local/libexec/singularity/c"..., "--app", "cpp", "container.ftw"], [/* 26 vars */]) = 0 <0.000243>
brk(NULL)                               = 0x1016000 <0.000005>
access("/etc/ld.so.nohwcap", F_OK)      = -1 ENOENT (No such file or directory) <0.000008>
mmap(NULL, 8192, PROT_READ|PROT_WRITE, MAP_PRIVATE|MAP_ANONYMOUS, -1, 0) = 0x7fcb12ed7000 <0.000006>
access("/etc/ld.so.preload", R_OK)      = -1 ENOENT (No such file or directory) <0.000009>
open("/etc/ld.so.cache", O_RDONLY|O_CLOEXEC) = 3 <0.000015>
fstat(3, {st_mode=S_IFREG|0644, st_size=170578, ...}) = 0 <0.000033>
mmap(NULL, 170578, PROT_READ, MAP_PRIVATE, 3, 0) = 0x7fcb12ead000 <0.000008>
close(3)                                = 0 <0.000005>
access("/etc/ld.so.nohwcap", F_OK)      = -1 ENOENT (No such file or directory) <0.000007>
open("/lib/x86_64-linux-gnu/libtinfo.so.5", O_RDONLY|O_CLOEXEC) = 3 <0.000010>
read(3, "\177ELF\2\1\1\0\0\0\0\0\0\0\0\0\3\0>\0\1\0\0\0p\310\0\0\0\0\0\0"..., 832) = 832 <0.000006>
fstat(3, {st_mode=S_IFREG|0644, st_size=167240, ...}) = 0 <0.000005>
mmap(NULL, 2264256, PROT_READ|PROT_EXEC, MAP_PRIVATE|MAP_DENYWRITE, 3, 0) = 0x7fcb12a8b000 <0.000007>
mprotect(0x7fcb12ab0000, 2093056, PROT_NONE) = 0 <0.000009>
mmap(0x7fcb12caf000, 20480, PROT_READ|PROT_WRITE, MAP_PRIVATE|MAP_FIXED|MAP_DENYWRITE, 3, 0x24000) = 0x7fcb12caf000 <0.000009>
close(3)                                = 0 <0.000006>
access("/etc/ld.so.nohwcap", F_OK)      = -1 ENOENT (No such file or directory) <0.000007>
open("/lib/x86_64-linux-gnu/libdl.so.2", O_RDONLY|O_CLOEXEC) = 3 <0.000009>
read(3, "\177ELF\2\1\1\0\0\0\0\0\0\0\0\0\3\0>\0\1\0\0\0\240\r\0\0\0\0\0\0"..., 832) = 832 <0.000006>
fstat(3, {st_mode=S_IFREG|0644, st_size=14608, ...}) = 0 <0.000005>
mmap(NULL, 2109680, PROT_READ|PROT_EXEC, MAP_PRIVATE|MAP_DENYWRITE, 3, 0) = 0x7fcb12887000 <0.000012>
mprotect(0x7fcb1288a000, 2093056, PROT_NONE) = 0 <0.000008>
mmap(0x7fcb12a89000, 8192, PROT_READ|PROT_WRITE, MAP_PRIVATE|MAP_FIXED|MAP_DENYWRITE, 3, 0x2000) = 0x7fcb12a89000 <0.000008>
close(3)                                = 0 <0.000005>
access("/etc/ld.so.nohwcap", F_OK)      = -1 ENOENT (No such file or directory) <0.000006>
open("/lib/x86_64-linux-gnu/libc.so.6", O_RDONLY|O_CLOEXEC) = 3 <0.000046>
read(3, "\177ELF\2\1\1\3\0\0\0\0\0\0\0\0\3\0>\0\1\0\0\0P\t\2\0\0\0\0\0"..., 832) = 832 <0.000006>
fstat(3, {st_mode=S_IFREG|0755, st_size=1868984, ...}) = 0 <0.000005>
mmap(NULL, 4096, PROT_READ|PROT_WRITE, MAP_PRIVATE|MAP_ANONYMOUS, -1, 0) = 0x7fcb12eac000 <0.000006>
mmap(NULL, 3971488, PROT_READ|PROT_EXEC, MAP_PRIVATE|MAP_DENYWRITE, 3, 0) = 0x7fcb124bd000 <0.000007>
mprotect(0x7fcb1267d000, 2097152, PROT_NONE) = 0 <0.000011>
mmap(0x7fcb1287d000, 24576, PROT_READ|PROT_WRITE, MAP_PRIVATE|MAP_FIXED|MAP_DENYWRITE, 3, 0x1c0000) = 0x7fcb1287d000 <0.000008>
mmap(0x7fcb12883000, 14752, PROT_READ|PROT_WRITE, MAP_PRIVATE|MAP_FIXED|MAP_ANONYMOUS, -1, 0) = 0x7fcb12883000 <0.000006>
close(3)                                = 0 <0.000005>
mmap(NULL, 4096, PROT_READ|PROT_WRITE, MAP_PRIVATE|MAP_ANONYMOUS, -1, 0) = 0x7fcb12eab000 <0.000006>
mmap(NULL, 4096, PROT_READ|PROT_WRITE, MAP_PRIVATE|MAP_ANONYMOUS, -1, 0) = 0x7fcb12eaa000 <0.000005>
mmap(NULL, 4096, PROT_READ|PROT_WRITE, MAP_PRIVATE|MAP_ANONYMOUS, -1, 0) = 0x7fcb12ea9000 <0.000005>
arch_prctl(ARCH_SET_FS, 0x7fcb12eaa700) = 0 <0.000005>
mprotect(0x7fcb1287d000, 16384, PROT_READ) = 0 <0.000008>
mprotect(0x7fcb12a89000, 4096, PROT_READ) = 0 <0.000008>
mprotect(0x7fcb12caf000, 16384, PROT_READ) = 0 <0.000007>
mprotect(0x6f3000, 4096, PROT_READ)     = 0 <0.000007>
mprotect(0x7fcb12ed9000, 4096, PROT_READ) = 0 <0.000009>
munmap(0x7fcb12ead000, 170578)          = 0 <0.000014>
open("/dev/tty", O_RDWR|O_NONBLOCK)     = 3 <0.000011>
close(3)                                = 0 <0.000006>
brk(NULL)                               = 0x1016000 <0.000005>
brk(0x1017000)                          = 0x1017000 <0.000005>
open("/usr/lib/locale/locale-archive", O_RDONLY|O_CLOEXEC) = 3 <0.000008>
fstat(3, {st_mode=S_IFREG|0644, st_size=2981280, ...}) = 0 <0.000005>
mmap(NULL, 2981280, PROT_READ, MAP_PRIVATE, 3, 0) = 0x7fcb121e5000 <0.000009>
close(3)                                = 0 <0.000005>
brk(0x1018000)                          = 0x1018000 <0.000006>
brk(0x1019000)                          = 0x1019000 <0.000006>
getuid()                                = 1000 <0.000005>
getgid()                                = 1000 <0.000004>
geteuid()                               = 1000 <0.000005>
getegid()                               = 1000 <0.000004>
rt_sigprocmask(SIG_BLOCK, NULL, [], 8)  = 0 <0.000005>
brk(0x101a000)                          = 0x101a000 <0.000006>
sysinfo({uptime=554643, loads=[36224, 59232, 60320], totalram=20915408896, freeram=348340224, sharedram=561664000, bufferram=2210938880, totalswap=21335371776, freeswap=17662914560, procs=1607, totalhigh=0, freehigh=0, mem_unit=1}) = 0 <0.000006>
brk(0x101b000)                          = 0x101b000 <0.000005>
rt_sigaction(SIGCHLD, {SIG_DFL, [], SA_RESTORER|SA_RESTART, 0x7fcb124f24b0}, {SIG_DFL, [], 0}, 8) = 0 <0.000005>
rt_sigaction(SIGCHLD, {SIG_DFL, [], SA_RESTORER|SA_RESTART, 0x7fcb124f24b0}, {SIG_DFL, [], SA_RESTORER|SA_RESTART, 0x7fcb124f24b0}, 8) = 0 <0.000005>
rt_sigaction(SIGINT, {SIG_DFL, [], SA_RESTORER, 0x7fcb124f24b0}, {SIG_DFL, [], 0}, 8) = 0 <0.000005>
rt_sigaction(SIGINT, {SIG_DFL, [], SA_RESTORER, 0x7fcb124f24b0}, {SIG_DFL, [], SA_RESTORER, 0x7fcb124f24b0}, 8) = 0 <0.000005>
rt_sigaction(SIGQUIT, {SIG_DFL, [], SA_RESTORER, 0x7fcb124f24b0}, {SIG_DFL, [], 0}, 8) = 0 <0.000005>
rt_sigaction(SIGQUIT, {SIG_DFL, [], SA_RESTORER, 0x7fcb124f24b0}, {SIG_DFL, [], SA_RESTORER, 0x7fcb124f24b0}, 8) = 0 <0.000004>
rt_sigprocmask(SIG_BLOCK, NULL, [], 8)  = 0 <0.000005>
rt_sigaction(SIGQUIT, {SIG_IGN, [], SA_RESTORER, 0x7fcb124f24b0}, {SIG_DFL, [], SA_RESTORER, 0x7fcb124f24b0}, 8) = 0 <0.000005>
uname({sysname="Linux", nodename="vanessa-ThinkPad-T460s", ...}) = 0 <0.000005>
brk(0x101c000)                          = 0x101c000 <0.000006>
brk(0x101d000)                          = 0x101d000 <0.000005>
stat("/home/vanessa/Documents/Dropbox/Code/ftw/hello-world-ftw", {st_mode=S_IFDIR|0775, st_size=4096, ...}) = 0 <0.000008>
stat(".", {st_mode=S_IFDIR|0775, st_size=4096, ...}) = 0 <0.000005>
getpid()                                = 3925 <0.000005>
open("/usr/lib/x86_64-linux-gnu/gconv/gconv-modules.cache", O_RDONLY) = 3 <0.000009>
fstat(3, {st_mode=S_IFREG|0644, st_size=26258, ...}) = 0 <0.000004>
mmap(NULL, 26258, PROT_READ, MAP_SHARED, 3, 0) = 0x7fcb12ed0000 <0.000008>
close(3)                                = 0 <0.000004>
brk(0x101e000)                          = 0x101e000 <0.000005>
getppid()                               = 3923 <0.000004>
brk(0x101f000)                          = 0x101f000 <0.000006>
brk(0x1020000)                          = 0x1020000 <0.000005>
getpgrp()                               = 3922 <0.000005>
rt_sigaction(SIGCHLD, {0x447ad0, [], SA_RESTORER|SA_RESTART, 0x7fcb124f24b0}, {SIG_DFL, [], SA_RESTORER|SA_RESTART, 0x7fcb124f24b0}, 8) = 0 <0.000004>
getrlimit(RLIMIT_NPROC, {rlim_cur=79303, rlim_max=79303}) = 0 <0.000004>
brk(0x1021000)                          = 0x1021000 <0.000006>
rt_sigprocmask(SIG_BLOCK, NULL, [], 8)  = 0 <0.000005>
open("/usr/local/libexec/singularity/cli/run.exec", O_RDONLY) = 3 <0.000009>
ioctl(3, TCGETS, 0x7ffe9be97d10)        = -1 ENOTTY (Inappropriate ioctl for device) <0.000005>
lseek(3, 0, SEEK_CUR)                   = 0 <0.000005>
read(3, "#!/bin/bash\n#\n# Copyright (c) 20"..., 80) = 80 <0.000005>
lseek(3, 0, SEEK_SET)                   = 0 <0.000005>
getrlimit(RLIMIT_NOFILE, {rlim_cur=1024, rlim_max=64*1024}) = 0 <0.000005>
fcntl(255, F_GETFD)                     = -1 EBADF (Bad file descriptor) <0.000004>
dup2(3, 255)                            = 255 <0.000005>
close(3)                                = 0 <0.000005>
fcntl(255, F_SETFD, FD_CLOEXEC)         = 0 <0.000005>
fcntl(255, F_GETFL)                     = 0x8000 (flags O_RDONLY|O_LARGEFILE) <0.000005>
fstat(255, {st_mode=S_IFREG|0755, st_size=2943, ...}) = 0 <0.000005>
lseek(255, 0, SEEK_CUR)                 = 0 <0.000005>
brk(0x1022000)                          = 0x1022000 <0.000005>
brk(0x1023000)                          = 0x1023000 <0.000005>
read(255, "#!/bin/bash\n#\n# Copyright (c) 20"..., 2943) = 2943 <0.000005>
brk(0x1024000)                          = 0x1024000 <0.000005>
stat("/usr/local/libexec/singularity/functions", {st_mode=S_IFREG|0755, st_size=11097, ...}) = 0 <0.000008>
open("/usr/local/libexec/singularity/functions", O_RDONLY) = 3 <0.000008>
fstat(3, {st_mode=S_IFREG|0755, st_size=11097, ...}) = 0 <0.000005>
brk(0x1028000)                          = 0x1028000 <0.000005>
read(3, "#!/bin/bash\n#\n# Copyright (c) 20"..., 11097) = 11097 <0.000008>
close(3)                                = 0 <0.000006>
brk(0x1029000)                          = 0x1029000 <0.000006>
brk(0x102a000)                          = 0x102a000 <0.000005>
rt_sigprocmask(SIG_BLOCK, NULL, [], 8)  = 0 <0.000005>
brk(0x102b000)                          = 0x102b000 <0.000006>
brk(0x102c000)                          = 0x102c000 <0.000005>
brk(0x102d000)                          = 0x102d000 <0.000005>
brk(0x102e000)                          = 0x102e000 <0.000005>
brk(0x102f000)                          = 0x102f000 <0.000005>
brk(0x1030000)                          = 0x1030000 <0.000005>
brk(0x1031000)                          = 0x1031000 <0.000005>
brk(0x1032000)                          = 0x1032000 <0.000005>
brk(0x1033000)                          = 0x1033000 <0.000005>
brk(0x1034000)                          = 0x1034000 <0.000005>
brk(0x1035000)                          = 0x1035000 <0.000005>
brk(0x1036000)                          = 0x1036000 <0.000005>
brk(0x1037000)                          = 0x1037000 <0.000005>
brk(0x1038000)                          = 0x1038000 <0.000006>
brk(0x1039000)                          = 0x1039000 <0.000005>
brk(0x103a000)                          = 0x103a000 <0.000005>
brk(0x103b000)                          = 0x103b000 <0.000005>
brk(0x103c000)                          = 0x103c000 <0.000006>
brk(0x103d000)                          = 0x103d000 <0.000006>
brk(0x103e000)                          = 0x103e000 <0.000005>
brk(0x103f000)                          = 0x103f000 <0.000005>
brk(0x1040000)                          = 0x1040000 <0.000005>
brk(0x1041000)                          = 0x1041000 <0.000005>
brk(0x1042000)                          = 0x1042000 <0.000005>
brk(0x1043000)                          = 0x1043000 <0.000005>
brk(0x1044000)                          = 0x1044000 <0.000005>
brk(0x1045000)                          = 0x1045000 <0.000005>
brk(0x1046000)                          = 0x1046000 <0.000006>
brk(0x1047000)                          = 0x1047000 <0.000006>
brk(0x1048000)                          = 0x1048000 <0.000005>
brk(0x1049000)                          = 0x1049000 <0.000005>
brk(0x104a000)                          = 0x104a000 <0.000005>
brk(0x104b000)                          = 0x104b000 <0.000005>
brk(0x104c000)                          = 0x104c000 <0.000005>
brk(0x104d000)                          = 0x104d000 <0.000005>
brk(0x104e000)                          = 0x104e000 <0.000006>
brk(0x104f000)                          = 0x104f000 <0.000005>
brk(0x1050000)                          = 0x1050000 <0.000005>
brk(0x1051000)                          = 0x1051000 <0.000005>
brk(0x1052000)                          = 0x1052000 <0.000005>
brk(0x1053000)                          = 0x1053000 <0.000005>
brk(0x1054000)                          = 0x1054000 <0.000005>
brk(0x1055000)                          = 0x1055000 <0.000005>
brk(0x1056000)                          = 0x1056000 <0.000006>
brk(0x1057000)                          = 0x1057000 <0.000005>
brk(0x1058000)                          = 0x1058000 <0.000005>
brk(0x1059000)                          = 0x1059000 <0.000005>
brk(0x105a000)                          = 0x105a000 <0.000005>
brk(0x105b000)                          = 0x105b000 <0.000006>
brk(0x105c000)                          = 0x105c000 <0.000005>
brk(0x105d000)                          = 0x105d000 <0.000005>
brk(0x105e000)                          = 0x105e000 <0.000005>
brk(0x105f000)                          = 0x105f000 <0.000005>
brk(0x1060000)                          = 0x1060000 <0.000006>
stat("/home/vanessa/.singularity-init", 0x7ffe9be97950) = -1 ENOENT (No such file or directory) <0.000007>
stat("/usr/local/libexec/singularity/cli/action_argparser.sh", {st_mode=S_IFREG|0755, st_size=5737, ...}) = 0 <0.000008>
open("/usr/local/libexec/singularity/cli/action_argparser.sh", O_RDONLY) = 3 <0.000009>
fstat(3, {st_mode=S_IFREG|0755, st_size=5737, ...}) = 0 <0.000005>
read(3, "#!/bin/bash\n#\n# Copyright (c) 20"..., 5737) = 5737 <0.000007>
close(3)                                = 0 <0.000006>
rt_sigprocmask(SIG_BLOCK, NULL, [], 8)  = 0 <0.000005>
brk(0x1061000)                          = 0x1061000 <0.000007>
brk(0x1062000)                          = 0x1062000 <0.000005>
brk(0x1063000)                          = 0x1063000 <0.000006>
brk(0x1064000)                          = 0x1064000 <0.000005>
brk(0x1065000)                          = 0x1065000 <0.000005>
brk(0x1066000)                          = 0x1066000 <0.000005>
brk(0x1067000)                          = 0x1067000 <0.000010>
brk(0x1068000)                          = 0x1068000 <0.000007>
stat("/usr/local/etc/singularity/init", {st_mode=S_IFREG|0644, st_size=782, ...}) = 0 <0.000010>
open("/usr/local/etc/singularity/init", O_RDONLY) = 3 <0.000008>
fstat(3, {st_mode=S_IFREG|0644, st_size=782, ...}) = 0 <0.000074>
read(3, "# This will be sourced before la"..., 782) = 782 <0.000009>
close(3)                                = 0 <0.000006>
rt_sigprocmask(SIG_BLOCK, NULL, [], 8)  = 0 <0.000005>
faccessat(AT_FDCWD, "/usr/local/libexec/singularity/image-handler.sh", X_OK) = 0 <0.000012>
open("/usr/local/libexec/singularity/image-handler.sh", O_RDONLY) = 3 <0.000010>
fstat(3, {st_mode=S_IFREG|0755, st_size=1989, ...}) = 0 <0.000006>
brk(0x1069000)                          = 0x1069000 <0.000008>
read(3, "#!/bin/bash\n# \n# Copyright (c) 2"..., 1989) = 1989 <0.000007>
close(3)                                = 0 <0.000006>
rt_sigprocmask(SIG_BLOCK, NULL, [], 8)  = 0 <0.000004>
stat("/usr/local/libexec/singularity/bin/action-suid", {st_mode=S_IFREG|S_ISUID|0755, st_size=523456, ...}) = 0 <0.000011>
rt_sigaction(SIGINT, {SIG_DFL, [], SA_RESTORER, 0x7fcb124f24b0}, {SIG_DFL, [], SA_RESTORER, 0x7fcb124f24b0}, 8) = 0 <0.000007>
rt_sigaction(SIGQUIT, {SIG_DFL, [], SA_RESTORER, 0x7fcb124f24b0}, {SIG_IGN, [], SA_RESTORER, 0x7fcb124f24b0}, 8) = 0 <0.000006>
rt_sigaction(SIGCHLD, {SIG_DFL, [], SA_RESTORER|SA_RESTART, 0x7fcb124f24b0}, {0x447ad0, [], SA_RESTORER|SA_RESTART, 0x7fcb124f24b0}, 8) = 0 <0.000005>
execve("/usr/local/libexec/singularity/bin/action-suid", ["/usr/local/libexec/singularity/b"...], [/* 30 vars */]) = 0 <0.005759>
brk(NULL)                               = 0x689000 <0.000007>
fcntl(0, F_GETFD)                       = 0 <0.000005>
fcntl(1, F_GETFD)                       = 0 <0.000005>
fcntl(2, F_GETFD)                       = 0 <0.000005>
access("/etc/suid-debug", F_OK)         = -1 ENOENT (No such file or directory) <0.000010>
access("/etc/ld.so.nohwcap", F_OK)      = -1 ENOENT (No such file or directory) <0.000007>
mmap(NULL, 8192, PROT_READ|PROT_WRITE, MAP_PRIVATE|MAP_ANONYMOUS, -1, 0) = 0x7ff685280000 <0.000010>
access("/etc/ld.so.preload", R_OK)      = -1 ENOENT (No such file or directory) <0.000007>
open("/usr/local/lib/tls/x86_64/libc.so.6", O_RDONLY|O_CLOEXEC) = -1 ENOENT (No such file or directory) <0.000022>
stat("/usr/local/lib/tls/x86_64", 0x7fff8de7aa90) = -1 ENOENT (No such file or directory) <0.000007>
open("/usr/local/lib/tls/libc.so.6", O_RDONLY|O_CLOEXEC) = -1 ENOENT (No such file or directory) <0.000007>
stat("/usr/local/lib/tls", 0x7fff8de7aa90) = -1 ENOENT (No such file or directory) <0.000007>
open("/usr/local/lib/x86_64/libc.so.6", O_RDONLY|O_CLOEXEC) = -1 ENOENT (No such file or directory) <0.000007>
stat("/usr/local/lib/x86_64", 0x7fff8de7aa90) = -1 ENOENT (No such file or directory) <0.000006>
open("/usr/local/lib/libc.so.6", O_RDONLY|O_CLOEXEC) = -1 ENOENT (No such file or directory) <0.000008>
stat("/usr/local/lib", {st_mode=S_IFDIR|0755, st_size=4096, ...}) = 0 <0.000008>
open("/etc/ld.so.cache", O_RDONLY|O_CLOEXEC) = 3 <0.000010>
fstat(3, {st_mode=S_IFREG|0644, st_size=170578, ...}) = 0 <0.000005>
mmap(NULL, 170578, PROT_READ, MAP_PRIVATE, 3, 0) = 0x7ff685256000 <0.000008>
close(3)                                = 0 <0.000005>
access("/etc/ld.so.nohwcap", F_OK)      = -1 ENOENT (No such file or directory) <0.000007>
open("/lib/x86_64-linux-gnu/libc.so.6", O_RDONLY|O_CLOEXEC) = 3 <0.000010>
read(3, "\177ELF\2\1\1\3\0\0\0\0\0\0\0\0\3\0>\0\1\0\0\0P\t\2\0\0\0\0\0"..., 832) = 832 <0.000005>
fstat(3, {st_mode=S_IFREG|0755, st_size=1868984, ...}) = 0 <0.000004>
mmap(NULL, 3971488, PROT_READ|PROT_EXEC, MAP_PRIVATE|MAP_DENYWRITE, 3, 0) = 0x7ff684c93000 <0.000009>
mprotect(0x7ff684e53000, 2097152, PROT_NONE) = 0 <0.000013>
mmap(0x7ff685053000, 24576, PROT_READ|PROT_WRITE, MAP_PRIVATE|MAP_FIXED|MAP_DENYWRITE, 3, 0x1c0000) = 0x7ff685053000 <0.000013>
mmap(0x7ff685059000, 14752, PROT_READ|PROT_WRITE, MAP_PRIVATE|MAP_FIXED|MAP_ANONYMOUS, -1, 0) = 0x7ff685059000 <0.000010>
close(3)                                = 0 <0.000005>
mmap(NULL, 4096, PROT_READ|PROT_WRITE, MAP_PRIVATE|MAP_ANONYMOUS, -1, 0) = 0x7ff685255000 <0.000007>
mmap(NULL, 4096, PROT_READ|PROT_WRITE, MAP_PRIVATE|MAP_ANONYMOUS, -1, 0) = 0x7ff685254000 <0.000006>
mmap(NULL, 4096, PROT_READ|PROT_WRITE, MAP_PRIVATE|MAP_ANONYMOUS, -1, 0) = 0x7ff685253000 <0.000006>
arch_prctl(ARCH_SET_FS, 0x7ff685254700) = 0 <0.000005>
mprotect(0x7ff685053000, 16384, PROT_READ) = 0 <0.000010>
mprotect(0x623000, 4096, PROT_READ)     = 0 <0.000007>
mprotect(0x7ff685282000, 4096, PROT_READ) = 0 <0.000011>
munmap(0x7ff685256000, 170578)          = 0 <0.000016>
stat(".", {st_mode=S_IFDIR|0775, st_size=4096, ...}) = 0 <0.000009>
stat("/home/vanessa/Documents/Dropbox/Code/ftw/hello-world-ftw", {st_mode=S_IFDIR|0775, st_size=4096, ...}) = 0 <0.000010>
brk(NULL)                               = 0x689000 <0.000005>
brk(0x6aa000)                           = 0x6aa000 <0.000007>
socket(PF_LOCAL, SOCK_DGRAM|SOCK_CLOEXEC, 0) = 3 <0.000013>
connect(3, {sa_family=AF_LOCAL, sun_path="/dev/log"}, 110) = 0 <0.000030>
stat("/usr/local/etc/singularity/singularity.conf", {st_mode=S_IFREG|0644, st_size=5904, ...}) = 0 <0.000009>
open("/usr/local/etc/singularity/singularity.conf", O_RDONLY) = 4 <0.000009>
fstat(4, {st_mode=S_IFREG|0644, st_size=5904, ...}) = 0 <0.000005>
read(4, "# SINGULARITY.CONF\n# This is the"..., 4096) = 4096 <0.000007>
read(4, "SET_NO_NEW_PRIVS)\nuser bind cont"..., 4096) = 1808 <0.000007>
read(4, "", 4096)                       = 0 <0.000005>
close(4)                                = 0 <0.000006>
getuid()                                = 1000 <0.000005>
getgid()                                = 1000 <0.000005>
getgroups(0, NULL)                      = 9 <0.000005>
getgroups(9, [4, 24, 27, 30, 46, 113, 128, 999, 1000]) = 9 <0.000005>
socket(PF_LOCAL, SOCK_STREAM|SOCK_CLOEXEC|SOCK_NONBLOCK, 0) = 4 <0.000010>
connect(4, {sa_family=AF_LOCAL, sun_path="/var/run/nscd/socket"}, 110) = -1 ENOENT (No such file or directory) <0.000016>
close(4)                                = 0 <0.000010>
socket(PF_LOCAL, SOCK_STREAM|SOCK_CLOEXEC|SOCK_NONBLOCK, 0) = 4 <0.000008>
connect(4, {sa_family=AF_LOCAL, sun_path="/var/run/nscd/socket"}, 110) = -1 ENOENT (No such file or directory) <0.000011>
close(4)                                = 0 <0.000007>
open("/etc/nsswitch.conf", O_RDONLY|O_CLOEXEC) = 4 <0.000008>
fstat(4, {st_mode=S_IFREG|0644, st_size=529, ...}) = 0 <0.000005>
read(4, "# /etc/nsswitch.conf\n#\n# Example"..., 4096) = 529 <0.000006>
read(4, "", 4096)                       = 0 <0.000006>
close(4)                                = 0 <0.000005>
open("/usr/local/lib/libnss_compat.so.2", O_RDONLY|O_CLOEXEC) = -1 ENOENT (No such file or directory) <0.000008>
open("/etc/ld.so.cache", O_RDONLY|O_CLOEXEC) = 4 <0.000007>
fstat(4, {st_mode=S_IFREG|0644, st_size=170578, ...}) = 0 <0.000005>
mmap(NULL, 170578, PROT_READ, MAP_PRIVATE, 4, 0) = 0x7ff685256000 <0.000009>
close(4)                                = 0 <0.000005>
access("/etc/ld.so.nohwcap", F_OK)      = -1 ENOENT (No such file or directory) <0.000008>
open("/lib/x86_64-linux-gnu/libnss_compat.so.2", O_RDONLY|O_CLOEXEC) = 4 <0.000010>
read(4, "\177ELF\2\1\1\0\0\0\0\0\0\0\0\0\3\0>\0\1\0\0\0\320\22\0\0\0\0\0\0"..., 832) = 832 <0.000006>
fstat(4, {st_mode=S_IFREG|0644, st_size=35688, ...}) = 0 <0.000005>
mmap(NULL, 2131040, PROT_READ|PROT_EXEC, MAP_PRIVATE|MAP_DENYWRITE, 4, 0) = 0x7ff684a8a000 <0.000010>
mprotect(0x7ff684a92000, 2093056, PROT_NONE) = 0 <0.000012>
mmap(0x7ff684c91000, 8192, PROT_READ|PROT_WRITE, MAP_PRIVATE|MAP_FIXED|MAP_DENYWRITE, 4, 0x7000) = 0x7ff684c91000 <0.000012>
close(4)                                = 0 <0.000006>
open("/usr/local/lib/libnsl.so.1", O_RDONLY|O_CLOEXEC) = -1 ENOENT (No such file or directory) <0.000008>
access("/etc/ld.so.nohwcap", F_OK)      = -1 ENOENT (No such file or directory) <0.000007>
open("/lib/x86_64-linux-gnu/libnsl.so.1", O_RDONLY|O_CLOEXEC) = 4 <0.000009>
read(4, "\177ELF\2\1\1\0\0\0\0\0\0\0\0\0\3\0>\0\1\0\0\0\360?\0\0\0\0\0\0"..., 832) = 832 <0.000006>
fstat(4, {st_mode=S_IFREG|0644, st_size=93128, ...}) = 0 <0.000006>
mmap(NULL, 2198104, PROT_READ|PROT_EXEC, MAP_PRIVATE|MAP_DENYWRITE, 4, 0) = 0x7ff684871000 <0.000008>
mprotect(0x7ff684887000, 2093056, PROT_NONE) = 0 <0.000010>
mmap(0x7ff684a86000, 8192, PROT_READ|PROT_WRITE, MAP_PRIVATE|MAP_FIXED|MAP_DENYWRITE, 4, 0x15000) = 0x7ff684a86000 <0.000012>
mmap(0x7ff684a88000, 6744, PROT_READ|PROT_WRITE, MAP_PRIVATE|MAP_FIXED|MAP_ANONYMOUS, -1, 0) = 0x7ff684a88000 <0.000010>
close(4)                                = 0 <0.000006>
mprotect(0x7ff684a86000, 4096, PROT_READ) = 0 <0.000009>
mprotect(0x7ff684c91000, 4096, PROT_READ) = 0 <0.000009>
munmap(0x7ff685256000, 170578)          = 0 <0.000014>
open("/usr/local/lib/libnss_nis.so.2", O_RDONLY|O_CLOEXEC) = -1 ENOENT (No such file or directory) <0.000008>
open("/etc/ld.so.cache", O_RDONLY|O_CLOEXEC) = 4 <0.000008>
fstat(4, {st_mode=S_IFREG|0644, st_size=170578, ...}) = 0 <0.000005>
mmap(NULL, 170578, PROT_READ, MAP_PRIVATE, 4, 0) = 0x7ff685256000 <0.000008>
close(4)                                = 0 <0.000005>
access("/etc/ld.so.nohwcap", F_OK)      = -1 ENOENT (No such file or directory) <0.000008>
open("/lib/x86_64-linux-gnu/libnss_nis.so.2", O_RDONLY|O_CLOEXEC) = 4 <0.000009>
read(4, "\177ELF\2\1\1\0\0\0\0\0\0\0\0\0\3\0>\0\1\0\0\0\260 \0\0\0\0\0\0"..., 832) = 832 <0.000006>
fstat(4, {st_mode=S_IFREG|0644, st_size=47648, ...}) = 0 <0.000005>
mmap(NULL, 2143624, PROT_READ|PROT_EXEC, MAP_PRIVATE|MAP_DENYWRITE, 4, 0) = 0x7ff684665000 <0.000009>
mprotect(0x7ff684670000, 2093056, PROT_NONE) = 0 <0.000010>
mmap(0x7ff68486f000, 8192, PROT_READ|PROT_WRITE, MAP_PRIVATE|MAP_FIXED|MAP_DENYWRITE, 4, 0xa000) = 0x7ff68486f000 <0.000010>
close(4)                                = 0 <0.000005>
open("/usr/local/lib/libnss_files.so.2", O_RDONLY|O_CLOEXEC) = -1 ENOENT (No such file or directory) <0.000008>
access("/etc/ld.so.nohwcap", F_OK)      = -1 ENOENT (No such file or directory) <0.000007>
open("/lib/x86_64-linux-gnu/libnss_files.so.2", O_RDONLY|O_CLOEXEC) = 4 <0.000008>
read(4, "\177ELF\2\1\1\0\0\0\0\0\0\0\0\0\3\0>\0\1\0\0\0\260!\0\0\0\0\0\0"..., 832) = 832 <0.000006>
fstat(4, {st_mode=S_IFREG|0644, st_size=47600, ...}) = 0 <0.000005>
mmap(NULL, 2168600, PROT_READ|PROT_EXEC, MAP_PRIVATE|MAP_DENYWRITE, 4, 0) = 0x7ff684453000 <0.000008>
mprotect(0x7ff68445e000, 2093056, PROT_NONE) = 0 <0.000011>
mmap(0x7ff68465d000, 8192, PROT_READ|PROT_WRITE, MAP_PRIVATE|MAP_FIXED|MAP_DENYWRITE, 4, 0xa000) = 0x7ff68465d000 <0.000012>
mmap(0x7ff68465f000, 22296, PROT_READ|PROT_WRITE, MAP_PRIVATE|MAP_FIXED|MAP_ANONYMOUS, -1, 0) = 0x7ff68465f000 <0.000009>
close(4)                                = 0 <0.000006>
mprotect(0x7ff68465d000, 4096, PROT_READ) = 0 <0.000016>
mprotect(0x7ff68486f000, 4096, PROT_READ) = 0 <0.000008>
munmap(0x7ff685256000, 170578)          = 0 <0.000015>
open("/etc/passwd", O_RDONLY|O_CLOEXEC) = 4 <0.000010>
lseek(4, 0, SEEK_CUR)                   = 0 <0.000006>
fstat(4, {st_mode=S_IFREG|0644, st_size=2433, ...}) = 0 <0.000006>
mmap(NULL, 2433, PROT_READ, MAP_SHARED, 4, 0) = 0x7ff68527f000 <0.000009>
lseek(4, 2433, SEEK_SET)                = 2433 <0.000006>
munmap(0x7ff68527f000, 2433)            = 0 <0.000008>
close(4)                                = 0 <0.000006>
stat("/proc/self/exe", {st_mode=S_IFREG|S_ISUID|0755, st_size=523456, ...}) = 0 <0.000019>
stat("/proc/self/exe", {st_mode=S_IFREG|S_ISUID|0755, st_size=523456, ...}) = 0 <0.000008>
stat("/usr/local/etc/singularity/singularity.conf", {st_mode=S_IFREG|0644, st_size=5904, ...}) = 0 <0.000008>
geteuid()                               = 0 <0.000005>
getuid()                                = 1000 <0.000004>
stat("/proc/self/exe", {st_mode=S_IFREG|S_ISUID|0755, st_size=523456, ...}) = 0 <0.000009>
stat("/proc/self/exe", {st_mode=S_IFREG|S_ISUID|0755, st_size=523456, ...}) = 0 <0.000008>
geteuid()                               = 0 <0.000006>
setresgid(-1, 1000, -1)                 = 0 <0.000006>
setresuid(-1, 1000, -1)                 = 0 <0.000007>
getgid()                                = 1000 <0.000005>
getuid()                                = 1000 <0.000005>
stat("container.ftw", {st_mode=S_IFREG|0755, st_size=8388608032, ...}) = 0 <0.000007>
open("container.ftw", O_RDONLY)         = 4 <0.000008>
fcntl(4, F_SETFD, FD_CLOEXEC)           = 0 <0.000005>
fstat(4, {st_mode=S_IFREG|0755, st_size=8388608032, ...}) = 0 <0.000006>
stat("/proc/self/exe", {st_mode=S_IFREG|S_ISUID|0755, st_size=523456, ...}) = 0 <0.000011>
stat("/proc/self/exe", {st_mode=S_IFREG|S_ISUID|0755, st_size=523456, ...}) = 0 <0.000008>
fstat(4, {st_mode=S_IFREG|0755, st_size=8388608032, ...}) = 0 <0.000005>
dup(4)                                  = 5 <0.000006>
fcntl(5, F_GETFL)                       = 0x8000 (flags O_RDONLY|O_LARGEFILE) <0.000005>
fstat(5, {st_mode=S_IFREG|0755, st_size=8388608032, ...}) = 0 <0.000006>
lseek(5, 0, SEEK_SET)                   = 0 <0.000006>
read(5, "#!/usr/bin/env run-singularity\n\0"..., 4096) = 4096 <0.000007>
close(5)                                = 0 <0.000005>
stat("container.ftw", {st_mode=S_IFREG|0755, st_size=8388608032, ...}) = 0 <0.000007>
dup(4)                                  = 5 <0.000005>
fcntl(5, F_GETFL)                       = 0x8000 (flags O_RDONLY|O_LARGEFILE) <0.000005>
fstat(5, {st_mode=S_IFREG|0755, st_size=8388608032, ...}) = 0 <0.000005>
lseek(5, 0, SEEK_SET)                   = 0 <0.000005>
read(5, "#!/usr/bin/env run-singularity\n\0"..., 4096) = 4096 <0.000007>
close(5)                                = 0 <0.000005>
getuid()                                = 1000 <0.000005>
setresuid(-1, 0, -1)                    = 0 <0.000007>
setresgid(-1, 0, -1)                    = 0 <0.000007>
setgroups(0, [])                        = 0 <0.000007>
stat("/dev/loop0", {st_mode=S_IFBLK|0660, st_rdev=makedev(7, 0), ...}) = 0 <0.000023>
open("/dev/loop0", O_RDONLY)            = 5 <0.000013>
ioctl(5, LOOP_SET_FD, 4)                = 0 <0.000801>
ioctl(5, LOOP_SET_STATUS64, {offset=0x1f, number=0, flags=LO_FLAGS_AUTOCLEAR, file_name="", ...}) = 0 <0.025547>
geteuid()                               = 0 <0.000006>
setgroups(9, [4, 24, 27, 30, 46, 113, 128, 999, 1000]) = 0 <0.000008>
setresgid(-1, 1000, -1)                 = 0 <0.000008>
setresuid(-1, 1000, -1)                 = 0 <0.000007>
getgid()                                = 1000 <0.000005>
getuid()                                = 1000 <0.000004>
fcntl(5, F_SETFD, FD_CLOEXEC)           = 0 <0.000005>
getuid()                                = 1000 <0.000004>
setresuid(-1, 0, -1)                    = 0 <0.000005>
setresgid(-1, 0, -1)                    = 0 <0.000005>
setgroups(0, [])                        = 0 <0.000006>
unshare(CLONE_FS)                       = 0 <0.000006>
unshare(CLONE_NEWNS)                    = 0 <0.000469>
mount(NULL, "/", NULL, MS_REC|MS_SLAVE, NULL) = 0 <0.000015>
geteuid()                               = 0 <0.000004>
setgroups(9, [4, 24, 27, 30, 46, 113, 128, 999, 1000]) = 0 <0.000010>
setresgid(-1, 1000, -1)                 = 0 <0.000006>
setresuid(-1, 1000, -1)                 = 0 <0.000006>
getgid()                                = 1000 <0.000005>
getuid()                                = 1000 <0.000005>
stat("/usr/local/var/singularity/mnt/session", {st_mode=S_IFDIR|0755, st_size=4096, ...}) = 0 <0.000012>
getuid()                                = 1000 <0.000005>
setresuid(-1, 0, -1)                    = 0 <0.000011>
setresgid(-1, 0, -1)                    = 0 <0.000006>
setgroups(0, [])                        = 0 <0.000007>
mount("tmpfs", "/usr/local/var/singularity/mnt/session", "tmpfs", MS_NOSUID, "size=16m") = 0 <0.000131>
geteuid()                               = 0 <0.000005>
setgroups(9, [4, 24, 27, 30, 46, 113, 128, 999, 1000]) = 0 <0.000008>
setresgid(-1, 1000, -1)                 = 0 <0.000007>
setresuid(-1, 1000, -1)                 = 0 <0.000009>
getgid()                                = 1000 <0.000006>
getuid()                                = 1000 <0.000005>
stat("/usr/local/var/singularity/mnt/container", {st_mode=S_IFDIR|0755, st_size=4096, ...}) = 0 <0.000012>
stat("/usr/local/var/singularity/mnt/container", {st_mode=S_IFDIR|0755, st_size=4096, ...}) = 0 <0.000008>
getuid()                                = 1000 <0.000005>
getuid()                                = 1000 <0.000006>
setresuid(-1, 0, -1)                    = 0 <0.000008>
setresgid(-1, 0, -1)                    = 0 <0.000007>
setgroups(0, [])                        = 0 <0.000007>
mount("/dev/loop0", "/usr/local/var/singularity/mnt/container", "ext3", MS_RDONLY|MS_NOSUID|MS_NODEV, "errors=remount-ro") = 0 <0.000665>
geteuid()                               = 0 <0.000009>
setgroups(9, [4, 24, 27, 30, 46, 113, 128, 999, 1000]) = 0 <0.001786>
setresgid(-1, 1000, -1)                 = 0 <0.000007>
setresuid(-1, 1000, -1)                 = 0 <0.000009>
getgid()                                = 1000 <0.000004>
getuid()                                = 1000 <0.000006>
stat("/usr/local/var/singularity/mnt/container/bin/sh", {st_mode=S_IFREG|0755, st_size=121272, ...}) = 0 <0.001752>
stat("/usr/local/var/singularity/mnt/overlay", {st_mode=S_IFDIR|0755, st_size=4096, ...}) = 0 <0.000009>
getuid()                                = 1000 <0.000005>
setresuid(-1, 0, -1)                    = 0 <0.000007>
setresgid(-1, 0, -1)                    = 0 <0.000006>
setgroups(0, [])                        = 0 <0.000006>
mount("tmpfs", "/usr/local/var/singularity/mnt/overlay", "tmpfs", MS_NOSUID|MS_NODEV, "size=1m") = 0 <0.000092>
stat("/usr/local/var/singularity/mnt/overlay/upper", 0x7fff8de7b180) = -1 ENOENT (No such file or directory) <0.000013>
stat("/usr/local/var/singularity/mnt/overlay", {st_mode=S_IFDIR|S_ISVTX|0777, st_size=40, ...}) = 0 <0.000007>
umask(0)                                = 022 <0.000005>
mkdir("/usr/local/var/singularity/mnt/overlay/upper", 0755) = 0 <0.000012>
umask(022)                              = 0 <0.000005>
stat("/usr/local/var/singularity/mnt/overlay/work", 0x7fff8de7b180) = -1 ENOENT (No such file or directory) <0.000008>
stat("/usr/local/var/singularity/mnt/overlay", {st_mode=S_IFDIR|S_ISVTX|0777, st_size=60, ...}) = 0 <0.000006>
umask(0)                                = 022 <0.000005>
mkdir("/usr/local/var/singularity/mnt/overlay/work", 0755) = 0 <0.000010>
umask(022)                              = 0 <0.000005>
stat("/usr/local/var/singularity/mnt/overlay/final", 0x7fff8de7b180) = -1 ENOENT (No such file or directory) <0.000009>
stat("/usr/local/var/singularity/mnt/overlay", {st_mode=S_IFDIR|S_ISVTX|0777, st_size=80, ...}) = 0 <0.000007>
umask(0)                                = 022 <0.000005>
mkdir("/usr/local/var/singularity/mnt/overlay/final", 0755) = 0 <0.000010>
umask(022)                              = 0 <0.000005>
mount("OverlayFS", "/usr/local/var/singularity/mnt/overlay/final", "overlay", MS_NOSUID|MS_NODEV, "lowerdir=/usr/local/var/singular"...) = 0 <0.000112>
geteuid()                               = 0 <0.000004>
setgroups(9, [4, 24, 27, 30, 46, 113, 128, 999, 1000]) = 0 <0.000007>
setresgid(-1, 1000, -1)                 = 0 <0.000005>
setresuid(-1, 1000, -1)                 = 0 <0.000006>
getgid()                                = 1000 <0.000005>
getuid()                                = 1000 <0.000004>
stat("/usr/local/var/singularity/mnt/overlay/final", {st_mode=S_IFDIR|0755, st_size=40, ...}) = 0 <0.000008>
stat("/etc/localtime", {st_mode=S_IFREG|0644, st_size=2845, ...}) = 0 <0.000011>
open("/proc/mounts", O_RDONLY)          = 6 <0.000022>
fstat(6, {st_mode=S_IFREG|0444, st_size=0, ...}) = 0 <0.000005>
read(6, "/dev/nvme0n1p2 / ext4 rw,relatim"..., 1024) = 1024 <0.000037>
read(6, "3fa0f6 nsfs rw 0 0\nsysfs /sys sy"..., 1024) = 1024 <0.000031>
read(6, "\ncgroup /sys/fs/cgroup/blkio cgr"..., 1024) = 1024 <0.000034>
read(6, "docker/aufs/mnt/d3fc1f6bfafa398f"..., 1024) = 1024 <0.000024>
read(6, "5536k 0 0\nshm /var/lib/docker/co"..., 1024) = 1024 <0.000027>
read(6, "/loop0 /usr/local/var/singularit"..., 1024) = 452 <0.000010>
read(6, "", 1024)                       = 0 <0.000005>
close(6)                                = 0 <0.000007>
stat("/etc/localtime", {st_mode=S_IFREG|0644, st_size=2845, ...}) = 0 <0.000013>
stat("/usr/local/var/singularity/mnt/overlay/final/etc/localtime", {st_mode=S_IFREG|0644, st_size=118, ...}) = 0 <0.000122>
stat("/etc/localtime", {st_mode=S_IFREG|0644, st_size=2845, ...}) = 0 <0.000009>
getuid()                                = 1000 <0.000005>
setresuid(-1, 0, -1)                    = 0 <0.000006>
setresgid(-1, 0, -1)                    = 0 <0.000007>
setgroups(0, [])                        = 0 <0.000006>
mount("/etc/localtime", "/usr/local/var/singularity/mnt/overlay/final/etc/localtime", NULL, MS_NOSUID|MS_NODEV|MS_BIND|MS_REC, NULL) = 0 <0.000020>
mount(NULL, "/usr/local/var/singularity/mnt/overlay/final/etc/localtime", NULL, MS_NOSUID|MS_NODEV|MS_REMOUNT|MS_BIND|MS_REC, NULL) = 0 <0.000007>
geteuid()                               = 0 <0.000005>
setgroups(9, [4, 24, 27, 30, 46, 113, 128, 999, 1000]) = 0 <0.000007>
setresgid(-1, 1000, -1)                 = 0 <0.000006>
setresuid(-1, 1000, -1)                 = 0 <0.000006>
getgid()                                = 1000 <0.000005>
getuid()                                = 1000 <0.000005>
stat("/etc/hosts", {st_mode=S_IFREG|0644, st_size=352, ...}) = 0 <0.000007>
open("/proc/mounts", O_RDONLY)          = 6 <0.000018>
fstat(6, {st_mode=S_IFREG|0444, st_size=0, ...}) = 0 <0.000005>
read(6, "/dev/nvme0n1p2 / ext4 rw,relatim"..., 1024) = 1024 <0.000032>
read(6, "3fa0f6 nsfs rw 0 0\nsysfs /sys sy"..., 1024) = 1024 <0.000030>
read(6, "\ncgroup /sys/fs/cgroup/blkio cgr"..., 1024) = 1024 <0.000034>
read(6, "docker/aufs/mnt/d3fc1f6bfafa398f"..., 1024) = 1024 <0.000023>
read(6, "5536k 0 0\nshm /var/lib/docker/co"..., 1024) = 1024 <0.000027>
read(6, "/loop0 /usr/local/var/singularit"..., 1024) = 591 <0.000014>
read(6, "", 1024)                       = 0 <0.000005>
close(6)                                = 0 <0.000006>
stat("/etc/hosts", {st_mode=S_IFREG|0644, st_size=352, ...}) = 0 <0.000007>
stat("/usr/local/var/singularity/mnt/overlay/final/etc/hosts", {st_mode=S_IFREG|0644, st_size=0, ...}) = 0 <0.000017>
stat("/etc/hosts", {st_mode=S_IFREG|0644, st_size=352, ...}) = 0 <0.000006>
getuid()                                = 1000 <0.000005>
setresuid(-1, 0, -1)                    = 0 <0.000007>
setresgid(-1, 0, -1)                    = 0 <0.000006>
setgroups(0, [])                        = 0 <0.000006>
mount("/etc/hosts", "/usr/local/var/singularity/mnt/overlay/final/etc/hosts", NULL, MS_NOSUID|MS_NODEV|MS_BIND|MS_REC, NULL) = 0 <0.000015>
mount(NULL, "/usr/local/var/singularity/mnt/overlay/final/etc/hosts", NULL, MS_NOSUID|MS_NODEV|MS_REMOUNT|MS_BIND|MS_REC, NULL) = 0 <0.000008>
geteuid()                               = 0 <0.000004>
setgroups(9, [4, 24, 27, 30, 46, 113, 128, 999, 1000]) = 0 <0.000006>
setresgid(-1, 1000, -1)                 = 0 <0.000005>
setresuid(-1, 1000, -1)                 = 0 <0.000006>
getgid()                                = 1000 <0.000006>
getuid()                                = 1000 <0.000005>
stat("/usr/local/var/singularity/mnt/overlay/final/proc", {st_mode=S_IFDIR|0755, st_size=4096, ...}) = 0 <0.000107>
getuid()                                = 1000 <0.000004>
setresuid(-1, 0, -1)                    = 0 <0.000006>
setresgid(-1, 0, -1)                    = 0 <0.000007>
setgroups(0, [])                        = 0 <0.000006>
mount("/proc", "/usr/local/var/singularity/mnt/overlay/final/proc", NULL, MS_NOSUID|MS_BIND|MS_REC, NULL) = 0 <0.000018>
geteuid()                               = 0 <0.000007>
setgroups(9, [4, 24, 27, 30, 46, 113, 128, 999, 1000]) = 0 <0.000008>
setresgid(-1, 1000, -1)                 = 0 <0.000006>
setresuid(-1, 1000, -1)                 = 0 <0.000009>
getgid()                                = 1000 <0.000005>
getuid()                                = 1000 <0.000005>
stat("/usr/local/var/singularity/mnt/overlay/final/sys", {st_mode=S_IFDIR|0755, st_size=4096, ...}) = 0 <0.000659>
getuid()                                = 1000 <0.003050>
setresuid(-1, 0, -1)                    = 0 <0.000009>
setresgid(-1, 0, -1)                    = 0 <0.000007>
setgroups(0, [])                        = 0 <0.000007>
mount("sysfs", "/usr/local/var/singularity/mnt/overlay/final/sys", "sysfs", MS_NOSUID, NULL) = 0 <0.000029>
geteuid()                               = 0 <0.000005>
setgroups(9, [4, 24, 27, 30, 46, 113, 128, 999, 1000]) = 0 <0.000007>
setresgid(-1, 1000, -1)                 = 0 <0.000006>
setresuid(-1, 1000, -1)                 = 0 <0.000006>
getgid()                                = 1000 <0.000005>
getuid()                                = 1000 <0.000005>
stat("/usr/local/var/singularity/mnt/overlay/final/dev", {st_mode=S_IFDIR|0755, st_size=4096, ...}) = 0 <0.000210>
getuid()                                = 1000 <0.000005>
setresuid(-1, 0, -1)                    = 0 <0.000005>
setresgid(-1, 0, -1)                    = 0 <0.000011>
setgroups(0, [])                        = 0 <0.000006>
mount("/dev", "/usr/local/var/singularity/mnt/overlay/final/dev", NULL, MS_NOSUID|MS_BIND|MS_REC, NULL) = 0 <0.000025>
geteuid()                               = 0 <0.000005>
setgroups(9, [4, 24, 27, 30, 46, 113, 128, 999, 1000]) = 0 <0.000007>
setresgid(-1, 1000, -1)                 = 0 <0.000006>
setresuid(-1, 1000, -1)                 = 0 <0.000006>
getgid()                                = 1000 <0.000004>
getuid()                                = 1000 <0.000005>
stat("/home/vanessa", {st_mode=S_IFDIR|0755, st_size=4096, ...}) = 0 <0.000008>
open("/proc/mounts", O_RDONLY)          = 6 <0.000023>
fstat(6, {st_mode=S_IFREG|0444, st_size=0, ...}) = 0 <0.000005>
read(6, "/dev/nvme0n1p2 / ext4 rw,relatim"..., 1024) = 1024 <0.000037>
read(6, "3fa0f6 nsfs rw 0 0\nsysfs /sys sy"..., 1024) = 1024 <0.000031>
read(6, "\ncgroup /sys/fs/cgroup/blkio cgr"..., 1024) = 1024 <0.000039>
read(6, "docker/aufs/mnt/d3fc1f6bfafa398f"..., 1024) = 1024 <0.000025>
read(6, "5536k 0 0\nshm /var/lib/docker/co"..., 1024) = 1024 <0.000039>
read(6, "/loop0 /usr/local/var/singularit"..., 1024) = 1024 <0.000033>
read(6, "ay/final/proc/sys/fs/binfmt_misc"..., 1024) = 664 <0.000024>
read(6, "", 1024)                       = 0 <0.000006>
close(6)                                = 0 <0.000013>
getuid()                                = 1000 <0.000006>
setresuid(-1, 0, -1)                    = 0 <0.000011>
setresgid(-1, 0, -1)                    = 0 <0.000007>
setgroups(0, [])                        = 0 <0.000008>
stat("/usr/local/var/singularity/mnt/overlay/final/home/vanessa", 0x7fff8de7b170) = -1 ENOENT (No such file or directory) <0.000340>
stat("/usr/local/var/singularity/mnt/overlay/final/home", {st_mode=S_IFDIR|0755, st_size=4096, ...}) = 0 <0.000013>
umask(0)                                = 022 <0.000005>
mkdir("/usr/local/var/singularity/mnt/overlay/final/home/vanessa", 0755) = 0 <0.000031>
umask(022)                              = 0 <0.000005>
geteuid()                               = 0 <0.000004>
setgroups(9, [4, 24, 27, 30, 46, 113, 128, 999, 1000]) = 0 <0.000009>
setresgid(-1, 1000, -1)                 = 0 <0.000006>
setresuid(-1, 1000, -1)                 = 0 <0.000007>
getgid()                                = 1000 <0.000005>
getuid()                                = 1000 <0.000005>
getuid()                                = 1000 <0.000005>
setresuid(-1, 0, -1)                    = 0 <0.000006>
setresgid(-1, 0, -1)                    = 0 <0.000005>
setgroups(0, [])                        = 0 <0.000007>
mount("/home/vanessa", "/usr/local/var/singularity/mnt/overlay/final/home/vanessa", NULL, MS_NOSUID|MS_NODEV|MS_BIND|MS_REC, NULL) = 0 <0.000023>
mount(NULL, "/usr/local/var/singularity/mnt/overlay/final/home/vanessa", NULL, MS_NOSUID|MS_NODEV|MS_REMOUNT|MS_BIND|MS_REC, NULL) = 0 <0.000009>
geteuid()                               = 0 <0.000005>
setgroups(9, [4, 24, 27, 30, 46, 113, 128, 999, 1000]) = 0 <0.000007>
setresgid(-1, 1000, -1)                 = 0 <0.000005>
setresuid(-1, 1000, -1)                 = 0 <0.000006>
getgid()                                = 1000 <0.000005>
getuid()                                = 1000 <0.000005>
open("/proc/mounts", O_RDONLY)          = 6 <0.000021>
fstat(6, {st_mode=S_IFREG|0444, st_size=0, ...}) = 0 <0.000005>
read(6, "/dev/nvme0n1p2 / ext4 rw,relatim"..., 1024) = 1024 <0.000036>
read(6, "3fa0f6 nsfs rw 0 0\nsysfs /sys sy"..., 1024) = 1024 <0.000032>
read(6, "\ncgroup /sys/fs/cgroup/blkio cgr"..., 1024) = 1024 <0.000034>
read(6, "docker/aufs/mnt/d3fc1f6bfafa398f"..., 1024) = 1024 <0.000024>
read(6, "5536k 0 0\nshm /var/lib/docker/co"..., 1024) = 1024 <0.000027>
read(6, "/loop0 /usr/local/var/singularit"..., 1024) = 1024 <0.000024>
read(6, "ay/final/proc/sys/fs/binfmt_misc"..., 1024) = 802 <0.000018>
read(6, "", 1024)                       = 0 <0.000006>
close(6)                                = 0 <0.000008>
stat("/tmp", {st_mode=S_IFDIR|S_ISVTX|0777, st_size=147456, ...}) = 0 <0.000008>
stat("/tmp", {st_mode=S_IFDIR|S_ISVTX|0777, st_size=147456, ...}) = 0 <0.000006>
stat("/usr/local/var/singularity/mnt/overlay/final/tmp", {st_mode=S_IFDIR|S_ISVTX|0777, st_size=4096, ...}) = 0 <0.000208>
getuid()                                = 1000 <0.000006>
setresuid(-1, 0, -1)                    = 0 <0.000007>
setresgid(-1, 0, -1)                    = 0 <0.000007>
setgroups(0, [])                        = 0 <0.000006>
mount("/tmp", "/usr/local/var/singularity/mnt/overlay/final/tmp", NULL, MS_NOSUID|MS_NODEV|MS_BIND|MS_REC, NULL) = 0 <0.000016>
mount(NULL, "/usr/local/var/singularity/mnt/overlay/final/tmp", NULL, MS_NOSUID|MS_NODEV|MS_REMOUNT|MS_BIND|MS_REC, NULL) = 0 <0.000008>
geteuid()                               = 0 <0.000005>
setgroups(9, [4, 24, 27, 30, 46, 113, 128, 999, 1000]) = 0 <0.000007>
setresgid(-1, 1000, -1)                 = 0 <0.000006>
setresuid(-1, 1000, -1)                 = 0 <0.000005>
getgid()                                = 1000 <0.000005>
getuid()                                = 1000 <0.000004>
open("/proc/mounts", O_RDONLY)          = 6 <0.000019>
fstat(6, {st_mode=S_IFREG|0444, st_size=0, ...}) = 0 <0.000006>
read(6, "/dev/nvme0n1p2 / ext4 rw,relatim"..., 1024) = 1024 <0.000031>
read(6, "3fa0f6 nsfs rw 0 0\nsysfs /sys sy"..., 1024) = 1024 <0.000027>
read(6, "\ncgroup /sys/fs/cgroup/blkio cgr"..., 1024) = 1024 <0.000031>
read(6, "docker/aufs/mnt/d3fc1f6bfafa398f"..., 1024) = 1024 <0.000022>
read(6, "5536k 0 0\nshm /var/lib/docker/co"..., 1024) = 1024 <0.000024>
read(6, "/loop0 /usr/local/var/singularit"..., 1024) = 1024 <0.000022>
read(6, "ay/final/proc/sys/fs/binfmt_misc"..., 1024) = 931 <0.000019>
read(6, "", 1024)                       = 0 <0.000006>
close(6)                                = 0 <0.000006>
stat("/var/tmp", {st_mode=S_IFDIR|0755, st_size=4096, ...}) = 0 <0.000009>
stat("/var/tmp", {st_mode=S_IFDIR|0755, st_size=4096, ...}) = 0 <0.000006>
stat("/usr/local/var/singularity/mnt/overlay/final/var/tmp", {st_mode=S_IFDIR|S_ISVTX|0777, st_size=4096, ...}) = 0 <0.000245>
getuid()                                = 1000 <0.000005>
setresuid(-1, 0, -1)                    = 0 <0.000007>
setresgid(-1, 0, -1)                    = 0 <0.000006>
setgroups(0, [])                        = 0 <0.000006>
mount("/var/tmp", "/usr/local/var/singularity/mnt/overlay/final/var/tmp", NULL, MS_NOSUID|MS_NODEV|MS_BIND|MS_REC, NULL) = 0 <0.000019>
mount(NULL, "/usr/local/var/singularity/mnt/overlay/final/var/tmp", NULL, MS_NOSUID|MS_NODEV|MS_REMOUNT|MS_BIND|MS_REC, NULL) = 0 <0.000008>
geteuid()                               = 0 <0.000005>
setgroups(9, [4, 24, 27, 30, 46, 113, 128, 999, 1000]) = 0 <0.000006>
setresgid(-1, 1000, -1)                 = 0 <0.000006>
setresuid(-1, 1000, -1)                 = 0 <0.000006>
getgid()                                = 1000 <0.000005>
getuid()                                = 1000 <0.000005>
stat(".", {st_mode=S_IFDIR|0775, st_size=4096, ...}) = 0 <0.000007>
stat("/home/vanessa/Documents/Dropbox/Code/ftw/hello-world-ftw", {st_mode=S_IFDIR|0775, st_size=4096, ...}) = 0 <0.000009>
stat("/usr/local/var/singularity/mnt/overlay/final/home/vanessa/Documents/Dropbox/Code/ftw/hello-world-ftw", {st_mode=S_IFDIR|0775, st_size=4096, ...}) = 0 <0.000013>
lstat("/home/vanessa/Documents/Dropbox/Code/ftw/hello-world-ftw", {st_mode=S_IFDIR|0775, st_size=4096, ...}) = 0 <0.000008>
lstat("/usr/local/var/singularity/mnt/overlay/final/home/vanessa/Documents/Dropbox/Code/ftw/hello-world-ftw", {st_mode=S_IFDIR|0775, st_size=4096, ...}) = 0 <0.000008>
open("/etc/passwd", O_RDONLY|O_CLOEXEC) = 6 <0.000010>
lseek(6, 0, SEEK_CUR)                   = 0 <0.000005>
fstat(6, {st_mode=S_IFREG|0644, st_size=2433, ...}) = 0 <0.000102>
mmap(NULL, 2433, PROT_READ, MAP_SHARED, 6, 0) = 0x7ff68527f000 <0.000009>
lseek(6, 2433, SEEK_SET)                = 2433 <0.000006>
munmap(0x7ff68527f000, 2433)            = 0 <0.000011>
close(6)                                = 0 <0.000006>
stat("/usr/local/var/singularity/mnt/overlay/final/etc/passwd", {st_mode=S_IFREG|0644, st_size=956, ...}) = 0 <0.000017>
stat("/usr/local/var/singularity/mnt/overlay/final/etc/passwd", {st_mode=S_IFREG|0644, st_size=956, ...}) = 0 <0.000006>
open("/usr/local/var/singularity/mnt/overlay/final/etc/passwd", O_RDONLY) = 6 <0.000009>
open("/usr/local/var/singularity/mnt/session/passwd", O_WRONLY|O_CREAT|O_TRUNC, 0666) = 7 <0.000012>
fstat(6, {st_mode=S_IFREG|0644, st_size=956, ...}) = 0 <0.000005>
fchmod(7, 0100644)                      = 0 <0.000006>
fstat(6, {st_mode=S_IFREG|0644, st_size=956, ...}) = 0 <0.000005>
read(6, "root:x:0:0:root:/root:/bin/bash\n"..., 4096) = 956 <0.000020>
fstat(7, {st_mode=S_IFREG|0644, st_size=0, ...}) = 0 <0.000005>
read(6, "", 4096)                       = 0 <0.000005>
close(6)                                = 0 <0.000006>
write(7, "root:x:0:0:root:/root:/bin/bash\n"..., 956) = 956 <0.000302>
close(7)                                = 0 <0.000007>
open("/usr/local/var/singularity/mnt/session/passwd", O_WRONLY|O_CREAT|O_APPEND, 0666) = 6 <0.000012>
lseek(6, 0, SEEK_END)                   = 956 <0.000008>
fstat(6, {st_mode=S_IFREG|0644, st_size=956, ...}) = 0 <0.000189>
write(6, "vanessa:x:1000:1000:Vanessa Soch"..., 62) = 62 <0.000007>
close(6)                                = 0 <0.000006>
stat("/usr/local/var/singularity/mnt/session/passwd", {st_mode=S_IFREG|0644, st_size=1018, ...}) = 0 <0.000009>
stat("/usr/local/var/singularity/mnt/overlay/final/etc/passwd", {st_mode=S_IFREG|0644, st_size=956, ...}) = 0 <0.000012>
getuid()                                = 1000 <0.000005>
setresuid(-1, 0, -1)                    = 0 <0.000006>
setresgid(-1, 0, -1)                    = 0 <0.000005>
setgroups(0, [])                        = 0 <0.000006>
mount("/usr/local/var/singularity/mnt/session/passwd", "/usr/local/var/singularity/mnt/overlay/final/etc/passwd", NULL, MS_NOSUID|MS_NODEV|MS_BIND|MS_REC, NULL) = 0 <0.000014>
mount(NULL, "/usr/local/var/singularity/mnt/overlay/final/etc/passwd", NULL, MS_NOSUID|MS_NODEV|MS_REMOUNT|MS_BIND|MS_REC, NULL) = 0 <0.000007>
geteuid()                               = 0 <0.000004>
setgroups(9, [4, 24, 27, 30, 46, 113, 128, 999, 1000]) = 0 <0.000006>
setresgid(-1, 1000, -1)                 = 0 <0.000005>
setresuid(-1, 1000, -1)                 = 0 <0.000005>
getgid()                                = 1000 <0.000005>
getuid()                                = 1000 <0.000004>
stat("/usr/local/var/singularity/mnt/overlay/final/etc/group", {st_mode=S_IFREG|0644, st_size=537, ...}) = 0 <0.000091>
open("/etc/passwd", O_RDONLY|O_CLOEXEC) = 6 <0.000008>
lseek(6, 0, SEEK_CUR)                   = 0 <0.000005>
fstat(6, {st_mode=S_IFREG|0644, st_size=2433, ...}) = 0 <0.000005>
mmap(NULL, 2433, PROT_READ, MAP_SHARED, 6, 0) = 0x7ff68527f000 <0.000009>
lseek(6, 2433, SEEK_SET)                = 2433 <0.000004>
munmap(0x7ff68527f000, 2433)            = 0 <0.000079>
close(6)                                = 0 <0.000006>
stat("/usr/local/var/singularity/mnt/overlay/final/etc/group", {st_mode=S_IFREG|0644, st_size=537, ...}) = 0 <0.000007>
open("/usr/local/var/singularity/mnt/overlay/final/etc/group", O_RDONLY) = 6 <0.000009>
open("/usr/local/var/singularity/mnt/session/group", O_WRONLY|O_CREAT|O_TRUNC, 0666) = 7 <0.000011>
fstat(6, {st_mode=S_IFREG|0644, st_size=537, ...}) = 0 <0.000005>
fchmod(7, 0100644)                      = 0 <0.000009>
fstat(6, {st_mode=S_IFREG|0644, st_size=537, ...}) = 0 <0.000049>
read(6, "root:x:0:\ndaemon:x:1:\nbin:x:2:\ns"..., 4096) = 537 <0.000019>
fstat(7, {st_mode=S_IFREG|0644, st_size=0, ...}) = 0 <0.000005>
read(6, "", 4096)                       = 0 <0.000005>
close(6)                                = 0 <0.000010>
write(7, "root:x:0:\ndaemon:x:1:\nbin:x:2:\ns"..., 537) = 537 <0.000009>
close(7)                                = 0 <0.000005>
open("/usr/local/var/singularity/mnt/session/group", O_WRONLY|O_CREAT|O_APPEND, 0666) = 6 <0.000008>
lseek(6, 0, SEEK_END)                   = 537 <0.000005>
socket(PF_LOCAL, SOCK_STREAM|SOCK_CLOEXEC|SOCK_NONBLOCK, 0) = 7 <0.000009>
connect(7, {sa_family=AF_LOCAL, sun_path="/var/run/nscd/socket"}, 110) = -1 ENOENT (No such file or directory) <0.000014>
close(7)                                = 0 <0.000008>
socket(PF_LOCAL, SOCK_STREAM|SOCK_CLOEXEC|SOCK_NONBLOCK, 0) = 7 <0.000005>
connect(7, {sa_family=AF_LOCAL, sun_path="/var/run/nscd/socket"}, 110) = -1 ENOENT (No such file or directory) <0.000008>
close(7)                                = 0 <0.000006>
open("/etc/group", O_RDONLY|O_CLOEXEC)  = 7 <0.000007>
lseek(7, 0, SEEK_CUR)                   = 0 <0.000005>
fstat(7, {st_mode=S_IFREG|0644, st_size=1088, ...}) = 0 <0.000005>
mmap(NULL, 1088, PROT_READ, MAP_SHARED, 7, 0) = 0x7ff68527f000 <0.000008>
lseek(7, 1088, SEEK_SET)                = 1088 <0.000005>
munmap(0x7ff68527f000, 1088)            = 0 <0.000007>
close(7)                                = 0 <0.000005>
fstat(6, {st_mode=S_IFREG|0644, st_size=537, ...}) = 0 <0.000005>
open("/etc/group", O_RDONLY|O_CLOEXEC)  = 7 <0.000006>
lseek(7, 0, SEEK_CUR)                   = 0 <0.000004>
fstat(7, {st_mode=S_IFREG|0644, st_size=1088, ...}) = 0 <0.000005>
mmap(NULL, 1088, PROT_READ, MAP_SHARED, 7, 0) = 0x7ff68527f000 <0.000006>
lseek(7, 1088, SEEK_SET)                = 1088 <0.000005>
munmap(0x7ff68527f000, 1088)            = 0 <0.000006>
close(7)                                = 0 <0.000005>
open("/etc/group", O_RDONLY|O_CLOEXEC)  = 7 <0.000007>
lseek(7, 0, SEEK_CUR)                   = 0 <0.000004>
fstat(7, {st_mode=S_IFREG|0644, st_size=1088, ...}) = 0 <0.000005>
mmap(NULL, 1088, PROT_READ, MAP_SHARED, 7, 0) = 0x7ff68527f000 <0.000006>
lseek(7, 1088, SEEK_SET)                = 1088 <0.000004>
munmap(0x7ff68527f000, 1088)            = 0 <0.000006>
close(7)                                = 0 <0.000005>
open("/etc/group", O_RDONLY|O_CLOEXEC)  = 7 <0.000006>
lseek(7, 0, SEEK_CUR)                   = 0 <0.000005>
fstat(7, {st_mode=S_IFREG|0644, st_size=1088, ...}) = 0 <0.000005>
mmap(NULL, 1088, PROT_READ, MAP_SHARED, 7, 0) = 0x7ff68527f000 <0.000006>
lseek(7, 1088, SEEK_SET)                = 1088 <0.000005>
munmap(0x7ff68527f000, 1088)            = 0 <0.000006>
close(7)                                = 0 <0.000005>
open("/etc/group", O_RDONLY|O_CLOEXEC)  = 7 <0.000007>
lseek(7, 0, SEEK_CUR)                   = 0 <0.000005>
fstat(7, {st_mode=S_IFREG|0644, st_size=1088, ...}) = 0 <0.000005>
mmap(NULL, 1088, PROT_READ, MAP_SHARED, 7, 0) = 0x7ff68527f000 <0.000005>
lseek(7, 1088, SEEK_SET)                = 1088 <0.000005>
munmap(0x7ff68527f000, 1088)            = 0 <0.000005>
close(7)                                = 0 <0.000005>
open("/etc/group", O_RDONLY|O_CLOEXEC)  = 7 <0.000006>
lseek(7, 0, SEEK_CUR)                   = 0 <0.000005>
fstat(7, {st_mode=S_IFREG|0644, st_size=1088, ...}) = 0 <0.000005>
mmap(NULL, 1088, PROT_READ, MAP_SHARED, 7, 0) = 0x7ff68527f000 <0.000005>
lseek(7, 1088, SEEK_SET)                = 1088 <0.000005>
munmap(0x7ff68527f000, 1088)            = 0 <0.000006>
close(7)                                = 0 <0.000005>
open("/etc/group", O_RDONLY|O_CLOEXEC)  = 7 <0.000006>
lseek(7, 0, SEEK_CUR)                   = 0 <0.000005>
fstat(7, {st_mode=S_IFREG|0644, st_size=1088, ...}) = 0 <0.000005>
mmap(NULL, 1088, PROT_READ, MAP_SHARED, 7, 0) = 0x7ff68527f000 <0.000006>
lseek(7, 1088, SEEK_SET)                = 1088 <0.000005>
munmap(0x7ff68527f000, 1088)            = 0 <0.000006>
close(7)                                = 0 <0.000005>
open("/etc/group", O_RDONLY|O_CLOEXEC)  = 7 <0.000007>
lseek(7, 0, SEEK_CUR)                   = 0 <0.000005>
fstat(7, {st_mode=S_IFREG|0644, st_size=1088, ...}) = 0 <0.000005>
mmap(NULL, 1088, PROT_READ, MAP_SHARED, 7, 0) = 0x7ff68527f000 <0.000005>
lseek(7, 1088, SEEK_SET)                = 1088 <0.000005>
munmap(0x7ff68527f000, 1088)            = 0 <0.000006>
close(7)                                = 0 <0.000005>
open("/etc/group", O_RDONLY|O_CLOEXEC)  = 7 <0.000007>
lseek(7, 0, SEEK_CUR)                   = 0 <0.000005>
fstat(7, {st_mode=S_IFREG|0644, st_size=1088, ...}) = 0 <0.000004>
mmap(NULL, 1088, PROT_READ, MAP_SHARED, 7, 0) = 0x7ff68527f000 <0.000006>
lseek(7, 1088, SEEK_SET)                = 1088 <0.000005>
munmap(0x7ff68527f000, 1088)            = 0 <0.000005>
close(7)                                = 0 <0.000005>
write(6, "\nvanessa:x:1000:vanessa\nadm:x:4:"..., 183) = 183 <0.000007>
close(6)                                = 0 <0.000005>
stat("/usr/local/var/singularity/mnt/session/group", {st_mode=S_IFREG|0644, st_size=720, ...}) = 0 <0.000008>
stat("/usr/local/var/singularity/mnt/overlay/final/etc/group", {st_mode=S_IFREG|0644, st_size=537, ...}) = 0 <0.000009>
getuid()                                = 1000 <0.000004>
setresuid(-1, 0, -1)                    = 0 <0.000007>
setresgid(-1, 0, -1)                    = 0 <0.000005>
setgroups(0, [])                        = 0 <0.000006>
mount("/usr/local/var/singularity/mnt/session/group", "/usr/local/var/singularity/mnt/overlay/final/etc/group", NULL, MS_NOSUID|MS_NODEV|MS_BIND|MS_REC, NULL) = 0 <0.000021>
mount(NULL, "/usr/local/var/singularity/mnt/overlay/final/etc/group", NULL, MS_NOSUID|MS_NODEV|MS_REMOUNT|MS_BIND|MS_REC, NULL) = 0 <0.000008>
geteuid()                               = 0 <0.000004>
setgroups(9, [4, 24, 27, 30, 46, 113, 128, 999, 1000]) = 0 <0.000007>
setresgid(-1, 1000, -1)                 = 0 <0.000006>
setresuid(-1, 1000, -1)                 = 0 <0.000006>
getgid()                                = 1000 <0.000005>
getuid()                                = 1000 <0.000005>
stat("/etc/resolv.conf", {st_mode=S_IFREG|0644, st_size=68, ...}) = 0 <0.000007>
stat("/usr/local/var/singularity/mnt/overlay/final/etc/resolv.conf", {st_mode=S_IFREG|0444, st_size=0, ...}) = 0 <0.000016>
getuid()                                = 1000 <0.000005>
setresuid(-1, 0, -1)                    = 0 <0.000005>
setresgid(-1, 0, -1)                    = 0 <0.000005>
setgroups(0, [])                        = 0 <0.000006>
mount("/etc/resolv.conf", "/usr/local/var/singularity/mnt/overlay/final/etc/resolv.conf", NULL, MS_NOSUID|MS_NODEV|MS_BIND|MS_REC, NULL) = 0 <0.000012>
mount(NULL, "/usr/local/var/singularity/mnt/overlay/final/etc/resolv.conf", NULL, MS_NOSUID|MS_NODEV|MS_REMOUNT|MS_BIND|MS_REC, NULL) = 0 <0.000006>
geteuid()                               = 0 <0.000004>
setgroups(9, [4, 24, 27, 30, 46, 113, 128, 999, 1000]) = 0 <0.000005>
setresgid(-1, 1000, -1)                 = 0 <0.000005>
setresuid(-1, 1000, -1)                 = 0 <0.000005>
getgid()                                = 1000 <0.000005>
getuid()                                = 1000 <0.000004>
getuid()                                = 1000 <0.000004>
setresuid(-1, 0, -1)                    = 0 <0.000005>
setresgid(-1, 0, -1)                    = 0 <0.000006>
setgroups(0, [])                        = 0 <0.000005>
chroot("/usr/local/var/singularity/mnt/overlay/final") = 0 <0.000007>
geteuid()                               = 0 <0.000004>
setgroups(9, [4, 24, 27, 30, 46, 113, 128, 999, 1000]) = 0 <0.000005>
setresgid(-1, 1000, -1)                 = 0 <0.000005>
setresuid(-1, 1000, -1)                 = 0 <0.000005>
getgid()                                = 1000 <0.000005>
getuid()                                = 1000 <0.000005>
chdir("/")                              = 0 <0.000006>
getuid()                                = 1000 <0.000004>
setresuid(-1, 0, -1)                    = 0 <0.000005>
setresgid(-1, 0, -1)                    = 0 <0.000005>
setgroups(0, [])                        = 0 <0.000006>
setgroups(9, [4, 24, 27, 30, 46, 113, 128, 999, 1000]) = 0 <0.000005>
setgid(1000)                            = 0 <0.000005>
setregid(1000, 1000)                    = 0 <0.000006>
setreuid(1000, 1000)                    = 0 <0.000006>
getgid()                                = 1000 <0.000005>
getuid()                                = 1000 <0.000004>
prctl(PR_SET_NO_NEW_PRIVS, 1, 0, 0, 0)  = 0 <0.000006>
chdir("/home/vanessa/Documents/Dropbox/Code/ftw/hello-world-ftw") = 0 <0.000009>
getpid()                                = 3925 <0.000005>
geteuid()                               = 1000 <0.000005>
open("/etc/localtime", O_RDONLY|O_CLOEXEC) = 6 <0.000009>
fstat(6, {st_mode=S_IFREG|0644, st_size=2845, ...}) = 0 <0.000005>
fstat(6, {st_mode=S_IFREG|0644, st_size=2845, ...}) = 0 <0.000005>
read(6, "TZif2\0\0\0\0\0\0\0\0\0\0\0\0\0\0\0\0\0\0\5\0\0\0\5\0\0\0\0"..., 4096) = 2845 <0.000007>
lseek(6, -1811, SEEK_CUR)               = 1034 <0.000005>
read(6, "TZif2\0\0\0\0\0\0\0\0\0\0\0\0\0\0\0\0\0\0\5\0\0\0\5\0\0\0\0"..., 4096) = 1811 <0.000005>
close(6)                                = 0 <0.000006>
sendto(3, "<133>Sep 10 06:59:42 Singularity"..., 114, MSG_NOSIGNAL, NULL, 0) = 114 <0.000014>
stat("/.singularity.d/actions/run", {st_mode=S_IFREG|0755, st_size=603, ...}) = 0 <0.000212>
execve("/.singularity.d/actions/run", ["/usr/local/libexec/singularity/b"...], [/* 22 vars */]) = 0 <0.000492>
brk(NULL)                               = 0x44fd5ff000 <0.000005>
access("/etc/ld.so.nohwcap", F_OK)      = -1 ENOENT (No such file or directory) <0.000013>
mmap(NULL, 8192, PROT_READ|PROT_WRITE, MAP_PRIVATE|MAP_ANONYMOUS, -1, 0) = 0x7f4dccce0000 <0.000006>
access("/etc/ld.so.preload", R_OK)      = -1 ENOENT (No such file or directory) <0.000014>
open("/etc/ld.so.cache", O_RDONLY|O_CLOEXEC) = 3 <0.000016>
fstat(3, {st_mode=S_IFREG|0644, st_size=37006, ...}) = 0 <0.000006>
mmap(NULL, 37006, PROT_READ, MAP_PRIVATE, 3, 0) = 0x7f4dcccd6000 <0.000007>
close(3)                                = 0 <0.000005>
access("/etc/ld.so.nohwcap", F_OK)      = -1 ENOENT (No such file or directory) <0.000007>
open("/lib/x86_64-linux-gnu/libc.so.6", O_RDONLY|O_CLOEXEC) = 3 <0.000016>
read(3, "\177ELF\2\1\1\0\0\0\0\0\0\0\0\0\3\0>\0\1\0\0\0P \2\0\0\0\0\0"..., 832) = 832 <0.000018>
fstat(3, {st_mode=S_IFREG|0755, st_size=1857312, ...}) = 0 <0.000005>
mmap(NULL, 3965632, PROT_READ|PROT_EXEC, MAP_PRIVATE|MAP_DENYWRITE, 3, 0) = 0x7f4dcc6f7000 <0.000006>
mprotect(0x7f4dcc8b5000, 2097152, PROT_NONE) = 0 <0.000008>
mmap(0x7f4dccab5000, 24576, PROT_READ|PROT_WRITE, MAP_PRIVATE|MAP_FIXED|MAP_DENYWRITE, 3, 0x1be000) = 0x7f4dccab5000 <0.000008>
mmap(0x7f4dccabb000, 17088, PROT_READ|PROT_WRITE, MAP_PRIVATE|MAP_FIXED|MAP_ANONYMOUS, -1, 0) = 0x7f4dccabb000 <0.000007>
close(3)                                = 0 <0.000005>
mmap(NULL, 4096, PROT_READ|PROT_WRITE, MAP_PRIVATE|MAP_ANONYMOUS, -1, 0) = 0x7f4dcccd5000 <0.000008>
mmap(NULL, 8192, PROT_READ|PROT_WRITE, MAP_PRIVATE|MAP_ANONYMOUS, -1, 0) = 0x7f4dcccd3000 <0.000006>
arch_prctl(ARCH_SET_FS, 0x7f4dcccd3740) = 0 <0.000005>
mprotect(0x7f4dccab5000, 16384, PROT_READ) = 0 <0.000008>
mprotect(0x44fb9e1000, 8192, PROT_READ) = 0 <0.000006>
mprotect(0x7f4dccce2000, 4096, PROT_READ) = 0 <0.000005>
munmap(0x7f4dcccd6000, 37006)           = 0 <0.000013>
getpid()                                = 3925 <0.000005>
rt_sigaction(SIGCHLD, {0x44fb7d8460, ~[RTMIN RT_1], SA_RESTORER, 0x7f4dcc72dcb0}, NULL, 8) = 0 <0.000005>
geteuid()                               = 1000 <0.000005>
brk(NULL)                               = 0x44fd5ff000 <0.000005>
brk(0x44fd620000)                       = 0x44fd620000 <0.000005>
getppid()                               = 3923 <0.000004>
stat("/home/vanessa/Documents/Dropbox/Code/ftw/hello-world-ftw", {st_mode=S_IFDIR|0775, st_size=4096, ...}) = 0 <0.000031>
stat(".", {st_mode=S_IFDIR|0775, st_size=4096, ...}) = 0 <0.000006>
open("/.singularity.d/actions/run", O_RDONLY) = 3 <0.000012>
fcntl(3, F_DUPFD, 10)                   = 10 <0.000005>
close(3)                                = 0 <0.000005>
fcntl(10, F_SETFD, FD_CLOEXEC)          = 0 <0.000005>
rt_sigaction(SIGINT, NULL, {SIG_DFL, [], 0}, 8) = 0 <0.000005>
rt_sigaction(SIGINT, {0x44fb7d8460, ~[RTMIN RT_1], SA_RESTORER, 0x7f4dcc72dcb0}, NULL, 8) = 0 <0.000005>
rt_sigaction(SIGQUIT, NULL, {SIG_DFL, [], 0}, 8) = 0 <0.000005>
rt_sigaction(SIGQUIT, {SIG_DFL, ~[RTMIN RT_1], SA_RESTORER, 0x7f4dcc72dcb0}, NULL, 8) = 0 <0.000005>
rt_sigaction(SIGTERM, NULL, {SIG_DFL, [], 0}, 8) = 0 <0.000005>
rt_sigaction(SIGTERM, {SIG_DFL, ~[RTMIN RT_1], SA_RESTORER, 0x7f4dcc72dcb0}, NULL, 8) = 0 <0.000005>
read(10, "#!/bin/sh\n\nfor script in /.singu"..., 8192) = 603 <0.000006>
openat(AT_FDCWD, "/.singularity.d/env", O_RDONLY|O_NONBLOCK|O_DIRECTORY|O_CLOEXEC) = 3 <0.000018>
getdents(3, /* 7 entries */, 32768)     = 216 <0.000021>
getdents(3, /* 0 entries */, 32768)     = 0 <0.000005>
close(3)                                = 0 <0.000008>
stat("/.singularity.d/env/01-base.sh", {st_mode=S_IFREG|0755, st_size=1061, ...}) = 0 <0.000012>
open("/.singularity.d/env/01-base.sh", O_RDONLY) = 3 <0.000008>
fcntl(3, F_DUPFD, 10)                   = 11 <0.000005>
close(3)                                = 0 <0.000005>
fcntl(11, F_SETFD, FD_CLOEXEC)          = 0 <0.000004>
read(11, "#!/bin/bash\n# \n# Copyright (c) 2"..., 8192) = 1061 <0.000014>
read(11, "", 8192)                      = 0 <0.000005>
close(11)                               = 0 <0.000005>
stat("/.singularity.d/env/10-docker.sh", {st_mode=S_IFREG|0755, st_size=72, ...}) = 0 <0.000010>
open("/.singularity.d/env/10-docker.sh", O_RDONLY) = 3 <0.000007>
fcntl(3, F_DUPFD, 10)                   = 11 <0.000005>
close(3)                                = 0 <0.000005>
fcntl(11, F_SETFD, FD_CLOEXEC)          = 0 <0.000004>
read(11, "export PATH=/usr/local/sbin:/usr"..., 8192) = 72 <0.000013>
read(11, "", 8192)                      = 0 <0.000005>
close(11)                               = 0 <0.000005>
stat("/.singularity.d/env/90-environment.sh", {st_mode=S_IFREG|0755, st_size=176, ...}) = 0 <0.000012>
open("/.singularity.d/env/90-environment.sh", O_RDONLY) = 3 <0.000008>
fcntl(3, F_DUPFD, 10)                   = 11 <0.000005>
close(3)                                = 0 <0.000005>
fcntl(11, F_SETFD, FD_CLOEXEC)          = 0 <0.000004>
read(11, "# Custom environment shell code "..., 8192) = 176 <0.000013>
read(11, "", 8192)                      = 0 <0.000004>
close(11)                               = 0 <0.000005>
stat("/.singularity.d/env/95-apps.sh", {st_mode=S_IFREG|0755, st_size=1915, ...}) = 0 <0.000010>
open("/.singularity.d/env/95-apps.sh", O_RDONLY) = 3 <0.000019>
fcntl(3, F_DUPFD, 10)                   = 11 <0.000005>
close(3)                                = 0 <0.000005>
fcntl(11, F_SETFD, FD_CLOEXEC)          = 0 <0.000004>
read(11, "#!/bin/bash\n#\n# Copyright (c) 20"..., 8192) = 1915 <0.000014>
stat("/scif/apps/cpp/", {st_mode=S_IFDIR|0775, st_size=4096, ...}) = 0 <0.000108>
stat("/scif/apps/cpp/bin", {st_mode=S_IFDIR|0775, st_size=4096, ...}) = 0 <0.000021>
stat("/scif/apps/cpp/lib", {st_mode=S_IFDIR|0775, st_size=4096, ...}) = 0 <0.000009>
stat("/scif/apps/cpp/scif/env/01-base.sh", {st_mode=S_IFREG|0664, st_size=394, ...}) = 0 <0.000031>
open("/scif/apps/cpp/scif/env/01-base.sh", O_RDONLY) = 3 <0.000008>
fcntl(3, F_DUPFD, 10)                   = 12 <0.000005>
close(3)                                = 0 <0.000005>
fcntl(12, F_SETFD, FD_CLOEXEC)          = 0 <0.000005>
read(12, "\n    SINGULARITY_APPNAME=cpp\n   "..., 8192) = 394 <0.000014>
read(12, "", 8192)                      = 0 <0.000005>
close(12)                               = 0 <0.000005>
stat("/scif/apps/cpp/scif/env/90-environment.sh", 0x7ffdfa3aa8a0) = -1 ENOENT (No such file or directory) <0.000010>
read(11, "", 8192)                      = 0 <0.000005>
close(11)                               = 0 <0.000005>
stat("/.singularity.d/env/99-base.sh", {st_mode=S_IFREG|0755, st_size=1255, ...}) = 0 <0.000011>
open("/.singularity.d/env/99-base.sh", O_RDONLY) = 3 <0.000007>
fcntl(3, F_DUPFD, 10)                   = 11 <0.000005>
close(3)                                = 0 <0.000005>
fcntl(11, F_SETFD, FD_CLOEXEC)          = 0 <0.000004>
read(11, "#!/bin/bash\n# \n# Copyright (c) 2"..., 8192) = 1255 <0.000014>
read(11, "", 8192)                      = 0 <0.000005>
close(11)                               = 0 <0.000005>
geteuid()                               = 1000 <0.000005>
faccessat(AT_FDCWD, "/scif/apps/cpp/scif/runscript", X_OK) = 0 <0.000012>
execve("/scif/apps/cpp/scif/runscript", ["/scif/apps/cpp/scif/runscript"], [/* 30 vars */]) = -1 ENOEXEC (Exec format error) <0.000178>
execve("/bin/sh", ["/bin/sh", "/scif/apps/cpp/scif/runscript"], [/* 30 vars */]) = 0 <0.000144>
brk(NULL)                               = 0x311c6e3000 <0.000004>
access("/etc/ld.so.nohwcap", F_OK)      = -1 ENOENT (No such file or directory) <0.000008>
mmap(NULL, 8192, PROT_READ|PROT_WRITE, MAP_PRIVATE|MAP_ANONYMOUS, -1, 0) = 0x7ff7c50d9000 <0.000006>
access("/etc/ld.so.preload", R_OK)      = -1 ENOENT (No such file or directory) <0.000007>
open("/scif/apps/cpp/lib/tls/x86_64/libc.so.6", O_RDONLY|O_CLOEXEC) = -1 ENOENT (No such file or directory) <0.000168>
stat("/scif/apps/cpp/lib/tls/x86_64", 0x7ffc9584c9b0) = -1 ENOENT (No such file or directory) <0.000005>
open("/scif/apps/cpp/lib/tls/libc.so.6", O_RDONLY|O_CLOEXEC) = -1 ENOENT (No such file or directory) <0.000007>
stat("/scif/apps/cpp/lib/tls", 0x7ffc9584c9b0) = -1 ENOENT (No such file or directory) <0.000005>
open("/scif/apps/cpp/lib/x86_64/libc.so.6", O_RDONLY|O_CLOEXEC) = -1 ENOENT (No such file or directory) <0.000008>
stat("/scif/apps/cpp/lib/x86_64", 0x7ffc9584c9b0) = -1 ENOENT (No such file or directory) <0.000006>
open("/scif/apps/cpp/lib/libc.so.6", O_RDONLY|O_CLOEXEC) = -1 ENOENT (No such file or directory) <0.000008>
stat("/scif/apps/cpp/lib", {st_mode=S_IFDIR|0775, st_size=4096, ...}) = 0 <0.000006>
open("tls/x86_64/libc.so.6", O_RDONLY|O_CLOEXEC) = -1 ENOENT (No such file or directory) <0.000006>
open("tls/libc.so.6", O_RDONLY|O_CLOEXEC) = -1 ENOENT (No such file or directory) <0.000006>
open("x86_64/libc.so.6", O_RDONLY|O_CLOEXEC) = -1 ENOENT (No such file or directory) <0.000005>
open("libc.so.6", O_RDONLY|O_CLOEXEC)   = -1 ENOENT (No such file or directory) <0.000006>
open("/.singularity.d/libs/tls/x86_64/libc.so.6", O_RDONLY|O_CLOEXEC) = -1 ENOENT (No such file or directory) <0.000022>
stat("/.singularity.d/libs/tls/x86_64", 0x7ffc9584c9b0) = -1 ENOENT (No such file or directory) <0.000006>
open("/.singularity.d/libs/tls/libc.so.6", O_RDONLY|O_CLOEXEC) = -1 ENOENT (No such file or directory) <0.000006>
stat("/.singularity.d/libs/tls", 0x7ffc9584c9b0) = -1 ENOENT (No such file or directory) <0.000005>
open("/.singularity.d/libs/x86_64/libc.so.6", O_RDONLY|O_CLOEXEC) = -1 ENOENT (No such file or directory) <0.000007>
stat("/.singularity.d/libs/x86_64", 0x7ffc9584c9b0) = -1 ENOENT (No such file or directory) <0.000005>
open("/.singularity.d/libs/libc.so.6", O_RDONLY|O_CLOEXEC) = -1 ENOENT (No such file or directory) <0.000008>
stat("/.singularity.d/libs", {st_mode=S_IFDIR|0755, st_size=4096, ...}) = 0 <0.000006>
open("/etc/ld.so.cache", O_RDONLY|O_CLOEXEC) = 3 <0.000007>
fstat(3, {st_mode=S_IFREG|0644, st_size=37006, ...}) = 0 <0.000005>
mmap(NULL, 37006, PROT_READ, MAP_PRIVATE, 3, 0) = 0x7ff7c50cf000 <0.000007>
close(3)                                = 0 <0.000005>
access("/etc/ld.so.nohwcap", F_OK)      = -1 ENOENT (No such file or directory) <0.000006>
open("/lib/x86_64-linux-gnu/libc.so.6", O_RDONLY|O_CLOEXEC) = 3 <0.000008>
read(3, "\177ELF\2\1\1\0\0\0\0\0\0\0\0\0\3\0>\0\1\0\0\0P \2\0\0\0\0\0"..., 832) = 832 <0.000006>
fstat(3, {st_mode=S_IFREG|0755, st_size=1857312, ...}) = 0 <0.000005>
mmap(NULL, 3965632, PROT_READ|PROT_EXEC, MAP_PRIVATE|MAP_DENYWRITE, 3, 0) = 0x7ff7c4af0000 <0.000005>
mprotect(0x7ff7c4cae000, 2097152, PROT_NONE) = 0 <0.000007>
mmap(0x7ff7c4eae000, 24576, PROT_READ|PROT_WRITE, MAP_PRIVATE|MAP_FIXED|MAP_DENYWRITE, 3, 0x1be000) = 0x7ff7c4eae000 <0.000009>
mmap(0x7ff7c4eb4000, 17088, PROT_READ|PROT_WRITE, MAP_PRIVATE|MAP_FIXED|MAP_ANONYMOUS, -1, 0) = 0x7ff7c4eb4000 <0.000006>
close(3)                                = 0 <0.000005>
mmap(NULL, 4096, PROT_READ|PROT_WRITE, MAP_PRIVATE|MAP_ANONYMOUS, -1, 0) = 0x7ff7c50ce000 <0.000006>
mmap(NULL, 8192, PROT_READ|PROT_WRITE, MAP_PRIVATE|MAP_ANONYMOUS, -1, 0) = 0x7ff7c50cc000 <0.000005>
arch_prctl(ARCH_SET_FS, 0x7ff7c50cc740) = 0 <0.000005>
mprotect(0x7ff7c4eae000, 16384, PROT_READ) = 0 <0.000006>
mprotect(0x311c4d1000, 8192, PROT_READ) = 0 <0.000006>
mprotect(0x7ff7c50db000, 4096, PROT_READ) = 0 <0.000007>
munmap(0x7ff7c50cf000, 37006)           = 0 <0.000011>
getpid()                                = 3925 <0.000005>
rt_sigaction(SIGCHLD, {0x311c2c8460, ~[RTMIN RT_1], SA_RESTORER, 0x7ff7c4b26cb0}, NULL, 8) = 0 <0.000005>
geteuid()                               = 1000 <0.000005>
brk(NULL)                               = 0x311c6e3000 <0.000005>
brk(0x311c704000)                       = 0x311c704000 <0.000006>
getppid()                               = 3923 <0.000005>
stat("/home/vanessa/Documents/Dropbox/Code/ftw/hello-world-ftw", {st_mode=S_IFDIR|0775, st_size=4096, ...}) = 0 <0.000009>
stat(".", {st_mode=S_IFDIR|0775, st_size=4096, ...}) = 0 <0.000006>
open("/scif/apps/cpp/scif/runscript", O_RDONLY) = 3 <0.000010>
fcntl(3, F_DUPFD, 10)                   = 10 <0.000005>
close(3)                                = 0 <0.000004>
fcntl(10, F_SETFD, FD_CLOEXEC)          = 0 <0.000004>
rt_sigaction(SIGINT, NULL, {SIG_DFL, [], 0}, 8) = 0 <0.000004>
rt_sigaction(SIGINT, {0x311c2c8460, ~[RTMIN RT_1], SA_RESTORER, 0x7ff7c4b26cb0}, NULL, 8) = 0 <0.000005>
rt_sigaction(SIGQUIT, NULL, {SIG_DFL, [], 0}, 8) = 0 <0.000004>
rt_sigaction(SIGQUIT, {SIG_DFL, ~[RTMIN RT_1], SA_RESTORER, 0x7ff7c4b26cb0}, NULL, 8) = 0 <0.000005>
rt_sigaction(SIGTERM, NULL, {SIG_DFL, [], 0}, 8) = 0 <0.000005>
rt_sigaction(SIGTERM, {SIG_DFL, ~[RTMIN RT_1], SA_RESTORER, 0x7ff7c4b26cb0}, NULL, 8) = 0 <0.000004>
read(10, "exec hello-world.cpp\n", 8192) = 21 <0.000007>
execve("/scif/apps/cpp/bin/hello-world.cpp", ["hello-world.cpp"], [/* 30 vars */]) = 0 <0.000323>
brk(NULL)                               = 0x117b000 <0.000005>
access("/etc/ld.so.nohwcap", F_OK)      = -1 ENOENT (No such file or directory) <0.000007>
mmap(NULL, 8192, PROT_READ|PROT_WRITE, MAP_PRIVATE|MAP_ANONYMOUS, -1, 0) = 0x7f9491a03000 <0.000006>
access("/etc/ld.so.preload", R_OK)      = -1 ENOENT (No such file or directory) <0.000006>
open("/scif/apps/cpp/lib/tls/x86_64/libstdc++.so.6", O_RDONLY|O_CLOEXEC) = -1 ENOENT (No such file or directory) <0.000008>
stat("/scif/apps/cpp/lib/tls/x86_64", 0x7ffda990ed60) = -1 ENOENT (No such file or directory) <0.000006>
open("/scif/apps/cpp/lib/tls/libstdc++.so.6", O_RDONLY|O_CLOEXEC) = -1 ENOENT (No such file or directory) <0.000008>
stat("/scif/apps/cpp/lib/tls", 0x7ffda990ed60) = -1 ENOENT (No such file or directory) <0.000005>
open("/scif/apps/cpp/lib/x86_64/libstdc++.so.6", O_RDONLY|O_CLOEXEC) = -1 ENOENT (No such file or directory) <0.000006>
stat("/scif/apps/cpp/lib/x86_64", 0x7ffda990ed60) = -1 ENOENT (No such file or directory) <0.000005>
open("/scif/apps/cpp/lib/libstdc++.so.6", O_RDONLY|O_CLOEXEC) = -1 ENOENT (No such file or directory) <0.000011>
stat("/scif/apps/cpp/lib", {st_mode=S_IFDIR|0775, st_size=4096, ...}) = 0 <0.000006>
open("tls/x86_64/libstdc++.so.6", O_RDONLY|O_CLOEXEC) = -1 ENOENT (No such file or directory) <0.000006>
open("tls/libstdc++.so.6", O_RDONLY|O_CLOEXEC) = -1 ENOENT (No such file or directory) <0.000005>
open("x86_64/libstdc++.so.6", O_RDONLY|O_CLOEXEC) = -1 ENOENT (No such file or directory) <0.000005>
open("libstdc++.so.6", O_RDONLY|O_CLOEXEC) = -1 ENOENT (No such file or directory) <0.000006>
open("/.singularity.d/libs/tls/x86_64/libstdc++.so.6", O_RDONLY|O_CLOEXEC) = -1 ENOENT (No such file or directory) <0.000007>
stat("/.singularity.d/libs/tls/x86_64", 0x7ffda990ed60) = -1 ENOENT (No such file or directory) <0.000005>
open("/.singularity.d/libs/tls/libstdc++.so.6", O_RDONLY|O_CLOEXEC) = -1 ENOENT (No such file or directory) <0.000006>
stat("/.singularity.d/libs/tls", 0x7ffda990ed60) = -1 ENOENT (No such file or directory) <0.000006>
open("/.singularity.d/libs/x86_64/libstdc++.so.6", O_RDONLY|O_CLOEXEC) = -1 ENOENT (No such file or directory) <0.000006>
stat("/.singularity.d/libs/x86_64", 0x7ffda990ed60) = -1 ENOENT (No such file or directory) <0.000006>
open("/.singularity.d/libs/libstdc++.so.6", O_RDONLY|O_CLOEXEC) = -1 ENOENT (No such file or directory) <0.000009>
stat("/.singularity.d/libs", {st_mode=S_IFDIR|0755, st_size=4096, ...}) = 0 <0.000006>
open("/etc/ld.so.cache", O_RDONLY|O_CLOEXEC) = 3 <0.000007>
fstat(3, {st_mode=S_IFREG|0644, st_size=37006, ...}) = 0 <0.000005>
mmap(NULL, 37006, PROT_READ, MAP_PRIVATE, 3, 0) = 0x7f94919f9000 <0.000007>
close(3)                                = 0 <0.000004>
access("/etc/ld.so.nohwcap", F_OK)      = -1 ENOENT (No such file or directory) <0.000006>
open("/usr/lib/x86_64-linux-gnu/libstdc++.so.6", O_RDONLY|O_CLOEXEC) = 3 <0.000284>
read(3, "\177ELF\2\1\1\0\0\0\0\0\0\0\0\0\3\0>\0\1\0\0\0 \266\5\0\0\0\0\0"..., 832) = 832 <0.000022>
fstat(3, {st_mode=S_IFREG|0644, st_size=979056, ...}) = 0 <0.000006>
mmap(NULL, 3159040, PROT_READ|PROT_EXEC, MAP_PRIVATE|MAP_DENYWRITE, 3, 0) = 0x7f94914df000 <0.000007>
mprotect(0x7f94915c5000, 2093056, PROT_NONE) = 0 <0.000009>
mmap(0x7f94917c4000, 40960, PROT_READ|PROT_WRITE, MAP_PRIVATE|MAP_FIXED|MAP_DENYWRITE, 3, 0xe5000) = 0x7f94917c4000 <0.000009>
mmap(0x7f94917ce000, 82944, PROT_READ|PROT_WRITE, MAP_PRIVATE|MAP_FIXED|MAP_ANONYMOUS, -1, 0) = 0x7f94917ce000 <0.001347>
close(3)                                = 0 <0.000008>
open("/scif/apps/cpp/lib/libc.so.6", O_RDONLY|O_CLOEXEC) = -1 ENOENT (No such file or directory) <0.000014>
open("tls/x86_64/libc.so.6", O_RDONLY|O_CLOEXEC) = -1 ENOENT (No such file or directory) <0.000007>
open("tls/libc.so.6", O_RDONLY|O_CLOEXEC) = -1 ENOENT (No such file or directory) <0.000006>
open("x86_64/libc.so.6", O_RDONLY|O_CLOEXEC) = -1 ENOENT (No such file or directory) <0.000006>
open("libc.so.6", O_RDONLY|O_CLOEXEC)   = -1 ENOENT (No such file or directory) <0.000007>
open("/.singularity.d/libs/libc.so.6", O_RDONLY|O_CLOEXEC) = -1 ENOENT (No such file or directory) <0.000007>
access("/etc/ld.so.nohwcap", F_OK)      = -1 ENOENT (No such file or directory) <0.000007>
open("/lib/x86_64-linux-gnu/libc.so.6", O_RDONLY|O_CLOEXEC) = 3 <0.000011>
read(3, "\177ELF\2\1\1\0\0\0\0\0\0\0\0\0\3\0>\0\1\0\0\0P \2\0\0\0\0\0"..., 832) = 832 <0.000007>
fstat(3, {st_mode=S_IFREG|0755, st_size=1857312, ...}) = 0 <0.000005>
mmap(NULL, 3965632, PROT_READ|PROT_EXEC, MAP_PRIVATE|MAP_DENYWRITE, 3, 0) = 0x7f9491116000 <0.000008>
mprotect(0x7f94912d4000, 2097152, PROT_NONE) = 0 <0.000008>
mmap(0x7f94914d4000, 24576, PROT_READ|PROT_WRITE, MAP_PRIVATE|MAP_FIXED|MAP_DENYWRITE, 3, 0x1be000) = 0x7f94914d4000 <0.000008>
mmap(0x7f94914da000, 17088, PROT_READ|PROT_WRITE, MAP_PRIVATE|MAP_FIXED|MAP_ANONYMOUS, -1, 0) = 0x7f94914da000 <0.000006>
close(3)                                = 0 <0.000004>
open("/scif/apps/cpp/lib/libm.so.6", O_RDONLY|O_CLOEXEC) = -1 ENOENT (No such file or directory) <0.000014>
open("tls/x86_64/libm.so.6", O_RDONLY|O_CLOEXEC) = -1 ENOENT (No such file or directory) <0.000005>
open("tls/libm.so.6", O_RDONLY|O_CLOEXEC) = -1 ENOENT (No such file or directory) <0.000006>
open("x86_64/libm.so.6", O_RDONLY|O_CLOEXEC) = -1 ENOENT (No such file or directory) <0.000006>
open("libm.so.6", O_RDONLY|O_CLOEXEC)   = -1 ENOENT (No such file or directory) <0.000006>
open("/.singularity.d/libs/libm.so.6", O_RDONLY|O_CLOEXEC) = -1 ENOENT (No such file or directory) <0.000009>
access("/etc/ld.so.nohwcap", F_OK)      = -1 ENOENT (No such file or directory) <0.000006>
open("/lib/x86_64-linux-gnu/libm.so.6", O_RDONLY|O_CLOEXEC) = 3 <0.000019>
read(3, "\177ELF\2\1\1\0\0\0\0\0\0\0\0\0\3\0>\0\1\0\0\0\20V\0\0\0\0\0\0"..., 832) = 832 <0.000020>
fstat(3, {st_mode=S_IFREG|0644, st_size=1071552, ...}) = 0 <0.000005>
mmap(NULL, 4096, PROT_READ|PROT_WRITE, MAP_PRIVATE|MAP_ANONYMOUS, -1, 0) = 0x7f94919f8000 <0.000006>
mmap(NULL, 3166568, PROT_READ|PROT_EXEC, MAP_PRIVATE|MAP_DENYWRITE, 3, 0) = 0x7f9490e10000 <0.000006>
mprotect(0x7f9490f15000, 2093056, PROT_NONE) = 0 <0.000008>
mmap(0x7f9491114000, 8192, PROT_READ|PROT_WRITE, MAP_PRIVATE|MAP_FIXED|MAP_DENYWRITE, 3, 0x104000) = 0x7f9491114000 <0.000007>
close(3)                                = 0 <0.000004>
open("/scif/apps/cpp/lib/libgcc_s.so.1", O_RDONLY|O_CLOEXEC) = -1 ENOENT (No such file or directory) <0.000010>
open("tls/x86_64/libgcc_s.so.1", O_RDONLY|O_CLOEXEC) = -1 ENOENT (No such file or directory) <0.000005>
open("tls/libgcc_s.so.1", O_RDONLY|O_CLOEXEC) = -1 ENOENT (No such file or directory) <0.000005>
open("x86_64/libgcc_s.so.1", O_RDONLY|O_CLOEXEC) = -1 ENOENT (No such file or directory) <0.000005>
open("libgcc_s.so.1", O_RDONLY|O_CLOEXEC) = -1 ENOENT (No such file or directory) <0.000005>
open("/.singularity.d/libs/libgcc_s.so.1", O_RDONLY|O_CLOEXEC) = -1 ENOENT (No such file or directory) <0.000008>
access("/etc/ld.so.nohwcap", F_OK)      = -1 ENOENT (No such file or directory) <0.000007>
open("/lib/x86_64-linux-gnu/libgcc_s.so.1", O_RDONLY|O_CLOEXEC) = 3 <0.000011>
read(3, "\177ELF\2\1\1\0\0\0\0\0\0\0\0\0\3\0>\0\1\0\0\0\260*\0\0\0\0\0\0"..., 832) = 832 <0.000017>
fstat(3, {st_mode=S_IFREG|0644, st_size=90160, ...}) = 0 <0.000005>
mmap(NULL, 2186016, PROT_READ|PROT_EXEC, MAP_PRIVATE|MAP_DENYWRITE, 3, 0) = 0x7f9490bfa000 <0.000007>
mprotect(0x7f9490c10000, 2093056, PROT_NONE) = 0 <0.000006>
mmap(0x7f9490e0f000, 4096, PROT_READ|PROT_WRITE, MAP_PRIVATE|MAP_FIXED|MAP_DENYWRITE, 3, 0x15000) = 0x7f9490e0f000 <0.000007>
close(3)                                = 0 <0.000005>
mmap(NULL, 4096, PROT_READ|PROT_WRITE, MAP_PRIVATE|MAP_ANONYMOUS, -1, 0) = 0x7f94919f7000 <0.000007>
mmap(NULL, 8192, PROT_READ|PROT_WRITE, MAP_PRIVATE|MAP_ANONYMOUS, -1, 0) = 0x7f94919f5000 <0.000005>
arch_prctl(ARCH_SET_FS, 0x7f94919f5780) = 0 <0.000006>
mprotect(0x7f94914d4000, 16384, PROT_READ) = 0 <0.000011>
mprotect(0x7f9491114000, 4096, PROT_READ) = 0 <0.000007>
mmap(NULL, 4096, PROT_READ|PROT_WRITE, MAP_PRIVATE|MAP_ANONYMOUS, -1, 0) = 0x7f94919f4000 <0.000008>
mprotect(0x7f94917c4000, 32768, PROT_READ) = 0 <0.000008>
mprotect(0x600000, 4096, PROT_READ)     = 0 <0.000007>
mprotect(0x7f9491a05000, 4096, PROT_READ) = 0 <0.000007>
munmap(0x7f94919f9000, 37006)           = 0 <0.000013>
fstat(1, {st_mode=S_IFCHR|0620, st_rdev=makedev(136, 27), ...}) = 0 <0.000007>
mmap(NULL, 4096, PROT_READ|PROT_WRITE, MAP_PRIVATE|MAP_ANONYMOUS, -1, 0) = 0x7f9491a02000 <0.000007>
write(1, "RaawwWWWWWRRRR!!\n", 17)      = 17 <0.000040>
exit_group(0)                           = ?
+++ exited with 0 +++
% time     seconds  usecs/call     calls    errors syscall
------ ----------- ----------- --------- --------- ----------------
 59.75    0.000469         235         2           unshare
 40.25    0.000316           3       101        21 stat
  0.00    0.000000           0        91           read
  0.00    0.000000           0         5           write
  0.00    0.000000           0       124        50 open
  0.00    0.000000           0        85           close
  0.00    0.000000           0        70           fstat
  0.00    0.000000           0         2           lstat
  0.00    0.000000           0        35           lseek
  0.00    0.000000           0        93           mmap
  0.00    0.000000           0        45           mprotect
  0.00    0.000000           0        20           munmap
  0.00    0.000000           0       169           brk
  0.00    0.000000           0        36           rt_sigaction
  0.00    0.000000           0        11           rt_sigprocmask
  0.00    0.000000           0         4         2 ioctl
  0.00    0.000000           0        30        30 access
  0.00    0.000000           0         2           dup
  0.00    0.000000           0         2           dup2
  0.00    0.000000           0         5           getpid
  0.00    0.000000           0         5           socket
  0.00    0.000000           0         5         4 connect
  0.00    0.000000           0         1           sendto
  0.00    0.000000           0         7         1 execve
  0.00    0.000000           0         2           uname
  0.00    0.000000           0        29         2 fcntl
  0.00    0.000000           0         2           getdents
  0.00    0.000000           0         1           getcwd
  0.00    0.000000           0         2           chdir
  0.00    0.000000           0         4           mkdir
  0.00    0.000000           0         2           fchmod
  0.00    0.000000           0         8           umask
  0.00    0.000000           0         4           getrlimit
  0.00    0.000000           0         2           sysinfo
  0.00    0.000000           0        44           getuid
  0.00    0.000000           0        23           getgid
  0.00    0.000000           0         1           setgid
  0.00    0.000000           0        26           geteuid
  0.00    0.000000           0         2           getegid
  0.00    0.000000           0         4           getppid
  0.00    0.000000           0         2           getpgrp
  0.00    0.000000           0         1           setreuid
  0.00    0.000000           0         1           setregid
  0.00    0.000000           0         2           getgroups
  0.00    0.000000           0        38           setgroups
  0.00    0.000000           0        38           setresuid
  0.00    0.000000           0        38           setresgid
  0.00    0.000000           0         1           prctl
  0.00    0.000000           0         6           arch_prctl
  0.00    0.000000           0         1           chroot
  0.00    0.000000           0        24           mount
  0.00    0.000000           0         1           openat
  0.00    0.000000           0         3           faccessat
------ ----------- ----------- --------- --------- ----------------
100.00    0.000785                  1262       110 total
