12:50:59 execve("/scif/apps/rust/bin/hello-world.rust", ["hello-world.rust"], [/* 76 vars */]) = 0
12:50:59 brk(0)                         = 0x905bb05000
12:50:59 access("/etc/ld.so.nohwcap", F_OK) = -1 ENOENT (No such file or directory)
12:50:59 mmap(NULL, 8192, PROT_READ|PROT_WRITE, MAP_PRIVATE|MAP_ANONYMOUS, -1, 0) = 0x7f0e31538000
12:50:59 access("/etc/ld.so.preload", R_OK) = -1 ENOENT (No such file or directory)
12:50:59 open("/scif/apps/rust/lib/tls/x86_64/libdl.so.2", O_RDONLY|O_CLOEXEC) = -1 ENOENT (No such file or directory)
12:50:59 stat("/scif/apps/rust/lib/tls/x86_64", 0x7ffef943bee0) = -1 ENOENT (No such file or directory)
12:50:59 open("/scif/apps/rust/lib/tls/libdl.so.2", O_RDONLY|O_CLOEXEC) = -1 ENOENT (No such file or directory)
12:50:59 stat("/scif/apps/rust/lib/tls", 0x7ffef943bee0) = -1 ENOENT (No such file or directory)
12:50:59 open("/scif/apps/rust/lib/x86_64/libdl.so.2", O_RDONLY|O_CLOEXEC) = -1 ENOENT (No such file or directory)
12:50:59 stat("/scif/apps/rust/lib/x86_64", 0x7ffef943bee0) = -1 ENOENT (No such file or directory)
12:50:59 open("/scif/apps/rust/lib/libdl.so.2", O_RDONLY|O_CLOEXEC) = -1 ENOENT (No such file or directory)
12:50:59 stat("/scif/apps/rust/lib", {st_mode=S_IFDIR|0775, st_size=4096, ...}) = 0
12:50:59 open("tls/x86_64/libdl.so.2", O_RDONLY|O_CLOEXEC) = -1 ENOENT (No such file or directory)
12:50:59 open("tls/libdl.so.2", O_RDONLY|O_CLOEXEC) = -1 ENOENT (No such file or directory)
12:50:59 open("x86_64/libdl.so.2", O_RDONLY|O_CLOEXEC) = -1 ENOENT (No such file or directory)
12:50:59 open("libdl.so.2", O_RDONLY|O_CLOEXEC) = -1 ENOENT (No such file or directory)
12:50:59 open("/.singularity.d/libs/tls/x86_64/libdl.so.2", O_RDONLY|O_CLOEXEC) = -1 ENOENT (No such file or directory)
12:50:59 stat("/.singularity.d/libs/tls/x86_64", 0x7ffef943bee0) = -1 ENOENT (No such file or directory)
12:50:59 open("/.singularity.d/libs/tls/libdl.so.2", O_RDONLY|O_CLOEXEC) = -1 ENOENT (No such file or directory)
12:50:59 stat("/.singularity.d/libs/tls", 0x7ffef943bee0) = -1 ENOENT (No such file or directory)
12:50:59 open("/.singularity.d/libs/x86_64/libdl.so.2", O_RDONLY|O_CLOEXEC) = -1 ENOENT (No such file or directory)
12:50:59 stat("/.singularity.d/libs/x86_64", 0x7ffef943bee0) = -1 ENOENT (No such file or directory)
12:50:59 open("/.singularity.d/libs/libdl.so.2", O_RDONLY|O_CLOEXEC) = -1 ENOENT (No such file or directory)
12:50:59 stat("/.singularity.d/libs", {st_mode=S_IFDIR|0755, st_size=4096, ...}) = 0
12:50:59 open("/etc/ld.so.cache", O_RDONLY|O_CLOEXEC) = 3
12:50:59 fstat(3, {st_mode=S_IFREG|0644, st_size=37006, ...}) = 0
12:50:59 mmap(NULL, 37006, PROT_READ, MAP_PRIVATE, 3, 0) = 0x7f0e3152e000
12:50:59 close(3)                       = 0
12:50:59 access("/etc/ld.so.nohwcap", F_OK) = -1 ENOENT (No such file or directory)
12:50:59 open("/lib/x86_64-linux-gnu/libdl.so.2", O_RDONLY|O_CLOEXEC) = 3
12:50:59 read(3, "\177ELF\2\1\1\0\0\0\0\0\0\0\0\0\3\0>\0\1\0\0\0\320\16\0\0\0\0\0\0"..., 832) = 832
12:50:59 fstat(3, {st_mode=S_IFREG|0644, st_size=14664, ...}) = 0
12:50:59 mmap(NULL, 2109744, PROT_READ|PROT_EXEC, MAP_PRIVATE|MAP_DENYWRITE, 3, 0) = 0x7f0e31114000
12:50:59 mprotect(0x7f0e31117000, 2093056, PROT_NONE) = 0
12:50:59 mmap(0x7f0e31316000, 8192, PROT_READ|PROT_WRITE, MAP_PRIVATE|MAP_FIXED|MAP_DENYWRITE, 3, 0x2000) = 0x7f0e31316000
12:50:59 close(3)                       = 0
12:50:59 open("/scif/apps/rust/lib/librt.so.1", O_RDONLY|O_CLOEXEC) = -1 ENOENT (No such file or directory)
12:50:59 open("tls/x86_64/librt.so.1", O_RDONLY|O_CLOEXEC) = -1 ENOENT (No such file or directory)
12:50:59 open("tls/librt.so.1", O_RDONLY|O_CLOEXEC) = -1 ENOENT (No such file or directory)
12:50:59 open("x86_64/librt.so.1", O_RDONLY|O_CLOEXEC) = -1 ENOENT (No such file or directory)
12:50:59 open("librt.so.1", O_RDONLY|O_CLOEXEC) = -1 ENOENT (No such file or directory)
12:50:59 open("/.singularity.d/libs/librt.so.1", O_RDONLY|O_CLOEXEC) = -1 ENOENT (No such file or directory)
12:50:59 access("/etc/ld.so.nohwcap", F_OK) = -1 ENOENT (No such file or directory)
12:50:59 open("/lib/x86_64-linux-gnu/librt.so.1", O_RDONLY|O_CLOEXEC) = 3
12:50:59 read(3, "\177ELF\2\1\1\0\0\0\0\0\0\0\0\0\3\0>\0\1\0\0\0P#\0\0\0\0\0\0"..., 832) = 832
12:50:59 fstat(3, {st_mode=S_IFREG|0644, st_size=31792, ...}) = 0
12:50:59 mmap(NULL, 2129016, PROT_READ|PROT_EXEC, MAP_PRIVATE|MAP_DENYWRITE, 3, 0) = 0x7f0e30f0c000
12:50:59 mprotect(0x7f0e30f13000, 2093056, PROT_NONE) = 0
12:50:59 mmap(0x7f0e31112000, 8192, PROT_READ|PROT_WRITE, MAP_PRIVATE|MAP_FIXED|MAP_DENYWRITE, 3, 0x6000) = 0x7f0e31112000
12:50:59 close(3)                       = 0
12:50:59 open("/scif/apps/rust/lib/libpthread.so.0", O_RDONLY|O_CLOEXEC) = -1 ENOENT (No such file or directory)
12:50:59 open("tls/x86_64/libpthread.so.0", O_RDONLY|O_CLOEXEC) = -1 ENOENT (No such file or directory)
12:50:59 open("tls/libpthread.so.0", O_RDONLY|O_CLOEXEC) = -1 ENOENT (No such file or directory)
12:50:59 open("x86_64/libpthread.so.0", O_RDONLY|O_CLOEXEC) = -1 ENOENT (No such file or directory)
12:50:59 open("libpthread.so.0", O_RDONLY|O_CLOEXEC) = -1 ENOENT (No such file or directory)
12:50:59 open("/.singularity.d/libs/libpthread.so.0", O_RDONLY|O_CLOEXEC) = -1 ENOENT (No such file or directory)
12:50:59 access("/etc/ld.so.nohwcap", F_OK) = -1 ENOENT (No such file or directory)
12:50:59 open("/lib/x86_64-linux-gnu/libpthread.so.0", O_RDONLY|O_CLOEXEC) = 3
12:50:59 read(3, "\177ELF\2\1\1\0\0\0\0\0\0\0\0\0\3\0>\0\1\0\0\0po\0\0\0\0\0\0"..., 832) = 832
12:50:59 fstat(3, {st_mode=S_IFREG|0755, st_size=141574, ...}) = 0
12:50:59 mmap(NULL, 4096, PROT_READ|PROT_WRITE, MAP_PRIVATE|MAP_ANONYMOUS, -1, 0) = 0x7f0e3152d000
12:50:59 mmap(NULL, 2217264, PROT_READ|PROT_EXEC, MAP_PRIVATE|MAP_DENYWRITE, 3, 0) = 0x7f0e30cee000
12:50:59 mprotect(0x7f0e30d07000, 2093056, PROT_NONE) = 0
12:50:59 mmap(0x7f0e30f06000, 8192, PROT_READ|PROT_WRITE, MAP_PRIVATE|MAP_FIXED|MAP_DENYWRITE, 3, 0x18000) = 0x7f0e30f06000
12:50:59 mmap(0x7f0e30f08000, 13616, PROT_READ|PROT_WRITE, MAP_PRIVATE|MAP_FIXED|MAP_ANONYMOUS, -1, 0) = 0x7f0e30f08000
12:50:59 close(3)                       = 0
12:50:59 open("/scif/apps/rust/lib/libgcc_s.so.1", O_RDONLY|O_CLOEXEC) = -1 ENOENT (No such file or directory)
12:50:59 open("tls/x86_64/libgcc_s.so.1", O_RDONLY|O_CLOEXEC) = -1 ENOENT (No such file or directory)
12:50:59 open("tls/libgcc_s.so.1", O_RDONLY|O_CLOEXEC) = -1 ENOENT (No such file or directory)
12:50:59 open("x86_64/libgcc_s.so.1", O_RDONLY|O_CLOEXEC) = -1 ENOENT (No such file or directory)
12:50:59 open("libgcc_s.so.1", O_RDONLY|O_CLOEXEC) = -1 ENOENT (No such file or directory)
12:50:59 open("/.singularity.d/libs/libgcc_s.so.1", O_RDONLY|O_CLOEXEC) = -1 ENOENT (No such file or directory)
12:50:59 access("/etc/ld.so.nohwcap", F_OK) = -1 ENOENT (No such file or directory)
12:50:59 open("/lib/x86_64-linux-gnu/libgcc_s.so.1", O_RDONLY|O_CLOEXEC) = 3
12:50:59 read(3, "\177ELF\2\1\1\0\0\0\0\0\0\0\0\0\3\0>\0\1\0\0\0\260*\0\0\0\0\0\0"..., 832) = 832
12:50:59 fstat(3, {st_mode=S_IFREG|0644, st_size=90160, ...}) = 0
12:50:59 mmap(NULL, 2186016, PROT_READ|PROT_EXEC, MAP_PRIVATE|MAP_DENYWRITE, 3, 0) = 0x7f0e30ad8000
12:50:59 mprotect(0x7f0e30aee000, 2093056, PROT_NONE) = 0
12:50:59 mmap(0x7f0e30ced000, 4096, PROT_READ|PROT_WRITE, MAP_PRIVATE|MAP_FIXED|MAP_DENYWRITE, 3, 0x15000) = 0x7f0e30ced000
12:50:59 close(3)                       = 0
12:50:59 open("/scif/apps/rust/lib/libc.so.6", O_RDONLY|O_CLOEXEC) = -1 ENOENT (No such file or directory)
12:50:59 open("tls/x86_64/libc.so.6", O_RDONLY|O_CLOEXEC) = -1 ENOENT (No such file or directory)
12:50:59 open("tls/libc.so.6", O_RDONLY|O_CLOEXEC) = -1 ENOENT (No such file or directory)
12:50:59 open("x86_64/libc.so.6", O_RDONLY|O_CLOEXEC) = -1 ENOENT (No such file or directory)
12:50:59 open("libc.so.6", O_RDONLY|O_CLOEXEC) = -1 ENOENT (No such file or directory)
12:50:59 open("/.singularity.d/libs/libc.so.6", O_RDONLY|O_CLOEXEC) = -1 ENOENT (No such file or directory)
12:50:59 access("/etc/ld.so.nohwcap", F_OK) = -1 ENOENT (No such file or directory)
12:50:59 open("/lib/x86_64-linux-gnu/libc.so.6", O_RDONLY|O_CLOEXEC) = 3
12:50:59 read(3, "\177ELF\2\1\1\0\0\0\0\0\0\0\0\0\3\0>\0\1\0\0\0P \2\0\0\0\0\0"..., 832) = 832
12:50:59 fstat(3, {st_mode=S_IFREG|0755, st_size=1857312, ...}) = 0
12:50:59 mmap(NULL, 3965632, PROT_READ|PROT_EXEC, MAP_PRIVATE|MAP_DENYWRITE, 3, 0) = 0x7f0e3070f000
12:50:59 mprotect(0x7f0e308cd000, 2097152, PROT_NONE) = 0
12:50:59 mmap(0x7f0e30acd000, 24576, PROT_READ|PROT_WRITE, MAP_PRIVATE|MAP_FIXED|MAP_DENYWRITE, 3, 0x1be000) = 0x7f0e30acd000
12:50:59 mmap(0x7f0e30ad3000, 17088, PROT_READ|PROT_WRITE, MAP_PRIVATE|MAP_FIXED|MAP_ANONYMOUS, -1, 0) = 0x7f0e30ad3000
12:50:59 close(3)                       = 0
12:50:59 mmap(NULL, 4096, PROT_READ|PROT_WRITE, MAP_PRIVATE|MAP_ANONYMOUS, -1, 0) = 0x7f0e3152c000
12:50:59 mmap(NULL, 8192, PROT_READ|PROT_WRITE, MAP_PRIVATE|MAP_ANONYMOUS, -1, 0) = 0x7f0e3152a000
12:50:59 arch_prctl(ARCH_SET_FS, 0x7f0e3152a880) = 0
12:50:59 mprotect(0x7f0e30acd000, 16384, PROT_READ) = 0
12:50:59 mprotect(0x7f0e30f06000, 4096, PROT_READ) = 0
12:50:59 mprotect(0x7f0e31112000, 4096, PROT_READ) = 0
12:50:59 mprotect(0x7f0e31316000, 4096, PROT_READ) = 0
12:50:59 mprotect(0x9059bf9000, 16384, PROT_READ) = 0
12:50:59 mprotect(0x7f0e3153a000, 4096, PROT_READ) = 0
12:50:59 munmap(0x7f0e3152e000, 37006)  = 0
12:50:59 set_tid_address(0x7f0e3152ab50) = 16516
12:50:59 set_robust_list(0x7f0e3152ab60, 24) = 0
12:50:59 futex(0x7ffef943c720, FUTEX_WAIT_BITSET_PRIVATE|FUTEX_CLOCK_REALTIME, 1, NULL, 7f0e3152a880) = -1 EAGAIN (Resource temporarily unavailable)
12:50:59 rt_sigaction(SIGRTMIN, {0x7f0e30cf49f0, [], SA_RESTORER|SA_SIGINFO, 0x7f0e30cfe330}, NULL, 8) = 0
12:50:59 rt_sigaction(SIGRT_1, {0x7f0e30cf4a80, [], SA_RESTORER|SA_RESTART|SA_SIGINFO, 0x7f0e30cfe330}, NULL, 8) = 0
12:50:59 rt_sigprocmask(SIG_UNBLOCK, [RTMIN RT_1], NULL, 8) = 0
12:50:59 getrlimit(RLIMIT_STACK, {rlim_cur=8192*1024, rlim_max=RLIM64_INFINITY}) = 0
12:50:59 readlink("/etc/malloc.conf", 0x7ffef943b6d0, 4096) = -1 ENOENT (No such file or directory)
12:50:59 brk(0)                         = 0x905bb05000
12:50:59 mmap(NULL, 2097152, PROT_READ|PROT_WRITE, MAP_PRIVATE|MAP_ANONYMOUS, -1, 0) = 0x7f0e3050f000
12:50:59 munmap(0x7f0e3050f000, 2097152) = 0
12:50:59 mmap(NULL, 4190208, PROT_READ|PROT_WRITE, MAP_PRIVATE|MAP_ANONYMOUS, -1, 0) = 0x7f0e30310000
12:50:59 munmap(0x7f0e30310000, 983040) = 0
12:50:59 munmap(0x7f0e30600000, 1110016) = 0
12:50:59 open("/sys/devices/system/cpu/online", O_RDONLY|O_CLOEXEC) = 3
12:50:59 read(3, "0-3\n", 8192)         = 4
12:50:59 close(3)                       = 0
12:50:59 rt_sigaction(SIGPIPE, {SIG_IGN, [PIPE], SA_RESTORER|SA_RESTART, 0x7f0e30745cb0}, {SIG_DFL, [], 0}, 8) = 0
12:50:59 mmap(NULL, 2097152, PROT_READ|PROT_WRITE, MAP_PRIVATE|MAP_ANONYMOUS, -1, 0) = 0x7f0e30200000
12:50:59 open("/proc/self/maps", O_RDONLY|O_CLOEXEC) = 3
12:50:59 getrlimit(RLIMIT_STACK, {rlim_cur=8192*1024, rlim_max=RLIM64_INFINITY}) = 0
12:50:59 fstat(3, {st_mode=S_IFREG|0444, st_size=0, ...}) = 0
12:50:59 mmap(NULL, 4096, PROT_READ|PROT_WRITE, MAP_PRIVATE|MAP_ANONYMOUS, -1, 0) = 0x7f0e31537000
12:50:59 read(3, "90599a7000-90599fa000 r-xp 00000"..., 1024) = 1024
12:50:59 read(3, "00-7f0e30ced000 ---p 00016000 07"..., 1024) = 1024
12:50:59 read(3, "u/librt-2.19.so\n7f0e31113000-7f0"..., 1024) = 1024
12:50:59 read(3, " \n7ffef941d000-7ffef943f000 rw-p"..., 1024) = 327
12:50:59 close(3)                       = 0
12:50:59 munmap(0x7f0e31537000, 4096)   = 0
12:50:59 sched_getaffinity(16516, 32, {f, 0, 0, 0}) = 32
12:50:59 rt_sigaction(SIGSEGV, {0x90599b9130, [], SA_RESTORER|SA_STACK|SA_SIGINFO, 0x7f0e30cfe330}, NULL, 8) = 0
12:50:59 rt_sigaction(SIGBUS, {0x90599b9130, [], SA_RESTORER|SA_STACK|SA_SIGINFO, 0x7f0e30cfe330}, NULL, 8) = 0
12:50:59 sigaltstack(NULL, {ss_sp=0, ss_flags=SS_DISABLE, ss_size=0}) = 0
12:50:59 mmap(NULL, 8192, PROT_READ|PROT_WRITE, MAP_PRIVATE|MAP_ANONYMOUS, -1, 0) = 0x7f0e31536000
12:50:59 sigaltstack({ss_sp=0x7f0e31536000, ss_flags=0, ss_size=8192}, NULL) = 0
12:50:59 write(1, "RaawwWWWWWRRRR!!\n", 17) = 17
12:50:59 sigaltstack({ss_sp=0, ss_flags=SS_DISABLE, ss_size=8192}, NULL) = 0
12:50:59 munmap(0x7f0e31536000, 8192)   = 0
12:50:59 exit_group(0)                  = ?
12:50:59 +++ exited with 0 +++
% time     seconds  usecs/call     calls    errors syscall
------ ----------- ----------- --------- --------- ----------------
  0.00    0.000000           0        10           read
  0.00    0.000000           0         1           write
  0.00    0.000000           0        44        36 open
  0.00    0.000000           0         8           close
  0.00    0.000000           0         8         6 stat
  0.00    0.000000           0         7           fstat
  0.00    0.000000           0        22           mmap
  0.00    0.000000           0        11           mprotect
  0.00    0.000000           0         6           munmap
  0.00    0.000000           0         2           brk
  0.00    0.000000           0         5           rt_sigaction
  0.00    0.000000           0         1           rt_sigprocmask
  0.00    0.000000           0         7         7 access
  0.00    0.000000           0         1           execve
  0.00    0.000000           0         1         1 readlink
  0.00    0.000000           0         2           getrlimit
  0.00    0.000000           0         3           sigaltstack
  0.00    0.000000           0         1           arch_prctl
  0.00    0.000000           0         1         1 futex
  0.00    0.000000           0         1           sched_getaffinity
  0.00    0.000000           0         1           set_tid_address
  0.00    0.000000           0         1           set_robust_list
------ ----------- ----------- --------- --------- ----------------
100.00    0.000000                   144        51 total
