12:50:54 execve("/scif/apps/c/bin/hello-world.c", ["hello-world.c"], [/* 76 vars */]) = 0
12:50:54 brk(0)                         = 0x25c1000
12:50:54 access("/etc/ld.so.nohwcap", F_OK) = -1 ENOENT (No such file or directory)
12:50:54 mmap(NULL, 8192, PROT_READ|PROT_WRITE, MAP_PRIVATE|MAP_ANONYMOUS, -1, 0) = 0x7f6120027000
12:50:54 access("/etc/ld.so.preload", R_OK) = -1 ENOENT (No such file or directory)
12:50:54 open("/scif/apps/c/lib/tls/x86_64/libc.so.6", O_RDONLY|O_CLOEXEC) = -1 ENOENT (No such file or directory)
12:50:54 stat("/scif/apps/c/lib/tls/x86_64", 0x7fff56b8dc70) = -1 ENOENT (No such file or directory)
12:50:54 open("/scif/apps/c/lib/tls/libc.so.6", O_RDONLY|O_CLOEXEC) = -1 ENOENT (No such file or directory)
12:50:54 stat("/scif/apps/c/lib/tls", 0x7fff56b8dc70) = -1 ENOENT (No such file or directory)
12:50:54 open("/scif/apps/c/lib/x86_64/libc.so.6", O_RDONLY|O_CLOEXEC) = -1 ENOENT (No such file or directory)
12:50:54 stat("/scif/apps/c/lib/x86_64", 0x7fff56b8dc70) = -1 ENOENT (No such file or directory)
12:50:54 open("/scif/apps/c/lib/libc.so.6", O_RDONLY|O_CLOEXEC) = -1 ENOENT (No such file or directory)
12:50:54 stat("/scif/apps/c/lib", {st_mode=S_IFDIR|0775, st_size=4096, ...}) = 0
12:50:54 open("tls/x86_64/libc.so.6", O_RDONLY|O_CLOEXEC) = -1 ENOENT (No such file or directory)
12:50:54 open("tls/libc.so.6", O_RDONLY|O_CLOEXEC) = -1 ENOENT (No such file or directory)
12:50:54 open("x86_64/libc.so.6", O_RDONLY|O_CLOEXEC) = -1 ENOENT (No such file or directory)
12:50:54 open("libc.so.6", O_RDONLY|O_CLOEXEC) = -1 ENOENT (No such file or directory)
12:50:54 open("/.singularity.d/libs/tls/x86_64/libc.so.6", O_RDONLY|O_CLOEXEC) = -1 ENOENT (No such file or directory)
12:50:54 stat("/.singularity.d/libs/tls/x86_64", 0x7fff56b8dc70) = -1 ENOENT (No such file or directory)
12:50:54 open("/.singularity.d/libs/tls/libc.so.6", O_RDONLY|O_CLOEXEC) = -1 ENOENT (No such file or directory)
12:50:54 stat("/.singularity.d/libs/tls", 0x7fff56b8dc70) = -1 ENOENT (No such file or directory)
12:50:54 open("/.singularity.d/libs/x86_64/libc.so.6", O_RDONLY|O_CLOEXEC) = -1 ENOENT (No such file or directory)
12:50:54 stat("/.singularity.d/libs/x86_64", 0x7fff56b8dc70) = -1 ENOENT (No such file or directory)
12:50:54 open("/.singularity.d/libs/libc.so.6", O_RDONLY|O_CLOEXEC) = -1 ENOENT (No such file or directory)
12:50:54 stat("/.singularity.d/libs", {st_mode=S_IFDIR|0755, st_size=4096, ...}) = 0
12:50:54 open("/etc/ld.so.cache", O_RDONLY|O_CLOEXEC) = 3
12:50:54 fstat(3, {st_mode=S_IFREG|0644, st_size=37006, ...}) = 0
12:50:54 mmap(NULL, 37006, PROT_READ, MAP_PRIVATE, 3, 0) = 0x7f612001d000
12:50:54 close(3)                       = 0
12:50:54 access("/etc/ld.so.nohwcap", F_OK) = -1 ENOENT (No such file or directory)
12:50:54 open("/lib/x86_64-linux-gnu/libc.so.6", O_RDONLY|O_CLOEXEC) = 3
12:50:54 read(3, "\177ELF\2\1\1\0\0\0\0\0\0\0\0\0\3\0>\0\1\0\0\0P \2\0\0\0\0\0"..., 832) = 832
12:50:54 fstat(3, {st_mode=S_IFREG|0755, st_size=1857312, ...}) = 0
12:50:54 mmap(NULL, 3965632, PROT_READ|PROT_EXEC, MAP_PRIVATE|MAP_DENYWRITE, 3, 0) = 0x7f611fa3e000
12:50:54 mprotect(0x7f611fbfc000, 2097152, PROT_NONE) = 0
12:50:54 mmap(0x7f611fdfc000, 24576, PROT_READ|PROT_WRITE, MAP_PRIVATE|MAP_FIXED|MAP_DENYWRITE, 3, 0x1be000) = 0x7f611fdfc000
12:50:54 mmap(0x7f611fe02000, 17088, PROT_READ|PROT_WRITE, MAP_PRIVATE|MAP_FIXED|MAP_ANONYMOUS, -1, 0) = 0x7f611fe02000
12:50:54 close(3)                       = 0
12:50:54 mmap(NULL, 4096, PROT_READ|PROT_WRITE, MAP_PRIVATE|MAP_ANONYMOUS, -1, 0) = 0x7f612001c000
12:50:54 mmap(NULL, 8192, PROT_READ|PROT_WRITE, MAP_PRIVATE|MAP_ANONYMOUS, -1, 0) = 0x7f612001a000
12:50:54 arch_prctl(ARCH_SET_FS, 0x7f612001a740) = 0
12:50:54 mprotect(0x7f611fdfc000, 16384, PROT_READ) = 0
12:50:54 mprotect(0x600000, 4096, PROT_READ) = 0
12:50:54 mprotect(0x7f6120029000, 4096, PROT_READ) = 0
12:50:54 munmap(0x7f612001d000, 37006)  = 0
12:50:54 fstat(1, {st_mode=S_IFCHR|0620, st_rdev=makedev(136, 28), ...}) = 0
12:50:54 mmap(NULL, 4096, PROT_READ|PROT_WRITE, MAP_PRIVATE|MAP_ANONYMOUS, -1, 0) = 0x7f6120026000
12:50:54 write(1, "RaawwWWWWWRRRR!!\n", 17) = 17
12:50:54 exit_group(0)                  = ?
12:50:54 +++ exited with 0 +++
% time     seconds  usecs/call     calls    errors syscall
------ ----------- ----------- --------- --------- ----------------
  0.00    0.000000           0         1           read
  0.00    0.000000           0         1           write
  0.00    0.000000           0        14        12 open
  0.00    0.000000           0         2           close
  0.00    0.000000           0         8         6 stat
  0.00    0.000000           0         3           fstat
  0.00    0.000000           0         8           mmap
  0.00    0.000000           0         4           mprotect
  0.00    0.000000           0         1           munmap
  0.00    0.000000           0         1           brk
  0.00    0.000000           0         3         3 access
  0.00    0.000000           0         1           execve
  0.00    0.000000           0         1           arch_prctl
------ ----------- ----------- --------- --------- ----------------
100.00    0.000000                    48        21 total
