12:50:55 execve("/usr/bin/julia", ["julia", "/scif/apps/julia/hello-world.jl"], [/* 76 vars */]) = 0
12:50:55 brk(0)                         = 0x202b000
12:50:55 access("/etc/ld.so.nohwcap", F_OK) = -1 ENOENT (No such file or directory)
12:50:55 mmap(NULL, 8192, PROT_READ|PROT_WRITE, MAP_PRIVATE|MAP_ANONYMOUS, -1, 0) = 0x7f05330b0000
12:50:55 readlink("/proc/self/exe", "/usr/bin/julia-readline", 4096) = 23
12:50:55 access("/etc/ld.so.preload", R_OK) = -1 ENOENT (No such file or directory)
12:50:55 open("/usr/bin/../lib/x86_64-linux-gnu/julia/tls/x86_64/libreadline.so.6", O_RDONLY|O_CLOEXEC) = -1 ENOENT (No such file or directory)
12:50:55 stat("/usr/bin/../lib/x86_64-linux-gnu/julia/tls/x86_64", 0x7ffc6d9f5b60) = -1 ENOENT (No such file or directory)
12:50:55 open("/usr/bin/../lib/x86_64-linux-gnu/julia/tls/libreadline.so.6", O_RDONLY|O_CLOEXEC) = -1 ENOENT (No such file or directory)
12:50:55 stat("/usr/bin/../lib/x86_64-linux-gnu/julia/tls", 0x7ffc6d9f5b60) = -1 ENOENT (No such file or directory)
12:50:55 open("/usr/bin/../lib/x86_64-linux-gnu/julia/x86_64/libreadline.so.6", O_RDONLY|O_CLOEXEC) = -1 ENOENT (No such file or directory)
12:50:55 stat("/usr/bin/../lib/x86_64-linux-gnu/julia/x86_64", 0x7ffc6d9f5b60) = -1 ENOENT (No such file or directory)
12:50:55 open("/usr/bin/../lib/x86_64-linux-gnu/julia/libreadline.so.6", O_RDONLY|O_CLOEXEC) = -1 ENOENT (No such file or directory)
12:50:55 stat("/usr/bin/../lib/x86_64-linux-gnu/julia", {st_mode=S_IFDIR|0755, st_size=4096, ...}) = 0
12:50:55 open("/usr/bin/../lib/x86_64-linux-gnu/tls/x86_64/libreadline.so.6", O_RDONLY|O_CLOEXEC) = -1 ENOENT (No such file or directory)
12:50:55 stat("/usr/bin/../lib/x86_64-linux-gnu/tls/x86_64", 0x7ffc6d9f5b60) = -1 ENOENT (No such file or directory)
12:50:55 open("/usr/bin/../lib/x86_64-linux-gnu/tls/libreadline.so.6", O_RDONLY|O_CLOEXEC) = -1 ENOENT (No such file or directory)
12:50:55 stat("/usr/bin/../lib/x86_64-linux-gnu/tls", 0x7ffc6d9f5b60) = -1 ENOENT (No such file or directory)
12:50:55 open("/usr/bin/../lib/x86_64-linux-gnu/x86_64/libreadline.so.6", O_RDONLY|O_CLOEXEC) = -1 ENOENT (No such file or directory)
12:50:55 stat("/usr/bin/../lib/x86_64-linux-gnu/x86_64", 0x7ffc6d9f5b60) = -1 ENOENT (No such file or directory)
12:50:55 open("/usr/bin/../lib/x86_64-linux-gnu/libreadline.so.6", O_RDONLY|O_CLOEXEC) = -1 ENOENT (No such file or directory)
12:50:55 stat("/usr/bin/../lib/x86_64-linux-gnu", {st_mode=S_IFDIR|0755, st_size=28672, ...}) = 0
12:50:55 open("/scif/apps/julia/lib/tls/x86_64/libreadline.so.6", O_RDONLY|O_CLOEXEC) = -1 ENOENT (No such file or directory)
12:50:55 stat("/scif/apps/julia/lib/tls/x86_64", 0x7ffc6d9f5b60) = -1 ENOENT (No such file or directory)
12:50:55 open("/scif/apps/julia/lib/tls/libreadline.so.6", O_RDONLY|O_CLOEXEC) = -1 ENOENT (No such file or directory)
12:50:55 stat("/scif/apps/julia/lib/tls", 0x7ffc6d9f5b60) = -1 ENOENT (No such file or directory)
12:50:55 open("/scif/apps/julia/lib/x86_64/libreadline.so.6", O_RDONLY|O_CLOEXEC) = -1 ENOENT (No such file or directory)
12:50:55 stat("/scif/apps/julia/lib/x86_64", 0x7ffc6d9f5b60) = -1 ENOENT (No such file or directory)
12:50:55 open("/scif/apps/julia/lib/libreadline.so.6", O_RDONLY|O_CLOEXEC) = -1 ENOENT (No such file or directory)
12:50:55 stat("/scif/apps/julia/lib", {st_mode=S_IFDIR|0775, st_size=4096, ...}) = 0
12:50:55 open("tls/x86_64/libreadline.so.6", O_RDONLY|O_CLOEXEC) = -1 ENOENT (No such file or directory)
12:50:55 open("tls/libreadline.so.6", O_RDONLY|O_CLOEXEC) = -1 ENOENT (No such file or directory)
12:50:55 open("x86_64/libreadline.so.6", O_RDONLY|O_CLOEXEC) = -1 ENOENT (No such file or directory)
12:50:55 open("libreadline.so.6", O_RDONLY|O_CLOEXEC) = -1 ENOENT (No such file or directory)
12:50:55 open("/.singularity.d/libs/tls/x86_64/libreadline.so.6", O_RDONLY|O_CLOEXEC) = -1 ENOENT (No such file or directory)
12:50:55 stat("/.singularity.d/libs/tls/x86_64", 0x7ffc6d9f5b60) = -1 ENOENT (No such file or directory)
12:50:55 open("/.singularity.d/libs/tls/libreadline.so.6", O_RDONLY|O_CLOEXEC) = -1 ENOENT (No such file or directory)
12:50:55 stat("/.singularity.d/libs/tls", 0x7ffc6d9f5b60) = -1 ENOENT (No such file or directory)
12:50:55 open("/.singularity.d/libs/x86_64/libreadline.so.6", O_RDONLY|O_CLOEXEC) = -1 ENOENT (No such file or directory)
12:50:55 stat("/.singularity.d/libs/x86_64", 0x7ffc6d9f5b60) = -1 ENOENT (No such file or directory)
12:50:55 open("/.singularity.d/libs/libreadline.so.6", O_RDONLY|O_CLOEXEC) = -1 ENOENT (No such file or directory)
12:50:55 stat("/.singularity.d/libs", {st_mode=S_IFDIR|0755, st_size=4096, ...}) = 0
12:50:55 open("/etc/ld.so.cache", O_RDONLY|O_CLOEXEC) = 3
12:50:55 fstat(3, {st_mode=S_IFREG|0644, st_size=37006, ...}) = 0
12:50:55 mmap(NULL, 37006, PROT_READ, MAP_PRIVATE, 3, 0) = 0x7f05330a6000
12:50:55 close(3)                       = 0
12:50:55 access("/etc/ld.so.nohwcap", F_OK) = -1 ENOENT (No such file or directory)
12:50:55 open("/lib/x86_64-linux-gnu/libreadline.so.6", O_RDONLY|O_CLOEXEC) = 3
12:50:55 read(3, "\177ELF\2\1\1\0\0\0\0\0\0\0\0\0\3\0>\0\1\0\0\0\3200\1\0\0\0\0\0"..., 832) = 832
12:50:55 fstat(3, {st_mode=S_IFREG|0644, st_size=282352, ...}) = 0
12:50:55 mmap(NULL, 2382936, PROT_READ|PROT_EXEC, MAP_PRIVATE|MAP_DENYWRITE, 3, 0) = 0x7f0532c4a000
12:50:55 mprotect(0x7f0532c87000, 2097152, PROT_NONE) = 0
12:50:55 mmap(0x7f0532e87000, 32768, PROT_READ|PROT_WRITE, MAP_PRIVATE|MAP_FIXED|MAP_DENYWRITE, 3, 0x3d000) = 0x7f0532e87000
12:50:55 mmap(0x7f0532e8f000, 3160, PROT_READ|PROT_WRITE, MAP_PRIVATE|MAP_FIXED|MAP_ANONYMOUS, -1, 0) = 0x7f0532e8f000
12:50:55 close(3)                       = 0
12:50:55 open("/usr/bin/../lib/x86_64-linux-gnu/julia/libjulia.so", O_RDONLY|O_CLOEXEC) = 3
12:50:55 read(3, "\177ELF\2\1\1\0\0\0\0\0\0\0\0\0\3\0>\0\1\0\0\0p]\1\0\0\0\0\0"..., 832) = 832
12:50:55 fstat(3, {st_mode=S_IFREG|0644, st_size=855400, ...}) = 0
12:50:55 mmap(NULL, 4096, PROT_READ|PROT_WRITE, MAP_PRIVATE|MAP_ANONYMOUS, -1, 0) = 0x7f05330a5000
12:50:55 mmap(NULL, 3680152, PROT_READ|PROT_EXEC, MAP_PRIVATE|MAP_DENYWRITE, 3, 0) = 0x7f05328c7000
12:50:55 mprotect(0x7f053296f000, 2093056, PROT_NONE) = 0
12:50:55 mmap(0x7f0532b6e000, 172032, PROT_READ|PROT_WRITE, MAP_PRIVATE|MAP_FIXED|MAP_DENYWRITE, 3, 0xa7000) = 0x7f0532b6e000
12:50:55 mmap(0x7f0532b98000, 726936, PROT_READ|PROT_WRITE, MAP_PRIVATE|MAP_FIXED|MAP_ANONYMOUS, -1, 0) = 0x7f0532b98000
12:50:55 close(3)                       = 0
12:50:55 open("/usr/bin/../lib/x86_64-linux-gnu/julia/libpthread.so.0", O_RDONLY|O_CLOEXEC) = -1 ENOENT (No such file or directory)
12:50:55 open("/usr/bin/../lib/x86_64-linux-gnu/libpthread.so.0", O_RDONLY|O_CLOEXEC) = -1 ENOENT (No such file or directory)
12:50:55 open("/scif/apps/julia/lib/libpthread.so.0", O_RDONLY|O_CLOEXEC) = -1 ENOENT (No such file or directory)
12:50:55 open("tls/x86_64/libpthread.so.0", O_RDONLY|O_CLOEXEC) = -1 ENOENT (No such file or directory)
12:50:55 open("tls/libpthread.so.0", O_RDONLY|O_CLOEXEC) = -1 ENOENT (No such file or directory)
12:50:55 open("x86_64/libpthread.so.0", O_RDONLY|O_CLOEXEC) = -1 ENOENT (No such file or directory)
12:50:55 open("libpthread.so.0", O_RDONLY|O_CLOEXEC) = -1 ENOENT (No such file or directory)
12:50:55 open("/.singularity.d/libs/libpthread.so.0", O_RDONLY|O_CLOEXEC) = -1 ENOENT (No such file or directory)
12:50:55 access("/etc/ld.so.nohwcap", F_OK) = -1 ENOENT (No such file or directory)
12:50:55 open("/lib/x86_64-linux-gnu/libpthread.so.0", O_RDONLY|O_CLOEXEC) = 3
12:50:55 read(3, "\177ELF\2\1\1\0\0\0\0\0\0\0\0\0\3\0>\0\1\0\0\0po\0\0\0\0\0\0"..., 832) = 832
12:50:55 fstat(3, {st_mode=S_IFREG|0755, st_size=141574, ...}) = 0
12:50:55 mmap(NULL, 2217264, PROT_READ|PROT_EXEC, MAP_PRIVATE|MAP_DENYWRITE, 3, 0) = 0x7f05326a9000
12:50:55 mprotect(0x7f05326c2000, 2093056, PROT_NONE) = 0
12:50:55 mmap(0x7f05328c1000, 8192, PROT_READ|PROT_WRITE, MAP_PRIVATE|MAP_FIXED|MAP_DENYWRITE, 3, 0x18000) = 0x7f05328c1000
12:50:55 mmap(0x7f05328c3000, 13616, PROT_READ|PROT_WRITE, MAP_PRIVATE|MAP_FIXED|MAP_ANONYMOUS, -1, 0) = 0x7f05328c3000
12:50:55 close(3)                       = 0
12:50:55 open("/usr/bin/../lib/x86_64-linux-gnu/julia/libc.so.6", O_RDONLY|O_CLOEXEC) = -1 ENOENT (No such file or directory)
12:50:55 open("/usr/bin/../lib/x86_64-linux-gnu/libc.so.6", O_RDONLY|O_CLOEXEC) = -1 ENOENT (No such file or directory)
12:50:55 open("/scif/apps/julia/lib/libc.so.6", O_RDONLY|O_CLOEXEC) = -1 ENOENT (No such file or directory)
12:50:55 open("tls/x86_64/libc.so.6", O_RDONLY|O_CLOEXEC) = -1 ENOENT (No such file or directory)
12:50:55 open("tls/libc.so.6", O_RDONLY|O_CLOEXEC) = -1 ENOENT (No such file or directory)
12:50:55 open("x86_64/libc.so.6", O_RDONLY|O_CLOEXEC) = -1 ENOENT (No such file or directory)
12:50:55 open("libc.so.6", O_RDONLY|O_CLOEXEC) = -1 ENOENT (No such file or directory)
12:50:55 open("/.singularity.d/libs/libc.so.6", O_RDONLY|O_CLOEXEC) = -1 ENOENT (No such file or directory)
12:50:55 access("/etc/ld.so.nohwcap", F_OK) = -1 ENOENT (No such file or directory)
12:50:55 open("/lib/x86_64-linux-gnu/libc.so.6", O_RDONLY|O_CLOEXEC) = 3
12:50:55 read(3, "\177ELF\2\1\1\0\0\0\0\0\0\0\0\0\3\0>\0\1\0\0\0P \2\0\0\0\0\0"..., 832) = 832
12:50:55 fstat(3, {st_mode=S_IFREG|0755, st_size=1857312, ...}) = 0
12:50:55 mmap(NULL, 3965632, PROT_READ|PROT_EXEC, MAP_PRIVATE|MAP_DENYWRITE, 3, 0) = 0x7f05322e0000
12:50:55 mprotect(0x7f053249e000, 2097152, PROT_NONE) = 0
12:50:55 mmap(0x7f053269e000, 24576, PROT_READ|PROT_WRITE, MAP_PRIVATE|MAP_FIXED|MAP_DENYWRITE, 3, 0x1be000) = 0x7f053269e000
12:50:55 mmap(0x7f05326a4000, 17088, PROT_READ|PROT_WRITE, MAP_PRIVATE|MAP_FIXED|MAP_ANONYMOUS, -1, 0) = 0x7f05326a4000
12:50:55 close(3)                       = 0
12:50:55 open("/usr/bin/../lib/x86_64-linux-gnu/julia/libtinfo.so.5", O_RDONLY|O_CLOEXEC) = -1 ENOENT (No such file or directory)
12:50:55 open("/usr/bin/../lib/x86_64-linux-gnu/libtinfo.so.5", O_RDONLY|O_CLOEXEC) = -1 ENOENT (No such file or directory)
12:50:55 open("/scif/apps/julia/lib/libtinfo.so.5", O_RDONLY|O_CLOEXEC) = -1 ENOENT (No such file or directory)
12:50:55 open("tls/x86_64/libtinfo.so.5", O_RDONLY|O_CLOEXEC) = -1 ENOENT (No such file or directory)
12:50:55 open("tls/libtinfo.so.5", O_RDONLY|O_CLOEXEC) = -1 ENOENT (No such file or directory)
12:50:55 open("x86_64/libtinfo.so.5", O_RDONLY|O_CLOEXEC) = -1 ENOENT (No such file or directory)
12:50:55 open("libtinfo.so.5", O_RDONLY|O_CLOEXEC) = -1 ENOENT (No such file or directory)
12:50:55 open("/.singularity.d/libs/libtinfo.so.5", O_RDONLY|O_CLOEXEC) = -1 ENOENT (No such file or directory)
12:50:55 access("/etc/ld.so.nohwcap", F_OK) = -1 ENOENT (No such file or directory)
12:50:55 open("/lib/x86_64-linux-gnu/libtinfo.so.5", O_RDONLY|O_CLOEXEC) = 3
12:50:55 read(3, "\177ELF\2\1\1\0\0\0\0\0\0\0\0\0\3\0>\0\1\0\0\0\320\303\0\0\0\0\0\0"..., 832) = 832
12:50:55 fstat(3, {st_mode=S_IFREG|0644, st_size=167096, ...}) = 0
12:50:55 mmap(NULL, 4096, PROT_READ|PROT_WRITE, MAP_PRIVATE|MAP_ANONYMOUS, -1, 0) = 0x7f05330a4000
12:50:55 mmap(NULL, 2264288, PROT_READ|PROT_EXEC, MAP_PRIVATE|MAP_DENYWRITE, 3, 0) = 0x7f05320b7000
12:50:55 mprotect(0x7f05320dc000, 2093056, PROT_NONE) = 0
12:50:55 mmap(0x7f05322db000, 20480, PROT_READ|PROT_WRITE, MAP_PRIVATE|MAP_FIXED|MAP_DENYWRITE, 3, 0x24000) = 0x7f05322db000
12:50:55 close(3)                       = 0
12:50:55 open("/usr/bin/../lib/x86_64-linux-gnu/julia/libdl.so.2", O_RDONLY|O_CLOEXEC) = -1 ENOENT (No such file or directory)
12:50:55 open("/usr/bin/../lib/x86_64-linux-gnu/julia/libdl.so.2", O_RDONLY|O_CLOEXEC) = -1 ENOENT (No such file or directory)
12:50:55 open("/usr/bin/../lib/x86_64-linux-gnu/libdl.so.2", O_RDONLY|O_CLOEXEC) = -1 ENOENT (No such file or directory)
12:50:55 open("/scif/apps/julia/lib/libdl.so.2", O_RDONLY|O_CLOEXEC) = -1 ENOENT (No such file or directory)
12:50:55 open("tls/x86_64/libdl.so.2", O_RDONLY|O_CLOEXEC) = -1 ENOENT (No such file or directory)
12:50:55 open("tls/libdl.so.2", O_RDONLY|O_CLOEXEC) = -1 ENOENT (No such file or directory)
12:50:55 open("x86_64/libdl.so.2", O_RDONLY|O_CLOEXEC) = -1 ENOENT (No such file or directory)
12:50:55 open("libdl.so.2", O_RDONLY|O_CLOEXEC) = -1 ENOENT (No such file or directory)
12:50:55 open("/.singularity.d/libs/libdl.so.2", O_RDONLY|O_CLOEXEC) = -1 ENOENT (No such file or directory)
12:50:55 access("/etc/ld.so.nohwcap", F_OK) = -1 ENOENT (No such file or directory)
12:50:55 open("/lib/x86_64-linux-gnu/libdl.so.2", O_RDONLY|O_CLOEXEC) = 3
12:50:55 read(3, "\177ELF\2\1\1\0\0\0\0\0\0\0\0\0\3\0>\0\1\0\0\0\320\16\0\0\0\0\0\0"..., 832) = 832
12:50:55 fstat(3, {st_mode=S_IFREG|0644, st_size=14664, ...}) = 0
12:50:55 mmap(NULL, 2109744, PROT_READ|PROT_EXEC, MAP_PRIVATE|MAP_DENYWRITE, 3, 0) = 0x7f0531eb3000
12:50:55 mprotect(0x7f0531eb6000, 2093056, PROT_NONE) = 0
12:50:55 mmap(0x7f05320b5000, 8192, PROT_READ|PROT_WRITE, MAP_PRIVATE|MAP_FIXED|MAP_DENYWRITE, 3, 0x2000) = 0x7f05320b5000
12:50:55 close(3)                       = 0
12:50:55 open("/usr/bin/../lib/x86_64-linux-gnu/julia/libLLVM-3.3.so.1", O_RDONLY|O_CLOEXEC) = -1 ENOENT (No such file or directory)
12:50:55 open("/usr/bin/../lib/x86_64-linux-gnu/julia/libLLVM-3.3.so.1", O_RDONLY|O_CLOEXEC) = -1 ENOENT (No such file or directory)
12:50:55 open("/usr/bin/../lib/x86_64-linux-gnu/libLLVM-3.3.so.1", O_RDONLY|O_CLOEXEC) = 3
12:50:55 read(3, "\177ELF\2\1\1\0\0\0\0\0\0\0\0\0\3\0>\0\1\0\0\0\0\0\0\0\0\0\0\0"..., 832) = 832
12:50:55 fstat(3, {st_mode=S_IFREG|0644, st_size=23447664, ...}) = 0
12:50:55 mmap(NULL, 23526284, PROT_READ|PROT_EXEC, MAP_PRIVATE|MAP_DENYWRITE, 3, 0) = 0x7f0530843000
12:50:55 mmap(0x7f0531d89000, 1142784, PROT_READ|PROT_WRITE, MAP_PRIVATE|MAP_FIXED|MAP_DENYWRITE, 3, 0x1545000) = 0x7f0531d89000
12:50:55 mmap(0x7f0531ea0000, 76684, PROT_READ|PROT_WRITE, MAP_PRIVATE|MAP_FIXED|MAP_ANONYMOUS, -1, 0) = 0x7f0531ea0000
12:50:55 close(3)                       = 0
12:50:55 open("/usr/bin/../lib/x86_64-linux-gnu/julia/librt.so.1", O_RDONLY|O_CLOEXEC) = -1 ENOENT (No such file or directory)
12:50:55 open("/usr/bin/../lib/x86_64-linux-gnu/julia/librt.so.1", O_RDONLY|O_CLOEXEC) = -1 ENOENT (No such file or directory)
12:50:55 open("/usr/bin/../lib/x86_64-linux-gnu/librt.so.1", O_RDONLY|O_CLOEXEC) = -1 ENOENT (No such file or directory)
12:50:55 open("/scif/apps/julia/lib/librt.so.1", O_RDONLY|O_CLOEXEC) = -1 ENOENT (No such file or directory)
12:50:55 open("tls/x86_64/librt.so.1", O_RDONLY|O_CLOEXEC) = -1 ENOENT (No such file or directory)
12:50:55 open("tls/librt.so.1", O_RDONLY|O_CLOEXEC) = -1 ENOENT (No such file or directory)
12:50:55 open("x86_64/librt.so.1", O_RDONLY|O_CLOEXEC) = -1 ENOENT (No such file or directory)
12:50:55 open("librt.so.1", O_RDONLY|O_CLOEXEC) = -1 ENOENT (No such file or directory)
12:50:55 open("/.singularity.d/libs/librt.so.1", O_RDONLY|O_CLOEXEC) = -1 ENOENT (No such file or directory)
12:50:55 access("/etc/ld.so.nohwcap", F_OK) = -1 ENOENT (No such file or directory)
12:50:55 open("/lib/x86_64-linux-gnu/librt.so.1", O_RDONLY|O_CLOEXEC) = 3
12:50:55 read(3, "\177ELF\2\1\1\0\0\0\0\0\0\0\0\0\3\0>\0\1\0\0\0P#\0\0\0\0\0\0"..., 832) = 832
12:50:55 fstat(3, {st_mode=S_IFREG|0644, st_size=31792, ...}) = 0
12:50:55 mmap(NULL, 4096, PROT_READ|PROT_WRITE, MAP_PRIVATE|MAP_ANONYMOUS, -1, 0) = 0x7f05330a3000
12:50:55 mmap(NULL, 2129016, PROT_READ|PROT_EXEC, MAP_PRIVATE|MAP_DENYWRITE, 3, 0) = 0x7f053063b000
12:50:55 mprotect(0x7f0530642000, 2093056, PROT_NONE) = 0
12:50:55 mmap(0x7f0530841000, 8192, PROT_READ|PROT_WRITE, MAP_PRIVATE|MAP_FIXED|MAP_DENYWRITE, 3, 0x6000) = 0x7f0530841000
12:50:55 close(3)                       = 0
12:50:55 open("/usr/bin/../lib/x86_64-linux-gnu/julia/libunwind.so.8", O_RDONLY|O_CLOEXEC) = -1 ENOENT (No such file or directory)
12:50:55 open("/usr/bin/../lib/x86_64-linux-gnu/julia/libunwind.so.8", O_RDONLY|O_CLOEXEC) = -1 ENOENT (No such file or directory)
12:50:55 open("/usr/bin/../lib/x86_64-linux-gnu/libunwind.so.8", O_RDONLY|O_CLOEXEC) = 3
12:50:55 read(3, "\177ELF\2\1\1\0\0\0\0\0\0\0\0\0\3\0>\0\1\0\0\0000\37\0\0\0\0\0\0"..., 832) = 832
12:50:55 fstat(3, {st_mode=S_IFREG|0644, st_size=51192, ...}) = 0
12:50:55 mmap(NULL, 2207464, PROT_READ|PROT_EXEC, MAP_PRIVATE|MAP_DENYWRITE, 3, 0) = 0x7f0530420000
12:50:55 mprotect(0x7f053042c000, 2093056, PROT_NONE) = 0
12:50:55 mmap(0x7f053062b000, 8192, PROT_READ|PROT_WRITE, MAP_PRIVATE|MAP_FIXED|MAP_DENYWRITE, 3, 0xb000) = 0x7f053062b000
12:50:55 mmap(0x7f053062d000, 57064, PROT_READ|PROT_WRITE, MAP_PRIVATE|MAP_FIXED|MAP_ANONYMOUS, -1, 0) = 0x7f053062d000
12:50:55 close(3)                       = 0
12:50:55 open("/usr/bin/../lib/x86_64-linux-gnu/julia/libstdc++.so.6", O_RDONLY|O_CLOEXEC) = -1 ENOENT (No such file or directory)
12:50:55 open("/usr/bin/../lib/x86_64-linux-gnu/julia/libstdc++.so.6", O_RDONLY|O_CLOEXEC) = -1 ENOENT (No such file or directory)
12:50:55 open("/usr/bin/../lib/x86_64-linux-gnu/libstdc++.so.6", O_RDONLY|O_CLOEXEC) = 3
12:50:55 read(3, "\177ELF\2\1\1\0\0\0\0\0\0\0\0\0\3\0>\0\1\0\0\0 \266\5\0\0\0\0\0"..., 832) = 832
12:50:55 fstat(3, {st_mode=S_IFREG|0644, st_size=979056, ...}) = 0
12:50:55 mmap(NULL, 3159040, PROT_READ|PROT_EXEC, MAP_PRIVATE|MAP_DENYWRITE, 3, 0) = 0x7f053011c000
12:50:55 mprotect(0x7f0530202000, 2093056, PROT_NONE) = 0
12:50:55 mmap(0x7f0530401000, 40960, PROT_READ|PROT_WRITE, MAP_PRIVATE|MAP_FIXED|MAP_DENYWRITE, 3, 0xe5000) = 0x7f0530401000
12:50:55 mmap(0x7f053040b000, 82944, PROT_READ|PROT_WRITE, MAP_PRIVATE|MAP_FIXED|MAP_ANONYMOUS, -1, 0) = 0x7f053040b000
12:50:55 close(3)                       = 0
12:50:55 mmap(NULL, 4096, PROT_READ|PROT_WRITE, MAP_PRIVATE|MAP_ANONYMOUS, -1, 0) = 0x7f05330a2000
12:50:55 open("/scif/apps/julia/lib/libffi.so.6", O_RDONLY|O_CLOEXEC) = -1 ENOENT (No such file or directory)
12:50:55 open("tls/x86_64/libffi.so.6", O_RDONLY|O_CLOEXEC) = -1 ENOENT (No such file or directory)
12:50:55 open("tls/libffi.so.6", O_RDONLY|O_CLOEXEC) = -1 ENOENT (No such file or directory)
12:50:55 open("x86_64/libffi.so.6", O_RDONLY|O_CLOEXEC) = -1 ENOENT (No such file or directory)
12:50:55 open("libffi.so.6", O_RDONLY|O_CLOEXEC) = -1 ENOENT (No such file or directory)
12:50:55 open("/.singularity.d/libs/libffi.so.6", O_RDONLY|O_CLOEXEC) = -1 ENOENT (No such file or directory)
12:50:55 open("/usr/bin/../lib/x86_64-linux-gnu/libffi.so.6", O_RDONLY|O_CLOEXEC) = 3
12:50:55 read(3, "\177ELF\2\1\1\0\0\0\0\0\0\0\0\0\3\0>\0\1\0\0\0P\26\0\0\0\0\0\0"..., 832) = 832
12:50:55 fstat(3, {st_mode=S_IFREG|0644, st_size=30944, ...}) = 0
12:50:55 mmap(NULL, 2127304, PROT_READ|PROT_EXEC, MAP_PRIVATE|MAP_DENYWRITE, 3, 0) = 0x7f052ff14000
12:50:55 mprotect(0x7f052ff1b000, 2093056, PROT_NONE) = 0
12:50:55 mmap(0x7f053011a000, 8192, PROT_READ|PROT_WRITE, MAP_PRIVATE|MAP_FIXED|MAP_DENYWRITE, 3, 0x6000) = 0x7f053011a000
12:50:55 close(3)                       = 0
12:50:55 open("/scif/apps/julia/lib/libm.so.6", O_RDONLY|O_CLOEXEC) = -1 ENOENT (No such file or directory)
12:50:55 open("tls/x86_64/libm.so.6", O_RDONLY|O_CLOEXEC) = -1 ENOENT (No such file or directory)
12:50:55 open("tls/libm.so.6", O_RDONLY|O_CLOEXEC) = -1 ENOENT (No such file or directory)
12:50:55 open("x86_64/libm.so.6", O_RDONLY|O_CLOEXEC) = -1 ENOENT (No such file or directory)
12:50:55 open("libm.so.6", O_RDONLY|O_CLOEXEC) = -1 ENOENT (No such file or directory)
12:50:55 open("/.singularity.d/libs/libm.so.6", O_RDONLY|O_CLOEXEC) = -1 ENOENT (No such file or directory)
12:50:55 open("/usr/bin/../lib/x86_64-linux-gnu/libm.so.6", O_RDONLY|O_CLOEXEC) = -1 ENOENT (No such file or directory)
12:50:55 access("/etc/ld.so.nohwcap", F_OK) = -1 ENOENT (No such file or directory)
12:50:55 open("/lib/x86_64-linux-gnu/libm.so.6", O_RDONLY|O_CLOEXEC) = 3
12:50:55 read(3, "\177ELF\2\1\1\0\0\0\0\0\0\0\0\0\3\0>\0\1\0\0\0\20V\0\0\0\0\0\0"..., 832) = 832
12:50:55 fstat(3, {st_mode=S_IFREG|0644, st_size=1071552, ...}) = 0
12:50:55 mmap(NULL, 3166568, PROT_READ|PROT_EXEC, MAP_PRIVATE|MAP_DENYWRITE, 3, 0) = 0x7f052fc0e000
12:50:55 mprotect(0x7f052fd13000, 2093056, PROT_NONE) = 0
12:50:55 mmap(0x7f052ff12000, 8192, PROT_READ|PROT_WRITE, MAP_PRIVATE|MAP_FIXED|MAP_DENYWRITE, 3, 0x104000) = 0x7f052ff12000
12:50:55 close(3)                       = 0
12:50:55 open("/scif/apps/julia/lib/libgcc_s.so.1", O_RDONLY|O_CLOEXEC) = -1 ENOENT (No such file or directory)
12:50:55 open("tls/x86_64/libgcc_s.so.1", O_RDONLY|O_CLOEXEC) = -1 ENOENT (No such file or directory)
12:50:55 open("tls/libgcc_s.so.1", O_RDONLY|O_CLOEXEC) = -1 ENOENT (No such file or directory)
12:50:55 open("x86_64/libgcc_s.so.1", O_RDONLY|O_CLOEXEC) = -1 ENOENT (No such file or directory)
12:50:55 open("libgcc_s.so.1", O_RDONLY|O_CLOEXEC) = -1 ENOENT (No such file or directory)
12:50:55 open("/.singularity.d/libs/libgcc_s.so.1", O_RDONLY|O_CLOEXEC) = -1 ENOENT (No such file or directory)
12:50:55 open("/usr/bin/../lib/x86_64-linux-gnu/libgcc_s.so.1", O_RDONLY|O_CLOEXEC) = -1 ENOENT (No such file or directory)
12:50:55 access("/etc/ld.so.nohwcap", F_OK) = -1 ENOENT (No such file or directory)
12:50:55 open("/lib/x86_64-linux-gnu/libgcc_s.so.1", O_RDONLY|O_CLOEXEC) = 3
12:50:55 read(3, "\177ELF\2\1\1\0\0\0\0\0\0\0\0\0\3\0>\0\1\0\0\0\260*\0\0\0\0\0\0"..., 832) = 832
12:50:55 fstat(3, {st_mode=S_IFREG|0644, st_size=90160, ...}) = 0
12:50:55 mmap(NULL, 2186016, PROT_READ|PROT_EXEC, MAP_PRIVATE|MAP_DENYWRITE, 3, 0) = 0x7f052f9f8000
12:50:55 mprotect(0x7f052fa0e000, 2093056, PROT_NONE) = 0
12:50:55 mmap(0x7f052fc0d000, 4096, PROT_READ|PROT_WRITE, MAP_PRIVATE|MAP_FIXED|MAP_DENYWRITE, 3, 0x15000) = 0x7f052fc0d000
12:50:55 close(3)                       = 0
12:50:55 open("/usr/bin/../lib/x86_64-linux-gnu/julia/liblzma.so.5", O_RDONLY|O_CLOEXEC) = -1 ENOENT (No such file or directory)
12:50:55 open("/usr/bin/../lib/x86_64-linux-gnu/julia/liblzma.so.5", O_RDONLY|O_CLOEXEC) = -1 ENOENT (No such file or directory)
12:50:55 open("/usr/bin/../lib/x86_64-linux-gnu/liblzma.so.5", O_RDONLY|O_CLOEXEC) = -1 ENOENT (No such file or directory)
12:50:55 open("/scif/apps/julia/lib/liblzma.so.5", O_RDONLY|O_CLOEXEC) = -1 ENOENT (No such file or directory)
12:50:55 open("tls/x86_64/liblzma.so.5", O_RDONLY|O_CLOEXEC) = -1 ENOENT (No such file or directory)
12:50:55 open("tls/liblzma.so.5", O_RDONLY|O_CLOEXEC) = -1 ENOENT (No such file or directory)
12:50:55 open("x86_64/liblzma.so.5", O_RDONLY|O_CLOEXEC) = -1 ENOENT (No such file or directory)
12:50:55 open("liblzma.so.5", O_RDONLY|O_CLOEXEC) = -1 ENOENT (No such file or directory)
12:50:55 open("/.singularity.d/libs/liblzma.so.5", O_RDONLY|O_CLOEXEC) = -1 ENOENT (No such file or directory)
12:50:55 access("/etc/ld.so.nohwcap", F_OK) = -1 ENOENT (No such file or directory)
12:50:55 open("/lib/x86_64-linux-gnu/liblzma.so.5", O_RDONLY|O_CLOEXEC) = 3
12:50:55 read(3, "\177ELF\2\1\1\0\0\0\0\0\0\0\0\0\3\0>\0\1\0\0\0\320 \0\0\0\0\0\0"..., 832) = 832
12:50:55 mmap(NULL, 4096, PROT_READ|PROT_WRITE, MAP_PRIVATE|MAP_ANONYMOUS, -1, 0) = 0x7f05330a1000
12:50:55 fstat(3, {st_mode=S_IFREG|0644, st_size=137400, ...}) = 0
12:50:55 mmap(NULL, 2232456, PROT_READ|PROT_EXEC, MAP_PRIVATE|MAP_DENYWRITE, 3, 0) = 0x7f052f7d6000
12:50:55 mprotect(0x7f052f7f7000, 2093056, PROT_NONE) = 0
12:50:55 mmap(0x7f052f9f6000, 8192, PROT_READ|PROT_WRITE, MAP_PRIVATE|MAP_FIXED|MAP_DENYWRITE, 3, 0x20000) = 0x7f052f9f6000
12:50:55 close(3)                       = 0
12:50:55 mmap(NULL, 4096, PROT_READ|PROT_WRITE, MAP_PRIVATE|MAP_ANONYMOUS, -1, 0) = 0x7f05330a0000
12:50:55 mmap(NULL, 4096, PROT_READ|PROT_WRITE, MAP_PRIVATE|MAP_ANONYMOUS, -1, 0) = 0x7f053309f000
12:50:55 mmap(NULL, 8192, PROT_READ|PROT_WRITE, MAP_PRIVATE|MAP_ANONYMOUS, -1, 0) = 0x7f053309d000
12:50:55 arch_prctl(ARCH_SET_FS, 0x7f053309d780) = 0
12:50:55 mprotect(0x7f053269e000, 16384, PROT_READ) = 0
12:50:55 mprotect(0x7f05320b5000, 4096, PROT_READ) = 0
12:50:55 mprotect(0x7f052f9f6000, 4096, PROT_READ) = 0
12:50:55 mprotect(0x7f052ff12000, 4096, PROT_READ) = 0
12:50:55 mprotect(0x7f053011a000, 4096, PROT_READ) = 0
12:50:55 mmap(NULL, 4096, PROT_READ|PROT_WRITE, MAP_PRIVATE|MAP_ANONYMOUS, -1, 0) = 0x7f053309c000
12:50:55 mprotect(0x7f0530401000, 32768, PROT_READ) = 0
12:50:55 mprotect(0x7f053062b000, 4096, PROT_READ) = 0
12:50:55 mprotect(0x7f05328c1000, 4096, PROT_READ) = 0
12:50:55 mprotect(0x7f0530841000, 4096, PROT_READ) = 0
12:50:55 mprotect(0x7f0531d89000, 1134592, PROT_READ) = 0
12:50:55 mprotect(0x7f05322db000, 16384, PROT_READ) = 0
12:50:55 mprotect(0x7f0532b6e000, 4096, PROT_READ) = 0
12:50:55 mprotect(0x7f0532e87000, 8192, PROT_READ) = 0
12:50:55 mprotect(0x607000, 4096, PROT_READ) = 0
12:50:55 mprotect(0x7f05330b2000, 4096, PROT_READ) = 0
12:50:55 munmap(0x7f05330a6000, 37006)  = 0
12:50:55 set_tid_address(0x7f053309da50) = 16459
12:50:55 set_robust_list(0x7f053309da60, 24) = 0
12:50:55 futex(0x7ffc6d9f63a0, FUTEX_WAIT_BITSET_PRIVATE|FUTEX_CLOCK_REALTIME, 1, NULL, 7f053309d780) = -1 EAGAIN (Resource temporarily unavailable)
12:50:55 rt_sigaction(SIGRTMIN, {0x7f05326af9f0, [], SA_RESTORER|SA_SIGINFO, 0x7f05326b9330}, NULL, 8) = 0
12:50:55 rt_sigaction(SIGRT_1, {0x7f05326afa80, [], SA_RESTORER|SA_RESTART|SA_SIGINFO, 0x7f05326b9330}, NULL, 8) = 0
12:50:55 rt_sigprocmask(SIG_UNBLOCK, [RTMIN RT_1], NULL, 8) = 0
12:50:55 getrlimit(RLIMIT_STACK, {rlim_cur=8192*1024, rlim_max=RLIM64_INFINITY}) = 0
12:50:55 brk(0)                         = 0x202b000
12:50:55 brk(0x204c000)                 = 0x204c000
12:50:55 futex(0x7f053041d94c, FUTEX_WAKE_PRIVATE, 2147483647) = 0
12:50:55 futex(0x7f053041d958, FUTEX_WAKE_PRIVATE, 2147483647) = 0
12:50:55 open("/usr/lib/locale/locale-archive", O_RDONLY|O_CLOEXEC) = 3
12:50:55 fstat(3, {st_mode=S_IFREG|0644, st_size=1607664, ...}) = 0
12:50:55 mmap(NULL, 1607664, PROT_READ, MAP_PRIVATE, 3, 0) = 0x7f0532f13000
12:50:55 close(3)                       = 0
12:50:55 mmap(NULL, 135168, PROT_READ|PROT_WRITE, MAP_PRIVATE|MAP_ANONYMOUS, -1, 0) = 0x7f0532ef2000
12:50:55 mmap(NULL, 135168, PROT_READ|PROT_WRITE, MAP_PRIVATE|MAP_ANONYMOUS, -1, 0) = 0x7f0532ed1000
12:50:55 mmap(NULL, 135168, PROT_READ|PROT_WRITE, MAP_PRIVATE|MAP_ANONYMOUS, -1, 0) = 0x7f052f7b5000
12:50:55 readlink("/proc/self/exe", "/usr/bin/julia-readline", 4095) = 23
12:50:55 getrlimit(RLIMIT_STACK, {rlim_cur=8192*1024, rlim_max=RLIM64_INFINITY}) = 0
12:50:55 futex(0x7f05320b60d0, FUTEX_WAKE_PRIVATE, 2147483647) = 0
12:50:55 pipe2([3, 4], O_CLOEXEC)       = 0
12:50:55 write(4, "*", 1)               = 1
12:50:55 futex(0x7f0532c49468, FUTEX_WAKE_PRIVATE, 2147483647) = 0
12:50:55 epoll_create1(EPOLL_CLOEXEC)   = 5
12:50:55 pipe2([6, 7], O_NONBLOCK|O_CLOEXEC) = 0
12:50:55 eventfd2(0, O_NONBLOCK|O_CLOEXEC) = 8
12:50:55 ioctl(2, SNDCTL_TMR_TIMEBASE or SNDRV_TIMER_IOCTL_NEXT_DEVICE or TCGETS, {B38400 opost isig icanon echo ...}) = 0
12:50:55 dup(2)                         = 9
12:50:55 open("/", O_RDONLY|O_CLOEXEC)  = 10
12:50:55 ioctl(1, SNDCTL_TMR_TIMEBASE or SNDRV_TIMER_IOCTL_NEXT_DEVICE or TCGETS, {B38400 opost isig icanon echo ...}) = 0
12:50:55 dup(1)                         = 11
12:50:55 ioctl(0, SNDCTL_TMR_TIMEBASE or SNDRV_TIMER_IOCTL_NEXT_DEVICE or TCGETS, {B38400 opost isig icanon echo ...}) = 0
12:50:55 dup(0)                         = 12
12:50:55 ioctl(12, FIONBIO, [1])        = 0
12:50:55 open("/sys/devices/system/cpu/online", O_RDONLY|O_CLOEXEC) = 13
12:50:55 read(13, "0-3\n", 8192)        = 4
12:50:55 close(13)                      = 0
12:50:55 sched_getaffinity(16459, 128, {f, 0, 0, 0, 0, 0, 0, 0}) = 64
12:50:55 sched_setaffinity(0, 128, {f, 0, 0, 0, 0, 0, 0, 0, 0, 0, 0, 0, 0, 0, 0, 0}) = 0
12:50:55 open("/proc/meminfo", O_RDONLY|O_CLOEXEC) = 13
12:50:55 fstat(13, {st_mode=S_IFREG|0444, st_size=0, ...}) = 0
12:50:55 mmap(NULL, 4096, PROT_READ|PROT_WRITE, MAP_PRIVATE|MAP_ANONYMOUS, -1, 0) = 0x7f05330af000
12:50:55 read(13, "MemTotal:       20425204 kB\nMemF"..., 1024) = 1024
12:50:55 close(13)                      = 0
12:50:55 munmap(0x7f05330af000, 4096)   = 0
12:50:55 mmap(NULL, 1052672, PROT_READ|PROT_WRITE, MAP_PRIVATE|MAP_ANONYMOUS, -1, 0) = 0x7f052f6b4000
12:50:55 mmap(NULL, 1052672, PROT_READ|PROT_WRITE, MAP_PRIVATE|MAP_ANONYMOUS, -1, 0) = 0x7f052f5b3000
12:50:55 mmap(NULL, 2101248, PROT_READ|PROT_WRITE, MAP_PRIVATE|MAP_ANONYMOUS, -1, 0) = 0x7f052f3b2000
12:50:55 readlink("/proc/self/exe", "/usr/bin/julia-readline", 1023) = 23
12:50:55 brk(0x206d000)                 = 0x206d000
12:50:55 brk(0x208e000)                 = 0x208e000
12:50:55 brk(0x20af000)                 = 0x20af000
12:50:55 brk(0x20d0000)                 = 0x20d0000
12:50:55 mmap(NULL, 524288, PROT_READ|PROT_WRITE|PROT_EXEC, MAP_PRIVATE|MAP_ANONYMOUS, -1, 0) = 0x7f052f332000
12:50:55 getcwd("/home/vanessa/Documents/Dropbox/Code/ftw/hello-world-ftw", 4096) = 57
12:50:55 brk(0x20f1000)                 = 0x20f1000
12:50:55 brk(0x2112000)                 = 0x2112000
12:50:55 mmap(NULL, 2101248, PROT_READ|PROT_WRITE, MAP_PRIVATE|MAP_ANONYMOUS, -1, 0) = 0x7f052f131000
12:50:55 open("/usr/bin/../lib/x86_64-linux-gnu/julia/sys.ji", O_RDONLY) = 13
12:50:55 mmap(NULL, 135168, PROT_READ|PROT_WRITE, MAP_PRIVATE|MAP_ANONYMOUS, -1, 0) = 0x7f052f110000
12:50:55 lseek(13, 0, SEEK_CUR)         = 0
12:50:55 read(13, "\3\332\30\3\331\5\2\3\0\3\0\0\0\0\0\0\0\1\5\1\21C\310\26\1\346\26\23\376\7\0\375"..., 131072) = 131072
12:50:55 lseek(13, 0, SEEK_CUR)         = 131072
12:50:55 brk(0x2135000)                 = 0x2135000
12:50:55 brk(0x2156000)                 = 0x2156000
12:50:55 brk(0x2177000)                 = 0x2177000
12:50:55 brk(0x2199000)                 = 0x2199000
12:50:55 read(13, "ionNumber\2\tAvailable\3\303\f\204\0\0\0\7\2#\26\2"..., 131072) = 131072
12:50:55 lseek(13, 0, SEEK_CUR)         = 262144
12:50:55 brk(0x21bc000)                 = 0x21bc000
12:50:55 read(13, "rint_shortest\2\2io\7\2\37\26\2\5float;\24\23\23"..., 131072) = 131072
12:50:55 lseek(13, 0, SEEK_CUR)         = 393216
12:50:55 brk(0x21dd000)                 = 0x21dd000
12:50:55 brk(0x21fe000)                 = 0x21fe000
12:50:55 read(13, "\6#s1377\27\223\17\210\327\204\2\6#s1376\27\223\17\210\327\204\2\6#s1"..., 131072) = 131072
12:50:55 lseek(13, 0, SEEK_CUR)         = 524288
12:50:55 brk(0x2220000)                 = 0x2220000
12:50:55 brk(0x2243000)                 = 0x2243000
12:50:55 read(13, "\0\377\23\336\7\0\375\377\353\376\7\0\375\23\34\0\23\3\331\5\2\377m\336\7\0\314\24\23\4\22\17"..., 131072) = 131072
12:50:55 lseek(13, 0, SEEK_CUR)         = 655360
12:50:55 brk(0x2265000)                 = 0x2265000
12:50:55 brk(0x2287000)                 = 0x2287000
12:50:55 read(13, "\0\5\1\376G\17\375\1\377\242\366\t\0<\2\0\0\376o\0\375\377g\370\t\0\375\1\377\242\366\t"..., 131072) = 131072
12:50:55 lseek(13, 0, SEEK_CUR)         = 786432
12:50:55 brk(0x22a9000)                 = 0x22a9000
12:50:55 brk(0x22cc000)                 = 0x22cc000
12:50:55 read(13, "\377o\276\7\0\354\26\23\377\350\377\v\0\375\6\0\24\5\2\377\315\377\v\0\377\365\377\v\0\4\22\17"..., 131072) = 131072
12:50:55 lseek(13, 0, SEEK_CUR)         = 917504
12:50:55 brk(0x22ed000)                 = 0x22ed000
12:50:55 brk(0x230e000)                 = 0x230e000
12:50:55 read(13, "atic_typeof\26\2\5#s182\7\2\37\26\3\306\2\6lengt"..., 131072) = 131072
12:50:55 lseek(13, 0, SEEK_CUR)         = 1048576
12:50:55 brk(0x232f000)                 = 0x232f000
12:50:55 brk(0x2350000)                 = 0x2350000
12:50:55 read(13, "\4\376\315\4\376\315\4\376\315\4\2\0\0\0\0\5\2\377\337\377\17\0\3764\0\377m\3\17\0\26\377"..., 131072) = 131072
12:50:55 lseek(13, 0, SEEK_CUR)         = 1179648
12:50:55 brk(0x2371000)                 = 0x2371000
12:50:55 brk(0x2392000)                 = 0x2392000
12:50:55 brk(0x23b3000)                 = 0x23b3000
12:50:55 read(13, "\6#s1283\27\223\17\210\327\201\7\24\35\26\7\2\2\4line\26\fZ\0\0\0\2"..., 131072) = 131072
12:50:55 lseek(13, 0, SEEK_CUR)         = 1310720
12:50:55 brk(0x23d5000)                 = 0x23d5000
12:50:55 brk(0x23f6000)                 = 0x23f6000
12:50:55 read(13, "hrow\7\2\37\26\2\21DimensionMismatch\v\2\0\3\302"..., 131072) = 131072
12:50:55 lseek(13, 0, SEEK_CUR)         = 1441792
12:50:55 brk(0x2417000)                 = 0x2417000
12:50:55 brk(0x243a000)                 = 0x243a000
12:50:55 read(13, "\0\7\2#\26\2\5rwork\7\3\37\26\30\2\7Float64\7\3\37\26\2\1"..., 131072) = 131072
12:50:55 lseek(13, 0, SEEK_CUR)         = 1572864
12:50:55 brk(0x245b000)                 = 0x245b000
12:50:55 read(13, "\7\3\37\26\3\306\2\10cconvert\7\3\37\26\3\306^\2\3Ptr\2\tCo"..., 131072) = 131072
12:50:55 lseek(13, 0, SEEK_CUR)         = 1703936
12:50:55 brk(0x247d000)                 = 0x247d000
12:50:55 read(13, "\2\3lda\7\1\2\1&\26\7\3\37\26\3\306\2\17ptr_arg_conve"..., 131072) = 131072
12:50:55 lseek(13, 0, SEEK_CUR)         = 1835008
12:50:55 brk(0x249f000)                 = 0x249f000
12:50:55 brk(0x24c0000)                 = 0x24c0000
12:50:55 read(13, "\7BlasInt\7\3\37\26\3\306^\2\3Ptr\2\tComplex64\7"..., 131072) = 131072
12:50:55 lseek(13, 0, SEEK_CUR)         = 1966080
12:50:55 brk(0x24e2000)                 = 0x24e2000
12:50:55 read(13, "\0\0\0\0\0\0\374\377\377\377\377\377\377\377\340\232\367\4\0\0\0\0000\275c\5\0\0\0\0N\1"..., 131072) = 131072
12:50:55 lseek(13, 0, SEEK_CUR)         = 2097152
12:50:55 brk(0x2504000)                 = 0x2504000
12:50:55 brk(0x2527000)                 = 0x2527000
12:50:55 brk(0x254a000)                 = 0x254a000
12:50:55 read(13, "\302\202\3\303\244\7\2\"\26\7\3\37\26\2\2==3\202\203\3\303\245\7\1\36\26\7\4\37\26\7"..., 131072) = 131072
12:50:55 lseek(13, 0, SEEK_CUR)         = 2228224
12:50:55 brk(0x256d000)                 = 0x256d000
12:50:55 brk(0x258e000)                 = 0x258e000
12:50:55 brk(0x25b3000)                 = 0x25b3000
12:50:55 read(13, "\327\204\17\210\327\204\2\2hh\27\201\17\210\327\204\2\3tau\27\201\17\210\327\204\2\4jpv"..., 131072) = 131072
12:50:55 lseek(13, 0, SEEK_CUR)         = 2359296
12:50:55 brk(0x25d5000)                 = 0x25d5000
12:50:55 read(13, "\7\2#\26\2\5#s182\203\3\304\204\3\302\203\7\2#\26\2\5#s182\202\3\302"..., 131072) = 131072
12:50:55 lseek(13, 0, SEEK_CUR)         = 2490368
12:50:55 brk(0x25f8000)                 = 0x25f8000
12:50:55 brk(0x2619000)                 = 0x2619000
12:50:55 read(13, "atrix must be square\3\376M\23\17\1\376|\1\231ma"..., 131072) = 131072
12:50:55 lseek(13, 0, SEEK_CUR)         = 2621440
12:50:55 brk(0x263c000)                 = 0x263c000
12:50:55 brk(0x265f000)                 = 0x265f000
12:50:55 read(13, "\2\6#s1276\2\6#s1272\2\6#s1271\2\6inner!"..., 131072) = 131072
12:50:55 lseek(13, 0, SEEK_CUR)         = 2752512
12:50:55 brk(0x2681000)                 = 0x2681000
12:50:55 brk(0x26a3000)                 = 0x26a3000
12:50:55 read(13, "#s70\27\203\17\210\327\204\2\4#s69\27\223\17\210\327\204%\27\223\17\210\327\204\2\4#"..., 131072) = 131072
12:50:55 lseek(13, 0, SEEK_CUR)         = 2883584
12:50:55 brk(0x26c5000)                 = 0x26c5000
12:50:55 brk(0x26e6000)                 = 0x26e6000
12:50:55 brk(0x2708000)                 = 0x2708000
12:50:55 read(13, "_\2\5Int32\7\3\37\v\32\0N\v\32\0\7\3\37\26\2\ttrunc_in"..., 131072) = 131072
12:50:55 lseek(13, 0, SEEK_CUR)         = 3014656
12:50:55 brk(0x272b000)                 = 0x272b000
12:50:55 read(13, "\37\v\22\0N\v\22\0\7\6\37\vV\0\3\306M\3\305\2\fjl_object_i"..., 131072) = 131072
12:50:55 lseek(13, 0, SEEK_CUR)         = 3145728
12:50:55 brk(0x274c000)                 = 0x274c000
12:50:55 brk(0x276f000)                 = 0x276f000
12:50:55 read(13, "\306_\27\27\27\7\3\37\327\3\306Z\7\3\37\v\260\1\3\306Z\7\2\2\3new\v\226\10\v"..., 131072) = 131072
12:50:55 lseek(13, 0, SEEK_CUR)         = 3276800
12:50:55 brk(0x2790000)                 = 0x2790000
12:50:55 read(13, "\0\0\7\2\"\26\7\2\37\v\24\0\2\6isType7\214\3\303\f4\3\0\0\7\2#"..., 131072) = 131072
12:50:55 lseek(13, 0, SEEK_CUR)         = 3407872
12:50:55 brk(0x27b1000)                 = 0x27b1000
12:50:55 brk(0x27d3000)                 = 0x27d3000
12:50:55 read(13, "\34\0\23\3\331\5\2\376\366\0\376\275\0\24\23\4\22\17\1\376|\1\377=\233\7\0\26\7\3\34\26"..., 131072) = 131072
12:50:55 lseek(13, 0, SEEK_CUR)         = 3538944
12:50:55 brk(0x27f6000)                 = 0x27f6000
12:50:55 brk(0x2817000)                 = 0x2817000
12:50:55 read(13, "\306\2\5start\2\6#s1272\3\302\217\7\2\"\26\7\2\37\26\3\306\2\1!"..., 131072) = 131072
12:50:55 lseek(13, 0, SEEK_CUR)         = 3670016
12:50:55 brk(0x2838000)                 = 0x2838000
12:50:55 brk(0x285b000)                 = 0x285b000
12:50:55 read(13, "A\v\333\1\201\17\210\327\204\2\2lI\v\22\0\223\17\210\327\204E\v \3\223\17\210\327\201\7\v"..., 131072) = 131072
12:50:55 lseek(13, 0, SEEK_CUR)         = 3801088
12:50:55 brk(0x287c000)                 = 0x287c000
12:50:55 brk(0x289e000)                 = 0x289e000
12:50:55 read(13, "#s147\234\7\2#\26'\7\3\37\26\2\1+\7\3\37\26\2\1-&\v\323\1\213\3\304"..., 131072) = 131072
12:50:55 lseek(13, 0, SEEK_CUR)         = 3932160
12:50:55 brk(0x28bf000)                 = 0x28bf000
12:50:55 brk(0x28e0000)                 = 0x28e0000
12:50:55 read(13, "4\3\302\203\7\2\"\26\7\2\37\26\3\306\2\1!\7\3\37\26\3\306\2\4done\2\4#"..., 131072) = 131072
12:50:55 lseek(13, 0, SEEK_CUR)         = 4063232
12:50:55 brk(0x2901000)                 = 0x2901000
12:50:55 brk(0x2922000)                 = 0x2922000
12:50:55 read(13, "\26\7\2\2\4line\26\fG\0\0\0\2\10ascii.jl\7\2#\26'\7\3"..., 131072) = 131072
12:50:55 lseek(13, 0, SEEK_CUR)         = 4194304
12:50:55 brk(0x2944000)                 = 0x2944000
12:50:55 read(13, "\7\3\37\26\3\306\\\2\5#s151\202\7\2#\26\2\5#s153\7\3\37\26\3\306"..., 131072) = 131072
12:50:55 lseek(13, 0, SEEK_CUR)         = 4325376
12:50:55 brk(0x2967000)                 = 0x2967000
12:50:55 brk(0x2988000)                 = 0x2988000
12:50:55 read(13, "ror\v\243\4\2\3err\3\304\202\3\302\201\7\1\36\26\v\6\0\3\302\202\23\17\210\327\204"..., 131072) = 131072
12:50:55 lseek(13, 0, SEEK_CUR)         = 4456448
12:50:55 brk(0x29a9000)                 = 0x29a9000
12:50:55 brk(0x29ca000)                 = 0x29ca000
12:50:55 read(13, "\17\210\327\201\17\210\327\203\17\210\327\204\2\5regex\27\201\17\210\327\204\2\6strin"..., 131072) = 131072
12:50:55 lseek(13, 0, SEEK_CUR)         = 4587520
12:50:55 brk(0x29eb000)                 = 0x29eb000
12:50:55 brk(0x2a0e000)                 = 0x2a0e000
12:50:55 read(13, "\2\5#s177\v\17\0\203\17\210\327\201\7\10\35\327\7\3\2\4line\26\f\260\4\0"..., 131072) = 131072
12:50:55 lseek(13, 0, SEEK_CUR)         = 4718592
12:50:55 brk(0x2a31000)                 = 0x2a31000
12:50:55 brk(0x2a53000)                 = 0x2a53000
12:50:55 read(13, "ut/,\2\3#s6\2\4#s11\2\4#s10;\2\3#s9\2\3#s8"..., 131072) = 131072
12:50:55 lseek(13, 0, SEEK_CUR)         = 4849664
12:50:55 brk(0x2a75000)                 = 0x2a75000
12:50:55 read(13, "\4strs,15\2\5#s193\2\5#s192-.\2\5#s180\2"..., 131072) = 131072
12:50:55 lseek(13, 0, SEEK_CUR)         = 4980736
12:50:55 brk(0x2a96000)                 = 0x2a96000
12:50:55 brk(0x2ab9000)                 = 0x2ab9000
12:50:55 read(13, "\201\7\2\35\26\7\2\2\4line\26\fs\5\0\0\2\vbitarray.jl"..., 131072) = 131072
12:50:55 lseek(13, 0, SEEK_CUR)         = 5111808
12:50:55 brk(0x2adc000)                 = 0x2adc000
12:50:55 brk(0x2afd000)                 = 0x2afd000
12:50:55 read(13, "\7\1\37\23\3\306_\201\3\303\f\335\4\0\0\7\3\37\26\2\5push!\7\3\37\26\2\10"..., 131072) = 131072
12:50:55 lseek(13, 0, SEEK_CUR)         = 5242880
12:50:55 brk(0x2b1f000)                 = 0x2b1f000
12:50:55 brk(0x2b40000)                 = 0x2b40000
12:50:55 read(13, "\375\375\375\375\375\375\375\375\375\375\375\375\375\375\375\3\331\377\251\233O\0\24\23\4\377\24\240O\0\23\34"..., 131072) = 131072
12:50:55 lseek(13, 0, SEEK_CUR)         = 5373952
12:50:55 brk(0x2b62000)                 = 0x2b62000
12:50:55 read(13, "\201\7\2#\26\2\4#s77\7\3\37\26\3\306\30\7\1\2\rstatic_typ"..., 131072) = 131072
12:50:55 lseek(13, 0, SEEK_CUR)         = 5505024
12:50:55 brk(0x2b84000)                 = 0x2b84000
12:50:55 brk(0x2ba5000)                 = 0x2ba5000
12:50:55 read(13, "\v\22\0\7\3\37\26\2\10zext_int\v\22\0\3\v\21\0<\v\24\0\24\376@7"..., 131072) = 131072
12:50:55 lseek(13, 0, SEEK_CUR)         = 5636096
12:50:55 brk(0x2bc8000)                 = 0x2bc8000
12:50:55 brk(0x2bea000)                 = 0x2bea000
12:50:55 read(13, "#s45\7\3\37\310\3\306\2\4next\3\v\21\0\2\4#s47\310\3\v\21\0\2"..., 131072) = 131072
12:50:55 lseek(13, 0, SEEK_CUR)         = 5767168
12:50:55 brk(0x2c0c000)                 = 0x2c0c000
12:50:55 read(13, "\5\2\v\22\0\v\22\0\223\17\210\327\204\2\3ld0\v\22\0\223\17\210\327\204\2\5#s15"..., 131072) = 131072
12:50:55 lseek(13, 0, SEEK_CUR)         = 5898240
12:50:55 brk(0x2c2d000)                 = 0x2c2d000
12:50:55 brk(0x2c4e000)                 = 0x2c4e000
12:50:55 read(13, "_int\7\2\37\v\24\0\2\7isempty\3\v\21\0\2\1W\v>\n\264\3\303"..., 131072) = 131072
12:50:55 lseek(13, 0, SEEK_CUR)         = 6029312
12:50:55 brk(0x2c71000)                 = 0x2c71000
12:50:55 brk(0x2c92000)                 = 0x2c92000
12:50:55 read(13, "done\2\5#s180\2\5#s179\220\7\2#\26\2\5#s178\7\3"..., 131072) = 131072
12:50:55 lseek(13, 0, SEEK_CUR)         = 6160384
12:50:55 brk(0x2cb3000)                 = 0x2cb3000
12:50:55 read(13, "\2\4line\26\fY\0\0\0\2\20abstractarray.jl\7\2"..., 131072) = 131072
12:50:55 lseek(13, 0, SEEK_CUR)         = 6291456
12:50:55 brk(0x2cd4000)                 = 0x2cd4000
12:50:55 brk(0x2cf5000)                 = 0x2cf5000
12:50:55 read(13, "\2\v\17\0\v\230\2\7\3\34\26\17\210\327\202\7\2 \26\2\2xs\7\3\37\26\3\306^\2\6"..., 131072) = 131072
12:50:55 lseek(13, 0, SEEK_CUR)         = 6422528
12:50:55 brk(0x2d18000)                 = 0x2d18000
12:50:55 read(13, "\2\37\310\2\5throw\7\1\2\3new\v\307\0\7\3\37\v\310\0\3\306Z\v\311\0"..., 131072) = 131072
12:50:55 lseek(13, 0, SEEK_CUR)         = 6553600
12:50:55 brk(0x2d39000)                 = 0x2d39000
12:50:55 read(13, "\26\f\326\1\0\0\2\nprocess.jl\7\1\36\26\7\3\37\v\24\0\2\3al"..., 131072) = 131072
12:50:55 lseek(13, 0, SEEK_CUR)         = 6684672
12:50:55 brk(0x2d5c000)                 = 0x2d5c000
12:50:55 brk(0x2d7e000)                 = 0x2d7e000
12:50:55 brk(0x2d9f000)                 = 0x2d9f000
12:50:55 read(13, "\377\243\27\1\0\v\7\2\7\3\34\26\17\210\327\203\2\4#s77;\17\210\327\204\17\210\327\201\17"..., 131072) = 131072
12:50:55 lseek(13, 0, SEEK_CUR)         = 6815744
12:50:55 brk(0x2dc1000)                 = 0x2dc1000
12:50:55 read(13, "\377B<g\0\26\377\203<g\0\26\23\377\351;g\0\5\2\377\225\304\7\0\0\2\375\1\377XZ"..., 131072) = 131072
12:50:55 lseek(13, 0, SEEK_CUR)         = 6946816
12:50:55 brk(0x2de4000)                 = 0x2de4000
12:50:55 brk(0x2e06000)                 = 0x2e06000
12:50:55 read(13, "\2<=\2\5#s157\2\5#s156\203\7\2#\26,\2\5#s157\3\303"..., 131072) = 131072
12:50:55 lseek(13, 0, SEEK_CUR)         = 7077888
12:50:55 brk(0x2e28000)                 = 0x2e28000
12:50:55 brk(0x2e49000)                 = 0x2e49000
12:50:55 read(13, "\204>\27\201\17\210\327\204\2\6region\27\201\17\210\327\201\7\2\35\26\7\2\2\4li"..., 131072) = 131072
12:50:55 lseek(13, 0, SEEK_CUR)         = 7208960
12:50:55 brk(0x2e6b000)                 = 0x2e6b000
12:50:55 brk(0x2e8c000)                 = 0x2e8c000
12:50:55 read(13, "\3\37\26\3\306\2\10cconvert\7\3\37\26\3\306^\2\3Ptr\7\3\37\26\3"..., 131072) = 131072
12:50:55 lseek(13, 0, SEEK_CUR)         = 7340032
12:50:55 brk(0x2ead000)                 = 0x2ead000
12:50:55 brk(0x2ece000)                 = 0x2ece000
12:50:55 read(13, "\302\205\7\2#\26\2\5#s157\7\3\37\v\22\0N\2\5Int64\7\3\37\26G"..., 131072) = 131072
12:50:55 lseek(13, 0, SEEK_CUR)         = 7471104
12:50:55 brk(0x2ef0000)                 = 0x2ef0000
12:50:55 read(13, "\23\34\0\23\3\331\5\3\376\6\250\376\260\23\3764\0\24\23\4\22\17\1\376|\1\376\332\1\26\7\3"..., 131072) = 131072
12:50:55 lseek(13, 0, SEEK_CUR)         = 7602176
12:50:55 brk(0x2f12000)                 = 0x2f12000
12:50:55 brk(0x2f35000)                 = 0x2f35000
12:50:55 read(13, "xes\23\23\377h\373s\0\375\375\0\377\n?,\0\31\1\0\0\376o\0\375\377\223\373s\0\375"..., 131072) = 131072
12:50:55 lseek(13, 0, SEEK_CUR)         = 7733248
12:50:55 brk(0x2f57000)                 = 0x2f57000
12:50:55 brk(0x2f7a000)                 = 0x2f7a000
12:50:55 read(13, "\3\37\26\3\306^\2\6Vararg\27\17\210\327\204\17\210\327\201\17\210\327\202\17\210\327\2046"..., 131072) = 131072
12:50:55 lseek(13, 0, SEEK_CUR)         = 7864320
12:50:55 brk(0x2f9b000)                 = 0x2f9b000
12:50:55 brk(0x2fbd000)                 = 0x2fbd000
12:50:55 read(13, "o\0\375\377\27\377w\0\17\210\327\203\17\210\327\204\377\305`Z\0\27\202\17\210\327\204\377\371?\1\0"..., 131072) = 131072
12:50:55 lseek(13, 0, SEEK_CUR)         = 7995392
12:50:55 brk(0x2fde000)                 = 0x2fde000
12:50:55 brk(0x3000000)                 = 0x3000000
12:50:55 read(13, "\17\210\327\201\7\2\35\v\350\2\7\2\2\4line\26\f\225\0\0\0\2\7base.j"..., 131072) = 8216
12:50:55 lseek(13, 0, SEEK_CUR)         = 8003608
12:50:55 rt_sigaction(SIGHUP, {0x7f053166d1a0, [], SA_RESTORER|SA_NODEFER|SA_RESETHAND, 0x7f05326b9330}, {SIG_DFL, [], 0}, 8) = 0
12:50:55 rt_sigaction(SIGINT, {0x7f053166d1a0, [], SA_RESTORER|SA_NODEFER|SA_RESETHAND, 0x7f05326b9330}, {SIG_DFL, [], 0}, 8) = 0
12:50:55 rt_sigaction(SIGPIPE, {0x7f053166d1a0, [], SA_RESTORER|SA_NODEFER|SA_RESETHAND, 0x7f05326b9330}, {SIG_DFL, [], 0}, 8) = 0
12:50:55 rt_sigaction(SIGTERM, {0x7f053166d1a0, [], SA_RESTORER|SA_NODEFER|SA_RESETHAND, 0x7f05326b9330}, {SIG_DFL, [], 0}, 8) = 0
12:50:55 rt_sigaction(SIGUSR1, {0x7f053166d1a0, [], SA_RESTORER|SA_NODEFER|SA_RESETHAND, 0x7f05326b9330}, {SIG_DFL, [], 0}, 8) = 0
12:50:55 rt_sigaction(SIGUSR2, {0x7f053166d1a0, [], SA_RESTORER|SA_NODEFER|SA_RESETHAND, 0x7f05326b9330}, {SIG_DFL, [], 0}, 8) = 0
12:50:55 rt_sigaction(SIGILL, {0x7f053166d1a0, [], SA_RESTORER|SA_NODEFER|SA_RESETHAND, 0x7f05326b9330}, {SIG_DFL, [], 0}, 8) = 0
12:50:55 rt_sigaction(SIGTRAP, {0x7f053166d1a0, [], SA_RESTORER|SA_NODEFER|SA_RESETHAND, 0x7f05326b9330}, {SIG_DFL, [], 0}, 8) = 0
12:50:55 rt_sigaction(SIGABRT, {0x7f053166d1a0, [], SA_RESTORER|SA_NODEFER|SA_RESETHAND, 0x7f05326b9330}, {SIG_DFL, [], 0}, 8) = 0
12:50:55 rt_sigaction(SIGFPE, {0x7f053166d1a0, [], SA_RESTORER|SA_NODEFER|SA_RESETHAND, 0x7f05326b9330}, {SIG_DFL, [], 0}, 8) = 0
12:50:55 rt_sigaction(SIGBUS, {0x7f053166d1a0, [], SA_RESTORER|SA_NODEFER|SA_RESETHAND, 0x7f05326b9330}, {SIG_DFL, [], 0}, 8) = 0
12:50:55 rt_sigaction(SIGSEGV, {0x7f053166d1a0, [], SA_RESTORER|SA_NODEFER|SA_RESETHAND, 0x7f05326b9330}, {SIG_DFL, [], 0}, 8) = 0
12:50:55 rt_sigaction(SIGQUIT, {0x7f053166d1a0, [], SA_RESTORER|SA_NODEFER|SA_RESETHAND, 0x7f05326b9330}, {SIG_DFL, [], 0}, 8) = 0
12:50:55 rt_sigaction(SIGSYS, {0x7f053166d1a0, [], SA_RESTORER|SA_NODEFER|SA_RESETHAND, 0x7f05326b9330}, {SIG_DFL, [], 0}, 8) = 0
12:50:55 rt_sigaction(SIGXCPU, {0x7f053166d1a0, [], SA_RESTORER|SA_NODEFER|SA_RESETHAND, 0x7f05326b9330}, {SIG_DFL, [], 0}, 8) = 0
12:50:55 rt_sigaction(SIGXFSZ, {0x7f053166d1a0, [], SA_RESTORER|SA_NODEFER|SA_RESETHAND, 0x7f05326b9330}, {SIG_DFL, [], 0}, 8) = 0
12:50:55 brk(0x3021000)                 = 0x3021000
12:50:55 brk(0x3042000)                 = 0x3042000
12:50:55 mmap(0x7f052f3b2000, 65536, PROT_READ|PROT_WRITE|PROT_EXEC, MAP_PRIVATE|MAP_ANONYMOUS, -1, 0) = 0x7f0532ec1000
12:50:55 mmap(0x7f0532ed1000, 65536, PROT_READ|PROT_WRITE|PROT_EXEC, MAP_PRIVATE|MAP_ANONYMOUS, -1, 0) = 0x7f052f100000
12:50:55 brk(0x3065000)                 = 0x3065000
12:50:55 mremap(0x7f052f131000, 2101248, 4096, MREMAP_MAYMOVE) = 0x7f052f131000
12:50:55 close(13)                      = 0
12:50:55 munmap(0x7f052f110000, 135168) = 0
12:50:55 rt_sigaction(SIGFPE, {0x7f053291d710, [], SA_RESTORER, 0x7f05326b9330}, NULL, 8) = 0
12:50:55 rt_sigaction(SIGPIPE, {SIG_IGN, [PIPE], SA_RESTORER|SA_RESTART, 0x7f0532316cb0}, {0x7f053166d1a0, [], SA_RESTORER|SA_NODEFER|SA_RESETHAND, 0x7f05326b9330}, 8) = 0
12:50:55 sigaltstack({ss_sp=0x30473f0, ss_flags=0, ss_size=8192}, NULL) = 0
12:50:55 rt_sigaction(SIGSEGV, {0x7f053291d890, [], SA_RESTORER|SA_STACK|SA_SIGINFO, 0x7f05326b9330}, NULL, 8) = 0
12:50:55 brk(0x3088000)                 = 0x3088000
12:50:55 brk(0x30a9000)                 = 0x30a9000
12:50:55 brk(0x30ca000)                 = 0x30ca000
12:50:55 brk(0x30ed000)                 = 0x30ed000
12:50:55 brk(0x310e000)                 = 0x310e000
12:50:55 brk(0x312f000)                 = 0x312f000
12:50:55 brk(0x3150000)                 = 0x3150000
12:50:55 brk(0x3171000)                 = 0x3171000
12:50:55 brk(0x3192000)                 = 0x3192000
12:50:55 brk(0x31b3000)                 = 0x31b3000
12:50:55 brk(0x31d4000)                 = 0x31d4000
12:50:55 brk(0x31f5000)                 = 0x31f5000
12:50:55 open("/usr/bin/../lib/x86_64-linux-gnu/julia/librandom.so", O_RDONLY|O_CLOEXEC) = 13
12:50:55 read(13, "\177ELF\2\1\1\0\0\0\0\0\0\0\0\0\3\0>\0\1\0\0\0\0\17\0\0\0\0\0\0"..., 832) = 832
12:50:55 fstat(13, {st_mode=S_IFREG|0644, st_size=18424, ...}) = 0
12:50:55 mmap(NULL, 2129040, PROT_READ|PROT_EXEC, MAP_PRIVATE|MAP_DENYWRITE, 13, 0) = 0x7f052eef8000
12:50:55 mprotect(0x7f052eefc000, 2093056, PROT_NONE) = 0
12:50:55 mmap(0x7f052f0fb000, 8192, PROT_READ|PROT_WRITE, MAP_PRIVATE|MAP_FIXED|MAP_DENYWRITE, 13, 0x3000) = 0x7f052f0fb000
12:50:55 mmap(0x7f052f0fd000, 11408, PROT_READ|PROT_WRITE, MAP_PRIVATE|MAP_FIXED|MAP_ANONYMOUS, -1, 0) = 0x7f052f0fd000
12:50:55 close(13)                      = 0
12:50:55 mprotect(0x7f052f0fb000, 4096, PROT_READ) = 0
12:50:55 open("/usr/share/locale/locale.alias", O_RDONLY|O_CLOEXEC) = 13
12:50:55 fstat(13, {st_mode=S_IFREG|0644, st_size=2570, ...}) = 0
12:50:55 mmap(NULL, 4096, PROT_READ|PROT_WRITE, MAP_PRIVATE|MAP_ANONYMOUS, -1, 0) = 0x7f05330af000
12:50:55 read(13, "# Locale name alias data base.\n#"..., 4096) = 2570
12:50:55 read(13, "", 4096)             = 0
12:50:55 close(13)                      = 0
12:50:55 munmap(0x7f05330af000, 4096)   = 0
12:50:55 open("/usr/share/locale/en_US/LC_MESSAGES/libc.mo", O_RDONLY) = -1 ENOENT (No such file or directory)
12:50:55 open("/usr/share/locale/en/LC_MESSAGES/libc.mo", O_RDONLY) = -1 ENOENT (No such file or directory)
12:50:55 open("/usr/share/locale-langpack/en_US/LC_MESSAGES/libc.mo", O_RDONLY) = -1 ENOENT (No such file or directory)
12:50:55 open("/usr/share/locale-langpack/en/LC_MESSAGES/libc.mo", O_RDONLY) = -1 ENOENT (No such file or directory)
12:50:55 open("/usr/bin/../lib/x86_64-linux-gnu/julia/libblas.so.3.so", O_RDONLY|O_CLOEXEC) = -1 ENOENT (No such file or directory)
12:50:55 open("/usr/bin/../lib/x86_64-linux-gnu/julia/libblas.so.3.so", O_RDONLY|O_CLOEXEC) = -1 ENOENT (No such file or directory)
12:50:55 open("/usr/bin/../lib/x86_64-linux-gnu/libblas.so.3.so", O_RDONLY|O_CLOEXEC) = -1 ENOENT (No such file or directory)
12:50:55 open("/scif/apps/julia/lib/libblas.so.3.so", O_RDONLY|O_CLOEXEC) = -1 ENOENT (No such file or directory)
12:50:55 open("tls/x86_64/libblas.so.3.so", O_RDONLY|O_CLOEXEC) = -1 ENOENT (No such file or directory)
12:50:55 open("tls/libblas.so.3.so", O_RDONLY|O_CLOEXEC) = -1 ENOENT (No such file or directory)
12:50:55 open("x86_64/libblas.so.3.so", O_RDONLY|O_CLOEXEC) = -1 ENOENT (No such file or directory)
12:50:55 open("libblas.so.3.so", O_RDONLY|O_CLOEXEC) = -1 ENOENT (No such file or directory)
12:50:55 open("/.singularity.d/libs/libblas.so.3.so", O_RDONLY|O_CLOEXEC) = -1 ENOENT (No such file or directory)
12:50:55 open("/etc/ld.so.cache", O_RDONLY|O_CLOEXEC) = 13
12:50:55 fstat(13, {st_mode=S_IFREG|0644, st_size=37006, ...}) = 0
12:50:55 mmap(NULL, 37006, PROT_READ, MAP_PRIVATE, 13, 0) = 0x7f05330a6000
12:50:55 close(13)                      = 0
12:50:55 access("/etc/ld.so.nohwcap", F_OK) = -1 ENOENT (No such file or directory)
12:50:55 open("/lib/x86_64-linux-gnu/tls/x86_64/libblas.so.3.so", O_RDONLY|O_CLOEXEC) = -1 ENOENT (No such file or directory)
12:50:55 stat("/lib/x86_64-linux-gnu/tls/x86_64", 0x7ffc6d9f2960) = -1 ENOENT (No such file or directory)
12:50:55 open("/lib/x86_64-linux-gnu/tls/libblas.so.3.so", O_RDONLY|O_CLOEXEC) = -1 ENOENT (No such file or directory)
12:50:55 stat("/lib/x86_64-linux-gnu/tls", 0x7ffc6d9f2960) = -1 ENOENT (No such file or directory)
12:50:55 open("/lib/x86_64-linux-gnu/x86_64/libblas.so.3.so", O_RDONLY|O_CLOEXEC) = -1 ENOENT (No such file or directory)
12:50:55 stat("/lib/x86_64-linux-gnu/x86_64", 0x7ffc6d9f2960) = -1 ENOENT (No such file or directory)
12:50:55 open("/lib/x86_64-linux-gnu/libblas.so.3.so", O_RDONLY|O_CLOEXEC) = -1 ENOENT (No such file or directory)
12:50:55 stat("/lib/x86_64-linux-gnu", {st_mode=S_IFDIR|0755, st_size=4096, ...}) = 0
12:50:55 open("/usr/lib/x86_64-linux-gnu/tls/x86_64/libblas.so.3.so", O_RDONLY|O_CLOEXEC) = -1 ENOENT (No such file or directory)
12:50:55 stat("/usr/lib/x86_64-linux-gnu/tls/x86_64", 0x7ffc6d9f2960) = -1 ENOENT (No such file or directory)
12:50:55 open("/usr/lib/x86_64-linux-gnu/tls/libblas.so.3.so", O_RDONLY|O_CLOEXEC) = -1 ENOENT (No such file or directory)
12:50:55 stat("/usr/lib/x86_64-linux-gnu/tls", 0x7ffc6d9f2960) = -1 ENOENT (No such file or directory)
12:50:55 open("/usr/lib/x86_64-linux-gnu/x86_64/libblas.so.3.so", O_RDONLY|O_CLOEXEC) = -1 ENOENT (No such file or directory)
12:50:55 stat("/usr/lib/x86_64-linux-gnu/x86_64", 0x7ffc6d9f2960) = -1 ENOENT (No such file or directory)
12:50:55 open("/usr/lib/x86_64-linux-gnu/libblas.so.3.so", O_RDONLY|O_CLOEXEC) = -1 ENOENT (No such file or directory)
12:50:55 stat("/usr/lib/x86_64-linux-gnu", {st_mode=S_IFDIR|0755, st_size=28672, ...}) = 0
12:50:55 open("/lib/tls/x86_64/libblas.so.3.so", O_RDONLY|O_CLOEXEC) = -1 ENOENT (No such file or directory)
12:50:55 stat("/lib/tls/x86_64", 0x7ffc6d9f2960) = -1 ENOENT (No such file or directory)
12:50:55 open("/lib/tls/libblas.so.3.so", O_RDONLY|O_CLOEXEC) = -1 ENOENT (No such file or directory)
12:50:55 stat("/lib/tls", 0x7ffc6d9f2960) = -1 ENOENT (No such file or directory)
12:50:55 open("/lib/x86_64/libblas.so.3.so", O_RDONLY|O_CLOEXEC) = -1 ENOENT (No such file or directory)
12:50:55 stat("/lib/x86_64", 0x7ffc6d9f2960) = -1 ENOENT (No such file or directory)
12:50:55 open("/lib/libblas.so.3.so", O_RDONLY|O_CLOEXEC) = -1 ENOENT (No such file or directory)
12:50:55 stat("/lib", {st_mode=S_IFDIR|0755, st_size=4096, ...}) = 0
12:50:55 open("/usr/lib/tls/x86_64/libblas.so.3.so", O_RDONLY|O_CLOEXEC) = -1 ENOENT (No such file or directory)
12:50:55 stat("/usr/lib/tls/x86_64", 0x7ffc6d9f2960) = -1 ENOENT (No such file or directory)
12:50:55 open("/usr/lib/tls/libblas.so.3.so", O_RDONLY|O_CLOEXEC) = -1 ENOENT (No such file or directory)
12:50:55 stat("/usr/lib/tls", 0x7ffc6d9f2960) = -1 ENOENT (No such file or directory)
12:50:55 open("/usr/lib/x86_64/libblas.so.3.so", O_RDONLY|O_CLOEXEC) = -1 ENOENT (No such file or directory)
12:50:55 stat("/usr/lib/x86_64", 0x7ffc6d9f2960) = -1 ENOENT (No such file or directory)
12:50:55 open("/usr/lib/libblas.so.3.so", O_RDONLY|O_CLOEXEC) = -1 ENOENT (No such file or directory)
12:50:55 stat("/usr/lib", {st_mode=S_IFDIR|0755, st_size=4096, ...}) = 0
12:50:55 munmap(0x7f05330a6000, 37006)  = 0
12:50:55 open("/usr/bin/../lib/x86_64-linux-gnu/julia/libblas.so.3", O_RDONLY|O_CLOEXEC) = -1 ENOENT (No such file or directory)
12:50:55 open("/usr/bin/../lib/x86_64-linux-gnu/julia/libblas.so.3", O_RDONLY|O_CLOEXEC) = -1 ENOENT (No such file or directory)
12:50:55 open("/usr/bin/../lib/x86_64-linux-gnu/libblas.so.3", O_RDONLY|O_CLOEXEC) = -1 ENOENT (No such file or directory)
12:50:55 open("/scif/apps/julia/lib/libblas.so.3", O_RDONLY|O_CLOEXEC) = -1 ENOENT (No such file or directory)
12:50:55 open("tls/x86_64/libblas.so.3", O_RDONLY|O_CLOEXEC) = -1 ENOENT (No such file or directory)
12:50:55 open("tls/libblas.so.3", O_RDONLY|O_CLOEXEC) = -1 ENOENT (No such file or directory)
12:50:55 open("x86_64/libblas.so.3", O_RDONLY|O_CLOEXEC) = -1 ENOENT (No such file or directory)
12:50:55 open("libblas.so.3", O_RDONLY|O_CLOEXEC) = -1 ENOENT (No such file or directory)
12:50:55 open("/.singularity.d/libs/libblas.so.3", O_RDONLY|O_CLOEXEC) = -1 ENOENT (No such file or directory)
12:50:55 open("/etc/ld.so.cache", O_RDONLY|O_CLOEXEC) = 13
12:50:55 fstat(13, {st_mode=S_IFREG|0644, st_size=37006, ...}) = 0
12:50:55 mmap(NULL, 37006, PROT_READ, MAP_PRIVATE, 13, 0) = 0x7f05330a6000
12:50:55 close(13)                      = 0
12:50:55 access("/etc/ld.so.nohwcap", F_OK) = -1 ENOENT (No such file or directory)
12:50:55 open("/usr/lib/libblas.so.3", O_RDONLY|O_CLOEXEC) = 13
12:50:55 read(13, "\177ELF\2\1\1\0\0\0\0\0\0\0\0\0\3\0>\0\1\0\0\0\0\0\f\0\0\0\0\0"..., 832) = 832
12:50:55 fstat(13, {st_mode=S_IFREG|0644, st_size=23058832, ...}) = 0
12:50:55 mmap(NULL, 25200544, PROT_READ|PROT_EXEC, MAP_PRIVATE|MAP_DENYWRITE, 13, 0) = 0x7f052d6ef000
12:50:55 mprotect(0x7f052ecd6000, 2093056, PROT_NONE) = 0
12:50:55 mmap(0x7f052eed5000, 98304, PROT_READ|PROT_WRITE, MAP_PRIVATE|MAP_FIXED|MAP_DENYWRITE, 13, 0x15e6000) = 0x7f052eed5000
12:50:55 mmap(0x7f052eeed000, 42912, PROT_READ|PROT_WRITE, MAP_PRIVATE|MAP_FIXED|MAP_ANONYMOUS, -1, 0) = 0x7f052eeed000
12:50:55 close(13)                      = 0
12:50:55 mprotect(0x7f052eed5000, 28672, PROT_READ) = 0
12:50:55 mmap(NULL, 8392704, PROT_READ|PROT_WRITE, MAP_PRIVATE|MAP_ANONYMOUS|MAP_STACK, -1, 0) = 0x7f052ceee000
12:50:55 mprotect(0x7f052ceee000, 4096, PROT_NONE) = 0
12:50:55 clone(child_stack=0x7f052d6edf70, flags=CLONE_VM|CLONE_FS|CLONE_FILES|CLONE_SIGHAND|CLONE_THREAD|CLONE_SYSVSEM|CLONE_SETTLS|CLONE_PARENT_SETTID|CLONE_CHILD_CLEARTID, parent_tidptr=0x7f052d6ee9d0, tls=0x7f052d6ee700, child_tidptr=0x7f052d6ee9d0) = 16460
12:50:55 mmap(NULL, 8392704, PROT_READ|PROT_WRITE, MAP_PRIVATE|MAP_ANONYMOUS|MAP_STACK, -1, 0) = 0x7f052a6ed000
12:50:55 mprotect(0x7f052a6ed000, 4096, PROT_NONE) = 0
12:50:55 clone(child_stack=0x7f052aeecf70, flags=CLONE_VM|CLONE_FS|CLONE_FILES|CLONE_SIGHAND|CLONE_THREAD|CLONE_SYSVSEM|CLONE_SETTLS|CLONE_PARENT_SETTID|CLONE_CHILD_CLEARTID, parent_tidptr=0x7f052aeed9d0, tls=0x7f052aeed700, child_tidptr=0x7f052aeed9d0) = 16461
12:50:55 mmap(NULL, 8392704, PROT_READ|PROT_WRITE, MAP_PRIVATE|MAP_ANONYMOUS|MAP_STACK, -1, 0) = 0x7f0527eec000
12:50:55 mprotect(0x7f0527eec000, 4096, PROT_NONE) = 0
12:50:55 clone(child_stack=0x7f05286ebf70, flags=CLONE_VM|CLONE_FS|CLONE_FILES|CLONE_SIGHAND|CLONE_THREAD|CLONE_SYSVSEM|CLONE_SETTLS|CLONE_PARENT_SETTID|CLONE_CHILD_CLEARTID, parent_tidptr=0x7f05286ec9d0, tls=0x7f05286ec700, child_tidptr=0x7f05286ec9d0) = 16462
12:50:55 munmap(0x7f05330a6000, 37006)  = 0
12:50:55 brk(0x3216000)                 = 0x3216000
12:50:55 open("/usr/bin/../lib/x86_64-linux-gnu/julia/libgmp.so.10.so", O_RDONLY|O_CLOEXEC) = -1 ENOENT (No such file or directory)
12:50:55 open("/usr/bin/../lib/x86_64-linux-gnu/julia/libgmp.so.10.so", O_RDONLY|O_CLOEXEC) = -1 ENOENT (No such file or directory)
12:50:55 open("/usr/bin/../lib/x86_64-linux-gnu/libgmp.so.10.so", O_RDONLY|O_CLOEXEC) = -1 ENOENT (No such file or directory)
12:50:55 open("/scif/apps/julia/lib/libgmp.so.10.so", O_RDONLY|O_CLOEXEC) = -1 ENOENT (No such file or directory)
12:50:55 open("tls/x86_64/libgmp.so.10.so", O_RDONLY|O_CLOEXEC) = -1 ENOENT (No such file or directory)
12:50:55 open("tls/libgmp.so.10.so", O_RDONLY|O_CLOEXEC) = -1 ENOENT (No such file or directory)
12:50:55 open("x86_64/libgmp.so.10.so", O_RDONLY|O_CLOEXEC) = -1 ENOENT (No such file or directory)
12:50:55 open("libgmp.so.10.so", O_RDONLY|O_CLOEXEC) = -1 ENOENT (No such file or directory)
12:50:55 open("/.singularity.d/libs/libgmp.so.10.so", O_RDONLY|O_CLOEXEC) = -1 ENOENT (No such file or directory)
12:50:55 open("/etc/ld.so.cache", O_RDONLY|O_CLOEXEC) = 13
12:50:55 fstat(13, {st_mode=S_IFREG|0644, st_size=37006, ...}) = 0
12:50:55 mmap(NULL, 37006, PROT_READ, MAP_PRIVATE, 13, 0) = 0x7f05330a6000
12:50:55 close(13)                      = 0
12:50:55 access("/etc/ld.so.nohwcap", F_OK) = -1 ENOENT (No such file or directory)
12:50:55 open("/lib/x86_64-linux-gnu/libgmp.so.10.so", O_RDONLY|O_CLOEXEC) = -1 ENOENT (No such file or directory)
12:50:55 open("/usr/lib/x86_64-linux-gnu/libgmp.so.10.so", O_RDONLY|O_CLOEXEC) = -1 ENOENT (No such file or directory)
12:50:55 open("/lib/libgmp.so.10.so", O_RDONLY|O_CLOEXEC) = -1 ENOENT (No such file or directory)
12:50:55 open("/usr/lib/libgmp.so.10.so", O_RDONLY|O_CLOEXEC) = -1 ENOENT (No such file or directory)
12:50:55 munmap(0x7f05330a6000, 37006)  = 0
12:50:55 open("/usr/bin/../lib/x86_64-linux-gnu/julia/libgmp.so.10", O_RDONLY|O_CLOEXEC) = -1 ENOENT (No such file or directory)
12:50:55 open("/usr/bin/../lib/x86_64-linux-gnu/julia/libgmp.so.10", O_RDONLY|O_CLOEXEC) = -1 ENOENT (No such file or directory)
12:50:55 open("/usr/bin/../lib/x86_64-linux-gnu/libgmp.so.10", O_RDONLY|O_CLOEXEC) = 13
12:50:55 read(13, "\177ELF\2\1\1\0\0\0\0\0\0\0\0\0\3\0>\0\1\0\0\0@\217\0\0\0\0\0\0"..., 832) = 832
12:50:55 fstat(13, {st_mode=S_IFREG|0644, st_size=475168, ...}) = 0
12:50:55 mmap(NULL, 2570400, PROT_READ|PROT_EXEC, MAP_PRIVATE|MAP_DENYWRITE, 13, 0) = 0x7f0527c78000
12:50:55 mprotect(0x7f0527ce4000, 2093056, PROT_NONE) = 0
12:50:55 mmap(0x7f0527ee3000, 36864, PROT_READ|PROT_WRITE, MAP_PRIVATE|MAP_FIXED|MAP_DENYWRITE, 13, 0x6b000) = 0x7f0527ee3000
12:50:55 close(13)                      = 0
12:50:55 mprotect(0x7f0527ee3000, 4096, PROT_READ) = 0
12:50:55 brk(0x3237000)                 = 0x3237000
12:50:55 brk(0x3258000)                 = 0x3258000
12:50:55 brk(0x3279000)                 = 0x3279000
12:50:55 brk(0x329a000)                 = 0x329a000
12:50:55 brk(0x32bb000)                 = 0x32bb000
12:50:55 brk(0x32dc000)                 = 0x32dc000
12:50:55 brk(0x32ff000)                 = 0x32ff000
12:50:55 brk(0x3320000)                 = 0x3320000
12:50:55 brk(0x3341000)                 = 0x3341000
12:50:55 brk(0x3362000)                 = 0x3362000
12:50:55 brk(0x3389000)                 = 0x3389000
12:50:55 brk(0x33ac000)                 = 0x33ac000
12:50:55 brk(0x33cd000)                 = 0x33cd000
12:50:55 brk(0x33ee000)                 = 0x33ee000
12:50:55 brk(0x340f000)                 = 0x340f000
12:50:55 brk(0x3432000)                 = 0x3432000
12:50:55 brk(0x3453000)                 = 0x3453000
12:50:55 brk(0x347c000)                 = 0x347c000
12:50:55 brk(0x34a0000)                 = 0x34a0000
12:50:55 brk(0x34c2000)                 = 0x34c2000
12:50:55 open("/proc/meminfo", O_RDONLY|O_CLOEXEC) = 13
12:50:55 fstat(13, {st_mode=S_IFREG|0444, st_size=0, ...}) = 0
12:50:55 mmap(NULL, 4096, PROT_READ|PROT_WRITE, MAP_PRIVATE|MAP_ANONYMOUS, -1, 0) = 0x7f05330af000
12:50:55 read(13, "MemTotal:       20425204 kB\nMemF"..., 1024) = 1024
12:50:55 close(13)                      = 0
12:50:55 munmap(0x7f05330af000, 4096)   = 0
12:50:55 brk(0x34e3000)                 = 0x34e3000
12:50:56 brk(0x3507000)                 = 0x3507000
12:50:56 brk(0x352a000)                 = 0x352a000
12:50:56 brk(0x354b000)                 = 0x354b000
12:50:56 brk(0x356c000)                 = 0x356c000
12:50:56 brk(0x358d000)                 = 0x358d000
12:50:56 brk(0x35ae000)                 = 0x35ae000
12:50:56 brk(0x35cf000)                 = 0x35cf000
12:50:56 brk(0x35f0000)                 = 0x35f0000
12:50:56 brk(0x3612000)                 = 0x3612000
12:50:56 brk(0x3633000)                 = 0x3633000
12:50:56 brk(0x3654000)                 = 0x3654000
12:50:56 brk(0x3676000)                 = 0x3676000
12:50:56 brk(0x369c000)                 = 0x369c000
12:50:56 brk(0x36cc000)                 = 0x36cc000
12:50:56 brk(0x369d000)                 = 0x369d000
12:50:56 brk(0x36da000)                 = 0x36da000
12:50:56 brk(0x36fc000)                 = 0x36fc000
12:50:56 brk(0x3727000)                 = 0x3727000
12:50:56 brk(0x374f000)                 = 0x374f000
12:50:56 brk(0x377f000)                 = 0x377f000
12:50:56 brk(0x37a9000)                 = 0x37a9000
12:50:56 brk(0x37e4000)                 = 0x37e4000
12:50:56 brk(0x380e000)                 = 0x380e000
12:50:56 brk(0x3830000)                 = 0x3830000
12:50:56 brk(0x3853000)                 = 0x3853000
12:50:56 brk(0x3878000)                 = 0x3878000
12:50:56 brk(0x389a000)                 = 0x389a000
12:50:56 brk(0x38be000)                 = 0x38be000
12:50:56 brk(0x38e0000)                 = 0x38e0000
12:50:56 brk(0x3903000)                 = 0x3903000
12:50:56 brk(0x3924000)                 = 0x3924000
12:50:56 brk(0x394e000)                 = 0x394e000
12:50:56 brk(0x3977000)                 = 0x3977000
12:50:56 brk(0x39a6000)                 = 0x39a6000
12:50:56 mmap(NULL, 172032, PROT_READ|PROT_WRITE, MAP_PRIVATE|MAP_ANONYMOUS, -1, 0) = 0x7f052f308000
12:50:56 brk(0x39c9000)                 = 0x39c9000
12:50:56 brk(0x39ea000)                 = 0x39ea000
12:50:56 brk(0x3a0b000)                 = 0x3a0b000
12:50:56 brk(0x3a2c000)                 = 0x3a2c000
12:50:56 brk(0x3a51000)                 = 0x3a51000
12:50:56 brk(0x3a74000)                 = 0x3a74000
12:50:56 brk(0x3a96000)                 = 0x3a96000
12:50:56 brk(0x3ab9000)                 = 0x3ab9000
12:50:56 brk(0x3adb000)                 = 0x3adb000
12:50:56 brk(0x3afc000)                 = 0x3afc000
12:50:56 brk(0x3b1d000)                 = 0x3b1d000
12:50:56 brk(0x3b3e000)                 = 0x3b3e000
12:50:56 open("/dev/urandom", O_RDONLY) = 13
12:50:56 read(13, "\3658'\265\356o\10\323\256\7KH\254o\313\313c\374\346\225\231\364\t\10\362H\336H\377i^\361"..., 131072) = 131072
12:50:56 close(13)                      = 0
12:50:56 open("/usr/bin/../lib/x86_64-linux-gnu/julia/libpcre.so.3.so", O_RDONLY|O_CLOEXEC) = -1 ENOENT (No such file or directory)
12:50:56 open("/usr/bin/../lib/x86_64-linux-gnu/julia/libpcre.so.3.so", O_RDONLY|O_CLOEXEC) = -1 ENOENT (No such file or directory)
12:50:56 open("/usr/bin/../lib/x86_64-linux-gnu/libpcre.so.3.so", O_RDONLY|O_CLOEXEC) = -1 ENOENT (No such file or directory)
12:50:56 open("/scif/apps/julia/lib/libpcre.so.3.so", O_RDONLY|O_CLOEXEC) = -1 ENOENT (No such file or directory)
12:50:56 open("tls/x86_64/libpcre.so.3.so", O_RDONLY|O_CLOEXEC) = -1 ENOENT (No such file or directory)
12:50:56 open("tls/libpcre.so.3.so", O_RDONLY|O_CLOEXEC) = -1 ENOENT (No such file or directory)
12:50:56 open("x86_64/libpcre.so.3.so", O_RDONLY|O_CLOEXEC) = -1 ENOENT (No such file or directory)
12:50:56 open("libpcre.so.3.so", O_RDONLY|O_CLOEXEC) = -1 ENOENT (No such file or directory)
12:50:56 open("/.singularity.d/libs/libpcre.so.3.so", O_RDONLY|O_CLOEXEC) = -1 ENOENT (No such file or directory)
12:50:56 open("/etc/ld.so.cache", O_RDONLY|O_CLOEXEC) = 13
12:50:56 fstat(13, {st_mode=S_IFREG|0644, st_size=37006, ...}) = 0
12:50:56 mmap(NULL, 37006, PROT_READ, MAP_PRIVATE, 13, 0) = 0x7f05330a6000
12:50:56 close(13)                      = 0
12:50:56 access("/etc/ld.so.nohwcap", F_OK) = -1 ENOENT (No such file or directory)
12:50:56 open("/lib/x86_64-linux-gnu/libpcre.so.3.so", O_RDONLY|O_CLOEXEC) = -1 ENOENT (No such file or directory)
12:50:56 open("/usr/lib/x86_64-linux-gnu/libpcre.so.3.so", O_RDONLY|O_CLOEXEC) = -1 ENOENT (No such file or directory)
12:50:56 open("/lib/libpcre.so.3.so", O_RDONLY|O_CLOEXEC) = -1 ENOENT (No such file or directory)
12:50:56 open("/usr/lib/libpcre.so.3.so", O_RDONLY|O_CLOEXEC) = -1 ENOENT (No such file or directory)
12:50:56 munmap(0x7f05330a6000, 37006)  = 0
12:50:56 open("/usr/bin/../lib/x86_64-linux-gnu/julia/libpcre.so.3", O_RDONLY|O_CLOEXEC) = -1 ENOENT (No such file or directory)
12:50:56 open("/usr/bin/../lib/x86_64-linux-gnu/julia/libpcre.so.3", O_RDONLY|O_CLOEXEC) = -1 ENOENT (No such file or directory)
12:50:56 open("/usr/bin/../lib/x86_64-linux-gnu/libpcre.so.3", O_RDONLY|O_CLOEXEC) = -1 ENOENT (No such file or directory)
12:50:56 open("/scif/apps/julia/lib/libpcre.so.3", O_RDONLY|O_CLOEXEC) = -1 ENOENT (No such file or directory)
12:50:56 open("tls/x86_64/libpcre.so.3", O_RDONLY|O_CLOEXEC) = -1 ENOENT (No such file or directory)
12:50:56 open("tls/libpcre.so.3", O_RDONLY|O_CLOEXEC) = -1 ENOENT (No such file or directory)
12:50:56 open("x86_64/libpcre.so.3", O_RDONLY|O_CLOEXEC) = -1 ENOENT (No such file or directory)
12:50:56 open("libpcre.so.3", O_RDONLY|O_CLOEXEC) = -1 ENOENT (No such file or directory)
12:50:56 open("/.singularity.d/libs/libpcre.so.3", O_RDONLY|O_CLOEXEC) = -1 ENOENT (No such file or directory)
12:50:56 open("/etc/ld.so.cache", O_RDONLY|O_CLOEXEC) = 13
12:50:56 fstat(13, {st_mode=S_IFREG|0644, st_size=37006, ...}) = 0
12:50:56 mmap(NULL, 37006, PROT_READ, MAP_PRIVATE, 13, 0) = 0x7f05330a6000
12:50:56 close(13)                      = 0
12:50:56 access("/etc/ld.so.nohwcap", F_OK) = -1 ENOENT (No such file or directory)
12:50:56 open("/lib/x86_64-linux-gnu/libpcre.so.3", O_RDONLY|O_CLOEXEC) = 13
12:50:56 read(13, "\177ELF\2\1\1\0\0\0\0\0\0\0\0\0\3\0>\0\1\0\0\0\260\27\0\0\0\0\0\0"..., 832) = 832
12:50:56 fstat(13, {st_mode=S_IFREG|0644, st_size=252032, ...}) = 0
12:50:56 mmap(NULL, 2347200, PROT_READ|PROT_EXEC, MAP_PRIVATE|MAP_DENYWRITE, 13, 0) = 0x7f0525a3a000
12:50:56 mprotect(0x7f0525a77000, 2093056, PROT_NONE) = 0
12:50:56 mmap(0x7f0525c76000, 8192, PROT_READ|PROT_WRITE, MAP_PRIVATE|MAP_FIXED|MAP_DENYWRITE, 13, 0x3c000) = 0x7f0525c76000
12:50:56 close(13)                      = 0
12:50:56 mprotect(0x7f0525c76000, 4096, PROT_READ) = 0
12:50:56 munmap(0x7f05330a6000, 37006)  = 0
12:50:56 open("/sys/devices/system/cpu/online", O_RDONLY|O_CLOEXEC) = 13
12:50:56 read(13, "0-3\n", 8192)        = 4
12:50:56 close(13)                      = 0
12:50:56 mmap(NULL, 8003584, PROT_READ|PROT_WRITE, MAP_PRIVATE|MAP_ANONYMOUS, -1, 0) = 0x7f0525298000
12:50:56 brk(0x3b65000)                 = 0x3b65000
12:50:56 brk(0x3b88000)                 = 0x3b88000
12:50:56 brk(0x3baa000)                 = 0x3baa000
12:50:56 brk(0x3bcb000)                 = 0x3bcb000
12:50:56 brk(0x3bf2000)                 = 0x3bf2000
12:50:56 brk(0x3c1b000)                 = 0x3c1b000
12:50:56 brk(0x3c3c000)                 = 0x3c3c000
12:50:56 brk(0x3c5d000)                 = 0x3c5d000
12:50:56 brk(0x3c86000)                 = 0x3c86000
12:50:56 brk(0x3cac000)                 = 0x3cac000
12:50:56 brk(0x3ccd000)                 = 0x3ccd000
12:50:56 brk(0x3cee000)                 = 0x3cee000
12:50:56 open("/usr/bin/../lib/x86_64-linux-gnu/julia/libopenlibm.so", O_RDONLY|O_CLOEXEC) = 13
12:50:56 read(13, "\177ELF\2\1\1\0\0\0\0\0\0\0\0\0\3\0>\0\1\0\0\00007\0\0\0\0\0\0"..., 832) = 832
12:50:56 fstat(13, {st_mode=S_IFREG|0644, st_size=145888, ...}) = 0
12:50:56 mmap(NULL, 2241096, PROT_READ|PROT_EXEC, MAP_PRIVATE|MAP_DENYWRITE, 13, 0) = 0x7f0525074000
12:50:56 mprotect(0x7f0525097000, 2093056, PROT_NONE) = 0
12:50:56 mmap(0x7f0525296000, 8192, PROT_READ|PROT_WRITE, MAP_PRIVATE|MAP_FIXED|MAP_DENYWRITE, 13, 0x22000) = 0x7f0525296000
12:50:56 mprotect(0x7f05330b2000, 3668, PROT_READ|PROT_WRITE) = 0
12:50:56 mprotect(0x7f05330b2000, 3668, PROT_READ) = 0
12:50:56 mprotect(0x7ffc6d9f6000, 4096, PROT_READ|PROT_WRITE|PROT_EXEC|PROT_GROWSDOWN) = 0
12:50:56 mprotect(0x7f0527eed000, 8388608, PROT_READ|PROT_WRITE|PROT_EXEC) = 0
12:50:56 mprotect(0x7f052a6ee000, 8388608, PROT_READ|PROT_WRITE|PROT_EXEC) = 0
12:50:56 mprotect(0x7f052ceef000, 8388608, PROT_READ|PROT_WRITE|PROT_EXEC) = 0
12:50:56 close(13)                      = 0
12:50:56 mprotect(0x7f0525296000, 4096, PROT_READ) = 0
12:50:56 stat("/scif/apps/julia/hello-world.jl", {st_mode=S_IFREG|0764, st_size=28, ...}) = 0
12:50:56 open("/scif/apps/julia/hello-world.jl", O_RDONLY) = 13
12:50:56 read(13, "println(\"RaawwWWWWWRRRR!!\")\n", 131072) = 28
12:50:57 write(11, "RaawwWWWWWRRRR!!", 16) = 16
12:50:57 write(11, "\n", 1)             = 1
12:50:57 read(13, "", 131044)           = 0
12:50:57 read(13, "", 131044)           = 0
12:50:57 read(13, "", 131044)           = 0
12:50:57 read(13, "", 131044)           = 0
12:50:57 read(13, "", 131044)           = 0
12:50:57 read(13, "", 131044)           = 0
12:50:57 read(13, "", 131072)           = 0
12:50:57 close(13)                      = 0
12:50:57 close(12)                      = 0
12:50:57 close(11)                      = 0
12:50:57 close(9)                       = 0
12:50:57 epoll_ctl(5, EPOLL_CTL_ADD, 6, {EPOLLIN, {u32=6, u64=6}}) = 0
12:50:57 epoll_ctl(5, EPOLL_CTL_ADD, 8, {EPOLLIN, {u32=8, u64=8}}) = 0
12:50:57 epoll_wait(5, {}, 1024, 0)     = 0
12:50:57 brk(0x3d12000)                 = 0x3d12000
12:50:57 brk(0x3d33000)                 = 0x3d33000
12:50:57 brk(0x3d59000)                 = 0x3d59000
12:50:57 brk(0x3d7a000)                 = 0x3d7a000
12:50:57 rt_sigprocmask(SIG_SETMASK, ~[RTMIN RT_1], [], 8) = 0
12:50:57 mmap(NULL, 4096, PROT_READ|PROT_WRITE, MAP_PRIVATE|MAP_ANONYMOUS, -1, 0) = 0x7f05330af000
12:50:57 mmap(NULL, 4096, PROT_READ|PROT_WRITE, MAP_PRIVATE|MAP_ANONYMOUS, -1, 0) = 0x7f05330ae000
12:50:57 mincore(0x7ffc6d9f4a2f, 1, 0x7ffc6d9f4a2f) = -1 EINVAL (Invalid argument)
12:50:57 rt_sigprocmask(SIG_SETMASK, [], NULL, 8) = 0
12:50:57 rt_sigprocmask(SIG_SETMASK, ~[RTMIN RT_1], [], 8) = 0
12:50:57 rt_sigprocmask(SIG_SETMASK, ~[RTMIN RT_1], ~[KILL STOP RTMIN RT_1], 8) = 0
12:50:57 rt_sigprocmask(SIG_SETMASK, ~[KILL STOP RTMIN RT_1], NULL, 8) = 0
12:50:57 rt_sigprocmask(SIG_SETMASK, ~[RTMIN RT_1], ~[KILL STOP RTMIN RT_1], 8) = 0
12:50:57 rt_sigprocmask(SIG_SETMASK, ~[KILL STOP RTMIN RT_1], NULL, 8) = 0
12:50:57 rt_sigprocmask(SIG_SETMASK, ~[RTMIN RT_1], ~[KILL STOP RTMIN RT_1], 8) = 0
12:50:57 rt_sigprocmask(SIG_SETMASK, ~[KILL STOP RTMIN RT_1], NULL, 8) = 0
12:50:57 rt_sigprocmask(SIG_SETMASK, [], NULL, 8) = 0
12:50:57 msync(0x7ffc6d9f4000, 4096, MS_ASYNC) = 0
12:50:57 msync(0x7ffc6d9f5000, 4096, MS_ASYNC) = 0
12:50:57 rt_sigprocmask(SIG_SETMASK, ~[RTMIN RT_1], [], 8) = 0
12:50:57 rt_sigprocmask(SIG_SETMASK, ~[RTMIN RT_1], ~[KILL STOP RTMIN RT_1], 8) = 0
12:50:57 rt_sigprocmask(SIG_SETMASK, ~[KILL STOP RTMIN RT_1], NULL, 8) = 0
12:50:57 rt_sigprocmask(SIG_SETMASK, ~[RTMIN RT_1], ~[KILL STOP RTMIN RT_1], 8) = 0
12:50:57 rt_sigprocmask(SIG_SETMASK, ~[KILL STOP RTMIN RT_1], NULL, 8) = 0
12:50:57 rt_sigprocmask(SIG_SETMASK, ~[RTMIN RT_1], ~[KILL STOP RTMIN RT_1], 8) = 0
12:50:57 rt_sigprocmask(SIG_SETMASK, ~[KILL STOP RTMIN RT_1], NULL, 8) = 0
12:50:57 rt_sigprocmask(SIG_SETMASK, [], NULL, 8) = 0
12:50:57 rt_sigprocmask(SIG_SETMASK, ~[RTMIN RT_1], [], 8) = 0
12:50:57 rt_sigprocmask(SIG_SETMASK, ~[RTMIN RT_1], ~[KILL STOP RTMIN RT_1], 8) = 0
12:50:57 rt_sigprocmask(SIG_SETMASK, ~[KILL STOP RTMIN RT_1], NULL, 8) = 0
12:50:57 rt_sigprocmask(SIG_SETMASK, ~[RTMIN RT_1], ~[KILL STOP RTMIN RT_1], 8) = 0
12:50:57 rt_sigprocmask(SIG_SETMASK, ~[KILL STOP RTMIN RT_1], NULL, 8) = 0
12:50:57 rt_sigprocmask(SIG_SETMASK, ~[RTMIN RT_1], ~[KILL STOP RTMIN RT_1], 8) = 0
12:50:57 rt_sigprocmask(SIG_SETMASK, ~[KILL STOP RTMIN RT_1], NULL, 8) = 0
12:50:57 rt_sigprocmask(SIG_SETMASK, [], NULL, 8) = 0
12:50:57 rt_sigprocmask(SIG_SETMASK, ~[RTMIN RT_1], [], 8) = 0
12:50:57 rt_sigprocmask(SIG_SETMASK, ~[RTMIN RT_1], ~[KILL STOP RTMIN RT_1], 8) = 0
12:50:57 rt_sigprocmask(SIG_SETMASK, ~[KILL STOP RTMIN RT_1], NULL, 8) = 0
12:50:57 rt_sigprocmask(SIG_SETMASK, ~[RTMIN RT_1], ~[KILL STOP RTMIN RT_1], 8) = 0
12:50:57 rt_sigprocmask(SIG_SETMASK, ~[KILL STOP RTMIN RT_1], NULL, 8) = 0
12:50:57 rt_sigprocmask(SIG_SETMASK, ~[RTMIN RT_1], ~[KILL STOP RTMIN RT_1], 8) = 0
12:50:57 rt_sigprocmask(SIG_SETMASK, ~[KILL STOP RTMIN RT_1], NULL, 8) = 0
12:50:57 rt_sigprocmask(SIG_SETMASK, [], NULL, 8) = 0
12:50:57 rt_sigprocmask(SIG_SETMASK, ~[RTMIN RT_1], [], 8) = 0
12:50:57 rt_sigprocmask(SIG_SETMASK, ~[RTMIN RT_1], ~[KILL STOP RTMIN RT_1], 8) = 0
12:50:57 rt_sigprocmask(SIG_SETMASK, ~[KILL STOP RTMIN RT_1], NULL, 8) = 0
12:50:57 rt_sigprocmask(SIG_SETMASK, ~[RTMIN RT_1], ~[KILL STOP RTMIN RT_1], 8) = 0
12:50:57 rt_sigprocmask(SIG_SETMASK, ~[KILL STOP RTMIN RT_1], NULL, 8) = 0
12:50:57 rt_sigprocmask(SIG_SETMASK, ~[RTMIN RT_1], ~[KILL STOP RTMIN RT_1], 8) = 0
12:50:57 rt_sigprocmask(SIG_SETMASK, ~[KILL STOP RTMIN RT_1], NULL, 8) = 0
12:50:57 rt_sigprocmask(SIG_SETMASK, [], NULL, 8) = 0
12:50:57 rt_sigprocmask(SIG_SETMASK, ~[RTMIN RT_1], [], 8) = 0
12:50:57 rt_sigprocmask(SIG_SETMASK, ~[RTMIN RT_1], ~[KILL STOP RTMIN RT_1], 8) = 0
12:50:57 rt_sigprocmask(SIG_SETMASK, ~[KILL STOP RTMIN RT_1], NULL, 8) = 0
12:50:57 rt_sigprocmask(SIG_SETMASK, [], NULL, 8) = 0
12:50:57 msync(0x7f052f370000, 4096, MS_ASYNC) = 0
12:50:57 rt_sigprocmask(SIG_SETMASK, ~[RTMIN RT_1], [], 8) = 0
12:50:57 rt_sigprocmask(SIG_SETMASK, ~[RTMIN RT_1], ~[KILL STOP RTMIN RT_1], 8) = 0
12:50:57 rt_sigprocmask(SIG_SETMASK, ~[KILL STOP RTMIN RT_1], NULL, 8) = 0
12:50:57 rt_sigprocmask(SIG_SETMASK, [], NULL, 8) = 0
12:50:57 rt_sigprocmask(SIG_SETMASK, ~[RTMIN RT_1], [], 8) = 0
12:50:57 rt_sigprocmask(SIG_SETMASK, ~[RTMIN RT_1], ~[KILL STOP RTMIN RT_1], 8) = 0
12:50:57 rt_sigprocmask(SIG_SETMASK, ~[KILL STOP RTMIN RT_1], NULL, 8) = 0
12:50:57 rt_sigprocmask(SIG_SETMASK, ~[RTMIN RT_1], ~[KILL STOP RTMIN RT_1], 8) = 0
12:50:57 rt_sigprocmask(SIG_SETMASK, ~[KILL STOP RTMIN RT_1], NULL, 8) = 0
12:50:57 rt_sigprocmask(SIG_SETMASK, ~[RTMIN RT_1], ~[KILL STOP RTMIN RT_1], 8) = 0
12:50:57 rt_sigprocmask(SIG_SETMASK, ~[KILL STOP RTMIN RT_1], NULL, 8) = 0
12:50:57 rt_sigprocmask(SIG_SETMASK, [], NULL, 8) = 0
12:50:57 rt_sigprocmask(SIG_SETMASK, ~[RTMIN RT_1], [], 8) = 0
12:50:57 rt_sigprocmask(SIG_SETMASK, ~[RTMIN RT_1], ~[KILL STOP RTMIN RT_1], 8) = 0
12:50:57 rt_sigprocmask(SIG_SETMASK, ~[KILL STOP RTMIN RT_1], NULL, 8) = 0
12:50:57 rt_sigprocmask(SIG_SETMASK, ~[RTMIN RT_1], ~[KILL STOP RTMIN RT_1], 8) = 0
12:50:57 rt_sigprocmask(SIG_SETMASK, ~[KILL STOP RTMIN RT_1], NULL, 8) = 0
12:50:57 rt_sigprocmask(SIG_SETMASK, ~[RTMIN RT_1], ~[KILL STOP RTMIN RT_1], 8) = 0
12:50:57 rt_sigprocmask(SIG_SETMASK, ~[KILL STOP RTMIN RT_1], NULL, 8) = 0
12:50:57 rt_sigprocmask(SIG_SETMASK, [], NULL, 8) = 0
12:50:57 rt_sigprocmask(SIG_SETMASK, ~[RTMIN RT_1], [], 8) = 0
12:50:57 rt_sigprocmask(SIG_SETMASK, ~[RTMIN RT_1], ~[KILL STOP RTMIN RT_1], 8) = 0
12:50:57 rt_sigprocmask(SIG_SETMASK, ~[KILL STOP RTMIN RT_1], NULL, 8) = 0
12:50:57 rt_sigprocmask(SIG_SETMASK, ~[RTMIN RT_1], ~[KILL STOP RTMIN RT_1], 8) = 0
12:50:57 rt_sigprocmask(SIG_SETMASK, ~[KILL STOP RTMIN RT_1], NULL, 8) = 0
12:50:57 rt_sigprocmask(SIG_SETMASK, ~[RTMIN RT_1], ~[KILL STOP RTMIN RT_1], 8) = 0
12:50:57 rt_sigprocmask(SIG_SETMASK, ~[KILL STOP RTMIN RT_1], NULL, 8) = 0
12:50:57 rt_sigprocmask(SIG_SETMASK, ~[RTMIN RT_1], ~[KILL STOP RTMIN RT_1], 8) = 0
12:50:57 rt_sigprocmask(SIG_SETMASK, ~[KILL STOP RTMIN RT_1], NULL, 8) = 0
12:50:57 rt_sigprocmask(SIG_SETMASK, ~[RTMIN RT_1], ~[KILL STOP RTMIN RT_1], 8) = 0
12:50:57 rt_sigprocmask(SIG_SETMASK, ~[KILL STOP RTMIN RT_1], NULL, 8) = 0
12:50:57 rt_sigprocmask(SIG_SETMASK, [], NULL, 8) = 0
12:50:57 rt_sigprocmask(SIG_SETMASK, ~[RTMIN RT_1], [], 8) = 0
12:50:57 rt_sigprocmask(SIG_SETMASK, ~[RTMIN RT_1], ~[KILL STOP RTMIN RT_1], 8) = 0
12:50:57 rt_sigprocmask(SIG_SETMASK, ~[KILL STOP RTMIN RT_1], NULL, 8) = 0
12:50:57 rt_sigprocmask(SIG_SETMASK, ~[RTMIN RT_1], ~[KILL STOP RTMIN RT_1], 8) = 0
12:50:57 rt_sigprocmask(SIG_SETMASK, ~[KILL STOP RTMIN RT_1], NULL, 8) = 0
12:50:57 rt_sigprocmask(SIG_SETMASK, ~[RTMIN RT_1], ~[KILL STOP RTMIN RT_1], 8) = 0
12:50:57 rt_sigprocmask(SIG_SETMASK, ~[KILL STOP RTMIN RT_1], NULL, 8) = 0
12:50:57 rt_sigprocmask(SIG_SETMASK, [], NULL, 8) = 0
12:50:57 rt_sigprocmask(SIG_SETMASK, ~[RTMIN RT_1], [], 8) = 0
12:50:57 rt_sigprocmask(SIG_SETMASK, ~[RTMIN RT_1], ~[KILL STOP RTMIN RT_1], 8) = 0
12:50:57 rt_sigprocmask(SIG_SETMASK, ~[KILL STOP RTMIN RT_1], NULL, 8) = 0
12:50:57 rt_sigprocmask(SIG_SETMASK, ~[RTMIN RT_1], ~[KILL STOP RTMIN RT_1], 8) = 0
12:50:57 rt_sigprocmask(SIG_SETMASK, ~[KILL STOP RTMIN RT_1], NULL, 8) = 0
12:50:57 rt_sigprocmask(SIG_SETMASK, ~[RTMIN RT_1], ~[KILL STOP RTMIN RT_1], 8) = 0
12:50:57 rt_sigprocmask(SIG_SETMASK, ~[KILL STOP RTMIN RT_1], NULL, 8) = 0
12:50:57 rt_sigprocmask(SIG_SETMASK, [], NULL, 8) = 0
12:50:57 rt_sigprocmask(SIG_SETMASK, ~[RTMIN RT_1], [], 8) = 0
12:50:57 rt_sigprocmask(SIG_SETMASK, ~[RTMIN RT_1], ~[KILL STOP RTMIN RT_1], 8) = 0
12:50:57 rt_sigprocmask(SIG_SETMASK, ~[KILL STOP RTMIN RT_1], NULL, 8) = 0
12:50:57 rt_sigprocmask(SIG_SETMASK, [], NULL, 8) = 0
12:50:57 msync(0x7f052f332000, 4096, MS_ASYNC) = 0
12:50:57 msync(0x7ffc6d9f6000, 4096, MS_ASYNC) = 0
12:50:57 rt_sigprocmask(SIG_SETMASK, ~[RTMIN RT_1], [], 8) = 0
12:50:57 rt_sigprocmask(SIG_SETMASK, ~[RTMIN RT_1], ~[KILL STOP RTMIN RT_1], 8) = 0
12:50:57 rt_sigprocmask(SIG_SETMASK, ~[KILL STOP RTMIN RT_1], NULL, 8) = 0
12:50:57 rt_sigprocmask(SIG_SETMASK, [], NULL, 8) = 0
12:50:57 rt_sigprocmask(SIG_SETMASK, ~[RTMIN RT_1], [], 8) = 0
12:50:57 rt_sigprocmask(SIG_SETMASK, [], NULL, 8) = 0
12:50:57 rt_sigprocmask(SIG_SETMASK, ~[RTMIN RT_1], [], 8) = 0
12:50:57 rt_sigprocmask(SIG_SETMASK, ~[RTMIN RT_1], ~[KILL STOP RTMIN RT_1], 8) = 0
12:50:57 rt_sigprocmask(SIG_SETMASK, ~[KILL STOP RTMIN RT_1], NULL, 8) = 0
12:50:57 rt_sigprocmask(SIG_SETMASK, ~[RTMIN RT_1], ~[KILL STOP RTMIN RT_1], 8) = 0
12:50:57 rt_sigprocmask(SIG_SETMASK, ~[KILL STOP RTMIN RT_1], NULL, 8) = 0
12:50:57 rt_sigprocmask(SIG_SETMASK, ~[RTMIN RT_1], ~[KILL STOP RTMIN RT_1], 8) = 0
12:50:57 rt_sigprocmask(SIG_SETMASK, ~[KILL STOP RTMIN RT_1], NULL, 8) = 0
12:50:57 rt_sigprocmask(SIG_SETMASK, ~[RTMIN RT_1], ~[KILL STOP RTMIN RT_1], 8) = 0
12:50:57 rt_sigprocmask(SIG_SETMASK, ~[KILL STOP RTMIN RT_1], NULL, 8) = 0
12:50:57 rt_sigprocmask(SIG_SETMASK, ~[RTMIN RT_1], ~[KILL STOP RTMIN RT_1], 8) = 0
12:50:57 rt_sigprocmask(SIG_SETMASK, ~[KILL STOP RTMIN RT_1], NULL, 8) = 0
12:50:57 rt_sigprocmask(SIG_SETMASK, [], NULL, 8) = 0
12:50:57 rt_sigprocmask(SIG_SETMASK, ~[RTMIN RT_1], [], 8) = 0
12:50:57 rt_sigprocmask(SIG_SETMASK, ~[RTMIN RT_1], ~[KILL STOP RTMIN RT_1], 8) = 0
12:50:57 rt_sigprocmask(SIG_SETMASK, ~[KILL STOP RTMIN RT_1], NULL, 8) = 0
12:50:57 rt_sigprocmask(SIG_SETMASK, ~[RTMIN RT_1], ~[KILL STOP RTMIN RT_1], 8) = 0
12:50:57 rt_sigprocmask(SIG_SETMASK, ~[KILL STOP RTMIN RT_1], NULL, 8) = 0
12:50:57 rt_sigprocmask(SIG_SETMASK, ~[RTMIN RT_1], ~[KILL STOP RTMIN RT_1], 8) = 0
12:50:57 rt_sigprocmask(SIG_SETMASK, ~[KILL STOP RTMIN RT_1], NULL, 8) = 0
12:50:57 rt_sigprocmask(SIG_SETMASK, [], NULL, 8) = 0
12:50:57 rt_sigprocmask(SIG_SETMASK, ~[RTMIN RT_1], [], 8) = 0
12:50:57 rt_sigprocmask(SIG_SETMASK, ~[RTMIN RT_1], ~[KILL STOP RTMIN RT_1], 8) = 0
12:50:57 rt_sigprocmask(SIG_SETMASK, ~[KILL STOP RTMIN RT_1], NULL, 8) = 0
12:50:57 rt_sigprocmask(SIG_SETMASK, ~[RTMIN RT_1], ~[KILL STOP RTMIN RT_1], 8) = 0
12:50:57 rt_sigprocmask(SIG_SETMASK, ~[KILL STOP RTMIN RT_1], NULL, 8) = 0
12:50:57 rt_sigprocmask(SIG_SETMASK, ~[RTMIN RT_1], ~[KILL STOP RTMIN RT_1], 8) = 0
12:50:57 rt_sigprocmask(SIG_SETMASK, ~[KILL STOP RTMIN RT_1], NULL, 8) = 0
12:50:57 rt_sigprocmask(SIG_SETMASK, [], NULL, 8) = 0
12:50:57 rt_sigprocmask(SIG_SETMASK, ~[RTMIN RT_1], [], 8) = 0
12:50:57 rt_sigprocmask(SIG_SETMASK, ~[RTMIN RT_1], ~[KILL STOP RTMIN RT_1], 8) = 0
12:50:57 rt_sigprocmask(SIG_SETMASK, ~[KILL STOP RTMIN RT_1], NULL, 8) = 0
12:50:57 rt_sigprocmask(SIG_SETMASK, ~[RTMIN RT_1], ~[KILL STOP RTMIN RT_1], 8) = 0
12:50:57 rt_sigprocmask(SIG_SETMASK, ~[KILL STOP RTMIN RT_1], NULL, 8) = 0
12:50:57 rt_sigprocmask(SIG_SETMASK, ~[RTMIN RT_1], ~[KILL STOP RTMIN RT_1], 8) = 0
12:50:57 rt_sigprocmask(SIG_SETMASK, ~[KILL STOP RTMIN RT_1], NULL, 8) = 0
12:50:57 rt_sigprocmask(SIG_SETMASK, [], NULL, 8) = 0
12:50:57 rt_sigprocmask(SIG_SETMASK, ~[RTMIN RT_1], [], 8) = 0
12:50:57 rt_sigprocmask(SIG_SETMASK, ~[RTMIN RT_1], ~[KILL STOP RTMIN RT_1], 8) = 0
12:50:57 rt_sigprocmask(SIG_SETMASK, ~[KILL STOP RTMIN RT_1], NULL, 8) = 0
12:50:57 rt_sigprocmask(SIG_SETMASK, ~[RTMIN RT_1], ~[KILL STOP RTMIN RT_1], 8) = 0
12:50:57 rt_sigprocmask(SIG_SETMASK, ~[KILL STOP RTMIN RT_1], NULL, 8) = 0
12:50:57 rt_sigprocmask(SIG_SETMASK, ~[RTMIN RT_1], ~[KILL STOP RTMIN RT_1], 8) = 0
12:50:57 rt_sigprocmask(SIG_SETMASK, ~[KILL STOP RTMIN RT_1], NULL, 8) = 0
12:50:57 rt_sigprocmask(SIG_SETMASK, [], NULL, 8) = 0
12:50:57 rt_sigprocmask(SIG_SETMASK, ~[RTMIN RT_1], [], 8) = 0
12:50:57 rt_sigprocmask(SIG_SETMASK, ~[RTMIN RT_1], ~[KILL STOP RTMIN RT_1], 8) = 0
12:50:57 rt_sigprocmask(SIG_SETMASK, ~[KILL STOP RTMIN RT_1], NULL, 8) = 0
12:50:57 rt_sigprocmask(SIG_SETMASK, [], NULL, 8) = 0
12:50:57 rt_sigprocmask(SIG_SETMASK, ~[RTMIN RT_1], [], 8) = 0
12:50:57 rt_sigprocmask(SIG_SETMASK, [], NULL, 8) = 0
12:50:57 msync(0x7ffc6d9f4000, 4096, MS_ASYNC) = 0
12:50:57 msync(0x7ffc6d9f5000, 4096, MS_ASYNC) = 0
12:50:57 rt_sigprocmask(SIG_SETMASK, ~[RTMIN RT_1], [], 8) = 0
12:50:57 rt_sigprocmask(SIG_SETMASK, [], NULL, 8) = 0
12:50:57 rt_sigprocmask(SIG_SETMASK, ~[RTMIN RT_1], [], 8) = 0
12:50:57 rt_sigprocmask(SIG_SETMASK, [], NULL, 8) = 0
12:50:57 rt_sigprocmask(SIG_SETMASK, ~[RTMIN RT_1], [], 8) = 0
12:50:57 rt_sigprocmask(SIG_SETMASK, [], NULL, 8) = 0
12:50:57 rt_sigprocmask(SIG_SETMASK, ~[RTMIN RT_1], [], 8) = 0
12:50:57 rt_sigprocmask(SIG_SETMASK, [], NULL, 8) = 0
12:50:57 rt_sigprocmask(SIG_SETMASK, ~[RTMIN RT_1], [], 8) = 0
12:50:57 rt_sigprocmask(SIG_SETMASK, ~[RTMIN RT_1], ~[KILL STOP RTMIN RT_1], 8) = 0
12:50:57 rt_sigprocmask(SIG_SETMASK, ~[KILL STOP RTMIN RT_1], NULL, 8) = 0
12:50:57 rt_sigprocmask(SIG_SETMASK, [], NULL, 8) = 0
12:50:57 msync(0x7f052f370000, 4096, MS_ASYNC) = 0
12:50:57 rt_sigprocmask(SIG_SETMASK, ~[RTMIN RT_1], [], 8) = 0
12:50:57 rt_sigprocmask(SIG_SETMASK, ~[RTMIN RT_1], ~[KILL STOP RTMIN RT_1], 8) = 0
12:50:57 rt_sigprocmask(SIG_SETMASK, ~[KILL STOP RTMIN RT_1], NULL, 8) = 0
12:50:57 rt_sigprocmask(SIG_SETMASK, [], NULL, 8) = 0
12:50:57 rt_sigprocmask(SIG_SETMASK, ~[RTMIN RT_1], [], 8) = 0
12:50:57 rt_sigprocmask(SIG_SETMASK, [], NULL, 8) = 0
12:50:57 rt_sigprocmask(SIG_SETMASK, ~[RTMIN RT_1], [], 8) = 0
12:50:57 rt_sigprocmask(SIG_SETMASK, [], NULL, 8) = 0
12:50:57 rt_sigprocmask(SIG_SETMASK, ~[RTMIN RT_1], [], 8) = 0
12:50:57 rt_sigprocmask(SIG_SETMASK, [], NULL, 8) = 0
12:50:57 rt_sigprocmask(SIG_SETMASK, ~[RTMIN RT_1], [], 8) = 0
12:50:57 rt_sigprocmask(SIG_SETMASK, [], NULL, 8) = 0
12:50:57 rt_sigprocmask(SIG_SETMASK, ~[RTMIN RT_1], [], 8) = 0
12:50:57 rt_sigprocmask(SIG_SETMASK, [], NULL, 8) = 0
12:50:57 rt_sigprocmask(SIG_SETMASK, ~[RTMIN RT_1], [], 8) = 0
12:50:57 rt_sigprocmask(SIG_SETMASK, ~[RTMIN RT_1], ~[KILL STOP RTMIN RT_1], 8) = 0
12:50:57 rt_sigprocmask(SIG_SETMASK, ~[KILL STOP RTMIN RT_1], NULL, 8) = 0
12:50:57 rt_sigprocmask(SIG_SETMASK, [], NULL, 8) = 0
12:50:57 msync(0x7f052f332000, 4096, MS_ASYNC) = 0
12:50:57 msync(0x7ffc6d9f6000, 4096, MS_ASYNC) = 0
12:50:57 rt_sigprocmask(SIG_SETMASK, ~[RTMIN RT_1], [], 8) = 0
12:50:57 rt_sigprocmask(SIG_SETMASK, ~[RTMIN RT_1], ~[KILL STOP RTMIN RT_1], 8) = 0
12:50:57 rt_sigprocmask(SIG_SETMASK, ~[KILL STOP RTMIN RT_1], NULL, 8) = 0
12:50:57 rt_sigprocmask(SIG_SETMASK, [], NULL, 8) = 0
12:50:57 rt_sigprocmask(SIG_SETMASK, ~[RTMIN RT_1], [], 8) = 0
12:50:57 rt_sigprocmask(SIG_SETMASK, [], NULL, 8) = 0
12:50:57 rt_sigprocmask(SIG_SETMASK, ~[RTMIN RT_1], [], 8) = 0
12:50:57 rt_sigprocmask(SIG_SETMASK, [], NULL, 8) = 0
12:50:57 rt_sigprocmask(SIG_SETMASK, ~[RTMIN RT_1], [], 8) = 0
12:50:57 rt_sigprocmask(SIG_SETMASK, [], NULL, 8) = 0
12:50:57 rt_sigprocmask(SIG_SETMASK, ~[RTMIN RT_1], [], 8) = 0
12:50:57 rt_sigprocmask(SIG_SETMASK, [], NULL, 8) = 0
12:50:57 rt_sigprocmask(SIG_SETMASK, ~[RTMIN RT_1], [], 8) = 0
12:50:57 rt_sigprocmask(SIG_SETMASK, [], NULL, 8) = 0
12:50:57 rt_sigprocmask(SIG_SETMASK, ~[RTMIN RT_1], [], 8) = 0
12:50:57 rt_sigprocmask(SIG_SETMASK, [], NULL, 8) = 0
12:50:57 rt_sigprocmask(SIG_SETMASK, ~[RTMIN RT_1], [], 8) = 0
12:50:57 rt_sigprocmask(SIG_SETMASK, ~[RTMIN RT_1], ~[KILL STOP RTMIN RT_1], 8) = 0
12:50:57 rt_sigprocmask(SIG_SETMASK, ~[KILL STOP RTMIN RT_1], NULL, 8) = 0
12:50:57 rt_sigprocmask(SIG_SETMASK, [], NULL, 8) = 0
12:50:57 rt_sigprocmask(SIG_SETMASK, ~[RTMIN RT_1], [], 8) = 0
12:50:57 rt_sigprocmask(SIG_SETMASK, [], NULL, 8) = 0
12:50:57 msync(0x7ffc6d9f4000, 4096, MS_ASYNC) = 0
12:50:57 msync(0x7ffc6d9f5000, 4096, MS_ASYNC) = 0
12:50:57 rt_sigprocmask(SIG_SETMASK, ~[RTMIN RT_1], [], 8) = 0
12:50:57 rt_sigprocmask(SIG_SETMASK, [], NULL, 8) = 0
12:50:57 rt_sigprocmask(SIG_SETMASK, ~[RTMIN RT_1], [], 8) = 0
12:50:57 rt_sigprocmask(SIG_SETMASK, [], NULL, 8) = 0
12:50:57 rt_sigprocmask(SIG_SETMASK, ~[RTMIN RT_1], [], 8) = 0
12:50:57 rt_sigprocmask(SIG_SETMASK, [], NULL, 8) = 0
12:50:57 rt_sigprocmask(SIG_SETMASK, ~[RTMIN RT_1], [], 8) = 0
12:50:57 rt_sigprocmask(SIG_SETMASK, [], NULL, 8) = 0
12:50:57 rt_sigprocmask(SIG_SETMASK, ~[RTMIN RT_1], [], 8) = 0
12:50:57 rt_sigprocmask(SIG_SETMASK, ~[RTMIN RT_1], ~[KILL STOP RTMIN RT_1], 8) = 0
12:50:57 rt_sigprocmask(SIG_SETMASK, ~[KILL STOP RTMIN RT_1], NULL, 8) = 0
12:50:57 rt_sigprocmask(SIG_SETMASK, [], NULL, 8) = 0
12:50:57 msync(0x7f052f370000, 4096, MS_ASYNC) = 0
12:50:57 rt_sigprocmask(SIG_SETMASK, ~[RTMIN RT_1], [], 8) = 0
12:50:57 rt_sigprocmask(SIG_SETMASK, ~[RTMIN RT_1], ~[KILL STOP RTMIN RT_1], 8) = 0
12:50:57 rt_sigprocmask(SIG_SETMASK, ~[KILL STOP RTMIN RT_1], NULL, 8) = 0
12:50:57 rt_sigprocmask(SIG_SETMASK, [], NULL, 8) = 0
12:50:57 rt_sigprocmask(SIG_SETMASK, ~[RTMIN RT_1], [], 8) = 0
12:50:57 rt_sigprocmask(SIG_SETMASK, [], NULL, 8) = 0
12:50:57 rt_sigprocmask(SIG_SETMASK, ~[RTMIN RT_1], [], 8) = 0
12:50:57 rt_sigprocmask(SIG_SETMASK, [], NULL, 8) = 0
12:50:57 rt_sigprocmask(SIG_SETMASK, ~[RTMIN RT_1], [], 8) = 0
12:50:57 rt_sigprocmask(SIG_SETMASK, [], NULL, 8) = 0
12:50:57 rt_sigprocmask(SIG_SETMASK, ~[RTMIN RT_1], [], 8) = 0
12:50:57 rt_sigprocmask(SIG_SETMASK, [], NULL, 8) = 0
12:50:57 rt_sigprocmask(SIG_SETMASK, ~[RTMIN RT_1], [], 8) = 0
12:50:57 rt_sigprocmask(SIG_SETMASK, [], NULL, 8) = 0
12:50:57 rt_sigprocmask(SIG_SETMASK, ~[RTMIN RT_1], [], 8) = 0
12:50:57 rt_sigprocmask(SIG_SETMASK, ~[RTMIN RT_1], ~[KILL STOP RTMIN RT_1], 8) = 0
12:50:57 rt_sigprocmask(SIG_SETMASK, ~[KILL STOP RTMIN RT_1], NULL, 8) = 0
12:50:57 rt_sigprocmask(SIG_SETMASK, [], NULL, 8) = 0
12:50:57 msync(0x7f052f332000, 4096, MS_ASYNC) = 0
12:50:57 msync(0x7ffc6d9f6000, 4096, MS_ASYNC) = 0
12:50:57 rt_sigprocmask(SIG_SETMASK, ~[RTMIN RT_1], [], 8) = 0
12:50:57 rt_sigprocmask(SIG_SETMASK, ~[RTMIN RT_1], ~[KILL STOP RTMIN RT_1], 8) = 0
12:50:57 rt_sigprocmask(SIG_SETMASK, ~[KILL STOP RTMIN RT_1], NULL, 8) = 0
12:50:57 rt_sigprocmask(SIG_SETMASK, [], NULL, 8) = 0
12:50:57 rt_sigprocmask(SIG_SETMASK, ~[RTMIN RT_1], [], 8) = 0
12:50:57 rt_sigprocmask(SIG_SETMASK, [], NULL, 8) = 0
12:50:57 rt_sigprocmask(SIG_SETMASK, ~[RTMIN RT_1], [], 8) = 0
12:50:57 rt_sigprocmask(SIG_SETMASK, [], NULL, 8) = 0
12:50:57 rt_sigprocmask(SIG_SETMASK, ~[RTMIN RT_1], [], 8) = 0
12:50:57 rt_sigprocmask(SIG_SETMASK, [], NULL, 8) = 0
12:50:57 rt_sigprocmask(SIG_SETMASK, ~[RTMIN RT_1], [], 8) = 0
12:50:57 rt_sigprocmask(SIG_SETMASK, [], NULL, 8) = 0
12:50:57 rt_sigprocmask(SIG_SETMASK, ~[RTMIN RT_1], [], 8) = 0
12:50:57 rt_sigprocmask(SIG_SETMASK, [], NULL, 8) = 0
12:50:57 rt_sigprocmask(SIG_SETMASK, ~[RTMIN RT_1], [], 8) = 0
12:50:57 rt_sigprocmask(SIG_SETMASK, [], NULL, 8) = 0
12:50:57 rt_sigprocmask(SIG_SETMASK, ~[RTMIN RT_1], [], 8) = 0
12:50:57 rt_sigprocmask(SIG_SETMASK, ~[RTMIN RT_1], ~[KILL STOP RTMIN RT_1], 8) = 0
12:50:57 rt_sigprocmask(SIG_SETMASK, ~[KILL STOP RTMIN RT_1], NULL, 8) = 0
12:50:57 rt_sigprocmask(SIG_SETMASK, [], NULL, 8) = 0
12:50:57 futex(0x7f052eeeefbc, FUTEX_WAKE_OP_PRIVATE, 1, 1, 0x7f052eeeefb8, {FUTEX_OP_SET, 0, FUTEX_OP_CMP_GT, 1}) = 1
12:50:57 futex(0x7f052eeeef90, FUTEX_WAKE_PRIVATE, 1) = 1
12:50:57 futex(0x7f052eeef03c, FUTEX_WAKE_OP_PRIVATE, 1, 1, 0x7f052eeef038, {FUTEX_OP_SET, 0, FUTEX_OP_CMP_GT, 1}) = 1
12:50:57 futex(0x7f052eeef010, FUTEX_WAKE_PRIVATE, 1) = 1
12:50:57 futex(0x7f052eeef0bc, FUTEX_WAKE_OP_PRIVATE, 1, 1, 0x7f052eeef0b8, {FUTEX_OP_SET, 0, FUTEX_OP_CMP_GT, 1}) = 1
12:50:57 futex(0x7f052eeef090, FUTEX_WAKE_PRIVATE, 1) = 1
12:50:57 munmap(0x7f052aeee000, 33554432) = 0
12:50:57 munmap(0x7f05286ed000, 33554432) = 0
12:50:57 munmap(0x7f0525c78000, 33554432) = 0
12:50:57 exit_group(0)                  = ?
12:50:57 +++ exited with 0 +++
% time     seconds  usecs/call     calls    errors syscall
------ ----------- ----------- --------- --------- ----------------
 59.15    0.008142          85        96           read
 40.77    0.005611          25       221           brk
  0.08    0.000011           0        85           mmap
  0.00    0.000000           0         3           write
  0.00    0.000000           0       207       172 open
  0.00    0.000000           0        37           close
  0.00    0.000000           0        33        24 stat
  0.00    0.000000           0        29           fstat
  0.00    0.000000           0        63           lseek
  0.00    0.000000           0        47           mprotect
  0.00    0.000000           0        13           munmap
  0.00    0.000000           0        21           rt_sigaction
  0.00    0.000000           0       257           rt_sigprocmask
  0.00    0.000000           0         4           ioctl
  0.00    0.000000           0        16        16 access
  0.00    0.000000           0         1           mremap
  0.00    0.000000           0        15           msync
  0.00    0.000000           0         1         1 mincore
  0.00    0.000000           0         3           dup
  0.00    0.000000           0         3           clone
  0.00    0.000000           0         1           execve
  0.00    0.000000           0         1           getcwd
  0.00    0.000000           0         3           readlink
  0.00    0.000000           0         2           getrlimit
  0.00    0.000000           0         1           sigaltstack
  0.00    0.000000           0         1           arch_prctl
  0.00    0.000000           0        11         1 futex
  0.00    0.000000           0         1           sched_setaffinity
  0.00    0.000000           0         1           sched_getaffinity
  0.00    0.000000           0         1           set_tid_address
  0.00    0.000000           0         1           epoll_wait
  0.00    0.000000           0         2           epoll_ctl
  0.00    0.000000           0         1           set_robust_list
  0.00    0.000000           0         1           eventfd2
  0.00    0.000000           0         1           epoll_create1
  0.00    0.000000           0         2           pipe2
------ ----------- ----------- --------- --------- ----------------
100.00    0.013764                  1186       214 total
